CRITICAL - 2023-07-14 15:41:22 --> Updates are not allowed unless they contain a "where" or "like" clause.
in SYSTEMPATH\Model.php on line 391.
 1 SYSTEMPATH\BaseModel.php(943): CodeIgniter\Model->doUpdate(null, [...])
 2 SYSTEMPATH\Model.php(756): CodeIgniter\BaseModel->update(null, [...])
 3 APPPATH\Controllers\Admin\Transaksi.php(465): CodeIgniter\Model->update(null, [...])
 4 SYSTEMPATH\CodeIgniter.php(934): App\Controllers\Admin\Transaksi->bukti('MjYy')
 5 SYSTEMPATH\CodeIgniter.php(499): CodeIgniter\CodeIgniter->runController(Object(App\Controllers\Admin\Transaksi))
 6 SYSTEMPATH\CodeIgniter.php(368): CodeIgniter\CodeIgniter->handleRequest(null, Object(Config\Cache), false)
 7 FCPATH\index.php(67): CodeIgniter\CodeIgniter->run()
CRITICAL - 2023-07-14 15:53:12 --> Invalid argument supplied for foreach()
in APPPATH\Views\r_keuangan\transaksi_riwayat.php on line 69.
 1 APPPATH\Views\r_keuangan\transaksi_riwayat.php(69): CodeIgniter\Debug\Exceptions->errorHandler(2, 'Invalid argument supplied for foreach()', 'C:\\xampp\\htdocs\\bi_parking\\app\\Views\\r_keuangan\\transaksi_riwayat.php', 69, [...])
 2 SYSTEMPATH\View\View.php(213): include('C:\\xampp\\htdocs\\bi_parking\\app\\Views\\r_keuangan\\transaksi_riwayat.php')
 3 SYSTEMPATH\View\View.php(216): CodeIgniter\View\View->CodeIgniter\View\{closure}()
 4 SYSTEMPATH\Common.php(1184): CodeIgniter\View\View->render('r_keuangan/transaksi_riwayat', [], true)
 5 APPPATH\Controllers\Keuangan\Transaksi.php(180): view('r_keuangan/transaksi_riwayat', [...])
 6 SYSTEMPATH\CodeIgniter.php(934): App\Controllers\Keuangan\Transaksi->riwayat()
 7 SYSTEMPATH\CodeIgniter.php(499): CodeIgniter\CodeIgniter->runController(Object(App\Controllers\Keuangan\Transaksi))
 8 SYSTEMPATH\CodeIgniter.php(368): CodeIgniter\CodeIgniter->handleRequest(null, Object(Config\Cache), false)
 9 FCPATH\index.php(67): CodeIgniter\CodeIgniter->run()
ERROR - 2023-07-14 15:58:32 --> mysqli_sql_exception: Column 'updated_at' in order clause is ambiguous in C:\xampp\htdocs\bi_parking\system\Database\MySQLi\Connection.php:295
Stack trace:
#0 C:\xampp\htdocs\bi_parking\system\Database\MySQLi\Connection.php(295): mysqli->query('SELECT *\nFROM `...', 0)
#1 C:\xampp\htdocs\bi_parking\system\Database\BaseConnection.php(692): CodeIgniter\Database\MySQLi\Connection->execute('SELECT *\nFROM `...')
#2 C:\xampp\htdocs\bi_parking\system\Database\BaseConnection.php(606): CodeIgniter\Database\BaseConnection->simpleQuery('SELECT *\nFROM `...')
#3 C:\xampp\htdocs\bi_parking\system\Database\BaseBuilder.php(1616): CodeIgniter\Database\BaseConnection->query('SELECT *\nFROM `...', Array, false)
#4 C:\xampp\htdocs\bi_parking\system\Model.php(241): CodeIgniter\Database\BaseBuilder->get()
#5 C:\xampp\htdocs\bi_parking\system\BaseModel.php(618): CodeIgniter\Model->doFindAll(9, 0)
#6 C:\xampp\htdocs\bi_parking\system\BaseModel.php(1192): CodeIgniter\BaseModel->findAll(9, 0)
#7 C:\xampp\htdocs\bi_parking\app\Controllers\Keuangan\Transaksi.php(175): CodeIgniter\BaseModel->paginate(9, 'pagination')
#8 C:\xampp\htdocs\bi_parking\system\CodeIgniter.php(934): App\Controllers\Keuangan\Transaksi->riwayat()
#9 C:\xampp\htdocs\bi_parking\system\CodeIgniter.php(499): CodeIgniter\CodeIgniter->runController(Object(App\Controllers\Keuangan\Transaksi))
#10 C:\xampp\htdocs\bi_parking\system\CodeIgniter.php(368): CodeIgniter\CodeIgniter->handleRequest(NULL, Object(Config\Cache), false)
#11 C:\xampp\htdocs\ParkingManagementSystem\index.php(67): CodeIgniter\CodeIgniter->run()
#12 {main}
CRITICAL - 2023-07-14 15:58:32 --> Column 'updated_at' in order clause is ambiguous
in SYSTEMPATH\Database\MySQLi\Connection.php on line 295.
 1 SYSTEMPATH\Database\MySQLi\Connection.php(295): mysqli->query('SELECT *
FROM `transaksi`
JOIN `user` ON `user`.`npm` = `transaksi`.`npm`
JOIN `jenis_transaksi` ON `jenis_transaksi`.`id_jenis_transaksi` = `transaksi`.`id_jenis_transaksi`
JOIN `status_transaksi` ON `status_transaksi`.`id_status_transaksi` = `transaksi`.`id_status_transaksi`
WHERE `transaksi`.`id_jenis_transaksi` NOT IN (3)
ORDER BY `updated_at` DESC
 LIMIT 9', 0)
 2 SYSTEMPATH\Database\BaseConnection.php(692): CodeIgniter\Database\MySQLi\Connection->execute('SELECT *
FROM `transaksi`
JOIN `user` ON `user`.`npm` = `transaksi`.`npm`
JOIN `jenis_transaksi` ON `jenis_transaksi`.`id_jenis_transaksi` = `transaksi`.`id_jenis_transaksi`
JOIN `status_transaksi` ON `status_transaksi`.`id_status_transaksi` = `transaksi`.`id_status_transaksi`
WHERE `transaksi`.`id_jenis_transaksi` NOT IN (3)
ORDER BY `updated_at` DESC
 LIMIT 9')
 3 SYSTEMPATH\Database\BaseConnection.php(606): CodeIgniter\Database\BaseConnection->simpleQuery('SELECT *
FROM `transaksi`
JOIN `user` ON `user`.`npm` = `transaksi`.`npm`
JOIN `jenis_transaksi` ON `jenis_transaksi`.`id_jenis_transaksi` = `transaksi`.`id_jenis_transaksi`
JOIN `status_transaksi` ON `status_transaksi`.`id_status_transaksi` = `transaksi`.`id_status_transaksi`
WHERE `transaksi`.`id_jenis_transaksi` NOT IN (3)
ORDER BY `updated_at` DESC
 LIMIT 9')
 4 SYSTEMPATH\Database\BaseBuilder.php(1616): CodeIgniter\Database\BaseConnection->query('SELECT *
FROM `transaksi`
JOIN `user` ON `user`.`npm` = `transaksi`.`npm`
JOIN `jenis_transaksi` ON `jenis_transaksi`.`id_jenis_transaksi` = `transaksi`.`id_jenis_transaksi`
JOIN `status_transaksi` ON `status_transaksi`.`id_status_transaksi` = `transaksi`.`id_status_transaksi`
WHERE `transaksi`.`id_jenis_transaksi` NOT IN :transaksi.id_jenis_transaksi:
ORDER BY `updated_at` DESC
 LIMIT 9', [...], false)
 5 SYSTEMPATH\Model.php(241): CodeIgniter\Database\BaseBuilder->get()
 6 SYSTEMPATH\BaseModel.php(618): CodeIgniter\Model->doFindAll(9, 0)
 7 SYSTEMPATH\BaseModel.php(1192): CodeIgniter\BaseModel->findAll(9, 0)
 8 APPPATH\Controllers\Keuangan\Transaksi.php(175): CodeIgniter\BaseModel->paginate(9, 'pagination')
 9 SYSTEMPATH\CodeIgniter.php(934): App\Controllers\Keuangan\Transaksi->riwayat()
10 SYSTEMPATH\CodeIgniter.php(499): CodeIgniter\CodeIgniter->runController(Object(App\Controllers\Keuangan\Transaksi))
11 SYSTEMPATH\CodeIgniter.php(368): CodeIgniter\CodeIgniter->handleRequest(null, Object(Config\Cache), false)
12 FCPATH\index.php(67): CodeIgniter\CodeIgniter->run()
ERROR - 2023-07-14 15:59:13 --> mysqli_sql_exception: Column 'updated_at' in order clause is ambiguous in C:\xampp\htdocs\bi_parking\system\Database\MySQLi\Connection.php:295
Stack trace:
#0 C:\xampp\htdocs\bi_parking\system\Database\MySQLi\Connection.php(295): mysqli->query('SELECT *\nFROM `...', 0)
#1 C:\xampp\htdocs\bi_parking\system\Database\BaseConnection.php(692): CodeIgniter\Database\MySQLi\Connection->execute('SELECT *\nFROM `...')
#2 C:\xampp\htdocs\bi_parking\system\Database\BaseConnection.php(606): CodeIgniter\Database\BaseConnection->simpleQuery('SELECT *\nFROM `...')
#3 C:\xampp\htdocs\bi_parking\system\Database\BaseBuilder.php(1616): CodeIgniter\Database\BaseConnection->query('SELECT *\nFROM `...', Array, false)
#4 C:\xampp\htdocs\bi_parking\system\Model.php(241): CodeIgniter\Database\BaseBuilder->get()
#5 C:\xampp\htdocs\bi_parking\system\BaseModel.php(618): CodeIgniter\Model->doFindAll(9, 0)
#6 C:\xampp\htdocs\bi_parking\system\BaseModel.php(1192): CodeIgniter\BaseModel->findAll(9, 0)
#7 C:\xampp\htdocs\bi_parking\app\Controllers\Keuangan\Transaksi.php(176): CodeIgniter\BaseModel->paginate(9, 'pagination')
#8 C:\xampp\htdocs\bi_parking\system\CodeIgniter.php(934): App\Controllers\Keuangan\Transaksi->riwayat()
#9 C:\xampp\htdocs\bi_parking\system\CodeIgniter.php(499): CodeIgniter\CodeIgniter->runController(Object(App\Controllers\Keuangan\Transaksi))
#10 C:\xampp\htdocs\bi_parking\system\CodeIgniter.php(368): CodeIgniter\CodeIgniter->handleRequest(NULL, Object(Config\Cache), false)
#11 C:\xampp\htdocs\ParkingManagementSystem\index.php(67): CodeIgniter\CodeIgniter->run()
#12 {main}
CRITICAL - 2023-07-14 15:59:13 --> Column 'updated_at' in order clause is ambiguous
in SYSTEMPATH\Database\MySQLi\Connection.php on line 295.
 1 SYSTEMPATH\Database\MySQLi\Connection.php(295): mysqli->query('SELECT *
FROM `transaksi`
JOIN `user` ON `user`.`npm` = `transaksi`.`npm`
JOIN `jenis_transaksi` ON `jenis_transaksi`.`id_jenis_transaksi` = `transaksi`.`id_jenis_transaksi`
JOIN `status_transaksi` ON `status_transaksi`.`id_status_transaksi` = `transaksi`.`id_status_transaksi`
JOIN `jenis_pembayaran` ON `jenis_pembayaran`.`id_jenis_pembayaran` = `transaksi`.`id_jenis_pembayaran`
WHERE `transaksi`.`id_jenis_transaksi` NOT IN (3)
ORDER BY `updated_at` DESC
 LIMIT 9', 0)
 2 SYSTEMPATH\Database\BaseConnection.php(692): CodeIgniter\Database\MySQLi\Connection->execute('SELECT *
FROM `transaksi`
JOIN `user` ON `user`.`npm` = `transaksi`.`npm`
JOIN `jenis_transaksi` ON `jenis_transaksi`.`id_jenis_transaksi` = `transaksi`.`id_jenis_transaksi`
JOIN `status_transaksi` ON `status_transaksi`.`id_status_transaksi` = `transaksi`.`id_status_transaksi`
JOIN `jenis_pembayaran` ON `jenis_pembayaran`.`id_jenis_pembayaran` = `transaksi`.`id_jenis_pembayaran`
WHERE `transaksi`.`id_jenis_transaksi` NOT IN (3)
ORDER BY `updated_at` DESC
 LIMIT 9')
 3 SYSTEMPATH\Database\BaseConnection.php(606): CodeIgniter\Database\BaseConnection->simpleQuery('SELECT *
FROM `transaksi`
JOIN `user` ON `user`.`npm` = `transaksi`.`npm`
JOIN `jenis_transaksi` ON `jenis_transaksi`.`id_jenis_transaksi` = `transaksi`.`id_jenis_transaksi`
JOIN `status_transaksi` ON `status_transaksi`.`id_status_transaksi` = `transaksi`.`id_status_transaksi`
JOIN `jenis_pembayaran` ON `jenis_pembayaran`.`id_jenis_pembayaran` = `transaksi`.`id_jenis_pembayaran`
WHERE `transaksi`.`id_jenis_transaksi` NOT IN (3)
ORDER BY `updated_at` DESC
 LIMIT 9')
 4 SYSTEMPATH\Database\BaseBuilder.php(1616): CodeIgniter\Database\BaseConnection->query('SELECT *
FROM `transaksi`
JOIN `user` ON `user`.`npm` = `transaksi`.`npm`
JOIN `jenis_transaksi` ON `jenis_transaksi`.`id_jenis_transaksi` = `transaksi`.`id_jenis_transaksi`
JOIN `status_transaksi` ON `status_transaksi`.`id_status_transaksi` = `transaksi`.`id_status_transaksi`
JOIN `jenis_pembayaran` ON `jenis_pembayaran`.`id_jenis_pembayaran` = `transaksi`.`id_jenis_pembayaran`
WHERE `transaksi`.`id_jenis_transaksi` NOT IN :transaksi.id_jenis_transaksi:
ORDER BY `updated_at` DESC
 LIMIT 9', [...], false)
 5 SYSTEMPATH\Model.php(241): CodeIgniter\Database\BaseBuilder->get()
 6 SYSTEMPATH\BaseModel.php(618): CodeIgniter\Model->doFindAll(9, 0)
 7 SYSTEMPATH\BaseModel.php(1192): CodeIgniter\BaseModel->findAll(9, 0)
 8 APPPATH\Controllers\Keuangan\Transaksi.php(176): CodeIgniter\BaseModel->paginate(9, 'pagination')
 9 SYSTEMPATH\CodeIgniter.php(934): App\Controllers\Keuangan\Transaksi->riwayat()
10 SYSTEMPATH\CodeIgniter.php(499): CodeIgniter\CodeIgniter->runController(Object(App\Controllers\Keuangan\Transaksi))
11 SYSTEMPATH\CodeIgniter.php(368): CodeIgniter\CodeIgniter->handleRequest(null, Object(Config\Cache), false)
12 FCPATH\index.php(67): CodeIgniter\CodeIgniter->run()
ERROR - 2023-07-14 15:59:14 --> mysqli_sql_exception: Column 'updated_at' in order clause is ambiguous in C:\xampp\htdocs\bi_parking\system\Database\MySQLi\Connection.php:295
Stack trace:
#0 C:\xampp\htdocs\bi_parking\system\Database\MySQLi\Connection.php(295): mysqli->query('SELECT *\nFROM `...', 0)
#1 C:\xampp\htdocs\bi_parking\system\Database\BaseConnection.php(692): CodeIgniter\Database\MySQLi\Connection->execute('SELECT *\nFROM `...')
#2 C:\xampp\htdocs\bi_parking\system\Database\BaseConnection.php(606): CodeIgniter\Database\BaseConnection->simpleQuery('SELECT *\nFROM `...')
#3 C:\xampp\htdocs\bi_parking\system\Database\BaseBuilder.php(1616): CodeIgniter\Database\BaseConnection->query('SELECT *\nFROM `...', Array, false)
#4 C:\xampp\htdocs\bi_parking\system\Model.php(241): CodeIgniter\Database\BaseBuilder->get()
#5 C:\xampp\htdocs\bi_parking\system\BaseModel.php(618): CodeIgniter\Model->doFindAll(9, 0)
#6 C:\xampp\htdocs\bi_parking\system\BaseModel.php(1192): CodeIgniter\BaseModel->findAll(9, 0)
#7 C:\xampp\htdocs\bi_parking\app\Controllers\Keuangan\Transaksi.php(176): CodeIgniter\BaseModel->paginate(9, 'pagination')
#8 C:\xampp\htdocs\bi_parking\system\CodeIgniter.php(934): App\Controllers\Keuangan\Transaksi->riwayat()
#9 C:\xampp\htdocs\bi_parking\system\CodeIgniter.php(499): CodeIgniter\CodeIgniter->runController(Object(App\Controllers\Keuangan\Transaksi))
#10 C:\xampp\htdocs\bi_parking\system\CodeIgniter.php(368): CodeIgniter\CodeIgniter->handleRequest(NULL, Object(Config\Cache), false)
#11 C:\xampp\htdocs\ParkingManagementSystem\index.php(67): CodeIgniter\CodeIgniter->run()
#12 {main}
CRITICAL - 2023-07-14 15:59:14 --> Column 'updated_at' in order clause is ambiguous
in SYSTEMPATH\Database\MySQLi\Connection.php on line 295.
 1 SYSTEMPATH\Database\MySQLi\Connection.php(295): mysqli->query('SELECT *
FROM `transaksi`
JOIN `user` ON `user`.`npm` = `transaksi`.`npm`
JOIN `jenis_transaksi` ON `jenis_transaksi`.`id_jenis_transaksi` = `transaksi`.`id_jenis_transaksi`
JOIN `status_transaksi` ON `status_transaksi`.`id_status_transaksi` = `transaksi`.`id_status_transaksi`
JOIN `jenis_pembayaran` ON `jenis_pembayaran`.`id_jenis_pembayaran` = `transaksi`.`id_jenis_pembayaran`
WHERE `transaksi`.`id_jenis_transaksi` NOT IN (3)
ORDER BY `updated_at` DESC
 LIMIT 9', 0)
 2 SYSTEMPATH\Database\BaseConnection.php(692): CodeIgniter\Database\MySQLi\Connection->execute('SELECT *
FROM `transaksi`
JOIN `user` ON `user`.`npm` = `transaksi`.`npm`
JOIN `jenis_transaksi` ON `jenis_transaksi`.`id_jenis_transaksi` = `transaksi`.`id_jenis_transaksi`
JOIN `status_transaksi` ON `status_transaksi`.`id_status_transaksi` = `transaksi`.`id_status_transaksi`
JOIN `jenis_pembayaran` ON `jenis_pembayaran`.`id_jenis_pembayaran` = `transaksi`.`id_jenis_pembayaran`
WHERE `transaksi`.`id_jenis_transaksi` NOT IN (3)
ORDER BY `updated_at` DESC
 LIMIT 9')
 3 SYSTEMPATH\Database\BaseConnection.php(606): CodeIgniter\Database\BaseConnection->simpleQuery('SELECT *
FROM `transaksi`
JOIN `user` ON `user`.`npm` = `transaksi`.`npm`
JOIN `jenis_transaksi` ON `jenis_transaksi`.`id_jenis_transaksi` = `transaksi`.`id_jenis_transaksi`
JOIN `status_transaksi` ON `status_transaksi`.`id_status_transaksi` = `transaksi`.`id_status_transaksi`
JOIN `jenis_pembayaran` ON `jenis_pembayaran`.`id_jenis_pembayaran` = `transaksi`.`id_jenis_pembayaran`
WHERE `transaksi`.`id_jenis_transaksi` NOT IN (3)
ORDER BY `updated_at` DESC
 LIMIT 9')
 4 SYSTEMPATH\Database\BaseBuilder.php(1616): CodeIgniter\Database\BaseConnection->query('SELECT *
FROM `transaksi`
JOIN `user` ON `user`.`npm` = `transaksi`.`npm`
JOIN `jenis_transaksi` ON `jenis_transaksi`.`id_jenis_transaksi` = `transaksi`.`id_jenis_transaksi`
JOIN `status_transaksi` ON `status_transaksi`.`id_status_transaksi` = `transaksi`.`id_status_transaksi`
JOIN `jenis_pembayaran` ON `jenis_pembayaran`.`id_jenis_pembayaran` = `transaksi`.`id_jenis_pembayaran`
WHERE `transaksi`.`id_jenis_transaksi` NOT IN :transaksi.id_jenis_transaksi:
ORDER BY `updated_at` DESC
 LIMIT 9', [...], false)
 5 SYSTEMPATH\Model.php(241): CodeIgniter\Database\BaseBuilder->get()
 6 SYSTEMPATH\BaseModel.php(618): CodeIgniter\Model->doFindAll(9, 0)
 7 SYSTEMPATH\BaseModel.php(1192): CodeIgniter\BaseModel->findAll(9, 0)
 8 APPPATH\Controllers\Keuangan\Transaksi.php(176): CodeIgniter\BaseModel->paginate(9, 'pagination')
 9 SYSTEMPATH\CodeIgniter.php(934): App\Controllers\Keuangan\Transaksi->riwayat()
10 SYSTEMPATH\CodeIgniter.php(499): CodeIgniter\CodeIgniter->runController(Object(App\Controllers\Keuangan\Transaksi))
11 SYSTEMPATH\CodeIgniter.php(368): CodeIgniter\CodeIgniter->handleRequest(null, Object(Config\Cache), false)
12 FCPATH\index.php(67): CodeIgniter\CodeIgniter->run()
ERROR - 2023-07-14 15:59:53 --> mysqli_sql_exception: Column 'updated_at' in order clause is ambiguous in C:\xampp\htdocs\bi_parking\system\Database\MySQLi\Connection.php:295
Stack trace:
#0 C:\xampp\htdocs\bi_parking\system\Database\MySQLi\Connection.php(295): mysqli->query('SELECT *\nFROM `...', 0)
#1 C:\xampp\htdocs\bi_parking\system\Database\BaseConnection.php(692): CodeIgniter\Database\MySQLi\Connection->execute('SELECT *\nFROM `...')
#2 C:\xampp\htdocs\bi_parking\system\Database\BaseConnection.php(606): CodeIgniter\Database\BaseConnection->simpleQuery('SELECT *\nFROM `...')
#3 C:\xampp\htdocs\bi_parking\system\Database\BaseBuilder.php(1616): CodeIgniter\Database\BaseConnection->query('SELECT *\nFROM `...', Array, false)
#4 C:\xampp\htdocs\bi_parking\system\Model.php(241): CodeIgniter\Database\BaseBuilder->get()
#5 C:\xampp\htdocs\bi_parking\system\BaseModel.php(618): CodeIgniter\Model->doFindAll(9, 0)
#6 C:\xampp\htdocs\bi_parking\system\BaseModel.php(1192): CodeIgniter\BaseModel->findAll(9, 0)
#7 C:\xampp\htdocs\bi_parking\app\Controllers\Keuangan\Transaksi.php(175): CodeIgniter\BaseModel->paginate(9, 'pagination')
#8 C:\xampp\htdocs\bi_parking\system\CodeIgniter.php(934): App\Controllers\Keuangan\Transaksi->riwayat()
#9 C:\xampp\htdocs\bi_parking\system\CodeIgniter.php(499): CodeIgniter\CodeIgniter->runController(Object(App\Controllers\Keuangan\Transaksi))
#10 C:\xampp\htdocs\bi_parking\system\CodeIgniter.php(368): CodeIgniter\CodeIgniter->handleRequest(NULL, Object(Config\Cache), false)
#11 C:\xampp\htdocs\ParkingManagementSystem\index.php(67): CodeIgniter\CodeIgniter->run()
#12 {main}
CRITICAL - 2023-07-14 15:59:53 --> Column 'updated_at' in order clause is ambiguous
in SYSTEMPATH\Database\MySQLi\Connection.php on line 295.
 1 SYSTEMPATH\Database\MySQLi\Connection.php(295): mysqli->query('SELECT *
FROM `transaksi`
JOIN `user` ON `user`.`npm` = `transaksi`.`npm`
JOIN `jenis_transaksi` ON `jenis_transaksi`.`id_jenis_transaksi` = `transaksi`.`id_jenis_transaksi`
JOIN `status_transaksi` ON `status_transaksi`.`id_status_transaksi` = `transaksi`.`id_status_transaksi`
JOIN `jenis_pembayaran` ON `jenis_pembayaran`.`id_jenis_pembayaran` = `transaksi`.`id_jenis_pembayaran`
WHERE `transaksi`.`id_jenis_transaksi` NOT IN (3)
ORDER BY `updated_at` DESC
 LIMIT 9', 0)
 2 SYSTEMPATH\Database\BaseConnection.php(692): CodeIgniter\Database\MySQLi\Connection->execute('SELECT *
FROM `transaksi`
JOIN `user` ON `user`.`npm` = `transaksi`.`npm`
JOIN `jenis_transaksi` ON `jenis_transaksi`.`id_jenis_transaksi` = `transaksi`.`id_jenis_transaksi`
JOIN `status_transaksi` ON `status_transaksi`.`id_status_transaksi` = `transaksi`.`id_status_transaksi`
JOIN `jenis_pembayaran` ON `jenis_pembayaran`.`id_jenis_pembayaran` = `transaksi`.`id_jenis_pembayaran`
WHERE `transaksi`.`id_jenis_transaksi` NOT IN (3)
ORDER BY `updated_at` DESC
 LIMIT 9')
 3 SYSTEMPATH\Database\BaseConnection.php(606): CodeIgniter\Database\BaseConnection->simpleQuery('SELECT *
FROM `transaksi`
JOIN `user` ON `user`.`npm` = `transaksi`.`npm`
JOIN `jenis_transaksi` ON `jenis_transaksi`.`id_jenis_transaksi` = `transaksi`.`id_jenis_transaksi`
JOIN `status_transaksi` ON `status_transaksi`.`id_status_transaksi` = `transaksi`.`id_status_transaksi`
JOIN `jenis_pembayaran` ON `jenis_pembayaran`.`id_jenis_pembayaran` = `transaksi`.`id_jenis_pembayaran`
WHERE `transaksi`.`id_jenis_transaksi` NOT IN (3)
ORDER BY `updated_at` DESC
 LIMIT 9')
 4 SYSTEMPATH\Database\BaseBuilder.php(1616): CodeIgniter\Database\BaseConnection->query('SELECT *
FROM `transaksi`
JOIN `user` ON `user`.`npm` = `transaksi`.`npm`
JOIN `jenis_transaksi` ON `jenis_transaksi`.`id_jenis_transaksi` = `transaksi`.`id_jenis_transaksi`
JOIN `status_transaksi` ON `status_transaksi`.`id_status_transaksi` = `transaksi`.`id_status_transaksi`
JOIN `jenis_pembayaran` ON `jenis_pembayaran`.`id_jenis_pembayaran` = `transaksi`.`id_jenis_pembayaran`
WHERE `transaksi`.`id_jenis_transaksi` NOT IN :transaksi.id_jenis_transaksi:
ORDER BY `updated_at` DESC
 LIMIT 9', [...], false)
 5 SYSTEMPATH\Model.php(241): CodeIgniter\Database\BaseBuilder->get()
 6 SYSTEMPATH\BaseModel.php(618): CodeIgniter\Model->doFindAll(9, 0)
 7 SYSTEMPATH\BaseModel.php(1192): CodeIgniter\BaseModel->findAll(9, 0)
 8 APPPATH\Controllers\Keuangan\Transaksi.php(175): CodeIgniter\BaseModel->paginate(9, 'pagination')
 9 SYSTEMPATH\CodeIgniter.php(934): App\Controllers\Keuangan\Transaksi->riwayat()
10 SYSTEMPATH\CodeIgniter.php(499): CodeIgniter\CodeIgniter->runController(Object(App\Controllers\Keuangan\Transaksi))
11 SYSTEMPATH\CodeIgniter.php(368): CodeIgniter\CodeIgniter->handleRequest(null, Object(Config\Cache), false)
12 FCPATH\index.php(67): CodeIgniter\CodeIgniter->run()
ERROR - 2023-07-14 15:59:54 --> mysqli_sql_exception: Column 'updated_at' in order clause is ambiguous in C:\xampp\htdocs\bi_parking\system\Database\MySQLi\Connection.php:295
Stack trace:
#0 C:\xampp\htdocs\bi_parking\system\Database\MySQLi\Connection.php(295): mysqli->query('SELECT *\nFROM `...', 0)
#1 C:\xampp\htdocs\bi_parking\system\Database\BaseConnection.php(692): CodeIgniter\Database\MySQLi\Connection->execute('SELECT *\nFROM `...')
#2 C:\xampp\htdocs\bi_parking\system\Database\BaseConnection.php(606): CodeIgniter\Database\BaseConnection->simpleQuery('SELECT *\nFROM `...')
#3 C:\xampp\htdocs\bi_parking\system\Database\BaseBuilder.php(1616): CodeIgniter\Database\BaseConnection->query('SELECT *\nFROM `...', Array, false)
#4 C:\xampp\htdocs\bi_parking\system\Model.php(241): CodeIgniter\Database\BaseBuilder->get()
#5 C:\xampp\htdocs\bi_parking\system\BaseModel.php(618): CodeIgniter\Model->doFindAll(9, 0)
#6 C:\xampp\htdocs\bi_parking\system\BaseModel.php(1192): CodeIgniter\BaseModel->findAll(9, 0)
#7 C:\xampp\htdocs\bi_parking\app\Controllers\Keuangan\Transaksi.php(175): CodeIgniter\BaseModel->paginate(9, 'pagination')
#8 C:\xampp\htdocs\bi_parking\system\CodeIgniter.php(934): App\Controllers\Keuangan\Transaksi->riwayat()
#9 C:\xampp\htdocs\bi_parking\system\CodeIgniter.php(499): CodeIgniter\CodeIgniter->runController(Object(App\Controllers\Keuangan\Transaksi))
#10 C:\xampp\htdocs\bi_parking\system\CodeIgniter.php(368): CodeIgniter\CodeIgniter->handleRequest(NULL, Object(Config\Cache), false)
#11 C:\xampp\htdocs\ParkingManagementSystem\index.php(67): CodeIgniter\CodeIgniter->run()
#12 {main}
CRITICAL - 2023-07-14 15:59:54 --> Column 'updated_at' in order clause is ambiguous
in SYSTEMPATH\Database\MySQLi\Connection.php on line 295.
 1 SYSTEMPATH\Database\MySQLi\Connection.php(295): mysqli->query('SELECT *
FROM `transaksi`
JOIN `user` ON `user`.`npm` = `transaksi`.`npm`
JOIN `jenis_transaksi` ON `jenis_transaksi`.`id_jenis_transaksi` = `transaksi`.`id_jenis_transaksi`
JOIN `status_transaksi` ON `status_transaksi`.`id_status_transaksi` = `transaksi`.`id_status_transaksi`
JOIN `jenis_pembayaran` ON `jenis_pembayaran`.`id_jenis_pembayaran` = `transaksi`.`id_jenis_pembayaran`
WHERE `transaksi`.`id_jenis_transaksi` NOT IN (3)
ORDER BY `updated_at` DESC
 LIMIT 9', 0)
 2 SYSTEMPATH\Database\BaseConnection.php(692): CodeIgniter\Database\MySQLi\Connection->execute('SELECT *
FROM `transaksi`
JOIN `user` ON `user`.`npm` = `transaksi`.`npm`
JOIN `jenis_transaksi` ON `jenis_transaksi`.`id_jenis_transaksi` = `transaksi`.`id_jenis_transaksi`
JOIN `status_transaksi` ON `status_transaksi`.`id_status_transaksi` = `transaksi`.`id_status_transaksi`
JOIN `jenis_pembayaran` ON `jenis_pembayaran`.`id_jenis_pembayaran` = `transaksi`.`id_jenis_pembayaran`
WHERE `transaksi`.`id_jenis_transaksi` NOT IN (3)
ORDER BY `updated_at` DESC
 LIMIT 9')
 3 SYSTEMPATH\Database\BaseConnection.php(606): CodeIgniter\Database\BaseConnection->simpleQuery('SELECT *
FROM `transaksi`
JOIN `user` ON `user`.`npm` = `transaksi`.`npm`
JOIN `jenis_transaksi` ON `jenis_transaksi`.`id_jenis_transaksi` = `transaksi`.`id_jenis_transaksi`
JOIN `status_transaksi` ON `status_transaksi`.`id_status_transaksi` = `transaksi`.`id_status_transaksi`
JOIN `jenis_pembayaran` ON `jenis_pembayaran`.`id_jenis_pembayaran` = `transaksi`.`id_jenis_pembayaran`
WHERE `transaksi`.`id_jenis_transaksi` NOT IN (3)
ORDER BY `updated_at` DESC
 LIMIT 9')
 4 SYSTEMPATH\Database\BaseBuilder.php(1616): CodeIgniter\Database\BaseConnection->query('SELECT *
FROM `transaksi`
JOIN `user` ON `user`.`npm` = `transaksi`.`npm`
JOIN `jenis_transaksi` ON `jenis_transaksi`.`id_jenis_transaksi` = `transaksi`.`id_jenis_transaksi`
JOIN `status_transaksi` ON `status_transaksi`.`id_status_transaksi` = `transaksi`.`id_status_transaksi`
JOIN `jenis_pembayaran` ON `jenis_pembayaran`.`id_jenis_pembayaran` = `transaksi`.`id_jenis_pembayaran`
WHERE `transaksi`.`id_jenis_transaksi` NOT IN :transaksi.id_jenis_transaksi:
ORDER BY `updated_at` DESC
 LIMIT 9', [...], false)
 5 SYSTEMPATH\Model.php(241): CodeIgniter\Database\BaseBuilder->get()
 6 SYSTEMPATH\BaseModel.php(618): CodeIgniter\Model->doFindAll(9, 0)
 7 SYSTEMPATH\BaseModel.php(1192): CodeIgniter\BaseModel->findAll(9, 0)
 8 APPPATH\Controllers\Keuangan\Transaksi.php(175): CodeIgniter\BaseModel->paginate(9, 'pagination')
 9 SYSTEMPATH\CodeIgniter.php(934): App\Controllers\Keuangan\Transaksi->riwayat()
10 SYSTEMPATH\CodeIgniter.php(499): CodeIgniter\CodeIgniter->runController(Object(App\Controllers\Keuangan\Transaksi))
11 SYSTEMPATH\CodeIgniter.php(368): CodeIgniter\CodeIgniter->handleRequest(null, Object(Config\Cache), false)
12 FCPATH\index.php(67): CodeIgniter\CodeIgniter->run()
ERROR - 2023-07-14 15:59:54 --> mysqli_sql_exception: Column 'updated_at' in order clause is ambiguous in C:\xampp\htdocs\bi_parking\system\Database\MySQLi\Connection.php:295
Stack trace:
#0 C:\xampp\htdocs\bi_parking\system\Database\MySQLi\Connection.php(295): mysqli->query('SELECT *\nFROM `...', 0)
#1 C:\xampp\htdocs\bi_parking\system\Database\BaseConnection.php(692): CodeIgniter\Database\MySQLi\Connection->execute('SELECT *\nFROM `...')
#2 C:\xampp\htdocs\bi_parking\system\Database\BaseConnection.php(606): CodeIgniter\Database\BaseConnection->simpleQuery('SELECT *\nFROM `...')
#3 C:\xampp\htdocs\bi_parking\system\Database\BaseBuilder.php(1616): CodeIgniter\Database\BaseConnection->query('SELECT *\nFROM `...', Array, false)
#4 C:\xampp\htdocs\bi_parking\system\Model.php(241): CodeIgniter\Database\BaseBuilder->get()
#5 C:\xampp\htdocs\bi_parking\system\BaseModel.php(618): CodeIgniter\Model->doFindAll(9, 0)
#6 C:\xampp\htdocs\bi_parking\system\BaseModel.php(1192): CodeIgniter\BaseModel->findAll(9, 0)
#7 C:\xampp\htdocs\bi_parking\app\Controllers\Keuangan\Transaksi.php(175): CodeIgniter\BaseModel->paginate(9, 'pagination')
#8 C:\xampp\htdocs\bi_parking\system\CodeIgniter.php(934): App\Controllers\Keuangan\Transaksi->riwayat()
#9 C:\xampp\htdocs\bi_parking\system\CodeIgniter.php(499): CodeIgniter\CodeIgniter->runController(Object(App\Controllers\Keuangan\Transaksi))
#10 C:\xampp\htdocs\bi_parking\system\CodeIgniter.php(368): CodeIgniter\CodeIgniter->handleRequest(NULL, Object(Config\Cache), false)
#11 C:\xampp\htdocs\ParkingManagementSystem\index.php(67): CodeIgniter\CodeIgniter->run()
#12 {main}
CRITICAL - 2023-07-14 15:59:54 --> Column 'updated_at' in order clause is ambiguous
in SYSTEMPATH\Database\MySQLi\Connection.php on line 295.
 1 SYSTEMPATH\Database\MySQLi\Connection.php(295): mysqli->query('SELECT *
FROM `transaksi`
JOIN `user` ON `user`.`npm` = `transaksi`.`npm`
JOIN `jenis_transaksi` ON `jenis_transaksi`.`id_jenis_transaksi` = `transaksi`.`id_jenis_transaksi`
JOIN `status_transaksi` ON `status_transaksi`.`id_status_transaksi` = `transaksi`.`id_status_transaksi`
JOIN `jenis_pembayaran` ON `jenis_pembayaran`.`id_jenis_pembayaran` = `transaksi`.`id_jenis_pembayaran`
WHERE `transaksi`.`id_jenis_transaksi` NOT IN (3)
ORDER BY `updated_at` DESC
 LIMIT 9', 0)
 2 SYSTEMPATH\Database\BaseConnection.php(692): CodeIgniter\Database\MySQLi\Connection->execute('SELECT *
FROM `transaksi`
JOIN `user` ON `user`.`npm` = `transaksi`.`npm`
JOIN `jenis_transaksi` ON `jenis_transaksi`.`id_jenis_transaksi` = `transaksi`.`id_jenis_transaksi`
JOIN `status_transaksi` ON `status_transaksi`.`id_status_transaksi` = `transaksi`.`id_status_transaksi`
JOIN `jenis_pembayaran` ON `jenis_pembayaran`.`id_jenis_pembayaran` = `transaksi`.`id_jenis_pembayaran`
WHERE `transaksi`.`id_jenis_transaksi` NOT IN (3)
ORDER BY `updated_at` DESC
 LIMIT 9')
 3 SYSTEMPATH\Database\BaseConnection.php(606): CodeIgniter\Database\BaseConnection->simpleQuery('SELECT *
FROM `transaksi`
JOIN `user` ON `user`.`npm` = `transaksi`.`npm`
JOIN `jenis_transaksi` ON `jenis_transaksi`.`id_jenis_transaksi` = `transaksi`.`id_jenis_transaksi`
JOIN `status_transaksi` ON `status_transaksi`.`id_status_transaksi` = `transaksi`.`id_status_transaksi`
JOIN `jenis_pembayaran` ON `jenis_pembayaran`.`id_jenis_pembayaran` = `transaksi`.`id_jenis_pembayaran`
WHERE `transaksi`.`id_jenis_transaksi` NOT IN (3)
ORDER BY `updated_at` DESC
 LIMIT 9')
 4 SYSTEMPATH\Database\BaseBuilder.php(1616): CodeIgniter\Database\BaseConnection->query('SELECT *
FROM `transaksi`
JOIN `user` ON `user`.`npm` = `transaksi`.`npm`
JOIN `jenis_transaksi` ON `jenis_transaksi`.`id_jenis_transaksi` = `transaksi`.`id_jenis_transaksi`
JOIN `status_transaksi` ON `status_transaksi`.`id_status_transaksi` = `transaksi`.`id_status_transaksi`
JOIN `jenis_pembayaran` ON `jenis_pembayaran`.`id_jenis_pembayaran` = `transaksi`.`id_jenis_pembayaran`
WHERE `transaksi`.`id_jenis_transaksi` NOT IN :transaksi.id_jenis_transaksi:
ORDER BY `updated_at` DESC
 LIMIT 9', [...], false)
 5 SYSTEMPATH\Model.php(241): CodeIgniter\Database\BaseBuilder->get()
 6 SYSTEMPATH\BaseModel.php(618): CodeIgniter\Model->doFindAll(9, 0)
 7 SYSTEMPATH\BaseModel.php(1192): CodeIgniter\BaseModel->findAll(9, 0)
 8 APPPATH\Controllers\Keuangan\Transaksi.php(175): CodeIgniter\BaseModel->paginate(9, 'pagination')
 9 SYSTEMPATH\CodeIgniter.php(934): App\Controllers\Keuangan\Transaksi->riwayat()
10 SYSTEMPATH\CodeIgniter.php(499): CodeIgniter\CodeIgniter->runController(Object(App\Controllers\Keuangan\Transaksi))
11 SYSTEMPATH\CodeIgniter.php(368): CodeIgniter\CodeIgniter->handleRequest(null, Object(Config\Cache), false)
12 FCPATH\index.php(67): CodeIgniter\CodeIgniter->run()
ERROR - 2023-07-14 15:59:59 --> mysqli_sql_exception: Column 'updated_at' in order clause is ambiguous in C:\xampp\htdocs\bi_parking\system\Database\MySQLi\Connection.php:295
Stack trace:
#0 C:\xampp\htdocs\bi_parking\system\Database\MySQLi\Connection.php(295): mysqli->query('SELECT *\nFROM `...', 0)
#1 C:\xampp\htdocs\bi_parking\system\Database\BaseConnection.php(692): CodeIgniter\Database\MySQLi\Connection->execute('SELECT *\nFROM `...')
#2 C:\xampp\htdocs\bi_parking\system\Database\BaseConnection.php(606): CodeIgniter\Database\BaseConnection->simpleQuery('SELECT *\nFROM `...')
#3 C:\xampp\htdocs\bi_parking\system\Database\BaseBuilder.php(1616): CodeIgniter\Database\BaseConnection->query('SELECT *\nFROM `...', Array, false)
#4 C:\xampp\htdocs\bi_parking\system\Model.php(241): CodeIgniter\Database\BaseBuilder->get()
#5 C:\xampp\htdocs\bi_parking\system\BaseModel.php(618): CodeIgniter\Model->doFindAll(9, 0)
#6 C:\xampp\htdocs\bi_parking\system\BaseModel.php(1192): CodeIgniter\BaseModel->findAll(9, 0)
#7 C:\xampp\htdocs\bi_parking\app\Controllers\Keuangan\Transaksi.php(175): CodeIgniter\BaseModel->paginate(9, 'pagination')
#8 C:\xampp\htdocs\bi_parking\system\CodeIgniter.php(934): App\Controllers\Keuangan\Transaksi->riwayat()
#9 C:\xampp\htdocs\bi_parking\system\CodeIgniter.php(499): CodeIgniter\CodeIgniter->runController(Object(App\Controllers\Keuangan\Transaksi))
#10 C:\xampp\htdocs\bi_parking\system\CodeIgniter.php(368): CodeIgniter\CodeIgniter->handleRequest(NULL, Object(Config\Cache), false)
#11 C:\xampp\htdocs\ParkingManagementSystem\index.php(67): CodeIgniter\CodeIgniter->run()
#12 {main}
CRITICAL - 2023-07-14 15:59:59 --> Column 'updated_at' in order clause is ambiguous
in SYSTEMPATH\Database\MySQLi\Connection.php on line 295.
 1 SYSTEMPATH\Database\MySQLi\Connection.php(295): mysqli->query('SELECT *
FROM `transaksi`
JOIN `user` ON `user`.`npm` = `transaksi`.`npm`
JOIN `jenis_transaksi` ON `jenis_transaksi`.`id_jenis_transaksi` = `transaksi`.`id_jenis_transaksi`
JOIN `status_transaksi` ON `status_transaksi`.`id_status_transaksi` = `transaksi`.`id_status_transaksi`
JOIN `jenis_pembayaran` ON `jenis_pembayaran`.`id_jenis_pembayaran` = `transaksi`.`id_jenis_pembayaran`
WHERE `transaksi`.`id_jenis_transaksi` NOT IN (3)
ORDER BY `updated_at` DESC
 LIMIT 9', 0)
 2 SYSTEMPATH\Database\BaseConnection.php(692): CodeIgniter\Database\MySQLi\Connection->execute('SELECT *
FROM `transaksi`
JOIN `user` ON `user`.`npm` = `transaksi`.`npm`
JOIN `jenis_transaksi` ON `jenis_transaksi`.`id_jenis_transaksi` = `transaksi`.`id_jenis_transaksi`
JOIN `status_transaksi` ON `status_transaksi`.`id_status_transaksi` = `transaksi`.`id_status_transaksi`
JOIN `jenis_pembayaran` ON `jenis_pembayaran`.`id_jenis_pembayaran` = `transaksi`.`id_jenis_pembayaran`
WHERE `transaksi`.`id_jenis_transaksi` NOT IN (3)
ORDER BY `updated_at` DESC
 LIMIT 9')
 3 SYSTEMPATH\Database\BaseConnection.php(606): CodeIgniter\Database\BaseConnection->simpleQuery('SELECT *
FROM `transaksi`
JOIN `user` ON `user`.`npm` = `transaksi`.`npm`
JOIN `jenis_transaksi` ON `jenis_transaksi`.`id_jenis_transaksi` = `transaksi`.`id_jenis_transaksi`
JOIN `status_transaksi` ON `status_transaksi`.`id_status_transaksi` = `transaksi`.`id_status_transaksi`
JOIN `jenis_pembayaran` ON `jenis_pembayaran`.`id_jenis_pembayaran` = `transaksi`.`id_jenis_pembayaran`
WHERE `transaksi`.`id_jenis_transaksi` NOT IN (3)
ORDER BY `updated_at` DESC
 LIMIT 9')
 4 SYSTEMPATH\Database\BaseBuilder.php(1616): CodeIgniter\Database\BaseConnection->query('SELECT *
FROM `transaksi`
JOIN `user` ON `user`.`npm` = `transaksi`.`npm`
JOIN `jenis_transaksi` ON `jenis_transaksi`.`id_jenis_transaksi` = `transaksi`.`id_jenis_transaksi`
JOIN `status_transaksi` ON `status_transaksi`.`id_status_transaksi` = `transaksi`.`id_status_transaksi`
JOIN `jenis_pembayaran` ON `jenis_pembayaran`.`id_jenis_pembayaran` = `transaksi`.`id_jenis_pembayaran`
WHERE `transaksi`.`id_jenis_transaksi` NOT IN :transaksi.id_jenis_transaksi:
ORDER BY `updated_at` DESC
 LIMIT 9', [...], false)
 5 SYSTEMPATH\Model.php(241): CodeIgniter\Database\BaseBuilder->get()
 6 SYSTEMPATH\BaseModel.php(618): CodeIgniter\Model->doFindAll(9, 0)
 7 SYSTEMPATH\BaseModel.php(1192): CodeIgniter\BaseModel->findAll(9, 0)
 8 APPPATH\Controllers\Keuangan\Transaksi.php(175): CodeIgniter\BaseModel->paginate(9, 'pagination')
 9 SYSTEMPATH\CodeIgniter.php(934): App\Controllers\Keuangan\Transaksi->riwayat()
10 SYSTEMPATH\CodeIgniter.php(499): CodeIgniter\CodeIgniter->runController(Object(App\Controllers\Keuangan\Transaksi))
11 SYSTEMPATH\CodeIgniter.php(368): CodeIgniter\CodeIgniter->handleRequest(null, Object(Config\Cache), false)
12 FCPATH\index.php(67): CodeIgniter\CodeIgniter->run()
ERROR - 2023-07-14 16:00:01 --> mysqli_sql_exception: Column 'updated_at' in order clause is ambiguous in C:\xampp\htdocs\bi_parking\system\Database\MySQLi\Connection.php:295
Stack trace:
#0 C:\xampp\htdocs\bi_parking\system\Database\MySQLi\Connection.php(295): mysqli->query('SELECT *\nFROM `...', 0)
#1 C:\xampp\htdocs\bi_parking\system\Database\BaseConnection.php(692): CodeIgniter\Database\MySQLi\Connection->execute('SELECT *\nFROM `...')
#2 C:\xampp\htdocs\bi_parking\system\Database\BaseConnection.php(606): CodeIgniter\Database\BaseConnection->simpleQuery('SELECT *\nFROM `...')
#3 C:\xampp\htdocs\bi_parking\system\Database\BaseBuilder.php(1616): CodeIgniter\Database\BaseConnection->query('SELECT *\nFROM `...', Array, false)
#4 C:\xampp\htdocs\bi_parking\system\Model.php(241): CodeIgniter\Database\BaseBuilder->get()
#5 C:\xampp\htdocs\bi_parking\system\BaseModel.php(618): CodeIgniter\Model->doFindAll(9, 0)
#6 C:\xampp\htdocs\bi_parking\system\BaseModel.php(1192): CodeIgniter\BaseModel->findAll(9, 0)
#7 C:\xampp\htdocs\bi_parking\app\Controllers\Keuangan\Transaksi.php(175): CodeIgniter\BaseModel->paginate(9, 'pagination')
#8 C:\xampp\htdocs\bi_parking\system\CodeIgniter.php(934): App\Controllers\Keuangan\Transaksi->riwayat()
#9 C:\xampp\htdocs\bi_parking\system\CodeIgniter.php(499): CodeIgniter\CodeIgniter->runController(Object(App\Controllers\Keuangan\Transaksi))
#10 C:\xampp\htdocs\bi_parking\system\CodeIgniter.php(368): CodeIgniter\CodeIgniter->handleRequest(NULL, Object(Config\Cache), false)
#11 C:\xampp\htdocs\ParkingManagementSystem\index.php(67): CodeIgniter\CodeIgniter->run()
#12 {main}
CRITICAL - 2023-07-14 16:00:01 --> Column 'updated_at' in order clause is ambiguous
in SYSTEMPATH\Database\MySQLi\Connection.php on line 295.
 1 SYSTEMPATH\Database\MySQLi\Connection.php(295): mysqli->query('SELECT *
FROM `transaksi`
JOIN `user` ON `user`.`npm` = `transaksi`.`npm`
JOIN `jenis_transaksi` ON `jenis_transaksi`.`id_jenis_transaksi` = `transaksi`.`id_jenis_transaksi`
JOIN `status_transaksi` ON `status_transaksi`.`id_status_transaksi` = `transaksi`.`id_status_transaksi`
JOIN `jenis_pembayaran` ON `jenis_pembayaran`.`id_jenis_pembayaran` = `transaksi`.`id_jenis_pembayaran`
WHERE `transaksi`.`id_jenis_transaksi` NOT IN (3)
ORDER BY `updated_at` DESC
 LIMIT 9', 0)
 2 SYSTEMPATH\Database\BaseConnection.php(692): CodeIgniter\Database\MySQLi\Connection->execute('SELECT *
FROM `transaksi`
JOIN `user` ON `user`.`npm` = `transaksi`.`npm`
JOIN `jenis_transaksi` ON `jenis_transaksi`.`id_jenis_transaksi` = `transaksi`.`id_jenis_transaksi`
JOIN `status_transaksi` ON `status_transaksi`.`id_status_transaksi` = `transaksi`.`id_status_transaksi`
JOIN `jenis_pembayaran` ON `jenis_pembayaran`.`id_jenis_pembayaran` = `transaksi`.`id_jenis_pembayaran`
WHERE `transaksi`.`id_jenis_transaksi` NOT IN (3)
ORDER BY `updated_at` DESC
 LIMIT 9')
 3 SYSTEMPATH\Database\BaseConnection.php(606): CodeIgniter\Database\BaseConnection->simpleQuery('SELECT *
FROM `transaksi`
JOIN `user` ON `user`.`npm` = `transaksi`.`npm`
JOIN `jenis_transaksi` ON `jenis_transaksi`.`id_jenis_transaksi` = `transaksi`.`id_jenis_transaksi`
JOIN `status_transaksi` ON `status_transaksi`.`id_status_transaksi` = `transaksi`.`id_status_transaksi`
JOIN `jenis_pembayaran` ON `jenis_pembayaran`.`id_jenis_pembayaran` = `transaksi`.`id_jenis_pembayaran`
WHERE `transaksi`.`id_jenis_transaksi` NOT IN (3)
ORDER BY `updated_at` DESC
 LIMIT 9')
 4 SYSTEMPATH\Database\BaseBuilder.php(1616): CodeIgniter\Database\BaseConnection->query('SELECT *
FROM `transaksi`
JOIN `user` ON `user`.`npm` = `transaksi`.`npm`
JOIN `jenis_transaksi` ON `jenis_transaksi`.`id_jenis_transaksi` = `transaksi`.`id_jenis_transaksi`
JOIN `status_transaksi` ON `status_transaksi`.`id_status_transaksi` = `transaksi`.`id_status_transaksi`
JOIN `jenis_pembayaran` ON `jenis_pembayaran`.`id_jenis_pembayaran` = `transaksi`.`id_jenis_pembayaran`
WHERE `transaksi`.`id_jenis_transaksi` NOT IN :transaksi.id_jenis_transaksi:
ORDER BY `updated_at` DESC
 LIMIT 9', [...], false)
 5 SYSTEMPATH\Model.php(241): CodeIgniter\Database\BaseBuilder->get()
 6 SYSTEMPATH\BaseModel.php(618): CodeIgniter\Model->doFindAll(9, 0)
 7 SYSTEMPATH\BaseModel.php(1192): CodeIgniter\BaseModel->findAll(9, 0)
 8 APPPATH\Controllers\Keuangan\Transaksi.php(175): CodeIgniter\BaseModel->paginate(9, 'pagination')
 9 SYSTEMPATH\CodeIgniter.php(934): App\Controllers\Keuangan\Transaksi->riwayat()
10 SYSTEMPATH\CodeIgniter.php(499): CodeIgniter\CodeIgniter->runController(Object(App\Controllers\Keuangan\Transaksi))
11 SYSTEMPATH\CodeIgniter.php(368): CodeIgniter\CodeIgniter->handleRequest(null, Object(Config\Cache), false)
12 FCPATH\index.php(67): CodeIgniter\CodeIgniter->run()
ERROR - 2023-07-14 16:00:01 --> mysqli_sql_exception: Column 'updated_at' in order clause is ambiguous in C:\xampp\htdocs\bi_parking\system\Database\MySQLi\Connection.php:295
Stack trace:
#0 C:\xampp\htdocs\bi_parking\system\Database\MySQLi\Connection.php(295): mysqli->query('SELECT *\nFROM `...', 0)
#1 C:\xampp\htdocs\bi_parking\system\Database\BaseConnection.php(692): CodeIgniter\Database\MySQLi\Connection->execute('SELECT *\nFROM `...')
#2 C:\xampp\htdocs\bi_parking\system\Database\BaseConnection.php(606): CodeIgniter\Database\BaseConnection->simpleQuery('SELECT *\nFROM `...')
#3 C:\xampp\htdocs\bi_parking\system\Database\BaseBuilder.php(1616): CodeIgniter\Database\BaseConnection->query('SELECT *\nFROM `...', Array, false)
#4 C:\xampp\htdocs\bi_parking\system\Model.php(241): CodeIgniter\Database\BaseBuilder->get()
#5 C:\xampp\htdocs\bi_parking\system\BaseModel.php(618): CodeIgniter\Model->doFindAll(9, 27)
#6 C:\xampp\htdocs\bi_parking\system\BaseModel.php(1192): CodeIgniter\BaseModel->findAll(9, 27)
#7 C:\xampp\htdocs\bi_parking\app\Controllers\Keuangan\Transaksi.php(175): CodeIgniter\BaseModel->paginate(9, 'pagination')
#8 C:\xampp\htdocs\bi_parking\system\CodeIgniter.php(934): App\Controllers\Keuangan\Transaksi->riwayat()
#9 C:\xampp\htdocs\bi_parking\system\CodeIgniter.php(499): CodeIgniter\CodeIgniter->runController(Object(App\Controllers\Keuangan\Transaksi))
#10 C:\xampp\htdocs\bi_parking\system\CodeIgniter.php(368): CodeIgniter\CodeIgniter->handleRequest(NULL, Object(Config\Cache), false)
#11 C:\xampp\htdocs\ParkingManagementSystem\index.php(67): CodeIgniter\CodeIgniter->run()
#12 {main}
CRITICAL - 2023-07-14 16:00:01 --> Column 'updated_at' in order clause is ambiguous
in SYSTEMPATH\Database\MySQLi\Connection.php on line 295.
 1 SYSTEMPATH\Database\MySQLi\Connection.php(295): mysqli->query('SELECT *
FROM `transaksi`
JOIN `user` ON `user`.`npm` = `transaksi`.`npm`
JOIN `jenis_transaksi` ON `jenis_transaksi`.`id_jenis_transaksi` = `transaksi`.`id_jenis_transaksi`
JOIN `status_transaksi` ON `status_transaksi`.`id_status_transaksi` = `transaksi`.`id_status_transaksi`
JOIN `jenis_pembayaran` ON `jenis_pembayaran`.`id_jenis_pembayaran` = `transaksi`.`id_jenis_pembayaran`
WHERE `transaksi`.`id_jenis_transaksi` NOT IN (3)
ORDER BY `updated_at` DESC
 LIMIT 27, 9', 0)
 2 SYSTEMPATH\Database\BaseConnection.php(692): CodeIgniter\Database\MySQLi\Connection->execute('SELECT *
FROM `transaksi`
JOIN `user` ON `user`.`npm` = `transaksi`.`npm`
JOIN `jenis_transaksi` ON `jenis_transaksi`.`id_jenis_transaksi` = `transaksi`.`id_jenis_transaksi`
JOIN `status_transaksi` ON `status_transaksi`.`id_status_transaksi` = `transaksi`.`id_status_transaksi`
JOIN `jenis_pembayaran` ON `jenis_pembayaran`.`id_jenis_pembayaran` = `transaksi`.`id_jenis_pembayaran`
WHERE `transaksi`.`id_jenis_transaksi` NOT IN (3)
ORDER BY `updated_at` DESC
 LIMIT 27, 9')
 3 SYSTEMPATH\Database\BaseConnection.php(606): CodeIgniter\Database\BaseConnection->simpleQuery('SELECT *
FROM `transaksi`
JOIN `user` ON `user`.`npm` = `transaksi`.`npm`
JOIN `jenis_transaksi` ON `jenis_transaksi`.`id_jenis_transaksi` = `transaksi`.`id_jenis_transaksi`
JOIN `status_transaksi` ON `status_transaksi`.`id_status_transaksi` = `transaksi`.`id_status_transaksi`
JOIN `jenis_pembayaran` ON `jenis_pembayaran`.`id_jenis_pembayaran` = `transaksi`.`id_jenis_pembayaran`
WHERE `transaksi`.`id_jenis_transaksi` NOT IN (3)
ORDER BY `updated_at` DESC
 LIMIT 27, 9')
 4 SYSTEMPATH\Database\BaseBuilder.php(1616): CodeIgniter\Database\BaseConnection->query('SELECT *
FROM `transaksi`
JOIN `user` ON `user`.`npm` = `transaksi`.`npm`
JOIN `jenis_transaksi` ON `jenis_transaksi`.`id_jenis_transaksi` = `transaksi`.`id_jenis_transaksi`
JOIN `status_transaksi` ON `status_transaksi`.`id_status_transaksi` = `transaksi`.`id_status_transaksi`
JOIN `jenis_pembayaran` ON `jenis_pembayaran`.`id_jenis_pembayaran` = `transaksi`.`id_jenis_pembayaran`
WHERE `transaksi`.`id_jenis_transaksi` NOT IN :transaksi.id_jenis_transaksi:
ORDER BY `updated_at` DESC
 LIMIT 27, 9', [...], false)
 5 SYSTEMPATH\Model.php(241): CodeIgniter\Database\BaseBuilder->get()
 6 SYSTEMPATH\BaseModel.php(618): CodeIgniter\Model->doFindAll(9, 27)
 7 SYSTEMPATH\BaseModel.php(1192): CodeIgniter\BaseModel->findAll(9, 27)
 8 APPPATH\Controllers\Keuangan\Transaksi.php(175): CodeIgniter\BaseModel->paginate(9, 'pagination')
 9 SYSTEMPATH\CodeIgniter.php(934): App\Controllers\Keuangan\Transaksi->riwayat()
10 SYSTEMPATH\CodeIgniter.php(499): CodeIgniter\CodeIgniter->runController(Object(App\Controllers\Keuangan\Transaksi))
11 SYSTEMPATH\CodeIgniter.php(368): CodeIgniter\CodeIgniter->handleRequest(null, Object(Config\Cache), false)
12 FCPATH\index.php(67): CodeIgniter\CodeIgniter->run()
ERROR - 2023-07-14 16:00:02 --> mysqli_sql_exception: Column 'updated_at' in order clause is ambiguous in C:\xampp\htdocs\bi_parking\system\Database\MySQLi\Connection.php:295
Stack trace:
#0 C:\xampp\htdocs\bi_parking\system\Database\MySQLi\Connection.php(295): mysqli->query('SELECT *\nFROM `...', 0)
#1 C:\xampp\htdocs\bi_parking\system\Database\BaseConnection.php(692): CodeIgniter\Database\MySQLi\Connection->execute('SELECT *\nFROM `...')
#2 C:\xampp\htdocs\bi_parking\system\Database\BaseConnection.php(606): CodeIgniter\Database\BaseConnection->simpleQuery('SELECT *\nFROM `...')
#3 C:\xampp\htdocs\bi_parking\system\Database\BaseBuilder.php(1616): CodeIgniter\Database\BaseConnection->query('SELECT *\nFROM `...', Array, false)
#4 C:\xampp\htdocs\bi_parking\system\Model.php(241): CodeIgniter\Database\BaseBuilder->get()
#5 C:\xampp\htdocs\bi_parking\system\BaseModel.php(618): CodeIgniter\Model->doFindAll(9, 18)
#6 C:\xampp\htdocs\bi_parking\system\BaseModel.php(1192): CodeIgniter\BaseModel->findAll(9, 18)
#7 C:\xampp\htdocs\bi_parking\app\Controllers\Keuangan\Transaksi.php(175): CodeIgniter\BaseModel->paginate(9, 'pagination')
#8 C:\xampp\htdocs\bi_parking\system\CodeIgniter.php(934): App\Controllers\Keuangan\Transaksi->riwayat()
#9 C:\xampp\htdocs\bi_parking\system\CodeIgniter.php(499): CodeIgniter\CodeIgniter->runController(Object(App\Controllers\Keuangan\Transaksi))
#10 C:\xampp\htdocs\bi_parking\system\CodeIgniter.php(368): CodeIgniter\CodeIgniter->handleRequest(NULL, Object(Config\Cache), false)
#11 C:\xampp\htdocs\ParkingManagementSystem\index.php(67): CodeIgniter\CodeIgniter->run()
#12 {main}
CRITICAL - 2023-07-14 16:00:02 --> Column 'updated_at' in order clause is ambiguous
in SYSTEMPATH\Database\MySQLi\Connection.php on line 295.
 1 SYSTEMPATH\Database\MySQLi\Connection.php(295): mysqli->query('SELECT *
FROM `transaksi`
JOIN `user` ON `user`.`npm` = `transaksi`.`npm`
JOIN `jenis_transaksi` ON `jenis_transaksi`.`id_jenis_transaksi` = `transaksi`.`id_jenis_transaksi`
JOIN `status_transaksi` ON `status_transaksi`.`id_status_transaksi` = `transaksi`.`id_status_transaksi`
JOIN `jenis_pembayaran` ON `jenis_pembayaran`.`id_jenis_pembayaran` = `transaksi`.`id_jenis_pembayaran`
WHERE `transaksi`.`id_jenis_transaksi` NOT IN (3)
ORDER BY `updated_at` DESC
 LIMIT 18, 9', 0)
 2 SYSTEMPATH\Database\BaseConnection.php(692): CodeIgniter\Database\MySQLi\Connection->execute('SELECT *
FROM `transaksi`
JOIN `user` ON `user`.`npm` = `transaksi`.`npm`
JOIN `jenis_transaksi` ON `jenis_transaksi`.`id_jenis_transaksi` = `transaksi`.`id_jenis_transaksi`
JOIN `status_transaksi` ON `status_transaksi`.`id_status_transaksi` = `transaksi`.`id_status_transaksi`
JOIN `jenis_pembayaran` ON `jenis_pembayaran`.`id_jenis_pembayaran` = `transaksi`.`id_jenis_pembayaran`
WHERE `transaksi`.`id_jenis_transaksi` NOT IN (3)
ORDER BY `updated_at` DESC
 LIMIT 18, 9')
 3 SYSTEMPATH\Database\BaseConnection.php(606): CodeIgniter\Database\BaseConnection->simpleQuery('SELECT *
FROM `transaksi`
JOIN `user` ON `user`.`npm` = `transaksi`.`npm`
JOIN `jenis_transaksi` ON `jenis_transaksi`.`id_jenis_transaksi` = `transaksi`.`id_jenis_transaksi`
JOIN `status_transaksi` ON `status_transaksi`.`id_status_transaksi` = `transaksi`.`id_status_transaksi`
JOIN `jenis_pembayaran` ON `jenis_pembayaran`.`id_jenis_pembayaran` = `transaksi`.`id_jenis_pembayaran`
WHERE `transaksi`.`id_jenis_transaksi` NOT IN (3)
ORDER BY `updated_at` DESC
 LIMIT 18, 9')
 4 SYSTEMPATH\Database\BaseBuilder.php(1616): CodeIgniter\Database\BaseConnection->query('SELECT *
FROM `transaksi`
JOIN `user` ON `user`.`npm` = `transaksi`.`npm`
JOIN `jenis_transaksi` ON `jenis_transaksi`.`id_jenis_transaksi` = `transaksi`.`id_jenis_transaksi`
JOIN `status_transaksi` ON `status_transaksi`.`id_status_transaksi` = `transaksi`.`id_status_transaksi`
JOIN `jenis_pembayaran` ON `jenis_pembayaran`.`id_jenis_pembayaran` = `transaksi`.`id_jenis_pembayaran`
WHERE `transaksi`.`id_jenis_transaksi` NOT IN :transaksi.id_jenis_transaksi:
ORDER BY `updated_at` DESC
 LIMIT 18, 9', [...], false)
 5 SYSTEMPATH\Model.php(241): CodeIgniter\Database\BaseBuilder->get()
 6 SYSTEMPATH\BaseModel.php(618): CodeIgniter\Model->doFindAll(9, 18)
 7 SYSTEMPATH\BaseModel.php(1192): CodeIgniter\BaseModel->findAll(9, 18)
 8 APPPATH\Controllers\Keuangan\Transaksi.php(175): CodeIgniter\BaseModel->paginate(9, 'pagination')
 9 SYSTEMPATH\CodeIgniter.php(934): App\Controllers\Keuangan\Transaksi->riwayat()
10 SYSTEMPATH\CodeIgniter.php(499): CodeIgniter\CodeIgniter->runController(Object(App\Controllers\Keuangan\Transaksi))
11 SYSTEMPATH\CodeIgniter.php(368): CodeIgniter\CodeIgniter->handleRequest(null, Object(Config\Cache), false)
12 FCPATH\index.php(67): CodeIgniter\CodeIgniter->run()
ERROR - 2023-07-14 16:00:02 --> mysqli_sql_exception: Column 'updated_at' in order clause is ambiguous in C:\xampp\htdocs\bi_parking\system\Database\MySQLi\Connection.php:295
Stack trace:
#0 C:\xampp\htdocs\bi_parking\system\Database\MySQLi\Connection.php(295): mysqli->query('SELECT *\nFROM `...', 0)
#1 C:\xampp\htdocs\bi_parking\system\Database\BaseConnection.php(692): CodeIgniter\Database\MySQLi\Connection->execute('SELECT *\nFROM `...')
#2 C:\xampp\htdocs\bi_parking\system\Database\BaseConnection.php(606): CodeIgniter\Database\BaseConnection->simpleQuery('SELECT *\nFROM `...')
#3 C:\xampp\htdocs\bi_parking\system\Database\BaseBuilder.php(1616): CodeIgniter\Database\BaseConnection->query('SELECT *\nFROM `...', Array, false)
#4 C:\xampp\htdocs\bi_parking\system\Model.php(241): CodeIgniter\Database\BaseBuilder->get()
#5 C:\xampp\htdocs\bi_parking\system\BaseModel.php(618): CodeIgniter\Model->doFindAll(9, 9)
#6 C:\xampp\htdocs\bi_parking\system\BaseModel.php(1192): CodeIgniter\BaseModel->findAll(9, 9)
#7 C:\xampp\htdocs\bi_parking\app\Controllers\Keuangan\Transaksi.php(175): CodeIgniter\BaseModel->paginate(9, 'pagination')
#8 C:\xampp\htdocs\bi_parking\system\CodeIgniter.php(934): App\Controllers\Keuangan\Transaksi->riwayat()
#9 C:\xampp\htdocs\bi_parking\system\CodeIgniter.php(499): CodeIgniter\CodeIgniter->runController(Object(App\Controllers\Keuangan\Transaksi))
#10 C:\xampp\htdocs\bi_parking\system\CodeIgniter.php(368): CodeIgniter\CodeIgniter->handleRequest(NULL, Object(Config\Cache), false)
#11 C:\xampp\htdocs\ParkingManagementSystem\index.php(67): CodeIgniter\CodeIgniter->run()
#12 {main}
CRITICAL - 2023-07-14 16:00:02 --> Column 'updated_at' in order clause is ambiguous
in SYSTEMPATH\Database\MySQLi\Connection.php on line 295.
 1 SYSTEMPATH\Database\MySQLi\Connection.php(295): mysqli->query('SELECT *
FROM `transaksi`
JOIN `user` ON `user`.`npm` = `transaksi`.`npm`
JOIN `jenis_transaksi` ON `jenis_transaksi`.`id_jenis_transaksi` = `transaksi`.`id_jenis_transaksi`
JOIN `status_transaksi` ON `status_transaksi`.`id_status_transaksi` = `transaksi`.`id_status_transaksi`
JOIN `jenis_pembayaran` ON `jenis_pembayaran`.`id_jenis_pembayaran` = `transaksi`.`id_jenis_pembayaran`
WHERE `transaksi`.`id_jenis_transaksi` NOT IN (3)
ORDER BY `updated_at` DESC
 LIMIT 9, 9', 0)
 2 SYSTEMPATH\Database\BaseConnection.php(692): CodeIgniter\Database\MySQLi\Connection->execute('SELECT *
FROM `transaksi`
JOIN `user` ON `user`.`npm` = `transaksi`.`npm`
JOIN `jenis_transaksi` ON `jenis_transaksi`.`id_jenis_transaksi` = `transaksi`.`id_jenis_transaksi`
JOIN `status_transaksi` ON `status_transaksi`.`id_status_transaksi` = `transaksi`.`id_status_transaksi`
JOIN `jenis_pembayaran` ON `jenis_pembayaran`.`id_jenis_pembayaran` = `transaksi`.`id_jenis_pembayaran`
WHERE `transaksi`.`id_jenis_transaksi` NOT IN (3)
ORDER BY `updated_at` DESC
 LIMIT 9, 9')
 3 SYSTEMPATH\Database\BaseConnection.php(606): CodeIgniter\Database\BaseConnection->simpleQuery('SELECT *
FROM `transaksi`
JOIN `user` ON `user`.`npm` = `transaksi`.`npm`
JOIN `jenis_transaksi` ON `jenis_transaksi`.`id_jenis_transaksi` = `transaksi`.`id_jenis_transaksi`
JOIN `status_transaksi` ON `status_transaksi`.`id_status_transaksi` = `transaksi`.`id_status_transaksi`
JOIN `jenis_pembayaran` ON `jenis_pembayaran`.`id_jenis_pembayaran` = `transaksi`.`id_jenis_pembayaran`
WHERE `transaksi`.`id_jenis_transaksi` NOT IN (3)
ORDER BY `updated_at` DESC
 LIMIT 9, 9')
 4 SYSTEMPATH\Database\BaseBuilder.php(1616): CodeIgniter\Database\BaseConnection->query('SELECT *
FROM `transaksi`
JOIN `user` ON `user`.`npm` = `transaksi`.`npm`
JOIN `jenis_transaksi` ON `jenis_transaksi`.`id_jenis_transaksi` = `transaksi`.`id_jenis_transaksi`
JOIN `status_transaksi` ON `status_transaksi`.`id_status_transaksi` = `transaksi`.`id_status_transaksi`
JOIN `jenis_pembayaran` ON `jenis_pembayaran`.`id_jenis_pembayaran` = `transaksi`.`id_jenis_pembayaran`
WHERE `transaksi`.`id_jenis_transaksi` NOT IN :transaksi.id_jenis_transaksi:
ORDER BY `updated_at` DESC
 LIMIT 9, 9', [...], false)
 5 SYSTEMPATH\Model.php(241): CodeIgniter\Database\BaseBuilder->get()
 6 SYSTEMPATH\BaseModel.php(618): CodeIgniter\Model->doFindAll(9, 9)
 7 SYSTEMPATH\BaseModel.php(1192): CodeIgniter\BaseModel->findAll(9, 9)
 8 APPPATH\Controllers\Keuangan\Transaksi.php(175): CodeIgniter\BaseModel->paginate(9, 'pagination')
 9 SYSTEMPATH\CodeIgniter.php(934): App\Controllers\Keuangan\Transaksi->riwayat()
10 SYSTEMPATH\CodeIgniter.php(499): CodeIgniter\CodeIgniter->runController(Object(App\Controllers\Keuangan\Transaksi))
11 SYSTEMPATH\CodeIgniter.php(368): CodeIgniter\CodeIgniter->handleRequest(null, Object(Config\Cache), false)
12 FCPATH\index.php(67): CodeIgniter\CodeIgniter->run()
ERROR - 2023-07-14 16:00:02 --> mysqli_sql_exception: Column 'updated_at' in order clause is ambiguous in C:\xampp\htdocs\bi_parking\system\Database\MySQLi\Connection.php:295
Stack trace:
#0 C:\xampp\htdocs\bi_parking\system\Database\MySQLi\Connection.php(295): mysqli->query('SELECT *\nFROM `...', 0)
#1 C:\xampp\htdocs\bi_parking\system\Database\BaseConnection.php(692): CodeIgniter\Database\MySQLi\Connection->execute('SELECT *\nFROM `...')
#2 C:\xampp\htdocs\bi_parking\system\Database\BaseConnection.php(606): CodeIgniter\Database\BaseConnection->simpleQuery('SELECT *\nFROM `...')
#3 C:\xampp\htdocs\bi_parking\system\Database\BaseBuilder.php(1616): CodeIgniter\Database\BaseConnection->query('SELECT *\nFROM `...', Array, false)
#4 C:\xampp\htdocs\bi_parking\system\Model.php(241): CodeIgniter\Database\BaseBuilder->get()
#5 C:\xampp\htdocs\bi_parking\system\BaseModel.php(618): CodeIgniter\Model->doFindAll(9, 0)
#6 C:\xampp\htdocs\bi_parking\system\BaseModel.php(1192): CodeIgniter\BaseModel->findAll(9, 0)
#7 C:\xampp\htdocs\bi_parking\app\Controllers\Keuangan\Transaksi.php(175): CodeIgniter\BaseModel->paginate(9, 'pagination')
#8 C:\xampp\htdocs\bi_parking\system\CodeIgniter.php(934): App\Controllers\Keuangan\Transaksi->riwayat()
#9 C:\xampp\htdocs\bi_parking\system\CodeIgniter.php(499): CodeIgniter\CodeIgniter->runController(Object(App\Controllers\Keuangan\Transaksi))
#10 C:\xampp\htdocs\bi_parking\system\CodeIgniter.php(368): CodeIgniter\CodeIgniter->handleRequest(NULL, Object(Config\Cache), false)
#11 C:\xampp\htdocs\ParkingManagementSystem\index.php(67): CodeIgniter\CodeIgniter->run()
#12 {main}
CRITICAL - 2023-07-14 16:00:02 --> Column 'updated_at' in order clause is ambiguous
in SYSTEMPATH\Database\MySQLi\Connection.php on line 295.
 1 SYSTEMPATH\Database\MySQLi\Connection.php(295): mysqli->query('SELECT *
FROM `transaksi`
JOIN `user` ON `user`.`npm` = `transaksi`.`npm`
JOIN `jenis_transaksi` ON `jenis_transaksi`.`id_jenis_transaksi` = `transaksi`.`id_jenis_transaksi`
JOIN `status_transaksi` ON `status_transaksi`.`id_status_transaksi` = `transaksi`.`id_status_transaksi`
JOIN `jenis_pembayaran` ON `jenis_pembayaran`.`id_jenis_pembayaran` = `transaksi`.`id_jenis_pembayaran`
WHERE `transaksi`.`id_jenis_transaksi` NOT IN (3)
ORDER BY `updated_at` DESC
 LIMIT 9', 0)
 2 SYSTEMPATH\Database\BaseConnection.php(692): CodeIgniter\Database\MySQLi\Connection->execute('SELECT *
FROM `transaksi`
JOIN `user` ON `user`.`npm` = `transaksi`.`npm`
JOIN `jenis_transaksi` ON `jenis_transaksi`.`id_jenis_transaksi` = `transaksi`.`id_jenis_transaksi`
JOIN `status_transaksi` ON `status_transaksi`.`id_status_transaksi` = `transaksi`.`id_status_transaksi`
JOIN `jenis_pembayaran` ON `jenis_pembayaran`.`id_jenis_pembayaran` = `transaksi`.`id_jenis_pembayaran`
WHERE `transaksi`.`id_jenis_transaksi` NOT IN (3)
ORDER BY `updated_at` DESC
 LIMIT 9')
 3 SYSTEMPATH\Database\BaseConnection.php(606): CodeIgniter\Database\BaseConnection->simpleQuery('SELECT *
FROM `transaksi`
JOIN `user` ON `user`.`npm` = `transaksi`.`npm`
JOIN `jenis_transaksi` ON `jenis_transaksi`.`id_jenis_transaksi` = `transaksi`.`id_jenis_transaksi`
JOIN `status_transaksi` ON `status_transaksi`.`id_status_transaksi` = `transaksi`.`id_status_transaksi`
JOIN `jenis_pembayaran` ON `jenis_pembayaran`.`id_jenis_pembayaran` = `transaksi`.`id_jenis_pembayaran`
WHERE `transaksi`.`id_jenis_transaksi` NOT IN (3)
ORDER BY `updated_at` DESC
 LIMIT 9')
 4 SYSTEMPATH\Database\BaseBuilder.php(1616): CodeIgniter\Database\BaseConnection->query('SELECT *
FROM `transaksi`
JOIN `user` ON `user`.`npm` = `transaksi`.`npm`
JOIN `jenis_transaksi` ON `jenis_transaksi`.`id_jenis_transaksi` = `transaksi`.`id_jenis_transaksi`
JOIN `status_transaksi` ON `status_transaksi`.`id_status_transaksi` = `transaksi`.`id_status_transaksi`
JOIN `jenis_pembayaran` ON `jenis_pembayaran`.`id_jenis_pembayaran` = `transaksi`.`id_jenis_pembayaran`
WHERE `transaksi`.`id_jenis_transaksi` NOT IN :transaksi.id_jenis_transaksi:
ORDER BY `updated_at` DESC
 LIMIT 9', [...], false)
 5 SYSTEMPATH\Model.php(241): CodeIgniter\Database\BaseBuilder->get()
 6 SYSTEMPATH\BaseModel.php(618): CodeIgniter\Model->doFindAll(9, 0)
 7 SYSTEMPATH\BaseModel.php(1192): CodeIgniter\BaseModel->findAll(9, 0)
 8 APPPATH\Controllers\Keuangan\Transaksi.php(175): CodeIgniter\BaseModel->paginate(9, 'pagination')
 9 SYSTEMPATH\CodeIgniter.php(934): App\Controllers\Keuangan\Transaksi->riwayat()
10 SYSTEMPATH\CodeIgniter.php(499): CodeIgniter\CodeIgniter->runController(Object(App\Controllers\Keuangan\Transaksi))
11 SYSTEMPATH\CodeIgniter.php(368): CodeIgniter\CodeIgniter->handleRequest(null, Object(Config\Cache), false)
12 FCPATH\index.php(67): CodeIgniter\CodeIgniter->run()
ERROR - 2023-07-14 16:00:04 --> mysqli_sql_exception: Column 'updated_at' in order clause is ambiguous in C:\xampp\htdocs\bi_parking\system\Database\MySQLi\Connection.php:295
Stack trace:
#0 C:\xampp\htdocs\bi_parking\system\Database\MySQLi\Connection.php(295): mysqli->query('SELECT *\nFROM `...', 0)
#1 C:\xampp\htdocs\bi_parking\system\Database\BaseConnection.php(692): CodeIgniter\Database\MySQLi\Connection->execute('SELECT *\nFROM `...')
#2 C:\xampp\htdocs\bi_parking\system\Database\BaseConnection.php(606): CodeIgniter\Database\BaseConnection->simpleQuery('SELECT *\nFROM `...')
#3 C:\xampp\htdocs\bi_parking\system\Database\BaseBuilder.php(1616): CodeIgniter\Database\BaseConnection->query('SELECT *\nFROM `...', Array, false)
#4 C:\xampp\htdocs\bi_parking\system\Model.php(241): CodeIgniter\Database\BaseBuilder->get()
#5 C:\xampp\htdocs\bi_parking\system\BaseModel.php(618): CodeIgniter\Model->doFindAll(9, 0)
#6 C:\xampp\htdocs\bi_parking\system\BaseModel.php(1192): CodeIgniter\BaseModel->findAll(9, 0)
#7 C:\xampp\htdocs\bi_parking\app\Controllers\Keuangan\Transaksi.php(175): CodeIgniter\BaseModel->paginate(9, 'pagination')
#8 C:\xampp\htdocs\bi_parking\system\CodeIgniter.php(934): App\Controllers\Keuangan\Transaksi->riwayat()
#9 C:\xampp\htdocs\bi_parking\system\CodeIgniter.php(499): CodeIgniter\CodeIgniter->runController(Object(App\Controllers\Keuangan\Transaksi))
#10 C:\xampp\htdocs\bi_parking\system\CodeIgniter.php(368): CodeIgniter\CodeIgniter->handleRequest(NULL, Object(Config\Cache), false)
#11 C:\xampp\htdocs\ParkingManagementSystem\index.php(67): CodeIgniter\CodeIgniter->run()
#12 {main}
CRITICAL - 2023-07-14 16:00:04 --> Column 'updated_at' in order clause is ambiguous
in SYSTEMPATH\Database\MySQLi\Connection.php on line 295.
 1 SYSTEMPATH\Database\MySQLi\Connection.php(295): mysqli->query('SELECT *
FROM `transaksi`
JOIN `user` ON `user`.`npm` = `transaksi`.`npm`
JOIN `jenis_transaksi` ON `jenis_transaksi`.`id_jenis_transaksi` = `transaksi`.`id_jenis_transaksi`
JOIN `status_transaksi` ON `status_transaksi`.`id_status_transaksi` = `transaksi`.`id_status_transaksi`
JOIN `jenis_pembayaran` ON `jenis_pembayaran`.`id_jenis_pembayaran` = `transaksi`.`id_jenis_pembayaran`
WHERE `transaksi`.`id_jenis_transaksi` NOT IN (3)
ORDER BY `updated_at` DESC
 LIMIT 9', 0)
 2 SYSTEMPATH\Database\BaseConnection.php(692): CodeIgniter\Database\MySQLi\Connection->execute('SELECT *
FROM `transaksi`
JOIN `user` ON `user`.`npm` = `transaksi`.`npm`
JOIN `jenis_transaksi` ON `jenis_transaksi`.`id_jenis_transaksi` = `transaksi`.`id_jenis_transaksi`
JOIN `status_transaksi` ON `status_transaksi`.`id_status_transaksi` = `transaksi`.`id_status_transaksi`
JOIN `jenis_pembayaran` ON `jenis_pembayaran`.`id_jenis_pembayaran` = `transaksi`.`id_jenis_pembayaran`
WHERE `transaksi`.`id_jenis_transaksi` NOT IN (3)
ORDER BY `updated_at` DESC
 LIMIT 9')
 3 SYSTEMPATH\Database\BaseConnection.php(606): CodeIgniter\Database\BaseConnection->simpleQuery('SELECT *
FROM `transaksi`
JOIN `user` ON `user`.`npm` = `transaksi`.`npm`
JOIN `jenis_transaksi` ON `jenis_transaksi`.`id_jenis_transaksi` = `transaksi`.`id_jenis_transaksi`
JOIN `status_transaksi` ON `status_transaksi`.`id_status_transaksi` = `transaksi`.`id_status_transaksi`
JOIN `jenis_pembayaran` ON `jenis_pembayaran`.`id_jenis_pembayaran` = `transaksi`.`id_jenis_pembayaran`
WHERE `transaksi`.`id_jenis_transaksi` NOT IN (3)
ORDER BY `updated_at` DESC
 LIMIT 9')
 4 SYSTEMPATH\Database\BaseBuilder.php(1616): CodeIgniter\Database\BaseConnection->query('SELECT *
FROM `transaksi`
JOIN `user` ON `user`.`npm` = `transaksi`.`npm`
JOIN `jenis_transaksi` ON `jenis_transaksi`.`id_jenis_transaksi` = `transaksi`.`id_jenis_transaksi`
JOIN `status_transaksi` ON `status_transaksi`.`id_status_transaksi` = `transaksi`.`id_status_transaksi`
JOIN `jenis_pembayaran` ON `jenis_pembayaran`.`id_jenis_pembayaran` = `transaksi`.`id_jenis_pembayaran`
WHERE `transaksi`.`id_jenis_transaksi` NOT IN :transaksi.id_jenis_transaksi:
ORDER BY `updated_at` DESC
 LIMIT 9', [...], false)
 5 SYSTEMPATH\Model.php(241): CodeIgniter\Database\BaseBuilder->get()
 6 SYSTEMPATH\BaseModel.php(618): CodeIgniter\Model->doFindAll(9, 0)
 7 SYSTEMPATH\BaseModel.php(1192): CodeIgniter\BaseModel->findAll(9, 0)
 8 APPPATH\Controllers\Keuangan\Transaksi.php(175): CodeIgniter\BaseModel->paginate(9, 'pagination')
 9 SYSTEMPATH\CodeIgniter.php(934): App\Controllers\Keuangan\Transaksi->riwayat()
10 SYSTEMPATH\CodeIgniter.php(499): CodeIgniter\CodeIgniter->runController(Object(App\Controllers\Keuangan\Transaksi))
11 SYSTEMPATH\CodeIgniter.php(368): CodeIgniter\CodeIgniter->handleRequest(null, Object(Config\Cache), false)
12 FCPATH\index.php(67): CodeIgniter\CodeIgniter->run()
