ERROR - 2023-07-11 07:43:24 --> mysqli_sql_exception: Column 'npm' cannot be null in C:\xampp\htdocs\bi_parking\system\Database\MySQLi\Connection.php:295
Stack trace:
#0 C:\xampp\htdocs\bi_parking\system\Database\MySQLi\Connection.php(295): mysqli->query('INSERT INTO `lo...', 0)
#1 C:\xampp\htdocs\bi_parking\system\Database\BaseConnection.php(692): CodeIgniter\Database\MySQLi\Connection->execute('INSERT INTO `lo...')
#2 C:\xampp\htdocs\bi_parking\system\Database\BaseConnection.php(606): CodeIgniter\Database\BaseConnection->simpleQuery('INSERT INTO `lo...')
#3 C:\xampp\htdocs\bi_parking\system\Database\BaseBuilder.php(2309): CodeIgniter\Database\BaseConnection->query('INSERT INTO `lo...', Array, false)
#4 C:\xampp\htdocs\bi_parking\system\Model.php(330): CodeIgniter\Database\BaseBuilder->insert()
#5 C:\xampp\htdocs\bi_parking\system\BaseModel.php(782): CodeIgniter\Model->doInsert(Array)
#6 C:\xampp\htdocs\bi_parking\system\Model.php(730): CodeIgniter\BaseModel->insert(Array, true)
#7 C:\xampp\htdocs\bi_parking\app\Controllers\Auth\Auth.php(84): CodeIgniter\Model->insert(Array)
#8 C:\xampp\htdocs\bi_parking\system\CodeIgniter.php(934): App\Controllers\Auth\Auth->logout()
#9 C:\xampp\htdocs\bi_parking\system\CodeIgniter.php(499): CodeIgniter\CodeIgniter->runController(Object(App\Controllers\Auth\Auth))
#10 C:\xampp\htdocs\bi_parking\system\CodeIgniter.php(368): CodeIgniter\CodeIgniter->handleRequest(NULL, Object(Config\Cache), false)
#11 C:\xampp\htdocs\ParkingManagementSystem\index.php(67): CodeIgniter\CodeIgniter->run()
#12 {main}
CRITICAL - 2023-07-11 07:43:24 --> Column 'npm' cannot be null
in SYSTEMPATH\Database\MySQLi\Connection.php on line 295.
 1 SYSTEMPATH\Database\MySQLi\Connection.php(295): mysqli->query('INSERT INTO `log_aktivitas` (`npm`, `action`, `details`, `ip_address`) VALUES (NULL, \'logout\', \'User logged out\', \'118.99.106.200\')', 0)
 2 SYSTEMPATH\Database\BaseConnection.php(692): CodeIgniter\Database\MySQLi\Connection->execute('INSERT INTO `log_aktivitas` (`npm`, `action`, `details`, `ip_address`) VALUES (NULL, \'logout\', \'User logged out\', \'118.99.106.200\')')
 3 SYSTEMPATH\Database\BaseConnection.php(606): CodeIgniter\Database\BaseConnection->simpleQuery('INSERT INTO `log_aktivitas` (`npm`, `action`, `details`, `ip_address`) VALUES (NULL, \'logout\', \'User logged out\', \'118.99.106.200\')')
 4 SYSTEMPATH\Database\BaseBuilder.php(2309): CodeIgniter\Database\BaseConnection->query('INSERT INTO `log_aktivitas` (`npm`, `action`, `details`, `ip_address`) VALUES (:npm:, :action:, :details:, :ip_address:)', [...], false)
 5 SYSTEMPATH\Model.php(330): CodeIgniter\Database\BaseBuilder->insert()
 6 SYSTEMPATH\BaseModel.php(782): CodeIgniter\Model->doInsert([...])
 7 SYSTEMPATH\Model.php(730): CodeIgniter\BaseModel->insert([...], true)
 8 APPPATH\Controllers\Auth\Auth.php(84): CodeIgniter\Model->insert([...])
 9 SYSTEMPATH\CodeIgniter.php(934): App\Controllers\Auth\Auth->logout()
10 SYSTEMPATH\CodeIgniter.php(499): CodeIgniter\CodeIgniter->runController(Object(App\Controllers\Auth\Auth))
11 SYSTEMPATH\CodeIgniter.php(368): CodeIgniter\CodeIgniter->handleRequest(null, Object(Config\Cache), false)
12 FCPATH\index.php(67): CodeIgniter\CodeIgniter->run()
ERROR - 2023-07-11 07:43:31 --> mysqli_sql_exception: Column 'npm' cannot be null in C:\xampp\htdocs\bi_parking\system\Database\MySQLi\Connection.php:295
Stack trace:
#0 C:\xampp\htdocs\bi_parking\system\Database\MySQLi\Connection.php(295): mysqli->query('INSERT INTO `lo...', 0)
#1 C:\xampp\htdocs\bi_parking\system\Database\BaseConnection.php(692): CodeIgniter\Database\MySQLi\Connection->execute('INSERT INTO `lo...')
#2 C:\xampp\htdocs\bi_parking\system\Database\BaseConnection.php(606): CodeIgniter\Database\BaseConnection->simpleQuery('INSERT INTO `lo...')
#3 C:\xampp\htdocs\bi_parking\system\Database\BaseBuilder.php(2309): CodeIgniter\Database\BaseConnection->query('INSERT INTO `lo...', Array, false)
#4 C:\xampp\htdocs\bi_parking\system\Model.php(330): CodeIgniter\Database\BaseBuilder->insert()
#5 C:\xampp\htdocs\bi_parking\system\BaseModel.php(782): CodeIgniter\Model->doInsert(Array)
#6 C:\xampp\htdocs\bi_parking\system\Model.php(730): CodeIgniter\BaseModel->insert(Array, true)
#7 C:\xampp\htdocs\bi_parking\app\Controllers\Auth\Auth.php(84): CodeIgniter\Model->insert(Array)
#8 C:\xampp\htdocs\bi_parking\system\CodeIgniter.php(934): App\Controllers\Auth\Auth->logout()
#9 C:\xampp\htdocs\bi_parking\system\CodeIgniter.php(499): CodeIgniter\CodeIgniter->runController(Object(App\Controllers\Auth\Auth))
#10 C:\xampp\htdocs\bi_parking\system\CodeIgniter.php(368): CodeIgniter\CodeIgniter->handleRequest(NULL, Object(Config\Cache), false)
#11 C:\xampp\htdocs\ParkingManagementSystem\index.php(67): CodeIgniter\CodeIgniter->run()
#12 {main}
CRITICAL - 2023-07-11 07:43:31 --> Column 'npm' cannot be null
in SYSTEMPATH\Database\MySQLi\Connection.php on line 295.
 1 SYSTEMPATH\Database\MySQLi\Connection.php(295): mysqli->query('INSERT INTO `log_aktivitas` (`npm`, `action`, `details`, `ip_address`) VALUES (NULL, \'logout\', \'User logged out\', \'118.99.106.200\')', 0)
 2 SYSTEMPATH\Database\BaseConnection.php(692): CodeIgniter\Database\MySQLi\Connection->execute('INSERT INTO `log_aktivitas` (`npm`, `action`, `details`, `ip_address`) VALUES (NULL, \'logout\', \'User logged out\', \'118.99.106.200\')')
 3 SYSTEMPATH\Database\BaseConnection.php(606): CodeIgniter\Database\BaseConnection->simpleQuery('INSERT INTO `log_aktivitas` (`npm`, `action`, `details`, `ip_address`) VALUES (NULL, \'logout\', \'User logged out\', \'118.99.106.200\')')
 4 SYSTEMPATH\Database\BaseBuilder.php(2309): CodeIgniter\Database\BaseConnection->query('INSERT INTO `log_aktivitas` (`npm`, `action`, `details`, `ip_address`) VALUES (:npm:, :action:, :details:, :ip_address:)', [...], false)
 5 SYSTEMPATH\Model.php(330): CodeIgniter\Database\BaseBuilder->insert()
 6 SYSTEMPATH\BaseModel.php(782): CodeIgniter\Model->doInsert([...])
 7 SYSTEMPATH\Model.php(730): CodeIgniter\BaseModel->insert([...], true)
 8 APPPATH\Controllers\Auth\Auth.php(84): CodeIgniter\Model->insert([...])
 9 SYSTEMPATH\CodeIgniter.php(934): App\Controllers\Auth\Auth->logout()
10 SYSTEMPATH\CodeIgniter.php(499): CodeIgniter\CodeIgniter->runController(Object(App\Controllers\Auth\Auth))
11 SYSTEMPATH\CodeIgniter.php(368): CodeIgniter\CodeIgniter->handleRequest(null, Object(Config\Cache), false)
12 FCPATH\index.php(67): CodeIgniter\CodeIgniter->run()
ERROR - 2023-07-11 07:43:36 --> mysqli_sql_exception: Column 'npm' cannot be null in C:\xampp\htdocs\bi_parking\system\Database\MySQLi\Connection.php:295
Stack trace:
#0 C:\xampp\htdocs\bi_parking\system\Database\MySQLi\Connection.php(295): mysqli->query('INSERT INTO `lo...', 0)
#1 C:\xampp\htdocs\bi_parking\system\Database\BaseConnection.php(692): CodeIgniter\Database\MySQLi\Connection->execute('INSERT INTO `lo...')
#2 C:\xampp\htdocs\bi_parking\system\Database\BaseConnection.php(606): CodeIgniter\Database\BaseConnection->simpleQuery('INSERT INTO `lo...')
#3 C:\xampp\htdocs\bi_parking\system\Database\BaseBuilder.php(2309): CodeIgniter\Database\BaseConnection->query('INSERT INTO `lo...', Array, false)
#4 C:\xampp\htdocs\bi_parking\system\Model.php(330): CodeIgniter\Database\BaseBuilder->insert()
#5 C:\xampp\htdocs\bi_parking\system\BaseModel.php(782): CodeIgniter\Model->doInsert(Array)
#6 C:\xampp\htdocs\bi_parking\system\Model.php(730): CodeIgniter\BaseModel->insert(Array, true)
#7 C:\xampp\htdocs\bi_parking\app\Controllers\Auth\Auth.php(84): CodeIgniter\Model->insert(Array)
#8 C:\xampp\htdocs\bi_parking\system\CodeIgniter.php(934): App\Controllers\Auth\Auth->logout()
#9 C:\xampp\htdocs\bi_parking\system\CodeIgniter.php(499): CodeIgniter\CodeIgniter->runController(Object(App\Controllers\Auth\Auth))
#10 C:\xampp\htdocs\bi_parking\system\CodeIgniter.php(368): CodeIgniter\CodeIgniter->handleRequest(NULL, Object(Config\Cache), false)
#11 C:\xampp\htdocs\ParkingManagementSystem\index.php(67): CodeIgniter\CodeIgniter->run()
#12 {main}
CRITICAL - 2023-07-11 07:43:36 --> Column 'npm' cannot be null
in SYSTEMPATH\Database\MySQLi\Connection.php on line 295.
 1 SYSTEMPATH\Database\MySQLi\Connection.php(295): mysqli->query('INSERT INTO `log_aktivitas` (`npm`, `action`, `details`, `ip_address`) VALUES (NULL, \'logout\', \'User logged out\', \'118.99.106.200\')', 0)
 2 SYSTEMPATH\Database\BaseConnection.php(692): CodeIgniter\Database\MySQLi\Connection->execute('INSERT INTO `log_aktivitas` (`npm`, `action`, `details`, `ip_address`) VALUES (NULL, \'logout\', \'User logged out\', \'118.99.106.200\')')
 3 SYSTEMPATH\Database\BaseConnection.php(606): CodeIgniter\Database\BaseConnection->simpleQuery('INSERT INTO `log_aktivitas` (`npm`, `action`, `details`, `ip_address`) VALUES (NULL, \'logout\', \'User logged out\', \'118.99.106.200\')')
 4 SYSTEMPATH\Database\BaseBuilder.php(2309): CodeIgniter\Database\BaseConnection->query('INSERT INTO `log_aktivitas` (`npm`, `action`, `details`, `ip_address`) VALUES (:npm:, :action:, :details:, :ip_address:)', [...], false)
 5 SYSTEMPATH\Model.php(330): CodeIgniter\Database\BaseBuilder->insert()
 6 SYSTEMPATH\BaseModel.php(782): CodeIgniter\Model->doInsert([...])
 7 SYSTEMPATH\Model.php(730): CodeIgniter\BaseModel->insert([...], true)
 8 APPPATH\Controllers\Auth\Auth.php(84): CodeIgniter\Model->insert([...])
 9 SYSTEMPATH\CodeIgniter.php(934): App\Controllers\Auth\Auth->logout()
10 SYSTEMPATH\CodeIgniter.php(499): CodeIgniter\CodeIgniter->runController(Object(App\Controllers\Auth\Auth))
11 SYSTEMPATH\CodeIgniter.php(368): CodeIgniter\CodeIgniter->handleRequest(null, Object(Config\Cache), false)
12 FCPATH\index.php(67): CodeIgniter\CodeIgniter->run()
ERROR - 2023-07-11 07:43:46 --> mysqli_sql_exception: Column 'npm' cannot be null in C:\xampp\htdocs\bi_parking\system\Database\MySQLi\Connection.php:295
Stack trace:
#0 C:\xampp\htdocs\bi_parking\system\Database\MySQLi\Connection.php(295): mysqli->query('INSERT INTO `lo...', 0)
#1 C:\xampp\htdocs\bi_parking\system\Database\BaseConnection.php(692): CodeIgniter\Database\MySQLi\Connection->execute('INSERT INTO `lo...')
#2 C:\xampp\htdocs\bi_parking\system\Database\BaseConnection.php(606): CodeIgniter\Database\BaseConnection->simpleQuery('INSERT INTO `lo...')
#3 C:\xampp\htdocs\bi_parking\system\Database\BaseBuilder.php(2309): CodeIgniter\Database\BaseConnection->query('INSERT INTO `lo...', Array, false)
#4 C:\xampp\htdocs\bi_parking\system\Model.php(330): CodeIgniter\Database\BaseBuilder->insert()
#5 C:\xampp\htdocs\bi_parking\system\BaseModel.php(782): CodeIgniter\Model->doInsert(Array)
#6 C:\xampp\htdocs\bi_parking\system\Model.php(730): CodeIgniter\BaseModel->insert(Array, true)
#7 C:\xampp\htdocs\bi_parking\app\Controllers\Auth\Auth.php(84): CodeIgniter\Model->insert(Array)
#8 C:\xampp\htdocs\bi_parking\system\CodeIgniter.php(934): App\Controllers\Auth\Auth->logout()
#9 C:\xampp\htdocs\bi_parking\system\CodeIgniter.php(499): CodeIgniter\CodeIgniter->runController(Object(App\Controllers\Auth\Auth))
#10 C:\xampp\htdocs\bi_parking\system\CodeIgniter.php(368): CodeIgniter\CodeIgniter->handleRequest(NULL, Object(Config\Cache), false)
#11 C:\xampp\htdocs\ParkingManagementSystem\index.php(67): CodeIgniter\CodeIgniter->run()
#12 {main}
CRITICAL - 2023-07-11 07:43:46 --> Column 'npm' cannot be null
in SYSTEMPATH\Database\MySQLi\Connection.php on line 295.
 1 SYSTEMPATH\Database\MySQLi\Connection.php(295): mysqli->query('INSERT INTO `log_aktivitas` (`npm`, `action`, `details`, `ip_address`) VALUES (NULL, \'logout\', \'User logged out\', \'118.99.106.200\')', 0)
 2 SYSTEMPATH\Database\BaseConnection.php(692): CodeIgniter\Database\MySQLi\Connection->execute('INSERT INTO `log_aktivitas` (`npm`, `action`, `details`, `ip_address`) VALUES (NULL, \'logout\', \'User logged out\', \'118.99.106.200\')')
 3 SYSTEMPATH\Database\BaseConnection.php(606): CodeIgniter\Database\BaseConnection->simpleQuery('INSERT INTO `log_aktivitas` (`npm`, `action`, `details`, `ip_address`) VALUES (NULL, \'logout\', \'User logged out\', \'118.99.106.200\')')
 4 SYSTEMPATH\Database\BaseBuilder.php(2309): CodeIgniter\Database\BaseConnection->query('INSERT INTO `log_aktivitas` (`npm`, `action`, `details`, `ip_address`) VALUES (:npm:, :action:, :details:, :ip_address:)', [...], false)
 5 SYSTEMPATH\Model.php(330): CodeIgniter\Database\BaseBuilder->insert()
 6 SYSTEMPATH\BaseModel.php(782): CodeIgniter\Model->doInsert([...])
 7 SYSTEMPATH\Model.php(730): CodeIgniter\BaseModel->insert([...], true)
 8 APPPATH\Controllers\Auth\Auth.php(84): CodeIgniter\Model->insert([...])
 9 SYSTEMPATH\CodeIgniter.php(934): App\Controllers\Auth\Auth->logout()
10 SYSTEMPATH\CodeIgniter.php(499): CodeIgniter\CodeIgniter->runController(Object(App\Controllers\Auth\Auth))
11 SYSTEMPATH\CodeIgniter.php(368): CodeIgniter\CodeIgniter->handleRequest(null, Object(Config\Cache), false)
12 FCPATH\index.php(67): CodeIgniter\CodeIgniter->run()
ERROR - 2023-07-11 07:43:56 --> mysqli_sql_exception: Column 'npm' cannot be null in C:\xampp\htdocs\bi_parking\system\Database\MySQLi\Connection.php:295
Stack trace:
#0 C:\xampp\htdocs\bi_parking\system\Database\MySQLi\Connection.php(295): mysqli->query('INSERT INTO `lo...', 0)
#1 C:\xampp\htdocs\bi_parking\system\Database\BaseConnection.php(692): CodeIgniter\Database\MySQLi\Connection->execute('INSERT INTO `lo...')
#2 C:\xampp\htdocs\bi_parking\system\Database\BaseConnection.php(606): CodeIgniter\Database\BaseConnection->simpleQuery('INSERT INTO `lo...')
#3 C:\xampp\htdocs\bi_parking\system\Database\BaseBuilder.php(2309): CodeIgniter\Database\BaseConnection->query('INSERT INTO `lo...', Array, false)
#4 C:\xampp\htdocs\bi_parking\system\Model.php(330): CodeIgniter\Database\BaseBuilder->insert()
#5 C:\xampp\htdocs\bi_parking\system\BaseModel.php(782): CodeIgniter\Model->doInsert(Array)
#6 C:\xampp\htdocs\bi_parking\system\Model.php(730): CodeIgniter\BaseModel->insert(Array, true)
#7 C:\xampp\htdocs\bi_parking\app\Controllers\Auth\Auth.php(84): CodeIgniter\Model->insert(Array)
#8 C:\xampp\htdocs\bi_parking\system\CodeIgniter.php(934): App\Controllers\Auth\Auth->logout()
#9 C:\xampp\htdocs\bi_parking\system\CodeIgniter.php(499): CodeIgniter\CodeIgniter->runController(Object(App\Controllers\Auth\Auth))
#10 C:\xampp\htdocs\bi_parking\system\CodeIgniter.php(368): CodeIgniter\CodeIgniter->handleRequest(NULL, Object(Config\Cache), false)
#11 C:\xampp\htdocs\ParkingManagementSystem\index.php(67): CodeIgniter\CodeIgniter->run()
#12 {main}
CRITICAL - 2023-07-11 07:43:56 --> Column 'npm' cannot be null
in SYSTEMPATH\Database\MySQLi\Connection.php on line 295.
 1 SYSTEMPATH\Database\MySQLi\Connection.php(295): mysqli->query('INSERT INTO `log_aktivitas` (`npm`, `action`, `details`, `ip_address`) VALUES (NULL, \'logout\', \'User logged out\', \'118.99.106.200\')', 0)
 2 SYSTEMPATH\Database\BaseConnection.php(692): CodeIgniter\Database\MySQLi\Connection->execute('INSERT INTO `log_aktivitas` (`npm`, `action`, `details`, `ip_address`) VALUES (NULL, \'logout\', \'User logged out\', \'118.99.106.200\')')
 3 SYSTEMPATH\Database\BaseConnection.php(606): CodeIgniter\Database\BaseConnection->simpleQuery('INSERT INTO `log_aktivitas` (`npm`, `action`, `details`, `ip_address`) VALUES (NULL, \'logout\', \'User logged out\', \'118.99.106.200\')')
 4 SYSTEMPATH\Database\BaseBuilder.php(2309): CodeIgniter\Database\BaseConnection->query('INSERT INTO `log_aktivitas` (`npm`, `action`, `details`, `ip_address`) VALUES (:npm:, :action:, :details:, :ip_address:)', [...], false)
 5 SYSTEMPATH\Model.php(330): CodeIgniter\Database\BaseBuilder->insert()
 6 SYSTEMPATH\BaseModel.php(782): CodeIgniter\Model->doInsert([...])
 7 SYSTEMPATH\Model.php(730): CodeIgniter\BaseModel->insert([...], true)
 8 APPPATH\Controllers\Auth\Auth.php(84): CodeIgniter\Model->insert([...])
 9 SYSTEMPATH\CodeIgniter.php(934): App\Controllers\Auth\Auth->logout()
10 SYSTEMPATH\CodeIgniter.php(499): CodeIgniter\CodeIgniter->runController(Object(App\Controllers\Auth\Auth))
11 SYSTEMPATH\CodeIgniter.php(368): CodeIgniter\CodeIgniter->handleRequest(null, Object(Config\Cache), false)
12 FCPATH\index.php(67): CodeIgniter\CodeIgniter->run()
ERROR - 2023-07-11 08:52:40 --> mysqli_sql_exception: Column 'npm' cannot be null in C:\xampp\htdocs\bi_parking\system\Database\MySQLi\Connection.php:295
Stack trace:
#0 C:\xampp\htdocs\bi_parking\system\Database\MySQLi\Connection.php(295): mysqli->query('INSERT INTO `lo...', 0)
#1 C:\xampp\htdocs\bi_parking\system\Database\BaseConnection.php(692): CodeIgniter\Database\MySQLi\Connection->execute('INSERT INTO `lo...')
#2 C:\xampp\htdocs\bi_parking\system\Database\BaseConnection.php(606): CodeIgniter\Database\BaseConnection->simpleQuery('INSERT INTO `lo...')
#3 C:\xampp\htdocs\bi_parking\system\Database\BaseBuilder.php(2309): CodeIgniter\Database\BaseConnection->query('INSERT INTO `lo...', Array, false)
#4 C:\xampp\htdocs\bi_parking\system\Model.php(330): CodeIgniter\Database\BaseBuilder->insert()
#5 C:\xampp\htdocs\bi_parking\system\BaseModel.php(782): CodeIgniter\Model->doInsert(Array)
#6 C:\xampp\htdocs\bi_parking\system\Model.php(730): CodeIgniter\BaseModel->insert(Array, true)
#7 C:\xampp\htdocs\bi_parking\app\Controllers\Auth\Auth.php(84): CodeIgniter\Model->insert(Array)
#8 C:\xampp\htdocs\bi_parking\system\CodeIgniter.php(934): App\Controllers\Auth\Auth->logout()
#9 C:\xampp\htdocs\bi_parking\system\CodeIgniter.php(499): CodeIgniter\CodeIgniter->runController(Object(App\Controllers\Auth\Auth))
#10 C:\xampp\htdocs\bi_parking\system\CodeIgniter.php(368): CodeIgniter\CodeIgniter->handleRequest(NULL, Object(Config\Cache), false)
#11 C:\xampp\htdocs\ParkingManagementSystem\index.php(67): CodeIgniter\CodeIgniter->run()
#12 {main}
CRITICAL - 2023-07-11 08:52:40 --> Column 'npm' cannot be null
in SYSTEMPATH\Database\MySQLi\Connection.php on line 295.
 1 SYSTEMPATH\Database\MySQLi\Connection.php(295): mysqli->query('INSERT INTO `log_aktivitas` (`npm`, `action`, `details`, `ip_address`) VALUES (NULL, \'logout\', \'User logged out\', \'120.188.67.155\')', 0)
 2 SYSTEMPATH\Database\BaseConnection.php(692): CodeIgniter\Database\MySQLi\Connection->execute('INSERT INTO `log_aktivitas` (`npm`, `action`, `details`, `ip_address`) VALUES (NULL, \'logout\', \'User logged out\', \'120.188.67.155\')')
 3 SYSTEMPATH\Database\BaseConnection.php(606): CodeIgniter\Database\BaseConnection->simpleQuery('INSERT INTO `log_aktivitas` (`npm`, `action`, `details`, `ip_address`) VALUES (NULL, \'logout\', \'User logged out\', \'120.188.67.155\')')
 4 SYSTEMPATH\Database\BaseBuilder.php(2309): CodeIgniter\Database\BaseConnection->query('INSERT INTO `log_aktivitas` (`npm`, `action`, `details`, `ip_address`) VALUES (:npm:, :action:, :details:, :ip_address:)', [...], false)
 5 SYSTEMPATH\Model.php(330): CodeIgniter\Database\BaseBuilder->insert()
 6 SYSTEMPATH\BaseModel.php(782): CodeIgniter\Model->doInsert([...])
 7 SYSTEMPATH\Model.php(730): CodeIgniter\BaseModel->insert([...], true)
 8 APPPATH\Controllers\Auth\Auth.php(84): CodeIgniter\Model->insert([...])
 9 SYSTEMPATH\CodeIgniter.php(934): App\Controllers\Auth\Auth->logout()
10 SYSTEMPATH\CodeIgniter.php(499): CodeIgniter\CodeIgniter->runController(Object(App\Controllers\Auth\Auth))
11 SYSTEMPATH\CodeIgniter.php(368): CodeIgniter\CodeIgniter->handleRequest(null, Object(Config\Cache), false)
12 FCPATH\index.php(67): CodeIgniter\CodeIgniter->run()
ERROR - 2023-07-11 08:52:44 --> mysqli_sql_exception: Column 'npm' cannot be null in C:\xampp\htdocs\bi_parking\system\Database\MySQLi\Connection.php:295
Stack trace:
#0 C:\xampp\htdocs\bi_parking\system\Database\MySQLi\Connection.php(295): mysqli->query('INSERT INTO `lo...', 0)
#1 C:\xampp\htdocs\bi_parking\system\Database\BaseConnection.php(692): CodeIgniter\Database\MySQLi\Connection->execute('INSERT INTO `lo...')
#2 C:\xampp\htdocs\bi_parking\system\Database\BaseConnection.php(606): CodeIgniter\Database\BaseConnection->simpleQuery('INSERT INTO `lo...')
#3 C:\xampp\htdocs\bi_parking\system\Database\BaseBuilder.php(2309): CodeIgniter\Database\BaseConnection->query('INSERT INTO `lo...', Array, false)
#4 C:\xampp\htdocs\bi_parking\system\Model.php(330): CodeIgniter\Database\BaseBuilder->insert()
#5 C:\xampp\htdocs\bi_parking\system\BaseModel.php(782): CodeIgniter\Model->doInsert(Array)
#6 C:\xampp\htdocs\bi_parking\system\Model.php(730): CodeIgniter\BaseModel->insert(Array, true)
#7 C:\xampp\htdocs\bi_parking\app\Controllers\Auth\Auth.php(84): CodeIgniter\Model->insert(Array)
#8 C:\xampp\htdocs\bi_parking\system\CodeIgniter.php(934): App\Controllers\Auth\Auth->logout()
#9 C:\xampp\htdocs\bi_parking\system\CodeIgniter.php(499): CodeIgniter\CodeIgniter->runController(Object(App\Controllers\Auth\Auth))
#10 C:\xampp\htdocs\bi_parking\system\CodeIgniter.php(368): CodeIgniter\CodeIgniter->handleRequest(NULL, Object(Config\Cache), false)
#11 C:\xampp\htdocs\ParkingManagementSystem\index.php(67): CodeIgniter\CodeIgniter->run()
#12 {main}
CRITICAL - 2023-07-11 08:52:44 --> Column 'npm' cannot be null
in SYSTEMPATH\Database\MySQLi\Connection.php on line 295.
 1 SYSTEMPATH\Database\MySQLi\Connection.php(295): mysqli->query('INSERT INTO `log_aktivitas` (`npm`, `action`, `details`, `ip_address`) VALUES (NULL, \'logout\', \'User logged out\', \'120.188.67.155\')', 0)
 2 SYSTEMPATH\Database\BaseConnection.php(692): CodeIgniter\Database\MySQLi\Connection->execute('INSERT INTO `log_aktivitas` (`npm`, `action`, `details`, `ip_address`) VALUES (NULL, \'logout\', \'User logged out\', \'120.188.67.155\')')
 3 SYSTEMPATH\Database\BaseConnection.php(606): CodeIgniter\Database\BaseConnection->simpleQuery('INSERT INTO `log_aktivitas` (`npm`, `action`, `details`, `ip_address`) VALUES (NULL, \'logout\', \'User logged out\', \'120.188.67.155\')')
 4 SYSTEMPATH\Database\BaseBuilder.php(2309): CodeIgniter\Database\BaseConnection->query('INSERT INTO `log_aktivitas` (`npm`, `action`, `details`, `ip_address`) VALUES (:npm:, :action:, :details:, :ip_address:)', [...], false)
 5 SYSTEMPATH\Model.php(330): CodeIgniter\Database\BaseBuilder->insert()
 6 SYSTEMPATH\BaseModel.php(782): CodeIgniter\Model->doInsert([...])
 7 SYSTEMPATH\Model.php(730): CodeIgniter\BaseModel->insert([...], true)
 8 APPPATH\Controllers\Auth\Auth.php(84): CodeIgniter\Model->insert([...])
 9 SYSTEMPATH\CodeIgniter.php(934): App\Controllers\Auth\Auth->logout()
10 SYSTEMPATH\CodeIgniter.php(499): CodeIgniter\CodeIgniter->runController(Object(App\Controllers\Auth\Auth))
11 SYSTEMPATH\CodeIgniter.php(368): CodeIgniter\CodeIgniter->handleRequest(null, Object(Config\Cache), false)
12 FCPATH\index.php(67): CodeIgniter\CodeIgniter->run()
ERROR - 2023-07-11 08:52:47 --> mysqli_sql_exception: Column 'npm' cannot be null in C:\xampp\htdocs\bi_parking\system\Database\MySQLi\Connection.php:295
Stack trace:
#0 C:\xampp\htdocs\bi_parking\system\Database\MySQLi\Connection.php(295): mysqli->query('INSERT INTO `lo...', 0)
#1 C:\xampp\htdocs\bi_parking\system\Database\BaseConnection.php(692): CodeIgniter\Database\MySQLi\Connection->execute('INSERT INTO `lo...')
#2 C:\xampp\htdocs\bi_parking\system\Database\BaseConnection.php(606): CodeIgniter\Database\BaseConnection->simpleQuery('INSERT INTO `lo...')
#3 C:\xampp\htdocs\bi_parking\system\Database\BaseBuilder.php(2309): CodeIgniter\Database\BaseConnection->query('INSERT INTO `lo...', Array, false)
#4 C:\xampp\htdocs\bi_parking\system\Model.php(330): CodeIgniter\Database\BaseBuilder->insert()
#5 C:\xampp\htdocs\bi_parking\system\BaseModel.php(782): CodeIgniter\Model->doInsert(Array)
#6 C:\xampp\htdocs\bi_parking\system\Model.php(730): CodeIgniter\BaseModel->insert(Array, true)
#7 C:\xampp\htdocs\bi_parking\app\Controllers\Auth\Auth.php(84): CodeIgniter\Model->insert(Array)
#8 C:\xampp\htdocs\bi_parking\system\CodeIgniter.php(934): App\Controllers\Auth\Auth->logout()
#9 C:\xampp\htdocs\bi_parking\system\CodeIgniter.php(499): CodeIgniter\CodeIgniter->runController(Object(App\Controllers\Auth\Auth))
#10 C:\xampp\htdocs\bi_parking\system\CodeIgniter.php(368): CodeIgniter\CodeIgniter->handleRequest(NULL, Object(Config\Cache), false)
#11 C:\xampp\htdocs\ParkingManagementSystem\index.php(67): CodeIgniter\CodeIgniter->run()
#12 {main}
CRITICAL - 2023-07-11 08:52:47 --> Column 'npm' cannot be null
in SYSTEMPATH\Database\MySQLi\Connection.php on line 295.
 1 SYSTEMPATH\Database\MySQLi\Connection.php(295): mysqli->query('INSERT INTO `log_aktivitas` (`npm`, `action`, `details`, `ip_address`) VALUES (NULL, \'logout\', \'User logged out\', \'120.188.67.155\')', 0)
 2 SYSTEMPATH\Database\BaseConnection.php(692): CodeIgniter\Database\MySQLi\Connection->execute('INSERT INTO `log_aktivitas` (`npm`, `action`, `details`, `ip_address`) VALUES (NULL, \'logout\', \'User logged out\', \'120.188.67.155\')')
 3 SYSTEMPATH\Database\BaseConnection.php(606): CodeIgniter\Database\BaseConnection->simpleQuery('INSERT INTO `log_aktivitas` (`npm`, `action`, `details`, `ip_address`) VALUES (NULL, \'logout\', \'User logged out\', \'120.188.67.155\')')
 4 SYSTEMPATH\Database\BaseBuilder.php(2309): CodeIgniter\Database\BaseConnection->query('INSERT INTO `log_aktivitas` (`npm`, `action`, `details`, `ip_address`) VALUES (:npm:, :action:, :details:, :ip_address:)', [...], false)
 5 SYSTEMPATH\Model.php(330): CodeIgniter\Database\BaseBuilder->insert()
 6 SYSTEMPATH\BaseModel.php(782): CodeIgniter\Model->doInsert([...])
 7 SYSTEMPATH\Model.php(730): CodeIgniter\BaseModel->insert([...], true)
 8 APPPATH\Controllers\Auth\Auth.php(84): CodeIgniter\Model->insert([...])
 9 SYSTEMPATH\CodeIgniter.php(934): App\Controllers\Auth\Auth->logout()
10 SYSTEMPATH\CodeIgniter.php(499): CodeIgniter\CodeIgniter->runController(Object(App\Controllers\Auth\Auth))
11 SYSTEMPATH\CodeIgniter.php(368): CodeIgniter\CodeIgniter->handleRequest(null, Object(Config\Cache), false)
12 FCPATH\index.php(67): CodeIgniter\CodeIgniter->run()
ERROR - 2023-07-11 08:52:49 --> mysqli_sql_exception: Column 'npm' cannot be null in C:\xampp\htdocs\bi_parking\system\Database\MySQLi\Connection.php:295
Stack trace:
#0 C:\xampp\htdocs\bi_parking\system\Database\MySQLi\Connection.php(295): mysqli->query('INSERT INTO `lo...', 0)
#1 C:\xampp\htdocs\bi_parking\system\Database\BaseConnection.php(692): CodeIgniter\Database\MySQLi\Connection->execute('INSERT INTO `lo...')
#2 C:\xampp\htdocs\bi_parking\system\Database\BaseConnection.php(606): CodeIgniter\Database\BaseConnection->simpleQuery('INSERT INTO `lo...')
#3 C:\xampp\htdocs\bi_parking\system\Database\BaseBuilder.php(2309): CodeIgniter\Database\BaseConnection->query('INSERT INTO `lo...', Array, false)
#4 C:\xampp\htdocs\bi_parking\system\Model.php(330): CodeIgniter\Database\BaseBuilder->insert()
#5 C:\xampp\htdocs\bi_parking\system\BaseModel.php(782): CodeIgniter\Model->doInsert(Array)
#6 C:\xampp\htdocs\bi_parking\system\Model.php(730): CodeIgniter\BaseModel->insert(Array, true)
#7 C:\xampp\htdocs\bi_parking\app\Controllers\Auth\Auth.php(84): CodeIgniter\Model->insert(Array)
#8 C:\xampp\htdocs\bi_parking\system\CodeIgniter.php(934): App\Controllers\Auth\Auth->logout()
#9 C:\xampp\htdocs\bi_parking\system\CodeIgniter.php(499): CodeIgniter\CodeIgniter->runController(Object(App\Controllers\Auth\Auth))
#10 C:\xampp\htdocs\bi_parking\system\CodeIgniter.php(368): CodeIgniter\CodeIgniter->handleRequest(NULL, Object(Config\Cache), false)
#11 C:\xampp\htdocs\ParkingManagementSystem\index.php(67): CodeIgniter\CodeIgniter->run()
#12 {main}
CRITICAL - 2023-07-11 08:52:49 --> Column 'npm' cannot be null
in SYSTEMPATH\Database\MySQLi\Connection.php on line 295.
 1 SYSTEMPATH\Database\MySQLi\Connection.php(295): mysqli->query('INSERT INTO `log_aktivitas` (`npm`, `action`, `details`, `ip_address`) VALUES (NULL, \'logout\', \'User logged out\', \'120.188.67.155\')', 0)
 2 SYSTEMPATH\Database\BaseConnection.php(692): CodeIgniter\Database\MySQLi\Connection->execute('INSERT INTO `log_aktivitas` (`npm`, `action`, `details`, `ip_address`) VALUES (NULL, \'logout\', \'User logged out\', \'120.188.67.155\')')
 3 SYSTEMPATH\Database\BaseConnection.php(606): CodeIgniter\Database\BaseConnection->simpleQuery('INSERT INTO `log_aktivitas` (`npm`, `action`, `details`, `ip_address`) VALUES (NULL, \'logout\', \'User logged out\', \'120.188.67.155\')')
 4 SYSTEMPATH\Database\BaseBuilder.php(2309): CodeIgniter\Database\BaseConnection->query('INSERT INTO `log_aktivitas` (`npm`, `action`, `details`, `ip_address`) VALUES (:npm:, :action:, :details:, :ip_address:)', [...], false)
 5 SYSTEMPATH\Model.php(330): CodeIgniter\Database\BaseBuilder->insert()
 6 SYSTEMPATH\BaseModel.php(782): CodeIgniter\Model->doInsert([...])
 7 SYSTEMPATH\Model.php(730): CodeIgniter\BaseModel->insert([...], true)
 8 APPPATH\Controllers\Auth\Auth.php(84): CodeIgniter\Model->insert([...])
 9 SYSTEMPATH\CodeIgniter.php(934): App\Controllers\Auth\Auth->logout()
10 SYSTEMPATH\CodeIgniter.php(499): CodeIgniter\CodeIgniter->runController(Object(App\Controllers\Auth\Auth))
11 SYSTEMPATH\CodeIgniter.php(368): CodeIgniter\CodeIgniter->handleRequest(null, Object(Config\Cache), false)
12 FCPATH\index.php(67): CodeIgniter\CodeIgniter->run()
ERROR - 2023-07-11 08:52:51 --> mysqli_sql_exception: Column 'npm' cannot be null in C:\xampp\htdocs\bi_parking\system\Database\MySQLi\Connection.php:295
Stack trace:
#0 C:\xampp\htdocs\bi_parking\system\Database\MySQLi\Connection.php(295): mysqli->query('INSERT INTO `lo...', 0)
#1 C:\xampp\htdocs\bi_parking\system\Database\BaseConnection.php(692): CodeIgniter\Database\MySQLi\Connection->execute('INSERT INTO `lo...')
#2 C:\xampp\htdocs\bi_parking\system\Database\BaseConnection.php(606): CodeIgniter\Database\BaseConnection->simpleQuery('INSERT INTO `lo...')
#3 C:\xampp\htdocs\bi_parking\system\Database\BaseBuilder.php(2309): CodeIgniter\Database\BaseConnection->query('INSERT INTO `lo...', Array, false)
#4 C:\xampp\htdocs\bi_parking\system\Model.php(330): CodeIgniter\Database\BaseBuilder->insert()
#5 C:\xampp\htdocs\bi_parking\system\BaseModel.php(782): CodeIgniter\Model->doInsert(Array)
#6 C:\xampp\htdocs\bi_parking\system\Model.php(730): CodeIgniter\BaseModel->insert(Array, true)
#7 C:\xampp\htdocs\bi_parking\app\Controllers\Auth\Auth.php(84): CodeIgniter\Model->insert(Array)
#8 C:\xampp\htdocs\bi_parking\system\CodeIgniter.php(934): App\Controllers\Auth\Auth->logout()
#9 C:\xampp\htdocs\bi_parking\system\CodeIgniter.php(499): CodeIgniter\CodeIgniter->runController(Object(App\Controllers\Auth\Auth))
#10 C:\xampp\htdocs\bi_parking\system\CodeIgniter.php(368): CodeIgniter\CodeIgniter->handleRequest(NULL, Object(Config\Cache), false)
#11 C:\xampp\htdocs\ParkingManagementSystem\index.php(67): CodeIgniter\CodeIgniter->run()
#12 {main}
CRITICAL - 2023-07-11 08:52:51 --> Column 'npm' cannot be null
in SYSTEMPATH\Database\MySQLi\Connection.php on line 295.
 1 SYSTEMPATH\Database\MySQLi\Connection.php(295): mysqli->query('INSERT INTO `log_aktivitas` (`npm`, `action`, `details`, `ip_address`) VALUES (NULL, \'logout\', \'User logged out\', \'120.188.67.155\')', 0)
 2 SYSTEMPATH\Database\BaseConnection.php(692): CodeIgniter\Database\MySQLi\Connection->execute('INSERT INTO `log_aktivitas` (`npm`, `action`, `details`, `ip_address`) VALUES (NULL, \'logout\', \'User logged out\', \'120.188.67.155\')')
 3 SYSTEMPATH\Database\BaseConnection.php(606): CodeIgniter\Database\BaseConnection->simpleQuery('INSERT INTO `log_aktivitas` (`npm`, `action`, `details`, `ip_address`) VALUES (NULL, \'logout\', \'User logged out\', \'120.188.67.155\')')
 4 SYSTEMPATH\Database\BaseBuilder.php(2309): CodeIgniter\Database\BaseConnection->query('INSERT INTO `log_aktivitas` (`npm`, `action`, `details`, `ip_address`) VALUES (:npm:, :action:, :details:, :ip_address:)', [...], false)
 5 SYSTEMPATH\Model.php(330): CodeIgniter\Database\BaseBuilder->insert()
 6 SYSTEMPATH\BaseModel.php(782): CodeIgniter\Model->doInsert([...])
 7 SYSTEMPATH\Model.php(730): CodeIgniter\BaseModel->insert([...], true)
 8 APPPATH\Controllers\Auth\Auth.php(84): CodeIgniter\Model->insert([...])
 9 SYSTEMPATH\CodeIgniter.php(934): App\Controllers\Auth\Auth->logout()
10 SYSTEMPATH\CodeIgniter.php(499): CodeIgniter\CodeIgniter->runController(Object(App\Controllers\Auth\Auth))
11 SYSTEMPATH\CodeIgniter.php(368): CodeIgniter\CodeIgniter->handleRequest(null, Object(Config\Cache), false)
12 FCPATH\index.php(67): CodeIgniter\CodeIgniter->run()
ERROR - 2023-07-11 08:54:08 --> mysqli_sql_exception: Column 'npm' cannot be null in C:\xampp\htdocs\bi_parking\system\Database\MySQLi\Connection.php:295
Stack trace:
#0 C:\xampp\htdocs\bi_parking\system\Database\MySQLi\Connection.php(295): mysqli->query('INSERT INTO `lo...', 0)
#1 C:\xampp\htdocs\bi_parking\system\Database\BaseConnection.php(692): CodeIgniter\Database\MySQLi\Connection->execute('INSERT INTO `lo...')
#2 C:\xampp\htdocs\bi_parking\system\Database\BaseConnection.php(606): CodeIgniter\Database\BaseConnection->simpleQuery('INSERT INTO `lo...')
#3 C:\xampp\htdocs\bi_parking\system\Database\BaseBuilder.php(2309): CodeIgniter\Database\BaseConnection->query('INSERT INTO `lo...', Array, false)
#4 C:\xampp\htdocs\bi_parking\system\Model.php(330): CodeIgniter\Database\BaseBuilder->insert()
#5 C:\xampp\htdocs\bi_parking\system\BaseModel.php(782): CodeIgniter\Model->doInsert(Array)
#6 C:\xampp\htdocs\bi_parking\system\Model.php(730): CodeIgniter\BaseModel->insert(Array, true)
#7 C:\xampp\htdocs\bi_parking\app\Controllers\Auth\Auth.php(84): CodeIgniter\Model->insert(Array)
#8 C:\xampp\htdocs\bi_parking\system\CodeIgniter.php(934): App\Controllers\Auth\Auth->logout()
#9 C:\xampp\htdocs\bi_parking\system\CodeIgniter.php(499): CodeIgniter\CodeIgniter->runController(Object(App\Controllers\Auth\Auth))
#10 C:\xampp\htdocs\bi_parking\system\CodeIgniter.php(368): CodeIgniter\CodeIgniter->handleRequest(NULL, Object(Config\Cache), false)
#11 C:\xampp\htdocs\ParkingManagementSystem\index.php(67): CodeIgniter\CodeIgniter->run()
#12 {main}
CRITICAL - 2023-07-11 08:54:08 --> Column 'npm' cannot be null
in SYSTEMPATH\Database\MySQLi\Connection.php on line 295.
 1 SYSTEMPATH\Database\MySQLi\Connection.php(295): mysqli->query('INSERT INTO `log_aktivitas` (`npm`, `action`, `details`, `ip_address`) VALUES (NULL, \'logout\', \'User logged out\', \'120.188.67.155\')', 0)
 2 SYSTEMPATH\Database\BaseConnection.php(692): CodeIgniter\Database\MySQLi\Connection->execute('INSERT INTO `log_aktivitas` (`npm`, `action`, `details`, `ip_address`) VALUES (NULL, \'logout\', \'User logged out\', \'120.188.67.155\')')
 3 SYSTEMPATH\Database\BaseConnection.php(606): CodeIgniter\Database\BaseConnection->simpleQuery('INSERT INTO `log_aktivitas` (`npm`, `action`, `details`, `ip_address`) VALUES (NULL, \'logout\', \'User logged out\', \'120.188.67.155\')')
 4 SYSTEMPATH\Database\BaseBuilder.php(2309): CodeIgniter\Database\BaseConnection->query('INSERT INTO `log_aktivitas` (`npm`, `action`, `details`, `ip_address`) VALUES (:npm:, :action:, :details:, :ip_address:)', [...], false)
 5 SYSTEMPATH\Model.php(330): CodeIgniter\Database\BaseBuilder->insert()
 6 SYSTEMPATH\BaseModel.php(782): CodeIgniter\Model->doInsert([...])
 7 SYSTEMPATH\Model.php(730): CodeIgniter\BaseModel->insert([...], true)
 8 APPPATH\Controllers\Auth\Auth.php(84): CodeIgniter\Model->insert([...])
 9 SYSTEMPATH\CodeIgniter.php(934): App\Controllers\Auth\Auth->logout()
10 SYSTEMPATH\CodeIgniter.php(499): CodeIgniter\CodeIgniter->runController(Object(App\Controllers\Auth\Auth))
11 SYSTEMPATH\CodeIgniter.php(368): CodeIgniter\CodeIgniter->handleRequest(null, Object(Config\Cache), false)
12 FCPATH\index.php(67): CodeIgniter\CodeIgniter->run()
ERROR - 2023-07-11 14:44:12 --> Error connecting to the database: mysqli_sql_exception: Access denied for user 'root'@'localhost' (using password: NO) in C:\xampp\htdocs\bi_parking\system\Database\MySQLi\Connection.php:174
Stack trace:
#0 C:\xampp\htdocs\bi_parking\system\Database\MySQLi\Connection.php(174): mysqli->real_connect('localhost', 'root', '', 'db_mps', 3306, '', 0)
#1 C:\xampp\htdocs\bi_parking\system\Database\BaseConnection.php(391): CodeIgniter\Database\MySQLi\Connection->connect(false)
#2 C:\xampp\htdocs\bi_parking\system\Database\BaseConnection.php(574): CodeIgniter\Database\BaseConnection->initialize()
#3 C:\xampp\htdocs\bi_parking\system\Database\BaseBuilder.php(1700): CodeIgniter\Database\BaseConnection->query('SELECT COUNT(*)...', Array, false)
#4 C:\xampp\htdocs\bi_parking\system\Model.php(606): CodeIgniter\Database\BaseBuilder->countAllResults(true)
#5 C:\xampp\htdocs\bi_parking\app\Controllers\Admin\Dashboard.php(15): CodeIgniter\Model->countAllResults()
#6 C:\xampp\htdocs\bi_parking\system\CodeIgniter.php(934): App\Controllers\Admin\Dashboard->index()
#7 C:\xampp\htdocs\bi_parking\system\CodeIgniter.php(499): CodeIgniter\CodeIgniter->runController(Object(App\Controllers\Admin\Dashboard))
#8 C:\xampp\htdocs\bi_parking\system\CodeIgniter.php(368): CodeIgniter\CodeIgniter->handleRequest(NULL, Object(Config\Cache), false)
#9 C:\xampp\htdocs\ParkingManagementSystem\index.php(67): CodeIgniter\CodeIgniter->run()
#10 {main}

Next CodeIgniter\Database\Exceptions\DatabaseException: Access denied for user '****'@'localhost' (using password: NO) in C:\xampp\htdocs\bi_parking\system\Database\MySQLi\Connection.php:218
Stack trace:
#0 C:\xampp\htdocs\bi_parking\system\Database\BaseConnection.php(391): CodeIgniter\Database\MySQLi\Connection->connect(false)
#1 C:\xampp\htdocs\bi_parking\system\Database\BaseConnection.php(574): CodeIgniter\Database\BaseConnection->initialize()
#2 C:\xampp\htdocs\bi_parking\system\Database\BaseBuilder.php(1700): CodeIgniter\Database\BaseConnection->query('SELECT COUNT(*)...', Array, false)
#3 C:\xampp\htdocs\bi_parking\system\Model.php(606): CodeIgniter\Database\BaseBuilder->countAllResults(true)
#4 C:\xampp\htdocs\bi_parking\app\Controllers\Admin\Dashboard.php(15): CodeIgniter\Model->countAllResults()
#5 C:\xampp\htdocs\bi_parking\system\CodeIgniter.php(934): App\Controllers\Admin\Dashboard->index()
#6 C:\xampp\htdocs\bi_parking\system\CodeIgniter.php(499): CodeIgniter\CodeIgniter->runController(Object(App\Controllers\Admin\Dashboard))
#7 C:\xampp\htdocs\bi_parking\system\CodeIgniter.php(368): CodeIgniter\CodeIgniter->handleRequest(NULL, Object(Config\Cache), false)
#8 C:\xampp\htdocs\ParkingManagementSystem\index.php(67): CodeIgniter\CodeIgniter->run()
#9 {main}
CRITICAL - 2023-07-11 14:44:12 --> Unable to connect to the database.
Main connection [MySQLi]: Access denied for user '****'@'localhost' (using password: NO)
in SYSTEMPATH\Database\BaseConnection.php on line 427.
 1 SYSTEMPATH\Database\BaseConnection.php(574): CodeIgniter\Database\BaseConnection->initialize()
 2 SYSTEMPATH\Database\BaseBuilder.php(1700): CodeIgniter\Database\BaseConnection->query('SELECT COUNT(*) AS `numrows`
FROM `transaksi`', [], false)
 3 SYSTEMPATH\Model.php(606): CodeIgniter\Database\BaseBuilder->countAllResults(true)
 4 APPPATH\Controllers\Admin\Dashboard.php(15): CodeIgniter\Model->countAllResults()
 5 SYSTEMPATH\CodeIgniter.php(934): App\Controllers\Admin\Dashboard->index()
 6 SYSTEMPATH\CodeIgniter.php(499): CodeIgniter\CodeIgniter->runController(Object(App\Controllers\Admin\Dashboard))
 7 SYSTEMPATH\CodeIgniter.php(368): CodeIgniter\CodeIgniter->handleRequest(null, Object(Config\Cache), false)
 8 FCPATH\index.php(67): CodeIgniter\CodeIgniter->run()
CRITICAL - 2023-07-11 14:59:07 --> syntax error, unexpected ''monthlyData'' (T_CONSTANT_ENCAPSED_STRING), expecting ']'
in APPPATH\Controllers\Keuangan\Dashboard.php on line 63.
 1 SYSTEMPATH\Autoloader\Autoloader.php(289): CodeIgniter\Autoloader\Autoloader->includeFile('C:\\xampp\\htdocs\\bi_parking\\app\\Controllers\\Keuangan\\Dashboard.php')
 2 SYSTEMPATH\Autoloader\Autoloader.php(267): CodeIgniter\Autoloader\Autoloader->loadInNamespace('App\\Controllers\\Keuangan\\Dashboard')
 3 [internal function]: CodeIgniter\Autoloader\Autoloader->loadClass('App\\Controllers\\Keuangan\\Dashboard')
 4 [internal function]: spl_autoload_call('App\\Controllers\\Keuangan\\Dashboard')
 5 SYSTEMPATH\CodeIgniter.php(892): class_exists('\\App\\Controllers\\Keuangan\\Dashboard', true)
 6 SYSTEMPATH\CodeIgniter.php(486): CodeIgniter\CodeIgniter->startController()
 7 SYSTEMPATH\CodeIgniter.php(368): CodeIgniter\CodeIgniter->handleRequest(null, Object(Config\Cache), false)
 8 FCPATH\index.php(67): CodeIgniter\CodeIgniter->run()
CRITICAL - 2023-07-11 14:59:09 --> syntax error, unexpected ''monthlyData'' (T_CONSTANT_ENCAPSED_STRING), expecting ']'
in APPPATH\Controllers\Keuangan\Dashboard.php on line 63.
 1 SYSTEMPATH\Autoloader\Autoloader.php(289): CodeIgniter\Autoloader\Autoloader->includeFile('C:\\xampp\\htdocs\\bi_parking\\app\\Controllers\\Keuangan\\Dashboard.php')
 2 SYSTEMPATH\Autoloader\Autoloader.php(267): CodeIgniter\Autoloader\Autoloader->loadInNamespace('App\\Controllers\\Keuangan\\Dashboard')
 3 [internal function]: CodeIgniter\Autoloader\Autoloader->loadClass('App\\Controllers\\Keuangan\\Dashboard')
 4 [internal function]: spl_autoload_call('App\\Controllers\\Keuangan\\Dashboard')
 5 SYSTEMPATH\CodeIgniter.php(892): class_exists('\\App\\Controllers\\Keuangan\\Dashboard', true)
 6 SYSTEMPATH\CodeIgniter.php(486): CodeIgniter\CodeIgniter->startController()
 7 SYSTEMPATH\CodeIgniter.php(368): CodeIgniter\CodeIgniter->handleRequest(null, Object(Config\Cache), false)
 8 FCPATH\index.php(67): CodeIgniter\CodeIgniter->run()
CRITICAL - 2023-07-11 15:25:40 --> Invalid file: "r_/sidebar/index.php"
in SYSTEMPATH\Exceptions\FrameworkException.php on line 33.
 1 SYSTEMPATH\View\View.php(201): CodeIgniter\Exceptions\FrameworkException::forInvalidFile('r_/sidebar/index.php')
 2 SYSTEMPATH\View\View.php(431): CodeIgniter\View\View->render('r_/sidebar/index', null, true)
 3 APPPATH\Views\template\index.php(37): CodeIgniter\View\View->include('r_/sidebar/index')
 4 SYSTEMPATH\View\View.php(213): include('C:\\xampp\\htdocs\\bi_parking\\app\\Views\\template\\index.php')
 5 SYSTEMPATH\View\View.php(216): CodeIgniter\View\View->CodeIgniter\View\{closure}()
 6 SYSTEMPATH\View\View.php(229): CodeIgniter\View\View->render('template/index', [], true)
 7 SYSTEMPATH\Common.php(1184): CodeIgniter\View\View->render('r_admin/userUpdate', [], true)
 8 APPPATH\Controllers\Admin\User.php(177): view('r_admin/userUpdate', [...])
 9 SYSTEMPATH\CodeIgniter.php(934): App\Controllers\Admin\User->userUpdate('2016310041')
10 SYSTEMPATH\CodeIgniter.php(499): CodeIgniter\CodeIgniter->runController(Object(App\Controllers\Admin\User))
11 SYSTEMPATH\CodeIgniter.php(368): CodeIgniter\CodeIgniter->handleRequest(null, Object(Config\Cache), false)
12 FCPATH\index.php(67): CodeIgniter\CodeIgniter->run()
CRITICAL - 2023-07-11 15:26:50 --> Invalid file: "r_/sidebar/index.php"
in SYSTEMPATH\Exceptions\FrameworkException.php on line 33.
 1 SYSTEMPATH\View\View.php(201): CodeIgniter\Exceptions\FrameworkException::forInvalidFile('r_/sidebar/index.php')
 2 SYSTEMPATH\View\View.php(431): CodeIgniter\View\View->render('r_/sidebar/index', null, true)
 3 APPPATH\Views\template\index.php(37): CodeIgniter\View\View->include('r_/sidebar/index')
 4 SYSTEMPATH\View\View.php(213): include('C:\\xampp\\htdocs\\bi_parking\\app\\Views\\template\\index.php')
 5 SYSTEMPATH\View\View.php(216): CodeIgniter\View\View->CodeIgniter\View\{closure}()
 6 SYSTEMPATH\View\View.php(229): CodeIgniter\View\View->render('template/index', [], true)
 7 SYSTEMPATH\Common.php(1184): CodeIgniter\View\View->render('r_admin/userUpdate', [], true)
 8 APPPATH\Controllers\Admin\User.php(179): view('r_admin/userUpdate', [...])
 9 SYSTEMPATH\CodeIgniter.php(934): App\Controllers\Admin\User->userUpdate('2016310041')
10 SYSTEMPATH\CodeIgniter.php(499): CodeIgniter\CodeIgniter->runController(Object(App\Controllers\Admin\User))
11 SYSTEMPATH\CodeIgniter.php(368): CodeIgniter\CodeIgniter->handleRequest(null, Object(Config\Cache), false)
12 FCPATH\index.php(67): CodeIgniter\CodeIgniter->run()
CRITICAL - 2023-07-11 15:26:52 --> Invalid file: "r_/sidebar/index.php"
in SYSTEMPATH\Exceptions\FrameworkException.php on line 33.
 1 SYSTEMPATH\View\View.php(201): CodeIgniter\Exceptions\FrameworkException::forInvalidFile('r_/sidebar/index.php')
 2 SYSTEMPATH\View\View.php(431): CodeIgniter\View\View->render('r_/sidebar/index', null, true)
 3 APPPATH\Views\template\index.php(37): CodeIgniter\View\View->include('r_/sidebar/index')
 4 SYSTEMPATH\View\View.php(213): include('C:\\xampp\\htdocs\\bi_parking\\app\\Views\\template\\index.php')
 5 SYSTEMPATH\View\View.php(216): CodeIgniter\View\View->CodeIgniter\View\{closure}()
 6 SYSTEMPATH\View\View.php(229): CodeIgniter\View\View->render('template/index', [], true)
 7 SYSTEMPATH\Common.php(1184): CodeIgniter\View\View->render('r_admin/userUpdate', [], true)
 8 APPPATH\Controllers\Admin\User.php(179): view('r_admin/userUpdate', [...])
 9 SYSTEMPATH\CodeIgniter.php(934): App\Controllers\Admin\User->userUpdate('2016310041')
10 SYSTEMPATH\CodeIgniter.php(499): CodeIgniter\CodeIgniter->runController(Object(App\Controllers\Admin\User))
11 SYSTEMPATH\CodeIgniter.php(368): CodeIgniter\CodeIgniter->handleRequest(null, Object(Config\Cache), false)
12 FCPATH\index.php(67): CodeIgniter\CodeIgniter->run()
ERROR - 2023-07-11 16:18:17 --> mysqli_sql_exception: Column 'npm' cannot be null in C:\xampp\htdocs\bi_parking\system\Database\MySQLi\Connection.php:295
Stack trace:
#0 C:\xampp\htdocs\bi_parking\system\Database\MySQLi\Connection.php(295): mysqli->query('INSERT INTO `lo...', 0)
#1 C:\xampp\htdocs\bi_parking\system\Database\BaseConnection.php(692): CodeIgniter\Database\MySQLi\Connection->execute('INSERT INTO `lo...')
#2 C:\xampp\htdocs\bi_parking\system\Database\BaseConnection.php(606): CodeIgniter\Database\BaseConnection->simpleQuery('INSERT INTO `lo...')
#3 C:\xampp\htdocs\bi_parking\system\Database\BaseBuilder.php(2309): CodeIgniter\Database\BaseConnection->query('INSERT INTO `lo...', Array, false)
#4 C:\xampp\htdocs\bi_parking\system\Model.php(330): CodeIgniter\Database\BaseBuilder->insert()
#5 C:\xampp\htdocs\bi_parking\system\BaseModel.php(782): CodeIgniter\Model->doInsert(Array)
#6 C:\xampp\htdocs\bi_parking\system\Model.php(730): CodeIgniter\BaseModel->insert(Array, true)
#7 C:\xampp\htdocs\bi_parking\app\Controllers\Auth\Auth.php(84): CodeIgniter\Model->insert(Array)
#8 C:\xampp\htdocs\bi_parking\system\CodeIgniter.php(934): App\Controllers\Auth\Auth->logout()
#9 C:\xampp\htdocs\bi_parking\system\CodeIgniter.php(499): CodeIgniter\CodeIgniter->runController(Object(App\Controllers\Auth\Auth))
#10 C:\xampp\htdocs\bi_parking\system\CodeIgniter.php(368): CodeIgniter\CodeIgniter->handleRequest(NULL, Object(Config\Cache), false)
#11 C:\xampp\htdocs\ParkingManagementSystem\index.php(67): CodeIgniter\CodeIgniter->run()
#12 {main}
CRITICAL - 2023-07-11 16:18:17 --> Column 'npm' cannot be null
in SYSTEMPATH\Database\MySQLi\Connection.php on line 295.
 1 SYSTEMPATH\Database\MySQLi\Connection.php(295): mysqli->query('INSERT INTO `log_aktivitas` (`npm`, `action`, `details`, `ip_address`) VALUES (NULL, \'logout\', \'User logged out\', \'120.188.38.41\')', 0)
 2 SYSTEMPATH\Database\BaseConnection.php(692): CodeIgniter\Database\MySQLi\Connection->execute('INSERT INTO `log_aktivitas` (`npm`, `action`, `details`, `ip_address`) VALUES (NULL, \'logout\', \'User logged out\', \'120.188.38.41\')')
 3 SYSTEMPATH\Database\BaseConnection.php(606): CodeIgniter\Database\BaseConnection->simpleQuery('INSERT INTO `log_aktivitas` (`npm`, `action`, `details`, `ip_address`) VALUES (NULL, \'logout\', \'User logged out\', \'120.188.38.41\')')
 4 SYSTEMPATH\Database\BaseBuilder.php(2309): CodeIgniter\Database\BaseConnection->query('INSERT INTO `log_aktivitas` (`npm`, `action`, `details`, `ip_address`) VALUES (:npm:, :action:, :details:, :ip_address:)', [...], false)
 5 SYSTEMPATH\Model.php(330): CodeIgniter\Database\BaseBuilder->insert()
 6 SYSTEMPATH\BaseModel.php(782): CodeIgniter\Model->doInsert([...])
 7 SYSTEMPATH\Model.php(730): CodeIgniter\BaseModel->insert([...], true)
 8 APPPATH\Controllers\Auth\Auth.php(84): CodeIgniter\Model->insert([...])
 9 SYSTEMPATH\CodeIgniter.php(934): App\Controllers\Auth\Auth->logout()
10 SYSTEMPATH\CodeIgniter.php(499): CodeIgniter\CodeIgniter->runController(Object(App\Controllers\Auth\Auth))
11 SYSTEMPATH\CodeIgniter.php(368): CodeIgniter\CodeIgniter->handleRequest(null, Object(Config\Cache), false)
12 FCPATH\index.php(67): CodeIgniter\CodeIgniter->run()
ERROR - 2023-07-11 16:18:18 --> mysqli_sql_exception: Column 'npm' cannot be null in C:\xampp\htdocs\bi_parking\system\Database\MySQLi\Connection.php:295
Stack trace:
#0 C:\xampp\htdocs\bi_parking\system\Database\MySQLi\Connection.php(295): mysqli->query('INSERT INTO `lo...', 0)
#1 C:\xampp\htdocs\bi_parking\system\Database\BaseConnection.php(692): CodeIgniter\Database\MySQLi\Connection->execute('INSERT INTO `lo...')
#2 C:\xampp\htdocs\bi_parking\system\Database\BaseConnection.php(606): CodeIgniter\Database\BaseConnection->simpleQuery('INSERT INTO `lo...')
#3 C:\xampp\htdocs\bi_parking\system\Database\BaseBuilder.php(2309): CodeIgniter\Database\BaseConnection->query('INSERT INTO `lo...', Array, false)
#4 C:\xampp\htdocs\bi_parking\system\Model.php(330): CodeIgniter\Database\BaseBuilder->insert()
#5 C:\xampp\htdocs\bi_parking\system\BaseModel.php(782): CodeIgniter\Model->doInsert(Array)
#6 C:\xampp\htdocs\bi_parking\system\Model.php(730): CodeIgniter\BaseModel->insert(Array, true)
#7 C:\xampp\htdocs\bi_parking\app\Controllers\Auth\Auth.php(84): CodeIgniter\Model->insert(Array)
#8 C:\xampp\htdocs\bi_parking\system\CodeIgniter.php(934): App\Controllers\Auth\Auth->logout()
#9 C:\xampp\htdocs\bi_parking\system\CodeIgniter.php(499): CodeIgniter\CodeIgniter->runController(Object(App\Controllers\Auth\Auth))
#10 C:\xampp\htdocs\bi_parking\system\CodeIgniter.php(368): CodeIgniter\CodeIgniter->handleRequest(NULL, Object(Config\Cache), false)
#11 C:\xampp\htdocs\ParkingManagementSystem\index.php(67): CodeIgniter\CodeIgniter->run()
#12 {main}
CRITICAL - 2023-07-11 16:18:19 --> Column 'npm' cannot be null
in SYSTEMPATH\Database\MySQLi\Connection.php on line 295.
 1 SYSTEMPATH\Database\MySQLi\Connection.php(295): mysqli->query('INSERT INTO `log_aktivitas` (`npm`, `action`, `details`, `ip_address`) VALUES (NULL, \'logout\', \'User logged out\', \'120.188.38.41\')', 0)
 2 SYSTEMPATH\Database\BaseConnection.php(692): CodeIgniter\Database\MySQLi\Connection->execute('INSERT INTO `log_aktivitas` (`npm`, `action`, `details`, `ip_address`) VALUES (NULL, \'logout\', \'User logged out\', \'120.188.38.41\')')
 3 SYSTEMPATH\Database\BaseConnection.php(606): CodeIgniter\Database\BaseConnection->simpleQuery('INSERT INTO `log_aktivitas` (`npm`, `action`, `details`, `ip_address`) VALUES (NULL, \'logout\', \'User logged out\', \'120.188.38.41\')')
 4 SYSTEMPATH\Database\BaseBuilder.php(2309): CodeIgniter\Database\BaseConnection->query('INSERT INTO `log_aktivitas` (`npm`, `action`, `details`, `ip_address`) VALUES (:npm:, :action:, :details:, :ip_address:)', [...], false)
 5 SYSTEMPATH\Model.php(330): CodeIgniter\Database\BaseBuilder->insert()
 6 SYSTEMPATH\BaseModel.php(782): CodeIgniter\Model->doInsert([...])
 7 SYSTEMPATH\Model.php(730): CodeIgniter\BaseModel->insert([...], true)
 8 APPPATH\Controllers\Auth\Auth.php(84): CodeIgniter\Model->insert([...])
 9 SYSTEMPATH\CodeIgniter.php(934): App\Controllers\Auth\Auth->logout()
10 SYSTEMPATH\CodeIgniter.php(499): CodeIgniter\CodeIgniter->runController(Object(App\Controllers\Auth\Auth))
11 SYSTEMPATH\CodeIgniter.php(368): CodeIgniter\CodeIgniter->handleRequest(null, Object(Config\Cache), false)
12 FCPATH\index.php(67): CodeIgniter\CodeIgniter->run()
ERROR - 2023-07-11 16:18:21 --> mysqli_sql_exception: Column 'npm' cannot be null in C:\xampp\htdocs\bi_parking\system\Database\MySQLi\Connection.php:295
Stack trace:
#0 C:\xampp\htdocs\bi_parking\system\Database\MySQLi\Connection.php(295): mysqli->query('INSERT INTO `lo...', 0)
#1 C:\xampp\htdocs\bi_parking\system\Database\BaseConnection.php(692): CodeIgniter\Database\MySQLi\Connection->execute('INSERT INTO `lo...')
#2 C:\xampp\htdocs\bi_parking\system\Database\BaseConnection.php(606): CodeIgniter\Database\BaseConnection->simpleQuery('INSERT INTO `lo...')
#3 C:\xampp\htdocs\bi_parking\system\Database\BaseBuilder.php(2309): CodeIgniter\Database\BaseConnection->query('INSERT INTO `lo...', Array, false)
#4 C:\xampp\htdocs\bi_parking\system\Model.php(330): CodeIgniter\Database\BaseBuilder->insert()
#5 C:\xampp\htdocs\bi_parking\system\BaseModel.php(782): CodeIgniter\Model->doInsert(Array)
#6 C:\xampp\htdocs\bi_parking\system\Model.php(730): CodeIgniter\BaseModel->insert(Array, true)
#7 C:\xampp\htdocs\bi_parking\app\Controllers\Auth\Auth.php(84): CodeIgniter\Model->insert(Array)
#8 C:\xampp\htdocs\bi_parking\system\CodeIgniter.php(934): App\Controllers\Auth\Auth->logout()
#9 C:\xampp\htdocs\bi_parking\system\CodeIgniter.php(499): CodeIgniter\CodeIgniter->runController(Object(App\Controllers\Auth\Auth))
#10 C:\xampp\htdocs\bi_parking\system\CodeIgniter.php(368): CodeIgniter\CodeIgniter->handleRequest(NULL, Object(Config\Cache), false)
#11 C:\xampp\htdocs\ParkingManagementSystem\index.php(67): CodeIgniter\CodeIgniter->run()
#12 {main}
CRITICAL - 2023-07-11 16:18:21 --> Column 'npm' cannot be null
in SYSTEMPATH\Database\MySQLi\Connection.php on line 295.
 1 SYSTEMPATH\Database\MySQLi\Connection.php(295): mysqli->query('INSERT INTO `log_aktivitas` (`npm`, `action`, `details`, `ip_address`) VALUES (NULL, \'logout\', \'User logged out\', \'120.188.38.41\')', 0)
 2 SYSTEMPATH\Database\BaseConnection.php(692): CodeIgniter\Database\MySQLi\Connection->execute('INSERT INTO `log_aktivitas` (`npm`, `action`, `details`, `ip_address`) VALUES (NULL, \'logout\', \'User logged out\', \'120.188.38.41\')')
 3 SYSTEMPATH\Database\BaseConnection.php(606): CodeIgniter\Database\BaseConnection->simpleQuery('INSERT INTO `log_aktivitas` (`npm`, `action`, `details`, `ip_address`) VALUES (NULL, \'logout\', \'User logged out\', \'120.188.38.41\')')
 4 SYSTEMPATH\Database\BaseBuilder.php(2309): CodeIgniter\Database\BaseConnection->query('INSERT INTO `log_aktivitas` (`npm`, `action`, `details`, `ip_address`) VALUES (:npm:, :action:, :details:, :ip_address:)', [...], false)
 5 SYSTEMPATH\Model.php(330): CodeIgniter\Database\BaseBuilder->insert()
 6 SYSTEMPATH\BaseModel.php(782): CodeIgniter\Model->doInsert([...])
 7 SYSTEMPATH\Model.php(730): CodeIgniter\BaseModel->insert([...], true)
 8 APPPATH\Controllers\Auth\Auth.php(84): CodeIgniter\Model->insert([...])
 9 SYSTEMPATH\CodeIgniter.php(934): App\Controllers\Auth\Auth->logout()
10 SYSTEMPATH\CodeIgniter.php(499): CodeIgniter\CodeIgniter->runController(Object(App\Controllers\Auth\Auth))
11 SYSTEMPATH\CodeIgniter.php(368): CodeIgniter\CodeIgniter->handleRequest(null, Object(Config\Cache), false)
12 FCPATH\index.php(67): CodeIgniter\CodeIgniter->run()
CRITICAL - 2023-07-11 16:50:24 --> Invalid file: "r_/sidebar/index.php"
in SYSTEMPATH\Exceptions\FrameworkException.php on line 33.
 1 SYSTEMPATH\View\View.php(201): CodeIgniter\Exceptions\FrameworkException::forInvalidFile('r_/sidebar/index.php')
 2 SYSTEMPATH\View\View.php(431): CodeIgniter\View\View->render('r_/sidebar/index', null, true)
 3 APPPATH\Views\template\index.php(37): CodeIgniter\View\View->include('r_/sidebar/index')
 4 SYSTEMPATH\View\View.php(213): include('C:\\xampp\\htdocs\\bi_parking\\app\\Views\\template\\index.php')
 5 SYSTEMPATH\View\View.php(216): CodeIgniter\View\View->CodeIgniter\View\{closure}()
 6 SYSTEMPATH\View\View.php(229): CodeIgniter\View\View->render('template/index', [], true)
 7 SYSTEMPATH\Common.php(1184): CodeIgniter\View\View->render('r_admin/userUpdate', [], true)
 8 APPPATH\Controllers\Admin\User.php(187): view('r_admin/userUpdate', [...])
 9 SYSTEMPATH\CodeIgniter.php(934): App\Controllers\Admin\User->userUpdate('2016310041')
10 SYSTEMPATH\CodeIgniter.php(499): CodeIgniter\CodeIgniter->runController(Object(App\Controllers\Admin\User))
11 SYSTEMPATH\CodeIgniter.php(368): CodeIgniter\CodeIgniter->handleRequest(null, Object(Config\Cache), false)
12 FCPATH\index.php(67): CodeIgniter\CodeIgniter->run()
CRITICAL - 2023-07-11 16:50:25 --> Invalid file: "r_/sidebar/index.php"
in SYSTEMPATH\Exceptions\FrameworkException.php on line 33.
 1 SYSTEMPATH\View\View.php(201): CodeIgniter\Exceptions\FrameworkException::forInvalidFile('r_/sidebar/index.php')
 2 SYSTEMPATH\View\View.php(431): CodeIgniter\View\View->render('r_/sidebar/index', null, true)
 3 APPPATH\Views\template\index.php(37): CodeIgniter\View\View->include('r_/sidebar/index')
 4 SYSTEMPATH\View\View.php(213): include('C:\\xampp\\htdocs\\bi_parking\\app\\Views\\template\\index.php')
 5 SYSTEMPATH\View\View.php(216): CodeIgniter\View\View->CodeIgniter\View\{closure}()
 6 SYSTEMPATH\View\View.php(229): CodeIgniter\View\View->render('template/index', [], true)
 7 SYSTEMPATH\Common.php(1184): CodeIgniter\View\View->render('r_admin/userUpdate', [], true)
 8 APPPATH\Controllers\Admin\User.php(187): view('r_admin/userUpdate', [...])
 9 SYSTEMPATH\CodeIgniter.php(934): App\Controllers\Admin\User->userUpdate('2016310041')
10 SYSTEMPATH\CodeIgniter.php(499): CodeIgniter\CodeIgniter->runController(Object(App\Controllers\Admin\User))
11 SYSTEMPATH\CodeIgniter.php(368): CodeIgniter\CodeIgniter->handleRequest(null, Object(Config\Cache), false)
12 FCPATH\index.php(67): CodeIgniter\CodeIgniter->run()
CRITICAL - 2023-07-11 16:50:27 --> Invalid file: "r_/sidebar/index.php"
in SYSTEMPATH\Exceptions\FrameworkException.php on line 33.
 1 SYSTEMPATH\View\View.php(201): CodeIgniter\Exceptions\FrameworkException::forInvalidFile('r_/sidebar/index.php')
 2 SYSTEMPATH\View\View.php(431): CodeIgniter\View\View->render('r_/sidebar/index', null, true)
 3 APPPATH\Views\template\index.php(37): CodeIgniter\View\View->include('r_/sidebar/index')
 4 SYSTEMPATH\View\View.php(213): include('C:\\xampp\\htdocs\\bi_parking\\app\\Views\\template\\index.php')
 5 SYSTEMPATH\View\View.php(216): CodeIgniter\View\View->CodeIgniter\View\{closure}()
 6 SYSTEMPATH\View\View.php(229): CodeIgniter\View\View->render('template/index', [], true)
 7 SYSTEMPATH\Common.php(1184): CodeIgniter\View\View->render('r_admin/userUpdate', [], true)
 8 APPPATH\Controllers\Admin\User.php(187): view('r_admin/userUpdate', [...])
 9 SYSTEMPATH\CodeIgniter.php(934): App\Controllers\Admin\User->userUpdate('2016310041')
10 SYSTEMPATH\CodeIgniter.php(499): CodeIgniter\CodeIgniter->runController(Object(App\Controllers\Admin\User))
11 SYSTEMPATH\CodeIgniter.php(368): CodeIgniter\CodeIgniter->handleRequest(null, Object(Config\Cache), false)
12 FCPATH\index.php(67): CodeIgniter\CodeIgniter->run()
CRITICAL - 2023-07-11 17:12:41 --> syntax error, unexpected 'echo' (T_ECHO)
in APPPATH\Views\r_admin\search.php on line 141.
 1 SYSTEMPATH\View\View.php(216): CodeIgniter\View\View->CodeIgniter\View\{closure}()
 2 SYSTEMPATH\Common.php(1184): CodeIgniter\View\View->render('r_admin/search', [], true)
 3 APPPATH\Controllers\Admin\Search.php(38): view('r_admin/search', [...])
 4 SYSTEMPATH\CodeIgniter.php(934): App\Controllers\Admin\Search->index()
 5 SYSTEMPATH\CodeIgniter.php(499): CodeIgniter\CodeIgniter->runController(Object(App\Controllers\Admin\Search))
 6 SYSTEMPATH\CodeIgniter.php(368): CodeIgniter\CodeIgniter->handleRequest(null, Object(Config\Cache), false)
 7 FCPATH\index.php(67): CodeIgniter\CodeIgniter->run()
CRITICAL - 2023-07-11 17:12:46 --> syntax error, unexpected 'echo' (T_ECHO)
in APPPATH\Views\r_admin\search.php on line 141.
 1 SYSTEMPATH\View\View.php(216): CodeIgniter\View\View->CodeIgniter\View\{closure}()
 2 SYSTEMPATH\Common.php(1184): CodeIgniter\View\View->render('r_admin/search', [], true)
 3 APPPATH\Controllers\Admin\Search.php(38): view('r_admin/search', [...])
 4 SYSTEMPATH\CodeIgniter.php(934): App\Controllers\Admin\Search->index()
 5 SYSTEMPATH\CodeIgniter.php(499): CodeIgniter\CodeIgniter->runController(Object(App\Controllers\Admin\Search))
 6 SYSTEMPATH\CodeIgniter.php(368): CodeIgniter\CodeIgniter->handleRequest(null, Object(Config\Cache), false)
 7 FCPATH\index.php(67): CodeIgniter\CodeIgniter->run()
ERROR - 2023-07-11 17:23:04 --> mysqli_sql_exception: Column 'npm' cannot be null in C:\xampp\htdocs\bi_parking\system\Database\MySQLi\Connection.php:295
Stack trace:
#0 C:\xampp\htdocs\bi_parking\system\Database\MySQLi\Connection.php(295): mysqli->query('INSERT INTO `lo...', 0)
#1 C:\xampp\htdocs\bi_parking\system\Database\BaseConnection.php(692): CodeIgniter\Database\MySQLi\Connection->execute('INSERT INTO `lo...')
#2 C:\xampp\htdocs\bi_parking\system\Database\BaseConnection.php(606): CodeIgniter\Database\BaseConnection->simpleQuery('INSERT INTO `lo...')
#3 C:\xampp\htdocs\bi_parking\system\Database\BaseBuilder.php(2309): CodeIgniter\Database\BaseConnection->query('INSERT INTO `lo...', Array, false)
#4 C:\xampp\htdocs\bi_parking\system\Model.php(330): CodeIgniter\Database\BaseBuilder->insert()
#5 C:\xampp\htdocs\bi_parking\system\BaseModel.php(782): CodeIgniter\Model->doInsert(Array)
#6 C:\xampp\htdocs\bi_parking\system\Model.php(730): CodeIgniter\BaseModel->insert(Array, true)
#7 C:\xampp\htdocs\bi_parking\app\Controllers\Auth\Auth.php(84): CodeIgniter\Model->insert(Array)
#8 C:\xampp\htdocs\bi_parking\system\CodeIgniter.php(934): App\Controllers\Auth\Auth->logout()
#9 C:\xampp\htdocs\bi_parking\system\CodeIgniter.php(499): CodeIgniter\CodeIgniter->runController(Object(App\Controllers\Auth\Auth))
#10 C:\xampp\htdocs\bi_parking\system\CodeIgniter.php(368): CodeIgniter\CodeIgniter->handleRequest(NULL, Object(Config\Cache), false)
#11 C:\xampp\htdocs\ParkingManagementSystem\index.php(67): CodeIgniter\CodeIgniter->run()
#12 {main}
CRITICAL - 2023-07-11 17:23:04 --> Column 'npm' cannot be null
in SYSTEMPATH\Database\MySQLi\Connection.php on line 295.
 1 SYSTEMPATH\Database\MySQLi\Connection.php(295): mysqli->query('INSERT INTO `log_aktivitas` (`npm`, `action`, `details`, `ip_address`) VALUES (NULL, \'logout\', \'User logged out\', \'103.78.114.243\')', 0)
 2 SYSTEMPATH\Database\BaseConnection.php(692): CodeIgniter\Database\MySQLi\Connection->execute('INSERT INTO `log_aktivitas` (`npm`, `action`, `details`, `ip_address`) VALUES (NULL, \'logout\', \'User logged out\', \'103.78.114.243\')')
 3 SYSTEMPATH\Database\BaseConnection.php(606): CodeIgniter\Database\BaseConnection->simpleQuery('INSERT INTO `log_aktivitas` (`npm`, `action`, `details`, `ip_address`) VALUES (NULL, \'logout\', \'User logged out\', \'103.78.114.243\')')
 4 SYSTEMPATH\Database\BaseBuilder.php(2309): CodeIgniter\Database\BaseConnection->query('INSERT INTO `log_aktivitas` (`npm`, `action`, `details`, `ip_address`) VALUES (:npm:, :action:, :details:, :ip_address:)', [...], false)
 5 SYSTEMPATH\Model.php(330): CodeIgniter\Database\BaseBuilder->insert()
 6 SYSTEMPATH\BaseModel.php(782): CodeIgniter\Model->doInsert([...])
 7 SYSTEMPATH\Model.php(730): CodeIgniter\BaseModel->insert([...], true)
 8 APPPATH\Controllers\Auth\Auth.php(84): CodeIgniter\Model->insert([...])
 9 SYSTEMPATH\CodeIgniter.php(934): App\Controllers\Auth\Auth->logout()
10 SYSTEMPATH\CodeIgniter.php(499): CodeIgniter\CodeIgniter->runController(Object(App\Controllers\Auth\Auth))
11 SYSTEMPATH\CodeIgniter.php(368): CodeIgniter\CodeIgniter->handleRequest(null, Object(Config\Cache), false)
12 FCPATH\index.php(67): CodeIgniter\CodeIgniter->run()
ERROR - 2023-07-11 17:23:18 --> mysqli_sql_exception: Column 'npm' cannot be null in C:\xampp\htdocs\bi_parking\system\Database\MySQLi\Connection.php:295
Stack trace:
#0 C:\xampp\htdocs\bi_parking\system\Database\MySQLi\Connection.php(295): mysqli->query('INSERT INTO `lo...', 0)
#1 C:\xampp\htdocs\bi_parking\system\Database\BaseConnection.php(692): CodeIgniter\Database\MySQLi\Connection->execute('INSERT INTO `lo...')
#2 C:\xampp\htdocs\bi_parking\system\Database\BaseConnection.php(606): CodeIgniter\Database\BaseConnection->simpleQuery('INSERT INTO `lo...')
#3 C:\xampp\htdocs\bi_parking\system\Database\BaseBuilder.php(2309): CodeIgniter\Database\BaseConnection->query('INSERT INTO `lo...', Array, false)
#4 C:\xampp\htdocs\bi_parking\system\Model.php(330): CodeIgniter\Database\BaseBuilder->insert()
#5 C:\xampp\htdocs\bi_parking\system\BaseModel.php(782): CodeIgniter\Model->doInsert(Array)
#6 C:\xampp\htdocs\bi_parking\system\Model.php(730): CodeIgniter\BaseModel->insert(Array, true)
#7 C:\xampp\htdocs\bi_parking\app\Controllers\Auth\Auth.php(84): CodeIgniter\Model->insert(Array)
#8 C:\xampp\htdocs\bi_parking\system\CodeIgniter.php(934): App\Controllers\Auth\Auth->logout()
#9 C:\xampp\htdocs\bi_parking\system\CodeIgniter.php(499): CodeIgniter\CodeIgniter->runController(Object(App\Controllers\Auth\Auth))
#10 C:\xampp\htdocs\bi_parking\system\CodeIgniter.php(368): CodeIgniter\CodeIgniter->handleRequest(NULL, Object(Config\Cache), false)
#11 C:\xampp\htdocs\ParkingManagementSystem\index.php(67): CodeIgniter\CodeIgniter->run()
#12 {main}
CRITICAL - 2023-07-11 17:23:18 --> Column 'npm' cannot be null
in SYSTEMPATH\Database\MySQLi\Connection.php on line 295.
 1 SYSTEMPATH\Database\MySQLi\Connection.php(295): mysqli->query('INSERT INTO `log_aktivitas` (`npm`, `action`, `details`, `ip_address`) VALUES (NULL, \'logout\', \'User logged out\', \'103.78.114.243\')', 0)
 2 SYSTEMPATH\Database\BaseConnection.php(692): CodeIgniter\Database\MySQLi\Connection->execute('INSERT INTO `log_aktivitas` (`npm`, `action`, `details`, `ip_address`) VALUES (NULL, \'logout\', \'User logged out\', \'103.78.114.243\')')
 3 SYSTEMPATH\Database\BaseConnection.php(606): CodeIgniter\Database\BaseConnection->simpleQuery('INSERT INTO `log_aktivitas` (`npm`, `action`, `details`, `ip_address`) VALUES (NULL, \'logout\', \'User logged out\', \'103.78.114.243\')')
 4 SYSTEMPATH\Database\BaseBuilder.php(2309): CodeIgniter\Database\BaseConnection->query('INSERT INTO `log_aktivitas` (`npm`, `action`, `details`, `ip_address`) VALUES (:npm:, :action:, :details:, :ip_address:)', [...], false)
 5 SYSTEMPATH\Model.php(330): CodeIgniter\Database\BaseBuilder->insert()
 6 SYSTEMPATH\BaseModel.php(782): CodeIgniter\Model->doInsert([...])
 7 SYSTEMPATH\Model.php(730): CodeIgniter\BaseModel->insert([...], true)
 8 APPPATH\Controllers\Auth\Auth.php(84): CodeIgniter\Model->insert([...])
 9 SYSTEMPATH\CodeIgniter.php(934): App\Controllers\Auth\Auth->logout()
10 SYSTEMPATH\CodeIgniter.php(499): CodeIgniter\CodeIgniter->runController(Object(App\Controllers\Auth\Auth))
11 SYSTEMPATH\CodeIgniter.php(368): CodeIgniter\CodeIgniter->handleRequest(null, Object(Config\Cache), false)
12 FCPATH\index.php(67): CodeIgniter\CodeIgniter->run()
ERROR - 2023-07-11 17:23:20 --> mysqli_sql_exception: Column 'npm' cannot be null in C:\xampp\htdocs\bi_parking\system\Database\MySQLi\Connection.php:295
Stack trace:
#0 C:\xampp\htdocs\bi_parking\system\Database\MySQLi\Connection.php(295): mysqli->query('INSERT INTO `lo...', 0)
#1 C:\xampp\htdocs\bi_parking\system\Database\BaseConnection.php(692): CodeIgniter\Database\MySQLi\Connection->execute('INSERT INTO `lo...')
#2 C:\xampp\htdocs\bi_parking\system\Database\BaseConnection.php(606): CodeIgniter\Database\BaseConnection->simpleQuery('INSERT INTO `lo...')
#3 C:\xampp\htdocs\bi_parking\system\Database\BaseBuilder.php(2309): CodeIgniter\Database\BaseConnection->query('INSERT INTO `lo...', Array, false)
#4 C:\xampp\htdocs\bi_parking\system\Model.php(330): CodeIgniter\Database\BaseBuilder->insert()
#5 C:\xampp\htdocs\bi_parking\system\BaseModel.php(782): CodeIgniter\Model->doInsert(Array)
#6 C:\xampp\htdocs\bi_parking\system\Model.php(730): CodeIgniter\BaseModel->insert(Array, true)
#7 C:\xampp\htdocs\bi_parking\app\Controllers\Auth\Auth.php(84): CodeIgniter\Model->insert(Array)
#8 C:\xampp\htdocs\bi_parking\system\CodeIgniter.php(934): App\Controllers\Auth\Auth->logout()
#9 C:\xampp\htdocs\bi_parking\system\CodeIgniter.php(499): CodeIgniter\CodeIgniter->runController(Object(App\Controllers\Auth\Auth))
#10 C:\xampp\htdocs\bi_parking\system\CodeIgniter.php(368): CodeIgniter\CodeIgniter->handleRequest(NULL, Object(Config\Cache), false)
#11 C:\xampp\htdocs\ParkingManagementSystem\index.php(67): CodeIgniter\CodeIgniter->run()
#12 {main}
CRITICAL - 2023-07-11 17:23:20 --> Column 'npm' cannot be null
in SYSTEMPATH\Database\MySQLi\Connection.php on line 295.
 1 SYSTEMPATH\Database\MySQLi\Connection.php(295): mysqli->query('INSERT INTO `log_aktivitas` (`npm`, `action`, `details`, `ip_address`) VALUES (NULL, \'logout\', \'User logged out\', \'103.78.114.243\')', 0)
 2 SYSTEMPATH\Database\BaseConnection.php(692): CodeIgniter\Database\MySQLi\Connection->execute('INSERT INTO `log_aktivitas` (`npm`, `action`, `details`, `ip_address`) VALUES (NULL, \'logout\', \'User logged out\', \'103.78.114.243\')')
 3 SYSTEMPATH\Database\BaseConnection.php(606): CodeIgniter\Database\BaseConnection->simpleQuery('INSERT INTO `log_aktivitas` (`npm`, `action`, `details`, `ip_address`) VALUES (NULL, \'logout\', \'User logged out\', \'103.78.114.243\')')
 4 SYSTEMPATH\Database\BaseBuilder.php(2309): CodeIgniter\Database\BaseConnection->query('INSERT INTO `log_aktivitas` (`npm`, `action`, `details`, `ip_address`) VALUES (:npm:, :action:, :details:, :ip_address:)', [...], false)
 5 SYSTEMPATH\Model.php(330): CodeIgniter\Database\BaseBuilder->insert()
 6 SYSTEMPATH\BaseModel.php(782): CodeIgniter\Model->doInsert([...])
 7 SYSTEMPATH\Model.php(730): CodeIgniter\BaseModel->insert([...], true)
 8 APPPATH\Controllers\Auth\Auth.php(84): CodeIgniter\Model->insert([...])
 9 SYSTEMPATH\CodeIgniter.php(934): App\Controllers\Auth\Auth->logout()
10 SYSTEMPATH\CodeIgniter.php(499): CodeIgniter\CodeIgniter->runController(Object(App\Controllers\Auth\Auth))
11 SYSTEMPATH\CodeIgniter.php(368): CodeIgniter\CodeIgniter->handleRequest(null, Object(Config\Cache), false)
12 FCPATH\index.php(67): CodeIgniter\CodeIgniter->run()
ERROR - 2023-07-11 17:23:37 --> mysqli_sql_exception: Column 'npm' cannot be null in C:\xampp\htdocs\bi_parking\system\Database\MySQLi\Connection.php:295
Stack trace:
#0 C:\xampp\htdocs\bi_parking\system\Database\MySQLi\Connection.php(295): mysqli->query('INSERT INTO `lo...', 0)
#1 C:\xampp\htdocs\bi_parking\system\Database\BaseConnection.php(692): CodeIgniter\Database\MySQLi\Connection->execute('INSERT INTO `lo...')
#2 C:\xampp\htdocs\bi_parking\system\Database\BaseConnection.php(606): CodeIgniter\Database\BaseConnection->simpleQuery('INSERT INTO `lo...')
#3 C:\xampp\htdocs\bi_parking\system\Database\BaseBuilder.php(2309): CodeIgniter\Database\BaseConnection->query('INSERT INTO `lo...', Array, false)
#4 C:\xampp\htdocs\bi_parking\system\Model.php(330): CodeIgniter\Database\BaseBuilder->insert()
#5 C:\xampp\htdocs\bi_parking\system\BaseModel.php(782): CodeIgniter\Model->doInsert(Array)
#6 C:\xampp\htdocs\bi_parking\system\Model.php(730): CodeIgniter\BaseModel->insert(Array, true)
#7 C:\xampp\htdocs\bi_parking\app\Controllers\Auth\Auth.php(84): CodeIgniter\Model->insert(Array)
#8 C:\xampp\htdocs\bi_parking\system\CodeIgniter.php(934): App\Controllers\Auth\Auth->logout()
#9 C:\xampp\htdocs\bi_parking\system\CodeIgniter.php(499): CodeIgniter\CodeIgniter->runController(Object(App\Controllers\Auth\Auth))
#10 C:\xampp\htdocs\bi_parking\system\CodeIgniter.php(368): CodeIgniter\CodeIgniter->handleRequest(NULL, Object(Config\Cache), false)
#11 C:\xampp\htdocs\ParkingManagementSystem\index.php(67): CodeIgniter\CodeIgniter->run()
#12 {main}
CRITICAL - 2023-07-11 17:23:37 --> Column 'npm' cannot be null
in SYSTEMPATH\Database\MySQLi\Connection.php on line 295.
 1 SYSTEMPATH\Database\MySQLi\Connection.php(295): mysqli->query('INSERT INTO `log_aktivitas` (`npm`, `action`, `details`, `ip_address`) VALUES (NULL, \'logout\', \'User logged out\', \'103.78.114.243\')', 0)
 2 SYSTEMPATH\Database\BaseConnection.php(692): CodeIgniter\Database\MySQLi\Connection->execute('INSERT INTO `log_aktivitas` (`npm`, `action`, `details`, `ip_address`) VALUES (NULL, \'logout\', \'User logged out\', \'103.78.114.243\')')
 3 SYSTEMPATH\Database\BaseConnection.php(606): CodeIgniter\Database\BaseConnection->simpleQuery('INSERT INTO `log_aktivitas` (`npm`, `action`, `details`, `ip_address`) VALUES (NULL, \'logout\', \'User logged out\', \'103.78.114.243\')')
 4 SYSTEMPATH\Database\BaseBuilder.php(2309): CodeIgniter\Database\BaseConnection->query('INSERT INTO `log_aktivitas` (`npm`, `action`, `details`, `ip_address`) VALUES (:npm:, :action:, :details:, :ip_address:)', [...], false)
 5 SYSTEMPATH\Model.php(330): CodeIgniter\Database\BaseBuilder->insert()
 6 SYSTEMPATH\BaseModel.php(782): CodeIgniter\Model->doInsert([...])
 7 SYSTEMPATH\Model.php(730): CodeIgniter\BaseModel->insert([...], true)
 8 APPPATH\Controllers\Auth\Auth.php(84): CodeIgniter\Model->insert([...])
 9 SYSTEMPATH\CodeIgniter.php(934): App\Controllers\Auth\Auth->logout()
10 SYSTEMPATH\CodeIgniter.php(499): CodeIgniter\CodeIgniter->runController(Object(App\Controllers\Auth\Auth))
11 SYSTEMPATH\CodeIgniter.php(368): CodeIgniter\CodeIgniter->handleRequest(null, Object(Config\Cache), false)
12 FCPATH\index.php(67): CodeIgniter\CodeIgniter->run()
