ERROR - 2023-06-08 00:46:30 --> mysqli_sql_exception: Illegal parameter data types tinyint and row for operation '=' in C:\xampp\htdocs\DATACI\system\Database\MySQLi\Connection.php:295
Stack trace:
#0 C:\xampp\htdocs\DATACI\system\Database\MySQLi\Connection.php(295): mysqli->query('SELECT *\nFROM `...', 0)
#1 C:\xampp\htdocs\DATACI\system\Database\BaseConnection.php(692): CodeIgniter\Database\MySQLi\Connection->execute('SELECT *\nFROM `...')
#2 C:\xampp\htdocs\DATACI\system\Database\BaseConnection.php(606): CodeIgniter\Database\BaseConnection->simpleQuery('SELECT *\nFROM `...')
#3 C:\xampp\htdocs\DATACI\system\Database\BaseBuilder.php(1616): CodeIgniter\Database\BaseConnection->query('SELECT *\nFROM `...', Array, false)
#4 C:\xampp\htdocs\DATACI\system\Model.php(241): CodeIgniter\Database\BaseBuilder->get()
#5 C:\xampp\htdocs\DATACI\system\BaseModel.php(618): CodeIgniter\Model->doFindAll(9, 0)
#6 C:\xampp\htdocs\DATACI\app\Controllers\Keuangan\Transaksi.php(262): CodeIgniter\BaseModel->findAll(9, 0)
#7 C:\xampp\htdocs\DATACI\system\CodeIgniter.php(934): App\Controllers\Keuangan\Transaksi->riwayat()
#8 C:\xampp\htdocs\DATACI\system\CodeIgniter.php(499): CodeIgniter\CodeIgniter->runController(Object(App\Controllers\Keuangan\Transaksi))
#9 C:\xampp\htdocs\DATACI\system\CodeIgniter.php(368): CodeIgniter\CodeIgniter->handleRequest(NULL, Object(Config\Cache), false)
#10 C:\xampp\htdocs\ParkingManagementSystem\index.php(67): CodeIgniter\CodeIgniter->run()
#11 {main}
CRITICAL - 2023-06-08 00:46:30 --> Illegal parameter data types tinyint and row for operation '='
in SYSTEMPATH\Database\MySQLi\Connection.php on line 295.
 1 SYSTEMPATH\Database\MySQLi\Connection.php(295): mysqli->query('SELECT *
FROM `transaksi`
JOIN `jenis_transaksi` ON `jenis_transaksi`.`id_jenis_transaksi` = `transaksi`.`id_jenis_transaksi`
JOIN `status_transaksi` ON `status_transaksi`.`id_status_transaksi` = `transaksi`.`id_status_transaksi`
WHERE `transaksi`.`id_jenis_transaksi` = (1,2)
 LIMIT 9', 0)
 2 SYSTEMPATH\Database\BaseConnection.php(692): CodeIgniter\Database\MySQLi\Connection->execute('SELECT *
FROM `transaksi`
JOIN `jenis_transaksi` ON `jenis_transaksi`.`id_jenis_transaksi` = `transaksi`.`id_jenis_transaksi`
JOIN `status_transaksi` ON `status_transaksi`.`id_status_transaksi` = `transaksi`.`id_status_transaksi`
WHERE `transaksi`.`id_jenis_transaksi` = (1,2)
 LIMIT 9')
 3 SYSTEMPATH\Database\BaseConnection.php(606): CodeIgniter\Database\BaseConnection->simpleQuery('SELECT *
FROM `transaksi`
JOIN `jenis_transaksi` ON `jenis_transaksi`.`id_jenis_transaksi` = `transaksi`.`id_jenis_transaksi`
JOIN `status_transaksi` ON `status_transaksi`.`id_status_transaksi` = `transaksi`.`id_status_transaksi`
WHERE `transaksi`.`id_jenis_transaksi` = (1,2)
 LIMIT 9')
 4 SYSTEMPATH\Database\BaseBuilder.php(1616): CodeIgniter\Database\BaseConnection->query('SELECT *
FROM `transaksi`
JOIN `jenis_transaksi` ON `jenis_transaksi`.`id_jenis_transaksi` = `transaksi`.`id_jenis_transaksi`
JOIN `status_transaksi` ON `status_transaksi`.`id_status_transaksi` = `transaksi`.`id_status_transaksi`
WHERE `transaksi`.`id_jenis_transaksi` = :transaksi.id_jenis_transaksi:
 LIMIT 9', [...], false)
 5 SYSTEMPATH\Model.php(241): CodeIgniter\Database\BaseBuilder->get()
 6 SYSTEMPATH\BaseModel.php(618): CodeIgniter\Model->doFindAll(9, 0)
 7 APPPATH\Controllers\Keuangan\Transaksi.php(262): CodeIgniter\BaseModel->findAll(9, 0)
 8 SYSTEMPATH\CodeIgniter.php(934): App\Controllers\Keuangan\Transaksi->riwayat()
 9 SYSTEMPATH\CodeIgniter.php(499): CodeIgniter\CodeIgniter->runController(Object(App\Controllers\Keuangan\Transaksi))
10 SYSTEMPATH\CodeIgniter.php(368): CodeIgniter\CodeIgniter->handleRequest(null, Object(Config\Cache), false)
11 FCPATH\index.php(67): CodeIgniter\CodeIgniter->run()
ERROR - 2023-06-08 00:46:34 --> mysqli_sql_exception: Illegal parameter data types tinyint and row for operation '=' in C:\xampp\htdocs\DATACI\system\Database\MySQLi\Connection.php:295
Stack trace:
#0 C:\xampp\htdocs\DATACI\system\Database\MySQLi\Connection.php(295): mysqli->query('SELECT *\nFROM `...', 0)
#1 C:\xampp\htdocs\DATACI\system\Database\BaseConnection.php(692): CodeIgniter\Database\MySQLi\Connection->execute('SELECT *\nFROM `...')
#2 C:\xampp\htdocs\DATACI\system\Database\BaseConnection.php(606): CodeIgniter\Database\BaseConnection->simpleQuery('SELECT *\nFROM `...')
#3 C:\xampp\htdocs\DATACI\system\Database\BaseBuilder.php(1616): CodeIgniter\Database\BaseConnection->query('SELECT *\nFROM `...', Array, false)
#4 C:\xampp\htdocs\DATACI\system\Model.php(241): CodeIgniter\Database\BaseBuilder->get()
#5 C:\xampp\htdocs\DATACI\system\BaseModel.php(618): CodeIgniter\Model->doFindAll(9, 0)
#6 C:\xampp\htdocs\DATACI\app\Controllers\Keuangan\Transaksi.php(262): CodeIgniter\BaseModel->findAll(9, 0)
#7 C:\xampp\htdocs\DATACI\system\CodeIgniter.php(934): App\Controllers\Keuangan\Transaksi->riwayat()
#8 C:\xampp\htdocs\DATACI\system\CodeIgniter.php(499): CodeIgniter\CodeIgniter->runController(Object(App\Controllers\Keuangan\Transaksi))
#9 C:\xampp\htdocs\DATACI\system\CodeIgniter.php(368): CodeIgniter\CodeIgniter->handleRequest(NULL, Object(Config\Cache), false)
#10 C:\xampp\htdocs\ParkingManagementSystem\index.php(67): CodeIgniter\CodeIgniter->run()
#11 {main}
CRITICAL - 2023-06-08 00:46:34 --> Illegal parameter data types tinyint and row for operation '='
in SYSTEMPATH\Database\MySQLi\Connection.php on line 295.
 1 SYSTEMPATH\Database\MySQLi\Connection.php(295): mysqli->query('SELECT *
FROM `transaksi`
JOIN `jenis_transaksi` ON `jenis_transaksi`.`id_jenis_transaksi` = `transaksi`.`id_jenis_transaksi`
JOIN `status_transaksi` ON `status_transaksi`.`id_status_transaksi` = `transaksi`.`id_status_transaksi`
WHERE `transaksi`.`id_jenis_transaksi` = (1,2)
 LIMIT 9', 0)
 2 SYSTEMPATH\Database\BaseConnection.php(692): CodeIgniter\Database\MySQLi\Connection->execute('SELECT *
FROM `transaksi`
JOIN `jenis_transaksi` ON `jenis_transaksi`.`id_jenis_transaksi` = `transaksi`.`id_jenis_transaksi`
JOIN `status_transaksi` ON `status_transaksi`.`id_status_transaksi` = `transaksi`.`id_status_transaksi`
WHERE `transaksi`.`id_jenis_transaksi` = (1,2)
 LIMIT 9')
 3 SYSTEMPATH\Database\BaseConnection.php(606): CodeIgniter\Database\BaseConnection->simpleQuery('SELECT *
FROM `transaksi`
JOIN `jenis_transaksi` ON `jenis_transaksi`.`id_jenis_transaksi` = `transaksi`.`id_jenis_transaksi`
JOIN `status_transaksi` ON `status_transaksi`.`id_status_transaksi` = `transaksi`.`id_status_transaksi`
WHERE `transaksi`.`id_jenis_transaksi` = (1,2)
 LIMIT 9')
 4 SYSTEMPATH\Database\BaseBuilder.php(1616): CodeIgniter\Database\BaseConnection->query('SELECT *
FROM `transaksi`
JOIN `jenis_transaksi` ON `jenis_transaksi`.`id_jenis_transaksi` = `transaksi`.`id_jenis_transaksi`
JOIN `status_transaksi` ON `status_transaksi`.`id_status_transaksi` = `transaksi`.`id_status_transaksi`
WHERE `transaksi`.`id_jenis_transaksi` = :transaksi.id_jenis_transaksi:
 LIMIT 9', [...], false)
 5 SYSTEMPATH\Model.php(241): CodeIgniter\Database\BaseBuilder->get()
 6 SYSTEMPATH\BaseModel.php(618): CodeIgniter\Model->doFindAll(9, 0)
 7 APPPATH\Controllers\Keuangan\Transaksi.php(262): CodeIgniter\BaseModel->findAll(9, 0)
 8 SYSTEMPATH\CodeIgniter.php(934): App\Controllers\Keuangan\Transaksi->riwayat()
 9 SYSTEMPATH\CodeIgniter.php(499): CodeIgniter\CodeIgniter->runController(Object(App\Controllers\Keuangan\Transaksi))
10 SYSTEMPATH\CodeIgniter.php(368): CodeIgniter\CodeIgniter->handleRequest(null, Object(Config\Cache), false)
11 FCPATH\index.php(67): CodeIgniter\CodeIgniter->run()
CRITICAL - 2023-06-08 00:53:20 --> Undefined variable $pager
in APPPATH\Views\r_operator\riwayat_transaksi_parkir.php on line 51.
 1 APPPATH\Views\r_operator\riwayat_transaksi_parkir.php(51): CodeIgniter\Debug\Exceptions->errorHandler(2, 'Undefined variable $pager', 'C:\\xampp\\htdocs\\DATACI\\app\\Views\\r_operator\\riwayat_transaksi_parkir.php', 51)
 2 SYSTEMPATH\View\View.php(213): include('C:\\xampp\\htdocs\\DATACI\\app\\Views\\r_operator\\riwayat_transaksi_parkir.php')
 3 SYSTEMPATH\View\View.php(216): CodeIgniter\View\View->CodeIgniter\View\{closure}()
 4 SYSTEMPATH\Common.php(1184): CodeIgniter\View\View->render('r_operator/riwayat_transaksi_parkir', [], true)
 5 APPPATH\Controllers\Operator\Dashboard.php(47): view('r_operator/riwayat_transaksi_parkir', [...])
 6 SYSTEMPATH\CodeIgniter.php(934): App\Controllers\Operator\Dashboard->riwayat()
 7 SYSTEMPATH\CodeIgniter.php(499): CodeIgniter\CodeIgniter->runController(Object(App\Controllers\Operator\Dashboard))
 8 SYSTEMPATH\CodeIgniter.php(368): CodeIgniter\CodeIgniter->handleRequest(null, Object(Config\Cache), false)
 9 FCPATH\index.php(67): CodeIgniter\CodeIgniter->run()
CRITICAL - 2023-06-08 15:09:52 --> usort(): Argument #1 ($array) must be of type array, null given
in APPPATH\Views\r_operator\riwayat_transaksi_parkir.php on line 30.
 1 APPPATH\Views\r_operator\riwayat_transaksi_parkir.php(30): usort(null, Object(Closure))
 2 SYSTEMPATH\View\View.php(213): include('C:\\xampp\\htdocs\\DATACI\\app\\Views\\r_operator\\riwayat_transaksi_parkir.php')
 3 SYSTEMPATH\View\View.php(216): CodeIgniter\View\View->CodeIgniter\View\{closure}()
 4 SYSTEMPATH\Common.php(1184): CodeIgniter\View\View->render('r_operator/riwayat_transaksi_parkir', [], true)
 5 APPPATH\Controllers\Operator\Dashboard.php(49): view('r_operator/riwayat_transaksi_parkir', [...])
 6 SYSTEMPATH\CodeIgniter.php(934): App\Controllers\Operator\Dashboard->riwayat()
 7 SYSTEMPATH\CodeIgniter.php(499): CodeIgniter\CodeIgniter->runController(Object(App\Controllers\Operator\Dashboard))
 8 SYSTEMPATH\CodeIgniter.php(368): CodeIgniter\CodeIgniter->handleRequest(null, Object(Config\Cache), false)
 9 FCPATH\index.php(67): CodeIgniter\CodeIgniter->run()
CRITICAL - 2023-06-08 15:10:54 --> Undefined array key "nama_jenis_transaksi"
in APPPATH\Views\r_operator\riwayat_transaksi_parkir.php on line 48.
 1 APPPATH\Views\r_operator\riwayat_transaksi_parkir.php(48): CodeIgniter\Debug\Exceptions->errorHandler(2, 'Undefined array key "nama_jenis_transaksi"', 'C:\\xampp\\htdocs\\DATACI\\app\\Views\\r_operator\\riwayat_transaksi_parkir.php', 48)
 2 SYSTEMPATH\View\View.php(213): include('C:\\xampp\\htdocs\\DATACI\\app\\Views\\r_operator\\riwayat_transaksi_parkir.php')
 3 SYSTEMPATH\View\View.php(216): CodeIgniter\View\View->CodeIgniter\View\{closure}()
 4 SYSTEMPATH\Common.php(1184): CodeIgniter\View\View->render('r_operator/riwayat_transaksi_parkir', [], true)
 5 APPPATH\Controllers\Operator\Dashboard.php(49): view('r_operator/riwayat_transaksi_parkir', [...])
 6 SYSTEMPATH\CodeIgniter.php(934): App\Controllers\Operator\Dashboard->riwayat()
 7 SYSTEMPATH\CodeIgniter.php(499): CodeIgniter\CodeIgniter->runController(Object(App\Controllers\Operator\Dashboard))
 8 SYSTEMPATH\CodeIgniter.php(368): CodeIgniter\CodeIgniter->handleRequest(null, Object(Config\Cache), false)
 9 FCPATH\index.php(67): CodeIgniter\CodeIgniter->run()
CRITICAL - 2023-06-08 23:50:50 --> Undefined variable $no
in APPPATH\Views\r_user\modul.php on line 22.
 1 APPPATH\Views\r_user\modul.php(22): CodeIgniter\Debug\Exceptions->errorHandler(2, 'Undefined variable $no', 'C:\\xampp\\htdocs\\DATACI\\app\\Views\\r_user\\modul.php', 22)
 2 SYSTEMPATH\View\View.php(213): include('C:\\xampp\\htdocs\\DATACI\\app\\Views\\r_user\\modul.php')
 3 SYSTEMPATH\View\View.php(216): CodeIgniter\View\View->CodeIgniter\View\{closure}()
 4 SYSTEMPATH\Common.php(1184): CodeIgniter\View\View->render('r_user/modul', [], true)
 5 APPPATH\Controllers\User\Pengumuman.php(44): view('r_user/modul', [...])
 6 SYSTEMPATH\CodeIgniter.php(934): App\Controllers\User\Pengumuman->modul()
 7 SYSTEMPATH\CodeIgniter.php(499): CodeIgniter\CodeIgniter->runController(Object(App\Controllers\User\Pengumuman))
 8 SYSTEMPATH\CodeIgniter.php(368): CodeIgniter\CodeIgniter->handleRequest(null, Object(Config\Cache), false)
 9 FCPATH\index.php(67): CodeIgniter\CodeIgniter->run()
CRITICAL - 2023-06-08 23:51:00 --> Undefined variable $no
in APPPATH\Views\r_user\modul.php on line 22.
 1 APPPATH\Views\r_user\modul.php(22): CodeIgniter\Debug\Exceptions->errorHandler(2, 'Undefined variable $no', 'C:\\xampp\\htdocs\\DATACI\\app\\Views\\r_user\\modul.php', 22)
 2 SYSTEMPATH\View\View.php(213): include('C:\\xampp\\htdocs\\DATACI\\app\\Views\\r_user\\modul.php')
 3 SYSTEMPATH\View\View.php(216): CodeIgniter\View\View->CodeIgniter\View\{closure}()
 4 SYSTEMPATH\Common.php(1184): CodeIgniter\View\View->render('r_user/modul', [], true)
 5 APPPATH\Controllers\User\Pengumuman.php(44): view('r_user/modul', [...])
 6 SYSTEMPATH\CodeIgniter.php(934): App\Controllers\User\Pengumuman->modul()
 7 SYSTEMPATH\CodeIgniter.php(499): CodeIgniter\CodeIgniter->runController(Object(App\Controllers\User\Pengumuman))
 8 SYSTEMPATH\CodeIgniter.php(368): CodeIgniter\CodeIgniter->handleRequest(null, Object(Config\Cache), false)
 9 FCPATH\index.php(67): CodeIgniter\CodeIgniter->run()
CRITICAL - 2023-06-08 23:51:23 --> Undefined variable $no
in APPPATH\Views\r_user\modul.php on line 22.
 1 APPPATH\Views\r_user\modul.php(22): CodeIgniter\Debug\Exceptions->errorHandler(2, 'Undefined variable $no', 'C:\\xampp\\htdocs\\DATACI\\app\\Views\\r_user\\modul.php', 22)
 2 SYSTEMPATH\View\View.php(213): include('C:\\xampp\\htdocs\\DATACI\\app\\Views\\r_user\\modul.php')
 3 SYSTEMPATH\View\View.php(216): CodeIgniter\View\View->CodeIgniter\View\{closure}()
 4 SYSTEMPATH\Common.php(1184): CodeIgniter\View\View->render('r_user/modul', [], true)
 5 APPPATH\Controllers\User\Pengumuman.php(44): view('r_user/modul', [...])
 6 SYSTEMPATH\CodeIgniter.php(934): App\Controllers\User\Pengumuman->modul()
 7 SYSTEMPATH\CodeIgniter.php(499): CodeIgniter\CodeIgniter->runController(Object(App\Controllers\User\Pengumuman))
 8 SYSTEMPATH\CodeIgniter.php(368): CodeIgniter\CodeIgniter->handleRequest(null, Object(Config\Cache), false)
 9 FCPATH\index.php(67): CodeIgniter\CodeIgniter->run()
CRITICAL - 2023-06-08 23:51:51 --> Undefined variable $no
in APPPATH\Views\r_user\modul.php on line 23.
 1 APPPATH\Views\r_user\modul.php(23): CodeIgniter\Debug\Exceptions->errorHandler(2, 'Undefined variable $no', 'C:\\xampp\\htdocs\\DATACI\\app\\Views\\r_user\\modul.php', 23)
 2 SYSTEMPATH\View\View.php(213): include('C:\\xampp\\htdocs\\DATACI\\app\\Views\\r_user\\modul.php')
 3 SYSTEMPATH\View\View.php(216): CodeIgniter\View\View->CodeIgniter\View\{closure}()
 4 SYSTEMPATH\Common.php(1184): CodeIgniter\View\View->render('r_user/modul', [], true)
 5 APPPATH\Controllers\User\Pengumuman.php(44): view('r_user/modul', [...])
 6 SYSTEMPATH\CodeIgniter.php(934): App\Controllers\User\Pengumuman->modul()
 7 SYSTEMPATH\CodeIgniter.php(499): CodeIgniter\CodeIgniter->runController(Object(App\Controllers\User\Pengumuman))
 8 SYSTEMPATH\CodeIgniter.php(368): CodeIgniter\CodeIgniter->handleRequest(null, Object(Config\Cache), false)
 9 FCPATH\index.php(67): CodeIgniter\CodeIgniter->run()
CRITICAL - 2023-06-08 23:51:52 --> Undefined variable $no
in APPPATH\Views\r_user\modul.php on line 23.
 1 APPPATH\Views\r_user\modul.php(23): CodeIgniter\Debug\Exceptions->errorHandler(2, 'Undefined variable $no', 'C:\\xampp\\htdocs\\DATACI\\app\\Views\\r_user\\modul.php', 23)
 2 SYSTEMPATH\View\View.php(213): include('C:\\xampp\\htdocs\\DATACI\\app\\Views\\r_user\\modul.php')
 3 SYSTEMPATH\View\View.php(216): CodeIgniter\View\View->CodeIgniter\View\{closure}()
 4 SYSTEMPATH\Common.php(1184): CodeIgniter\View\View->render('r_user/modul', [], true)
 5 APPPATH\Controllers\User\Pengumuman.php(44): view('r_user/modul', [...])
 6 SYSTEMPATH\CodeIgniter.php(934): App\Controllers\User\Pengumuman->modul()
 7 SYSTEMPATH\CodeIgniter.php(499): CodeIgniter\CodeIgniter->runController(Object(App\Controllers\User\Pengumuman))
 8 SYSTEMPATH\CodeIgniter.php(368): CodeIgniter\CodeIgniter->handleRequest(null, Object(Config\Cache), false)
 9 FCPATH\index.php(67): CodeIgniter\CodeIgniter->run()
