INFO - 2023-07-17 00:00:38 --> Session: Class initialized using 'CodeIgniter\Session\Handlers\FileHandler' driver.
CRITICAL - 2023-07-17 00:00:38 --> Undefined array key "transaksi"
in APPPATH\Views\r_keuangan\transaksi_riwayat.php on line 83.
 1 APPPATH\Views\r_keuangan\transaksi_riwayat.php(83): CodeIgniter\Debug\Exceptions->errorHandler(2, 'Undefined array key "transaksi"', 'C:\\xampp\\htdocs\\bi-parking\\app\\Views\\r_keuangan\\transaksi_riwayat.php', 83)
 2 SYSTEMPATH\View\View.php(213): include('C:\\xampp\\htdocs\\bi-parking\\app\\Views\\r_keuangan\\transaksi_riwayat.php')
 3 SYSTEMPATH\View\View.php(216): CodeIgniter\View\View->CodeIgniter\View\{closure}()
 4 SYSTEMPATH\Common.php(1184): CodeIgniter\View\View->render('r_keuangan/transaksi_riwayat', [], true)
 5 APPPATH\Controllers\Keuangan\Transaksi.php(188): view('r_keuangan/transaksi_riwayat', [...])
 6 SYSTEMPATH\CodeIgniter.php(934): App\Controllers\Keuangan\Transaksi->riwayat()
 7 SYSTEMPATH\CodeIgniter.php(499): CodeIgniter\CodeIgniter->runController(Object(App\Controllers\Keuangan\Transaksi))
 8 SYSTEMPATH\CodeIgniter.php(368): CodeIgniter\CodeIgniter->handleRequest(null, Object(Config\Cache), false)
 9 FCPATH\index.php(67): CodeIgniter\CodeIgniter->run()
INFO - 2023-07-17 00:00:39 --> Session: Class initialized using 'CodeIgniter\Session\Handlers\FileHandler' driver.
CRITICAL - 2023-07-17 00:00:39 --> Undefined array key "transaksi"
in APPPATH\Views\r_keuangan\transaksi_riwayat.php on line 83.
 1 APPPATH\Views\r_keuangan\transaksi_riwayat.php(83): CodeIgniter\Debug\Exceptions->errorHandler(2, 'Undefined array key "transaksi"', 'C:\\xampp\\htdocs\\bi-parking\\app\\Views\\r_keuangan\\transaksi_riwayat.php', 83)
 2 SYSTEMPATH\View\View.php(213): include('C:\\xampp\\htdocs\\bi-parking\\app\\Views\\r_keuangan\\transaksi_riwayat.php')
 3 SYSTEMPATH\View\View.php(216): CodeIgniter\View\View->CodeIgniter\View\{closure}()
 4 SYSTEMPATH\Common.php(1184): CodeIgniter\View\View->render('r_keuangan/transaksi_riwayat', [], true)
 5 APPPATH\Controllers\Keuangan\Transaksi.php(188): view('r_keuangan/transaksi_riwayat', [...])
 6 SYSTEMPATH\CodeIgniter.php(934): App\Controllers\Keuangan\Transaksi->riwayat()
 7 SYSTEMPATH\CodeIgniter.php(499): CodeIgniter\CodeIgniter->runController(Object(App\Controllers\Keuangan\Transaksi))
 8 SYSTEMPATH\CodeIgniter.php(368): CodeIgniter\CodeIgniter->handleRequest(null, Object(Config\Cache), false)
 9 FCPATH\index.php(67): CodeIgniter\CodeIgniter->run()
INFO - 2023-07-17 00:00:39 --> Session: Class initialized using 'CodeIgniter\Session\Handlers\FileHandler' driver.
CRITICAL - 2023-07-17 00:00:39 --> Undefined array key "transaksi"
in APPPATH\Views\r_keuangan\transaksi_riwayat.php on line 83.
 1 APPPATH\Views\r_keuangan\transaksi_riwayat.php(83): CodeIgniter\Debug\Exceptions->errorHandler(2, 'Undefined array key "transaksi"', 'C:\\xampp\\htdocs\\bi-parking\\app\\Views\\r_keuangan\\transaksi_riwayat.php', 83)
 2 SYSTEMPATH\View\View.php(213): include('C:\\xampp\\htdocs\\bi-parking\\app\\Views\\r_keuangan\\transaksi_riwayat.php')
 3 SYSTEMPATH\View\View.php(216): CodeIgniter\View\View->CodeIgniter\View\{closure}()
 4 SYSTEMPATH\Common.php(1184): CodeIgniter\View\View->render('r_keuangan/transaksi_riwayat', [], true)
 5 APPPATH\Controllers\Keuangan\Transaksi.php(188): view('r_keuangan/transaksi_riwayat', [...])
 6 SYSTEMPATH\CodeIgniter.php(934): App\Controllers\Keuangan\Transaksi->riwayat()
 7 SYSTEMPATH\CodeIgniter.php(499): CodeIgniter\CodeIgniter->runController(Object(App\Controllers\Keuangan\Transaksi))
 8 SYSTEMPATH\CodeIgniter.php(368): CodeIgniter\CodeIgniter->handleRequest(null, Object(Config\Cache), false)
 9 FCPATH\index.php(67): CodeIgniter\CodeIgniter->run()
INFO - 2023-07-17 00:00:40 --> Session: Class initialized using 'CodeIgniter\Session\Handlers\FileHandler' driver.
CRITICAL - 2023-07-17 00:00:40 --> Undefined array key "transaksi"
in APPPATH\Views\r_keuangan\transaksi_riwayat.php on line 83.
 1 APPPATH\Views\r_keuangan\transaksi_riwayat.php(83): CodeIgniter\Debug\Exceptions->errorHandler(2, 'Undefined array key "transaksi"', 'C:\\xampp\\htdocs\\bi-parking\\app\\Views\\r_keuangan\\transaksi_riwayat.php', 83)
 2 SYSTEMPATH\View\View.php(213): include('C:\\xampp\\htdocs\\bi-parking\\app\\Views\\r_keuangan\\transaksi_riwayat.php')
 3 SYSTEMPATH\View\View.php(216): CodeIgniter\View\View->CodeIgniter\View\{closure}()
 4 SYSTEMPATH\Common.php(1184): CodeIgniter\View\View->render('r_keuangan/transaksi_riwayat', [], true)
 5 APPPATH\Controllers\Keuangan\Transaksi.php(188): view('r_keuangan/transaksi_riwayat', [...])
 6 SYSTEMPATH\CodeIgniter.php(934): App\Controllers\Keuangan\Transaksi->riwayat()
 7 SYSTEMPATH\CodeIgniter.php(499): CodeIgniter\CodeIgniter->runController(Object(App\Controllers\Keuangan\Transaksi))
 8 SYSTEMPATH\CodeIgniter.php(368): CodeIgniter\CodeIgniter->handleRequest(null, Object(Config\Cache), false)
 9 FCPATH\index.php(67): CodeIgniter\CodeIgniter->run()
INFO - 2023-07-17 00:01:30 --> Session: Class initialized using 'CodeIgniter\Session\Handlers\FileHandler' driver.
INFO - 2023-07-17 00:04:15 --> Session: Class initialized using 'CodeIgniter\Session\Handlers\FileHandler' driver.
ERROR - 2023-07-17 00:04:15 --> mysqli_sql_exception: You have an error in your SQL syntax; check the manual that corresponds to your MariaDB server version for the right syntax to use near '.`npm`)' at line 3 in C:\xampp\htdocs\bi-parking\system\Database\MySQLi\Connection.php:295
Stack trace:
#0 C:\xampp\htdocs\bi-parking\system\Database\MySQLi\Connection.php(295): mysqli->query('SELECT COUNT(*)...', 0)
#1 C:\xampp\htdocs\bi-parking\system\Database\BaseConnection.php(692): CodeIgniter\Database\MySQLi\Connection->execute('SELECT COUNT(*)...')
#2 C:\xampp\htdocs\bi-parking\system\Database\BaseConnection.php(606): CodeIgniter\Database\BaseConnection->simpleQuery('SELECT COUNT(*)...')
#3 C:\xampp\htdocs\bi-parking\system\Database\BaseBuilder.php(1700): CodeIgniter\Database\BaseConnection->query('SELECT COUNT(*)...', Array, false)
#4 C:\xampp\htdocs\bi-parking\system\Model.php(606): CodeIgniter\Database\BaseBuilder->countAllResults(false)
#5 C:\xampp\htdocs\bi-parking\system\BaseModel.php(1188): CodeIgniter\Model->countAllResults(false)
#6 C:\xampp\htdocs\bi-parking\app\Controllers\Keuangan\Transaksi.php(168): CodeIgniter\BaseModel->paginate(9, 'pagination')
#7 C:\xampp\htdocs\bi-parking\system\CodeIgniter.php(934): App\Controllers\Keuangan\Transaksi->riwayat()
#8 C:\xampp\htdocs\bi-parking\system\CodeIgniter.php(499): CodeIgniter\CodeIgniter->runController(Object(App\Controllers\Keuangan\Transaksi))
#9 C:\xampp\htdocs\bi-parking\system\CodeIgniter.php(368): CodeIgniter\CodeIgniter->handleRequest(NULL, Object(Config\Cache), false)
#10 C:\xampp\htdocs\ParkingManagementSystem\index.php(67): CodeIgniter\CodeIgniter->run()
#11 {main}
CRITICAL - 2023-07-17 00:04:15 --> You have an error in your SQL syntax; check the manual that corresponds to your MariaDB server version for the right syntax to use near '.`npm`)' at line 3
in SYSTEMPATH\Database\MySQLi\Connection.php on line 295.
 1 SYSTEMPATH\Database\MySQLi\Connection.php(295): mysqli->query('SELECT COUNT(*) AS `numrows`
FROM `transaksi`
JOIN `user` USING (`user`.`npm`)', 0)
 2 SYSTEMPATH\Database\BaseConnection.php(692): CodeIgniter\Database\MySQLi\Connection->execute('SELECT COUNT(*) AS `numrows`
FROM `transaksi`
JOIN `user` USING (`user`.`npm`)')
 3 SYSTEMPATH\Database\BaseConnection.php(606): CodeIgniter\Database\BaseConnection->simpleQuery('SELECT COUNT(*) AS `numrows`
FROM `transaksi`
JOIN `user` USING (`user`.`npm`)')
 4 SYSTEMPATH\Database\BaseBuilder.php(1700): CodeIgniter\Database\BaseConnection->query('SELECT COUNT(*) AS `numrows`
FROM `transaksi`
JOIN `user` USING (`user`.`npm`)', [], false)
 5 SYSTEMPATH\Model.php(606): CodeIgniter\Database\BaseBuilder->countAllResults(false)
 6 SYSTEMPATH\BaseModel.php(1188): CodeIgniter\Model->countAllResults(false)
 7 APPPATH\Controllers\Keuangan\Transaksi.php(168): CodeIgniter\BaseModel->paginate(9, 'pagination')
 8 SYSTEMPATH\CodeIgniter.php(934): App\Controllers\Keuangan\Transaksi->riwayat()
 9 SYSTEMPATH\CodeIgniter.php(499): CodeIgniter\CodeIgniter->runController(Object(App\Controllers\Keuangan\Transaksi))
10 SYSTEMPATH\CodeIgniter.php(368): CodeIgniter\CodeIgniter->handleRequest(null, Object(Config\Cache), false)
11 FCPATH\index.php(67): CodeIgniter\CodeIgniter->run()
INFO - 2023-07-17 00:04:41 --> Session: Class initialized using 'CodeIgniter\Session\Handlers\FileHandler' driver.
ERROR - 2023-07-17 00:04:41 --> mysqli_sql_exception: You have an error in your SQL syntax; check the manual that corresponds to your MariaDB server version for the right syntax to use near '.`npm`)
JOIN `jenis_transaksi` ON `jenis_transaksi`.`id_jenis_transaksi` = `t...' at line 3 in C:\xampp\htdocs\bi-parking\system\Database\MySQLi\Connection.php:295
Stack trace:
#0 C:\xampp\htdocs\bi-parking\system\Database\MySQLi\Connection.php(295): mysqli->query('SELECT COUNT(*)...', 0)
#1 C:\xampp\htdocs\bi-parking\system\Database\BaseConnection.php(692): CodeIgniter\Database\MySQLi\Connection->execute('SELECT COUNT(*)...')
#2 C:\xampp\htdocs\bi-parking\system\Database\BaseConnection.php(606): CodeIgniter\Database\BaseConnection->simpleQuery('SELECT COUNT(*)...')
#3 C:\xampp\htdocs\bi-parking\system\Database\BaseBuilder.php(1700): CodeIgniter\Database\BaseConnection->query('SELECT COUNT(*)...', Array, false)
#4 C:\xampp\htdocs\bi-parking\system\Model.php(606): CodeIgniter\Database\BaseBuilder->countAllResults(false)
#5 C:\xampp\htdocs\bi-parking\system\BaseModel.php(1188): CodeIgniter\Model->countAllResults(false)
#6 C:\xampp\htdocs\bi-parking\app\Controllers\Keuangan\Transaksi.php(175): CodeIgniter\BaseModel->paginate(9, 'pagination')
#7 C:\xampp\htdocs\bi-parking\system\CodeIgniter.php(934): App\Controllers\Keuangan\Transaksi->riwayat()
#8 C:\xampp\htdocs\bi-parking\system\CodeIgniter.php(499): CodeIgniter\CodeIgniter->runController(Object(App\Controllers\Keuangan\Transaksi))
#9 C:\xampp\htdocs\bi-parking\system\CodeIgniter.php(368): CodeIgniter\CodeIgniter->handleRequest(NULL, Object(Config\Cache), false)
#10 C:\xampp\htdocs\ParkingManagementSystem\index.php(67): CodeIgniter\CodeIgniter->run()
#11 {main}
CRITICAL - 2023-07-17 00:04:41 --> You have an error in your SQL syntax; check the manual that corresponds to your MariaDB server version for the right syntax to use near '.`npm`)
JOIN `jenis_transaksi` ON `jenis_transaksi`.`id_jenis_transaksi` = `t...' at line 3
in SYSTEMPATH\Database\MySQLi\Connection.php on line 295.
 1 SYSTEMPATH\Database\MySQLi\Connection.php(295): mysqli->query('SELECT COUNT(*) AS `numrows`
FROM `transaksi`
JOIN `user` USING (`user`.`npm`)
JOIN `jenis_transaksi` ON `jenis_transaksi`.`id_jenis_transaksi` = `transaksi`.`id_jenis_transaksi`
JOIN `status_transaksi` ON `status_transaksi`.`id_status_transaksi` = `transaksi`.`id_status_transaksi`
JOIN `jenis_pembayaran` ON `jenis_pembayaran`.`id_jenis_pembayaran` = `transaksi`.`id_jenis_pembayaran`', 0)
 2 SYSTEMPATH\Database\BaseConnection.php(692): CodeIgniter\Database\MySQLi\Connection->execute('SELECT COUNT(*) AS `numrows`
FROM `transaksi`
JOIN `user` USING (`user`.`npm`)
JOIN `jenis_transaksi` ON `jenis_transaksi`.`id_jenis_transaksi` = `transaksi`.`id_jenis_transaksi`
JOIN `status_transaksi` ON `status_transaksi`.`id_status_transaksi` = `transaksi`.`id_status_transaksi`
JOIN `jenis_pembayaran` ON `jenis_pembayaran`.`id_jenis_pembayaran` = `transaksi`.`id_jenis_pembayaran`')
 3 SYSTEMPATH\Database\BaseConnection.php(606): CodeIgniter\Database\BaseConnection->simpleQuery('SELECT COUNT(*) AS `numrows`
FROM `transaksi`
JOIN `user` USING (`user`.`npm`)
JOIN `jenis_transaksi` ON `jenis_transaksi`.`id_jenis_transaksi` = `transaksi`.`id_jenis_transaksi`
JOIN `status_transaksi` ON `status_transaksi`.`id_status_transaksi` = `transaksi`.`id_status_transaksi`
JOIN `jenis_pembayaran` ON `jenis_pembayaran`.`id_jenis_pembayaran` = `transaksi`.`id_jenis_pembayaran`')
 4 SYSTEMPATH\Database\BaseBuilder.php(1700): CodeIgniter\Database\BaseConnection->query('SELECT COUNT(*) AS `numrows`
FROM `transaksi`
JOIN `user` USING (`user`.`npm`)
JOIN `jenis_transaksi` ON `jenis_transaksi`.`id_jenis_transaksi` = `transaksi`.`id_jenis_transaksi`
JOIN `status_transaksi` ON `status_transaksi`.`id_status_transaksi` = `transaksi`.`id_status_transaksi`
JOIN `jenis_pembayaran` ON `jenis_pembayaran`.`id_jenis_pembayaran` = `transaksi`.`id_jenis_pembayaran`', [], false)
 5 SYSTEMPATH\Model.php(606): CodeIgniter\Database\BaseBuilder->countAllResults(false)
 6 SYSTEMPATH\BaseModel.php(1188): CodeIgniter\Model->countAllResults(false)
 7 APPPATH\Controllers\Keuangan\Transaksi.php(175): CodeIgniter\BaseModel->paginate(9, 'pagination')
 8 SYSTEMPATH\CodeIgniter.php(934): App\Controllers\Keuangan\Transaksi->riwayat()
 9 SYSTEMPATH\CodeIgniter.php(499): CodeIgniter\CodeIgniter->runController(Object(App\Controllers\Keuangan\Transaksi))
10 SYSTEMPATH\CodeIgniter.php(368): CodeIgniter\CodeIgniter->handleRequest(null, Object(Config\Cache), false)
11 FCPATH\index.php(67): CodeIgniter\CodeIgniter->run()
INFO - 2023-07-17 00:05:38 --> Session: Class initialized using 'CodeIgniter\Session\Handlers\FileHandler' driver.
ERROR - 2023-07-17 00:05:38 --> mysqli_sql_exception: You have an error in your SQL syntax; check the manual that corresponds to your MariaDB server version for the right syntax to use near '.`id_role`)
WHERE `npm` = '2'
 LIMIT 1' at line 3 in C:\xampp\htdocs\bi-parking\system\Database\MySQLi\Connection.php:295
Stack trace:
#0 C:\xampp\htdocs\bi-parking\system\Database\MySQLi\Connection.php(295): mysqli->query('SELECT *\nFROM `...', 0)
#1 C:\xampp\htdocs\bi-parking\system\Database\BaseConnection.php(692): CodeIgniter\Database\MySQLi\Connection->execute('SELECT *\nFROM `...')
#2 C:\xampp\htdocs\bi-parking\system\Database\BaseConnection.php(606): CodeIgniter\Database\BaseConnection->simpleQuery('SELECT *\nFROM `...')
#3 C:\xampp\htdocs\bi-parking\system\Database\BaseBuilder.php(1616): CodeIgniter\Database\BaseConnection->query('SELECT *\nFROM `...', Array, false)
#4 C:\xampp\htdocs\bi-parking\system\Model.php(268): CodeIgniter\Database\BaseBuilder->get()
#5 C:\xampp\htdocs\bi-parking\system\BaseModel.php(656): CodeIgniter\Model->doFirst()
#6 C:\xampp\htdocs\bi-parking\app\Controllers\Keuangan\Transaksi.php(165): CodeIgniter\BaseModel->first()
#7 C:\xampp\htdocs\bi-parking\system\CodeIgniter.php(934): App\Controllers\Keuangan\Transaksi->riwayat()
#8 C:\xampp\htdocs\bi-parking\system\CodeIgniter.php(499): CodeIgniter\CodeIgniter->runController(Object(App\Controllers\Keuangan\Transaksi))
#9 C:\xampp\htdocs\bi-parking\system\CodeIgniter.php(368): CodeIgniter\CodeIgniter->handleRequest(NULL, Object(Config\Cache), false)
#10 C:\xampp\htdocs\ParkingManagementSystem\index.php(67): CodeIgniter\CodeIgniter->run()
#11 {main}
CRITICAL - 2023-07-17 00:05:38 --> You have an error in your SQL syntax; check the manual that corresponds to your MariaDB server version for the right syntax to use near '.`id_role`)
WHERE `npm` = '2'
 LIMIT 1' at line 3
in SYSTEMPATH\Database\MySQLi\Connection.php on line 295.
 1 SYSTEMPATH\Database\MySQLi\Connection.php(295): mysqli->query('SELECT *
FROM `user`
JOIN `role` USING (`role`.`id_role`)
WHERE `npm` = \'2\'
 LIMIT 1', 0)
 2 SYSTEMPATH\Database\BaseConnection.php(692): CodeIgniter\Database\MySQLi\Connection->execute('SELECT *
FROM `user`
JOIN `role` USING (`role`.`id_role`)
WHERE `npm` = \'2\'
 LIMIT 1')
 3 SYSTEMPATH\Database\BaseConnection.php(606): CodeIgniter\Database\BaseConnection->simpleQuery('SELECT *
FROM `user`
JOIN `role` USING (`role`.`id_role`)
WHERE `npm` = \'2\'
 LIMIT 1')
 4 SYSTEMPATH\Database\BaseBuilder.php(1616): CodeIgniter\Database\BaseConnection->query('SELECT *
FROM `user`
JOIN `role` USING (`role`.`id_role`)
WHERE `npm` = :npm:
 LIMIT 1', [...], false)
 5 SYSTEMPATH\Model.php(268): CodeIgniter\Database\BaseBuilder->get()
 6 SYSTEMPATH\BaseModel.php(656): CodeIgniter\Model->doFirst()
 7 APPPATH\Controllers\Keuangan\Transaksi.php(165): CodeIgniter\BaseModel->first()
 8 SYSTEMPATH\CodeIgniter.php(934): App\Controllers\Keuangan\Transaksi->riwayat()
 9 SYSTEMPATH\CodeIgniter.php(499): CodeIgniter\CodeIgniter->runController(Object(App\Controllers\Keuangan\Transaksi))
10 SYSTEMPATH\CodeIgniter.php(368): CodeIgniter\CodeIgniter->handleRequest(null, Object(Config\Cache), false)
11 FCPATH\index.php(67): CodeIgniter\CodeIgniter->run()
INFO - 2023-07-17 00:06:03 --> Session: Class initialized using 'CodeIgniter\Session\Handlers\FileHandler' driver.
CRITICAL - 2023-07-17 00:06:03 --> Undefined array key "nama"
in APPPATH\Views\r_keuangan\transaksi_riwayat.php on line 75.
 1 APPPATH\Views\r_keuangan\transaksi_riwayat.php(75): CodeIgniter\Debug\Exceptions->errorHandler(2, 'Undefined array key "nama"', 'C:\\xampp\\htdocs\\bi-parking\\app\\Views\\r_keuangan\\transaksi_riwayat.php', 75)
 2 SYSTEMPATH\View\View.php(213): include('C:\\xampp\\htdocs\\bi-parking\\app\\Views\\r_keuangan\\transaksi_riwayat.php')
 3 SYSTEMPATH\View\View.php(216): CodeIgniter\View\View->CodeIgniter\View\{closure}()
 4 SYSTEMPATH\Common.php(1184): CodeIgniter\View\View->render('r_keuangan/transaksi_riwayat', [], true)
 5 APPPATH\Controllers\Keuangan\Transaksi.php(186): view('r_keuangan/transaksi_riwayat', [...])
 6 SYSTEMPATH\CodeIgniter.php(934): App\Controllers\Keuangan\Transaksi->riwayat()
 7 SYSTEMPATH\CodeIgniter.php(499): CodeIgniter\CodeIgniter->runController(Object(App\Controllers\Keuangan\Transaksi))
 8 SYSTEMPATH\CodeIgniter.php(368): CodeIgniter\CodeIgniter->handleRequest(null, Object(Config\Cache), false)
 9 FCPATH\index.php(67): CodeIgniter\CodeIgniter->run()
INFO - 2023-07-17 00:06:34 --> Session: Class initialized using 'CodeIgniter\Session\Handlers\FileHandler' driver.
INFO - 2023-07-17 00:07:17 --> Session: Class initialized using 'CodeIgniter\Session\Handlers\FileHandler' driver.
INFO - 2023-07-17 00:07:52 --> Session: Class initialized using 'CodeIgniter\Session\Handlers\FileHandler' driver.
CRITICAL - 2023-07-17 00:07:52 --> Undefined array key "nama"
in APPPATH\Views\r_keuangan\transaksi_riwayat.php on line 75.
 1 APPPATH\Views\r_keuangan\transaksi_riwayat.php(75): CodeIgniter\Debug\Exceptions->errorHandler(2, 'Undefined array key "nama"', 'C:\\xampp\\htdocs\\bi-parking\\app\\Views\\r_keuangan\\transaksi_riwayat.php', 75)
 2 SYSTEMPATH\View\View.php(213): include('C:\\xampp\\htdocs\\bi-parking\\app\\Views\\r_keuangan\\transaksi_riwayat.php')
 3 SYSTEMPATH\View\View.php(216): CodeIgniter\View\View->CodeIgniter\View\{closure}()
 4 SYSTEMPATH\Common.php(1184): CodeIgniter\View\View->render('r_keuangan/transaksi_riwayat', [], true)
 5 APPPATH\Controllers\Keuangan\Transaksi.php(187): view('r_keuangan/transaksi_riwayat', [...])
 6 SYSTEMPATH\CodeIgniter.php(934): App\Controllers\Keuangan\Transaksi->riwayat()
 7 SYSTEMPATH\CodeIgniter.php(499): CodeIgniter\CodeIgniter->runController(Object(App\Controllers\Keuangan\Transaksi))
 8 SYSTEMPATH\CodeIgniter.php(368): CodeIgniter\CodeIgniter->handleRequest(null, Object(Config\Cache), false)
 9 FCPATH\index.php(67): CodeIgniter\CodeIgniter->run()
INFO - 2023-07-17 00:08:27 --> Session: Class initialized using 'CodeIgniter\Session\Handlers\FileHandler' driver.
ERROR - 2023-07-17 00:08:27 --> mysqli_sql_exception: Unknown column 'user' in 'field list' in C:\xampp\htdocs\bi-parking\system\Database\MySQLi\Connection.php:295
Stack trace:
#0 C:\xampp\htdocs\bi-parking\system\Database\MySQLi\Connection.php(295): mysqli->query('SELECT `user`\nF...', 0)
#1 C:\xampp\htdocs\bi-parking\system\Database\BaseConnection.php(692): CodeIgniter\Database\MySQLi\Connection->execute('SELECT `user`\nF...')
#2 C:\xampp\htdocs\bi-parking\system\Database\BaseConnection.php(606): CodeIgniter\Database\BaseConnection->simpleQuery('SELECT `user`\nF...')
#3 C:\xampp\htdocs\bi-parking\system\Database\BaseBuilder.php(1616): CodeIgniter\Database\BaseConnection->query('SELECT `user`\nF...', Array, false)
#4 C:\xampp\htdocs\bi-parking\system\Model.php(241): CodeIgniter\Database\BaseBuilder->get()
#5 C:\xampp\htdocs\bi-parking\system\BaseModel.php(618): CodeIgniter\Model->doFindAll(9, 0)
#6 C:\xampp\htdocs\bi-parking\system\BaseModel.php(1192): CodeIgniter\BaseModel->findAll(9, 0)
#7 C:\xampp\htdocs\bi-parking\app\Controllers\Keuangan\Transaksi.php(174): CodeIgniter\BaseModel->paginate(9, 'pagination')
#8 C:\xampp\htdocs\bi-parking\system\CodeIgniter.php(934): App\Controllers\Keuangan\Transaksi->riwayat()
#9 C:\xampp\htdocs\bi-parking\system\CodeIgniter.php(499): CodeIgniter\CodeIgniter->runController(Object(App\Controllers\Keuangan\Transaksi))
#10 C:\xampp\htdocs\bi-parking\system\CodeIgniter.php(368): CodeIgniter\CodeIgniter->handleRequest(NULL, Object(Config\Cache), false)
#11 C:\xampp\htdocs\ParkingManagementSystem\index.php(67): CodeIgniter\CodeIgniter->run()
#12 {main}
CRITICAL - 2023-07-17 00:08:27 --> Unknown column 'user' in 'field list'
in SYSTEMPATH\Database\MySQLi\Connection.php on line 295.
 1 SYSTEMPATH\Database\MySQLi\Connection.php(295): mysqli->query('SELECT `user`
FROM `transaksi`
JOIN `jenis_transaksi` ON `jenis_transaksi`.`id_jenis_transaksi` = `transaksi`.`id_jenis_transaksi`
JOIN `status_transaksi` ON `status_transaksi`.`id_status_transaksi` = `transaksi`.`id_status_transaksi`
JOIN `jenis_pembayaran` ON `jenis_pembayaran`.`id_jenis_pembayaran` = `transaksi`.`id_jenis_pembayaran`
ORDER BY `transaksi`.`created_at` DESC
 LIMIT 9', 0)
 2 SYSTEMPATH\Database\BaseConnection.php(692): CodeIgniter\Database\MySQLi\Connection->execute('SELECT `user`
FROM `transaksi`
JOIN `jenis_transaksi` ON `jenis_transaksi`.`id_jenis_transaksi` = `transaksi`.`id_jenis_transaksi`
JOIN `status_transaksi` ON `status_transaksi`.`id_status_transaksi` = `transaksi`.`id_status_transaksi`
JOIN `jenis_pembayaran` ON `jenis_pembayaran`.`id_jenis_pembayaran` = `transaksi`.`id_jenis_pembayaran`
ORDER BY `transaksi`.`created_at` DESC
 LIMIT 9')
 3 SYSTEMPATH\Database\BaseConnection.php(606): CodeIgniter\Database\BaseConnection->simpleQuery('SELECT `user`
FROM `transaksi`
JOIN `jenis_transaksi` ON `jenis_transaksi`.`id_jenis_transaksi` = `transaksi`.`id_jenis_transaksi`
JOIN `status_transaksi` ON `status_transaksi`.`id_status_transaksi` = `transaksi`.`id_status_transaksi`
JOIN `jenis_pembayaran` ON `jenis_pembayaran`.`id_jenis_pembayaran` = `transaksi`.`id_jenis_pembayaran`
ORDER BY `transaksi`.`created_at` DESC
 LIMIT 9')
 4 SYSTEMPATH\Database\BaseBuilder.php(1616): CodeIgniter\Database\BaseConnection->query('SELECT `user`
FROM `transaksi`
JOIN `jenis_transaksi` ON `jenis_transaksi`.`id_jenis_transaksi` = `transaksi`.`id_jenis_transaksi`
JOIN `status_transaksi` ON `status_transaksi`.`id_status_transaksi` = `transaksi`.`id_status_transaksi`
JOIN `jenis_pembayaran` ON `jenis_pembayaran`.`id_jenis_pembayaran` = `transaksi`.`id_jenis_pembayaran`
ORDER BY `transaksi`.`created_at` DESC
 LIMIT 9', [], false)
 5 SYSTEMPATH\Model.php(241): CodeIgniter\Database\BaseBuilder->get()
 6 SYSTEMPATH\BaseModel.php(618): CodeIgniter\Model->doFindAll(9, 0)
 7 SYSTEMPATH\BaseModel.php(1192): CodeIgniter\BaseModel->findAll(9, 0)
 8 APPPATH\Controllers\Keuangan\Transaksi.php(174): CodeIgniter\BaseModel->paginate(9, 'pagination')
 9 SYSTEMPATH\CodeIgniter.php(934): App\Controllers\Keuangan\Transaksi->riwayat()
10 SYSTEMPATH\CodeIgniter.php(499): CodeIgniter\CodeIgniter->runController(Object(App\Controllers\Keuangan\Transaksi))
11 SYSTEMPATH\CodeIgniter.php(368): CodeIgniter\CodeIgniter->handleRequest(null, Object(Config\Cache), false)
12 FCPATH\index.php(67): CodeIgniter\CodeIgniter->run()
INFO - 2023-07-17 00:08:38 --> Session: Class initialized using 'CodeIgniter\Session\Handlers\FileHandler' driver.
ERROR - 2023-07-17 00:08:38 --> mysqli_sql_exception: Unknown column 'user' in 'field list' in C:\xampp\htdocs\bi-parking\system\Database\MySQLi\Connection.php:295
Stack trace:
#0 C:\xampp\htdocs\bi-parking\system\Database\MySQLi\Connection.php(295): mysqli->query('SELECT `user`\nF...', 0)
#1 C:\xampp\htdocs\bi-parking\system\Database\BaseConnection.php(692): CodeIgniter\Database\MySQLi\Connection->execute('SELECT `user`\nF...')
#2 C:\xampp\htdocs\bi-parking\system\Database\BaseConnection.php(606): CodeIgniter\Database\BaseConnection->simpleQuery('SELECT `user`\nF...')
#3 C:\xampp\htdocs\bi-parking\system\Database\BaseBuilder.php(1616): CodeIgniter\Database\BaseConnection->query('SELECT `user`\nF...', Array, false)
#4 C:\xampp\htdocs\bi-parking\system\Model.php(241): CodeIgniter\Database\BaseBuilder->get()
#5 C:\xampp\htdocs\bi-parking\system\BaseModel.php(618): CodeIgniter\Model->doFindAll(9, 0)
#6 C:\xampp\htdocs\bi-parking\system\BaseModel.php(1192): CodeIgniter\BaseModel->findAll(9, 0)
#7 C:\xampp\htdocs\bi-parking\app\Controllers\Keuangan\Transaksi.php(174): CodeIgniter\BaseModel->paginate(9, 'pagination')
#8 C:\xampp\htdocs\bi-parking\system\CodeIgniter.php(934): App\Controllers\Keuangan\Transaksi->riwayat()
#9 C:\xampp\htdocs\bi-parking\system\CodeIgniter.php(499): CodeIgniter\CodeIgniter->runController(Object(App\Controllers\Keuangan\Transaksi))
#10 C:\xampp\htdocs\bi-parking\system\CodeIgniter.php(368): CodeIgniter\CodeIgniter->handleRequest(NULL, Object(Config\Cache), false)
#11 C:\xampp\htdocs\ParkingManagementSystem\index.php(67): CodeIgniter\CodeIgniter->run()
#12 {main}
CRITICAL - 2023-07-17 00:08:38 --> Unknown column 'user' in 'field list'
in SYSTEMPATH\Database\MySQLi\Connection.php on line 295.
 1 SYSTEMPATH\Database\MySQLi\Connection.php(295): mysqli->query('SELECT `user`
FROM `transaksi`
JOIN `jenis_transaksi` ON `jenis_transaksi`.`id_jenis_transaksi` = `transaksi`.`id_jenis_transaksi`
JOIN `status_transaksi` ON `status_transaksi`.`id_status_transaksi` = `transaksi`.`id_status_transaksi`
JOIN `jenis_pembayaran` ON `jenis_pembayaran`.`id_jenis_pembayaran` = `transaksi`.`id_jenis_pembayaran`
ORDER BY `transaksi`.`created_at` DESC
 LIMIT 9', 0)
 2 SYSTEMPATH\Database\BaseConnection.php(692): CodeIgniter\Database\MySQLi\Connection->execute('SELECT `user`
FROM `transaksi`
JOIN `jenis_transaksi` ON `jenis_transaksi`.`id_jenis_transaksi` = `transaksi`.`id_jenis_transaksi`
JOIN `status_transaksi` ON `status_transaksi`.`id_status_transaksi` = `transaksi`.`id_status_transaksi`
JOIN `jenis_pembayaran` ON `jenis_pembayaran`.`id_jenis_pembayaran` = `transaksi`.`id_jenis_pembayaran`
ORDER BY `transaksi`.`created_at` DESC
 LIMIT 9')
 3 SYSTEMPATH\Database\BaseConnection.php(606): CodeIgniter\Database\BaseConnection->simpleQuery('SELECT `user`
FROM `transaksi`
JOIN `jenis_transaksi` ON `jenis_transaksi`.`id_jenis_transaksi` = `transaksi`.`id_jenis_transaksi`
JOIN `status_transaksi` ON `status_transaksi`.`id_status_transaksi` = `transaksi`.`id_status_transaksi`
JOIN `jenis_pembayaran` ON `jenis_pembayaran`.`id_jenis_pembayaran` = `transaksi`.`id_jenis_pembayaran`
ORDER BY `transaksi`.`created_at` DESC
 LIMIT 9')
 4 SYSTEMPATH\Database\BaseBuilder.php(1616): CodeIgniter\Database\BaseConnection->query('SELECT `user`
FROM `transaksi`
JOIN `jenis_transaksi` ON `jenis_transaksi`.`id_jenis_transaksi` = `transaksi`.`id_jenis_transaksi`
JOIN `status_transaksi` ON `status_transaksi`.`id_status_transaksi` = `transaksi`.`id_status_transaksi`
JOIN `jenis_pembayaran` ON `jenis_pembayaran`.`id_jenis_pembayaran` = `transaksi`.`id_jenis_pembayaran`
ORDER BY `transaksi`.`created_at` DESC
 LIMIT 9', [], false)
 5 SYSTEMPATH\Model.php(241): CodeIgniter\Database\BaseBuilder->get()
 6 SYSTEMPATH\BaseModel.php(618): CodeIgniter\Model->doFindAll(9, 0)
 7 SYSTEMPATH\BaseModel.php(1192): CodeIgniter\BaseModel->findAll(9, 0)
 8 APPPATH\Controllers\Keuangan\Transaksi.php(174): CodeIgniter\BaseModel->paginate(9, 'pagination')
 9 SYSTEMPATH\CodeIgniter.php(934): App\Controllers\Keuangan\Transaksi->riwayat()
10 SYSTEMPATH\CodeIgniter.php(499): CodeIgniter\CodeIgniter->runController(Object(App\Controllers\Keuangan\Transaksi))
11 SYSTEMPATH\CodeIgniter.php(368): CodeIgniter\CodeIgniter->handleRequest(null, Object(Config\Cache), false)
12 FCPATH\index.php(67): CodeIgniter\CodeIgniter->run()
INFO - 2023-07-17 00:10:54 --> Session: Class initialized using 'CodeIgniter\Session\Handlers\FileHandler' driver.
CRITICAL - 2023-07-17 00:10:54 --> Undefined array key "nama"
in APPPATH\Views\r_keuangan\transaksi_riwayat.php on line 75.
 1 APPPATH\Views\r_keuangan\transaksi_riwayat.php(75): CodeIgniter\Debug\Exceptions->errorHandler(2, 'Undefined array key "nama"', 'C:\\xampp\\htdocs\\bi-parking\\app\\Views\\r_keuangan\\transaksi_riwayat.php', 75)
 2 SYSTEMPATH\View\View.php(213): include('C:\\xampp\\htdocs\\bi-parking\\app\\Views\\r_keuangan\\transaksi_riwayat.php')
 3 SYSTEMPATH\View\View.php(216): CodeIgniter\View\View->CodeIgniter\View\{closure}()
 4 SYSTEMPATH\Common.php(1184): CodeIgniter\View\View->render('r_keuangan/transaksi_riwayat', [], true)
 5 APPPATH\Controllers\Keuangan\Transaksi.php(188): view('r_keuangan/transaksi_riwayat', [...])
 6 SYSTEMPATH\CodeIgniter.php(934): App\Controllers\Keuangan\Transaksi->riwayat()
 7 SYSTEMPATH\CodeIgniter.php(499): CodeIgniter\CodeIgniter->runController(Object(App\Controllers\Keuangan\Transaksi))
 8 SYSTEMPATH\CodeIgniter.php(368): CodeIgniter\CodeIgniter->handleRequest(null, Object(Config\Cache), false)
 9 FCPATH\index.php(67): CodeIgniter\CodeIgniter->run()
INFO - 2023-07-17 00:11:08 --> Session: Class initialized using 'CodeIgniter\Session\Handlers\FileHandler' driver.
CRITICAL - 2023-07-17 00:11:08 --> Undefined array key "nama"
in APPPATH\Views\r_keuangan\transaksi_riwayat.php on line 75.
 1 APPPATH\Views\r_keuangan\transaksi_riwayat.php(75): CodeIgniter\Debug\Exceptions->errorHandler(2, 'Undefined array key "nama"', 'C:\\xampp\\htdocs\\bi-parking\\app\\Views\\r_keuangan\\transaksi_riwayat.php', 75)
 2 SYSTEMPATH\View\View.php(213): include('C:\\xampp\\htdocs\\bi-parking\\app\\Views\\r_keuangan\\transaksi_riwayat.php')
 3 SYSTEMPATH\View\View.php(216): CodeIgniter\View\View->CodeIgniter\View\{closure}()
 4 SYSTEMPATH\Common.php(1184): CodeIgniter\View\View->render('r_keuangan/transaksi_riwayat', [], true)
 5 APPPATH\Controllers\Keuangan\Transaksi.php(188): view('r_keuangan/transaksi_riwayat', [...])
 6 SYSTEMPATH\CodeIgniter.php(934): App\Controllers\Keuangan\Transaksi->riwayat()
 7 SYSTEMPATH\CodeIgniter.php(499): CodeIgniter\CodeIgniter->runController(Object(App\Controllers\Keuangan\Transaksi))
 8 SYSTEMPATH\CodeIgniter.php(368): CodeIgniter\CodeIgniter->handleRequest(null, Object(Config\Cache), false)
 9 FCPATH\index.php(67): CodeIgniter\CodeIgniter->run()
INFO - 2023-07-17 00:13:40 --> Session: Class initialized using 'CodeIgniter\Session\Handlers\FileHandler' driver.
CRITICAL - 2023-07-17 00:13:40 --> Undefined array key "nama"
in APPPATH\Views\r_keuangan\transaksi_riwayat.php on line 75.
 1 APPPATH\Views\r_keuangan\transaksi_riwayat.php(75): CodeIgniter\Debug\Exceptions->errorHandler(2, 'Undefined array key "nama"', 'C:\\xampp\\htdocs\\bi-parking\\app\\Views\\r_keuangan\\transaksi_riwayat.php', 75)
 2 SYSTEMPATH\View\View.php(213): include('C:\\xampp\\htdocs\\bi-parking\\app\\Views\\r_keuangan\\transaksi_riwayat.php')
 3 SYSTEMPATH\View\View.php(216): CodeIgniter\View\View->CodeIgniter\View\{closure}()
 4 SYSTEMPATH\Common.php(1184): CodeIgniter\View\View->render('r_keuangan/transaksi_riwayat', [], true)
 5 APPPATH\Controllers\Keuangan\Transaksi.php(189): view('r_keuangan/transaksi_riwayat', [...])
 6 SYSTEMPATH\CodeIgniter.php(934): App\Controllers\Keuangan\Transaksi->riwayat()
 7 SYSTEMPATH\CodeIgniter.php(499): CodeIgniter\CodeIgniter->runController(Object(App\Controllers\Keuangan\Transaksi))
 8 SYSTEMPATH\CodeIgniter.php(368): CodeIgniter\CodeIgniter->handleRequest(null, Object(Config\Cache), false)
 9 FCPATH\index.php(67): CodeIgniter\CodeIgniter->run()
INFO - 2023-07-17 00:13:41 --> Session: Class initialized using 'CodeIgniter\Session\Handlers\FileHandler' driver.
CRITICAL - 2023-07-17 00:13:41 --> Undefined array key "nama"
in APPPATH\Views\r_keuangan\transaksi_riwayat.php on line 75.
 1 APPPATH\Views\r_keuangan\transaksi_riwayat.php(75): CodeIgniter\Debug\Exceptions->errorHandler(2, 'Undefined array key "nama"', 'C:\\xampp\\htdocs\\bi-parking\\app\\Views\\r_keuangan\\transaksi_riwayat.php', 75)
 2 SYSTEMPATH\View\View.php(213): include('C:\\xampp\\htdocs\\bi-parking\\app\\Views\\r_keuangan\\transaksi_riwayat.php')
 3 SYSTEMPATH\View\View.php(216): CodeIgniter\View\View->CodeIgniter\View\{closure}()
 4 SYSTEMPATH\Common.php(1184): CodeIgniter\View\View->render('r_keuangan/transaksi_riwayat', [], true)
 5 APPPATH\Controllers\Keuangan\Transaksi.php(189): view('r_keuangan/transaksi_riwayat', [...])
 6 SYSTEMPATH\CodeIgniter.php(934): App\Controllers\Keuangan\Transaksi->riwayat()
 7 SYSTEMPATH\CodeIgniter.php(499): CodeIgniter\CodeIgniter->runController(Object(App\Controllers\Keuangan\Transaksi))
 8 SYSTEMPATH\CodeIgniter.php(368): CodeIgniter\CodeIgniter->handleRequest(null, Object(Config\Cache), false)
 9 FCPATH\index.php(67): CodeIgniter\CodeIgniter->run()
INFO - 2023-07-17 00:13:41 --> Session: Class initialized using 'CodeIgniter\Session\Handlers\FileHandler' driver.
CRITICAL - 2023-07-17 00:13:41 --> Undefined array key "nama"
in APPPATH\Views\r_keuangan\transaksi_riwayat.php on line 75.
 1 APPPATH\Views\r_keuangan\transaksi_riwayat.php(75): CodeIgniter\Debug\Exceptions->errorHandler(2, 'Undefined array key "nama"', 'C:\\xampp\\htdocs\\bi-parking\\app\\Views\\r_keuangan\\transaksi_riwayat.php', 75)
 2 SYSTEMPATH\View\View.php(213): include('C:\\xampp\\htdocs\\bi-parking\\app\\Views\\r_keuangan\\transaksi_riwayat.php')
 3 SYSTEMPATH\View\View.php(216): CodeIgniter\View\View->CodeIgniter\View\{closure}()
 4 SYSTEMPATH\Common.php(1184): CodeIgniter\View\View->render('r_keuangan/transaksi_riwayat', [], true)
 5 APPPATH\Controllers\Keuangan\Transaksi.php(189): view('r_keuangan/transaksi_riwayat', [...])
 6 SYSTEMPATH\CodeIgniter.php(934): App\Controllers\Keuangan\Transaksi->riwayat()
 7 SYSTEMPATH\CodeIgniter.php(499): CodeIgniter\CodeIgniter->runController(Object(App\Controllers\Keuangan\Transaksi))
 8 SYSTEMPATH\CodeIgniter.php(368): CodeIgniter\CodeIgniter->handleRequest(null, Object(Config\Cache), false)
 9 FCPATH\index.php(67): CodeIgniter\CodeIgniter->run()
INFO - 2023-07-17 00:13:42 --> Session: Class initialized using 'CodeIgniter\Session\Handlers\FileHandler' driver.
CRITICAL - 2023-07-17 00:13:42 --> Undefined array key "nama"
in APPPATH\Views\r_keuangan\transaksi_riwayat.php on line 75.
 1 APPPATH\Views\r_keuangan\transaksi_riwayat.php(75): CodeIgniter\Debug\Exceptions->errorHandler(2, 'Undefined array key "nama"', 'C:\\xampp\\htdocs\\bi-parking\\app\\Views\\r_keuangan\\transaksi_riwayat.php', 75)
 2 SYSTEMPATH\View\View.php(213): include('C:\\xampp\\htdocs\\bi-parking\\app\\Views\\r_keuangan\\transaksi_riwayat.php')
 3 SYSTEMPATH\View\View.php(216): CodeIgniter\View\View->CodeIgniter\View\{closure}()
 4 SYSTEMPATH\Common.php(1184): CodeIgniter\View\View->render('r_keuangan/transaksi_riwayat', [], true)
 5 APPPATH\Controllers\Keuangan\Transaksi.php(189): view('r_keuangan/transaksi_riwayat', [...])
 6 SYSTEMPATH\CodeIgniter.php(934): App\Controllers\Keuangan\Transaksi->riwayat()
 7 SYSTEMPATH\CodeIgniter.php(499): CodeIgniter\CodeIgniter->runController(Object(App\Controllers\Keuangan\Transaksi))
 8 SYSTEMPATH\CodeIgniter.php(368): CodeIgniter\CodeIgniter->handleRequest(null, Object(Config\Cache), false)
 9 FCPATH\index.php(67): CodeIgniter\CodeIgniter->run()
INFO - 2023-07-17 00:13:42 --> Session: Class initialized using 'CodeIgniter\Session\Handlers\FileHandler' driver.
CRITICAL - 2023-07-17 00:13:42 --> Undefined array key "nama"
in APPPATH\Views\r_keuangan\transaksi_riwayat.php on line 75.
 1 APPPATH\Views\r_keuangan\transaksi_riwayat.php(75): CodeIgniter\Debug\Exceptions->errorHandler(2, 'Undefined array key "nama"', 'C:\\xampp\\htdocs\\bi-parking\\app\\Views\\r_keuangan\\transaksi_riwayat.php', 75)
 2 SYSTEMPATH\View\View.php(213): include('C:\\xampp\\htdocs\\bi-parking\\app\\Views\\r_keuangan\\transaksi_riwayat.php')
 3 SYSTEMPATH\View\View.php(216): CodeIgniter\View\View->CodeIgniter\View\{closure}()
 4 SYSTEMPATH\Common.php(1184): CodeIgniter\View\View->render('r_keuangan/transaksi_riwayat', [], true)
 5 APPPATH\Controllers\Keuangan\Transaksi.php(189): view('r_keuangan/transaksi_riwayat', [...])
 6 SYSTEMPATH\CodeIgniter.php(934): App\Controllers\Keuangan\Transaksi->riwayat()
 7 SYSTEMPATH\CodeIgniter.php(499): CodeIgniter\CodeIgniter->runController(Object(App\Controllers\Keuangan\Transaksi))
 8 SYSTEMPATH\CodeIgniter.php(368): CodeIgniter\CodeIgniter->handleRequest(null, Object(Config\Cache), false)
 9 FCPATH\index.php(67): CodeIgniter\CodeIgniter->run()
INFO - 2023-07-17 00:13:55 --> Session: Class initialized using 'CodeIgniter\Session\Handlers\FileHandler' driver.
CRITICAL - 2023-07-17 00:13:55 --> Undefined array key "nama_jenis_transaksi"
in APPPATH\Views\r_keuangan\transaksi_riwayat.php on line 78.
 1 APPPATH\Views\r_keuangan\transaksi_riwayat.php(78): CodeIgniter\Debug\Exceptions->errorHandler(2, 'Undefined array key "nama_jenis_transaksi"', 'C:\\xampp\\htdocs\\bi-parking\\app\\Views\\r_keuangan\\transaksi_riwayat.php', 78)
 2 SYSTEMPATH\View\View.php(213): include('C:\\xampp\\htdocs\\bi-parking\\app\\Views\\r_keuangan\\transaksi_riwayat.php')
 3 SYSTEMPATH\View\View.php(216): CodeIgniter\View\View->CodeIgniter\View\{closure}()
 4 SYSTEMPATH\Common.php(1184): CodeIgniter\View\View->render('r_keuangan/transaksi_riwayat', [], true)
 5 APPPATH\Controllers\Keuangan\Transaksi.php(189): view('r_keuangan/transaksi_riwayat', [...])
 6 SYSTEMPATH\CodeIgniter.php(934): App\Controllers\Keuangan\Transaksi->riwayat()
 7 SYSTEMPATH\CodeIgniter.php(499): CodeIgniter\CodeIgniter->runController(Object(App\Controllers\Keuangan\Transaksi))
 8 SYSTEMPATH\CodeIgniter.php(368): CodeIgniter\CodeIgniter->handleRequest(null, Object(Config\Cache), false)
 9 FCPATH\index.php(67): CodeIgniter\CodeIgniter->run()
INFO - 2023-07-17 00:14:16 --> Session: Class initialized using 'CodeIgniter\Session\Handlers\FileHandler' driver.
INFO - 2023-07-17 00:14:47 --> Session: Class initialized using 'CodeIgniter\Session\Handlers\FileHandler' driver.
INFO - 2023-07-17 00:14:53 --> Session: Class initialized using 'CodeIgniter\Session\Handlers\FileHandler' driver.
INFO - 2023-07-17 00:14:57 --> Session: Class initialized using 'CodeIgniter\Session\Handlers\FileHandler' driver.
INFO - 2023-07-17 00:14:58 --> Session: Class initialized using 'CodeIgniter\Session\Handlers\FileHandler' driver.
INFO - 2023-07-17 00:17:21 --> Session: Class initialized using 'CodeIgniter\Session\Handlers\FileHandler' driver.
CRITICAL - 2023-07-17 00:17:21 --> Cannot use object of type App\Models\UserModel as array
in APPPATH\Views\r_keuangan\transaksi_riwayat.php on line 75.
 1 SYSTEMPATH\View\View.php(213): include()
 2 SYSTEMPATH\View\View.php(216): CodeIgniter\View\View->CodeIgniter\View\{closure}()
 3 SYSTEMPATH\Common.php(1184): CodeIgniter\View\View->render('r_keuangan/transaksi_riwayat', [], true)
 4 APPPATH\Controllers\Keuangan\Transaksi.php(188): view('r_keuangan/transaksi_riwayat', [...])
 5 SYSTEMPATH\CodeIgniter.php(934): App\Controllers\Keuangan\Transaksi->riwayat()
 6 SYSTEMPATH\CodeIgniter.php(499): CodeIgniter\CodeIgniter->runController(Object(App\Controllers\Keuangan\Transaksi))
 7 SYSTEMPATH\CodeIgniter.php(368): CodeIgniter\CodeIgniter->handleRequest(null, Object(Config\Cache), false)
 8 FCPATH\index.php(67): CodeIgniter\CodeIgniter->run()
INFO - 2023-07-17 00:18:00 --> Session: Class initialized using 'CodeIgniter\Session\Handlers\FileHandler' driver.
ERROR - 2023-07-17 00:18:00 --> mysqli_sql_exception: Not unique table/alias: 'user' in C:\xampp\htdocs\bi-parking\system\Database\MySQLi\Connection.php:295
Stack trace:
#0 C:\xampp\htdocs\bi-parking\system\Database\MySQLi\Connection.php(295): mysqli->query('SELECT *\nFROM `...', 0)
#1 C:\xampp\htdocs\bi-parking\system\Database\BaseConnection.php(692): CodeIgniter\Database\MySQLi\Connection->execute('SELECT *\nFROM `...')
#2 C:\xampp\htdocs\bi-parking\system\Database\BaseConnection.php(606): CodeIgniter\Database\BaseConnection->simpleQuery('SELECT *\nFROM `...')
#3 C:\xampp\htdocs\bi-parking\system\Database\BaseBuilder.php(1616): CodeIgniter\Database\BaseConnection->query('SELECT *\nFROM `...', Array, false)
#4 C:\xampp\htdocs\bi-parking\system\Model.php(268): CodeIgniter\Database\BaseBuilder->get()
#5 C:\xampp\htdocs\bi-parking\system\BaseModel.php(656): CodeIgniter\Model->doFirst()
#6 C:\xampp\htdocs\bi-parking\app\Controllers\Keuangan\Transaksi.php(176): CodeIgniter\BaseModel->first()
#7 C:\xampp\htdocs\bi-parking\system\CodeIgniter.php(934): App\Controllers\Keuangan\Transaksi->riwayat()
#8 C:\xampp\htdocs\bi-parking\system\CodeIgniter.php(499): CodeIgniter\CodeIgniter->runController(Object(App\Controllers\Keuangan\Transaksi))
#9 C:\xampp\htdocs\bi-parking\system\CodeIgniter.php(368): CodeIgniter\CodeIgniter->handleRequest(NULL, Object(Config\Cache), false)
#10 C:\xampp\htdocs\ParkingManagementSystem\index.php(67): CodeIgniter\CodeIgniter->run()
#11 {main}
CRITICAL - 2023-07-17 00:18:00 --> Not unique table/alias: 'user'
in SYSTEMPATH\Database\MySQLi\Connection.php on line 295.
 1 SYSTEMPATH\Database\MySQLi\Connection.php(295): mysqli->query('SELECT *
FROM `user`
JOIN `user` ON `user`.`nama`= `transaksi`.`npm`
 LIMIT 1', 0)
 2 SYSTEMPATH\Database\BaseConnection.php(692): CodeIgniter\Database\MySQLi\Connection->execute('SELECT *
FROM `user`
JOIN `user` ON `user`.`nama`= `transaksi`.`npm`
 LIMIT 1')
 3 SYSTEMPATH\Database\BaseConnection.php(606): CodeIgniter\Database\BaseConnection->simpleQuery('SELECT *
FROM `user`
JOIN `user` ON `user`.`nama`= `transaksi`.`npm`
 LIMIT 1')
 4 SYSTEMPATH\Database\BaseBuilder.php(1616): CodeIgniter\Database\BaseConnection->query('SELECT *
FROM `user`
JOIN `user` ON `user`.`nama`= `transaksi`.`npm`
 LIMIT 1', [], false)
 5 SYSTEMPATH\Model.php(268): CodeIgniter\Database\BaseBuilder->get()
 6 SYSTEMPATH\BaseModel.php(656): CodeIgniter\Model->doFirst()
 7 APPPATH\Controllers\Keuangan\Transaksi.php(176): CodeIgniter\BaseModel->first()
 8 SYSTEMPATH\CodeIgniter.php(934): App\Controllers\Keuangan\Transaksi->riwayat()
 9 SYSTEMPATH\CodeIgniter.php(499): CodeIgniter\CodeIgniter->runController(Object(App\Controllers\Keuangan\Transaksi))
10 SYSTEMPATH\CodeIgniter.php(368): CodeIgniter\CodeIgniter->handleRequest(null, Object(Config\Cache), false)
11 FCPATH\index.php(67): CodeIgniter\CodeIgniter->run()
INFO - 2023-07-17 00:18:01 --> Session: Class initialized using 'CodeIgniter\Session\Handlers\FileHandler' driver.
ERROR - 2023-07-17 00:18:01 --> mysqli_sql_exception: Not unique table/alias: 'user' in C:\xampp\htdocs\bi-parking\system\Database\MySQLi\Connection.php:295
Stack trace:
#0 C:\xampp\htdocs\bi-parking\system\Database\MySQLi\Connection.php(295): mysqli->query('SELECT *\nFROM `...', 0)
#1 C:\xampp\htdocs\bi-parking\system\Database\BaseConnection.php(692): CodeIgniter\Database\MySQLi\Connection->execute('SELECT *\nFROM `...')
#2 C:\xampp\htdocs\bi-parking\system\Database\BaseConnection.php(606): CodeIgniter\Database\BaseConnection->simpleQuery('SELECT *\nFROM `...')
#3 C:\xampp\htdocs\bi-parking\system\Database\BaseBuilder.php(1616): CodeIgniter\Database\BaseConnection->query('SELECT *\nFROM `...', Array, false)
#4 C:\xampp\htdocs\bi-parking\system\Model.php(268): CodeIgniter\Database\BaseBuilder->get()
#5 C:\xampp\htdocs\bi-parking\system\BaseModel.php(656): CodeIgniter\Model->doFirst()
#6 C:\xampp\htdocs\bi-parking\app\Controllers\Keuangan\Transaksi.php(176): CodeIgniter\BaseModel->first()
#7 C:\xampp\htdocs\bi-parking\system\CodeIgniter.php(934): App\Controllers\Keuangan\Transaksi->riwayat()
#8 C:\xampp\htdocs\bi-parking\system\CodeIgniter.php(499): CodeIgniter\CodeIgniter->runController(Object(App\Controllers\Keuangan\Transaksi))
#9 C:\xampp\htdocs\bi-parking\system\CodeIgniter.php(368): CodeIgniter\CodeIgniter->handleRequest(NULL, Object(Config\Cache), false)
#10 C:\xampp\htdocs\ParkingManagementSystem\index.php(67): CodeIgniter\CodeIgniter->run()
#11 {main}
CRITICAL - 2023-07-17 00:18:01 --> Not unique table/alias: 'user'
in SYSTEMPATH\Database\MySQLi\Connection.php on line 295.
 1 SYSTEMPATH\Database\MySQLi\Connection.php(295): mysqli->query('SELECT *
FROM `user`
JOIN `user` ON `user`.`nama`= `transaksi`.`npm`
 LIMIT 1', 0)
 2 SYSTEMPATH\Database\BaseConnection.php(692): CodeIgniter\Database\MySQLi\Connection->execute('SELECT *
FROM `user`
JOIN `user` ON `user`.`nama`= `transaksi`.`npm`
 LIMIT 1')
 3 SYSTEMPATH\Database\BaseConnection.php(606): CodeIgniter\Database\BaseConnection->simpleQuery('SELECT *
FROM `user`
JOIN `user` ON `user`.`nama`= `transaksi`.`npm`
 LIMIT 1')
 4 SYSTEMPATH\Database\BaseBuilder.php(1616): CodeIgniter\Database\BaseConnection->query('SELECT *
FROM `user`
JOIN `user` ON `user`.`nama`= `transaksi`.`npm`
 LIMIT 1', [], false)
 5 SYSTEMPATH\Model.php(268): CodeIgniter\Database\BaseBuilder->get()
 6 SYSTEMPATH\BaseModel.php(656): CodeIgniter\Model->doFirst()
 7 APPPATH\Controllers\Keuangan\Transaksi.php(176): CodeIgniter\BaseModel->first()
 8 SYSTEMPATH\CodeIgniter.php(934): App\Controllers\Keuangan\Transaksi->riwayat()
 9 SYSTEMPATH\CodeIgniter.php(499): CodeIgniter\CodeIgniter->runController(Object(App\Controllers\Keuangan\Transaksi))
10 SYSTEMPATH\CodeIgniter.php(368): CodeIgniter\CodeIgniter->handleRequest(null, Object(Config\Cache), false)
11 FCPATH\index.php(67): CodeIgniter\CodeIgniter->run()
INFO - 2023-07-17 00:18:18 --> Session: Class initialized using 'CodeIgniter\Session\Handlers\FileHandler' driver.
CRITICAL - 2023-07-17 00:18:18 --> Cannot use object of type App\Models\TransaksiModel as array
in APPPATH\Views\r_keuangan\transaksi_riwayat.php on line 75.
 1 SYSTEMPATH\View\View.php(213): include()
 2 SYSTEMPATH\View\View.php(216): CodeIgniter\View\View->CodeIgniter\View\{closure}()
 3 SYSTEMPATH\Common.php(1184): CodeIgniter\View\View->render('r_keuangan/transaksi_riwayat', [], true)
 4 APPPATH\Controllers\Keuangan\Transaksi.php(189): view('r_keuangan/transaksi_riwayat', [...])
 5 SYSTEMPATH\CodeIgniter.php(934): App\Controllers\Keuangan\Transaksi->riwayat()
 6 SYSTEMPATH\CodeIgniter.php(499): CodeIgniter\CodeIgniter->runController(Object(App\Controllers\Keuangan\Transaksi))
 7 SYSTEMPATH\CodeIgniter.php(368): CodeIgniter\CodeIgniter->handleRequest(null, Object(Config\Cache), false)
 8 FCPATH\index.php(67): CodeIgniter\CodeIgniter->run()
INFO - 2023-07-17 00:18:19 --> Session: Class initialized using 'CodeIgniter\Session\Handlers\FileHandler' driver.
CRITICAL - 2023-07-17 00:18:19 --> Cannot use object of type App\Models\TransaksiModel as array
in APPPATH\Views\r_keuangan\transaksi_riwayat.php on line 75.
 1 SYSTEMPATH\View\View.php(213): include()
 2 SYSTEMPATH\View\View.php(216): CodeIgniter\View\View->CodeIgniter\View\{closure}()
 3 SYSTEMPATH\Common.php(1184): CodeIgniter\View\View->render('r_keuangan/transaksi_riwayat', [], true)
 4 APPPATH\Controllers\Keuangan\Transaksi.php(189): view('r_keuangan/transaksi_riwayat', [...])
 5 SYSTEMPATH\CodeIgniter.php(934): App\Controllers\Keuangan\Transaksi->riwayat()
 6 SYSTEMPATH\CodeIgniter.php(499): CodeIgniter\CodeIgniter->runController(Object(App\Controllers\Keuangan\Transaksi))
 7 SYSTEMPATH\CodeIgniter.php(368): CodeIgniter\CodeIgniter->handleRequest(null, Object(Config\Cache), false)
 8 FCPATH\index.php(67): CodeIgniter\CodeIgniter->run()
INFO - 2023-07-17 00:23:13 --> Session: Class initialized using 'CodeIgniter\Session\Handlers\FileHandler' driver.
CRITICAL - 2023-07-17 00:23:13 --> Trying to access array offset on value of type null
in APPPATH\Views\r_keuangan\transaksi_riwayat.php on line 74.
 1 APPPATH\Views\r_keuangan\transaksi_riwayat.php(74): CodeIgniter\Debug\Exceptions->errorHandler(2, 'Trying to access array offset on value of type null', 'C:\\xampp\\htdocs\\bi-parking\\app\\Views\\r_keuangan\\transaksi_riwayat.php', 74)
 2 SYSTEMPATH\View\View.php(213): include('C:\\xampp\\htdocs\\bi-parking\\app\\Views\\r_keuangan\\transaksi_riwayat.php')
 3 SYSTEMPATH\View\View.php(216): CodeIgniter\View\View->CodeIgniter\View\{closure}()
 4 SYSTEMPATH\Common.php(1184): CodeIgniter\View\View->render('r_keuangan/transaksi_riwayat', [], true)
 5 APPPATH\Controllers\Keuangan\Transaksi.php(189): view('r_keuangan/transaksi_riwayat', [...])
 6 SYSTEMPATH\CodeIgniter.php(934): App\Controllers\Keuangan\Transaksi->riwayat()
 7 SYSTEMPATH\CodeIgniter.php(499): CodeIgniter\CodeIgniter->runController(Object(App\Controllers\Keuangan\Transaksi))
 8 SYSTEMPATH\CodeIgniter.php(368): CodeIgniter\CodeIgniter->handleRequest(null, Object(Config\Cache), false)
 9 FCPATH\index.php(67): CodeIgniter\CodeIgniter->run()
INFO - 2023-07-17 00:27:19 --> Session: Class initialized using 'CodeIgniter\Session\Handlers\FileHandler' driver.
CRITICAL - 2023-07-17 00:27:19 --> Trying to access array offset on value of type null
in APPPATH\Views\r_keuangan\transaksi_riwayat.php on line 74.
 1 APPPATH\Views\r_keuangan\transaksi_riwayat.php(74): CodeIgniter\Debug\Exceptions->errorHandler(2, 'Trying to access array offset on value of type null', 'C:\\xampp\\htdocs\\bi-parking\\app\\Views\\r_keuangan\\transaksi_riwayat.php', 74)
 2 SYSTEMPATH\View\View.php(213): include('C:\\xampp\\htdocs\\bi-parking\\app\\Views\\r_keuangan\\transaksi_riwayat.php')
 3 SYSTEMPATH\View\View.php(216): CodeIgniter\View\View->CodeIgniter\View\{closure}()
 4 SYSTEMPATH\Common.php(1184): CodeIgniter\View\View->render('r_keuangan/transaksi_riwayat', [], true)
 5 APPPATH\Controllers\Keuangan\Transaksi.php(188): view('r_keuangan/transaksi_riwayat', [...])
 6 SYSTEMPATH\CodeIgniter.php(934): App\Controllers\Keuangan\Transaksi->riwayat()
 7 SYSTEMPATH\CodeIgniter.php(499): CodeIgniter\CodeIgniter->runController(Object(App\Controllers\Keuangan\Transaksi))
 8 SYSTEMPATH\CodeIgniter.php(368): CodeIgniter\CodeIgniter->handleRequest(null, Object(Config\Cache), false)
 9 FCPATH\index.php(67): CodeIgniter\CodeIgniter->run()
INFO - 2023-07-17 00:27:20 --> Session: Class initialized using 'CodeIgniter\Session\Handlers\FileHandler' driver.
CRITICAL - 2023-07-17 00:27:20 --> Trying to access array offset on value of type null
in APPPATH\Views\r_keuangan\transaksi_riwayat.php on line 74.
 1 APPPATH\Views\r_keuangan\transaksi_riwayat.php(74): CodeIgniter\Debug\Exceptions->errorHandler(2, 'Trying to access array offset on value of type null', 'C:\\xampp\\htdocs\\bi-parking\\app\\Views\\r_keuangan\\transaksi_riwayat.php', 74)
 2 SYSTEMPATH\View\View.php(213): include('C:\\xampp\\htdocs\\bi-parking\\app\\Views\\r_keuangan\\transaksi_riwayat.php')
 3 SYSTEMPATH\View\View.php(216): CodeIgniter\View\View->CodeIgniter\View\{closure}()
 4 SYSTEMPATH\Common.php(1184): CodeIgniter\View\View->render('r_keuangan/transaksi_riwayat', [], true)
 5 APPPATH\Controllers\Keuangan\Transaksi.php(188): view('r_keuangan/transaksi_riwayat', [...])
 6 SYSTEMPATH\CodeIgniter.php(934): App\Controllers\Keuangan\Transaksi->riwayat()
 7 SYSTEMPATH\CodeIgniter.php(499): CodeIgniter\CodeIgniter->runController(Object(App\Controllers\Keuangan\Transaksi))
 8 SYSTEMPATH\CodeIgniter.php(368): CodeIgniter\CodeIgniter->handleRequest(null, Object(Config\Cache), false)
 9 FCPATH\index.php(67): CodeIgniter\CodeIgniter->run()
INFO - 2023-07-17 00:28:05 --> Session: Class initialized using 'CodeIgniter\Session\Handlers\FileHandler' driver.
CRITICAL - 2023-07-17 00:28:05 --> Undefined array key "nama"
in APPPATH\Views\r_keuangan\transaksi_riwayat.php on line 74.
 1 APPPATH\Views\r_keuangan\transaksi_riwayat.php(74): CodeIgniter\Debug\Exceptions->errorHandler(2, 'Undefined array key "nama"', 'C:\\xampp\\htdocs\\bi-parking\\app\\Views\\r_keuangan\\transaksi_riwayat.php', 74)
 2 SYSTEMPATH\View\View.php(213): include('C:\\xampp\\htdocs\\bi-parking\\app\\Views\\r_keuangan\\transaksi_riwayat.php')
 3 SYSTEMPATH\View\View.php(216): CodeIgniter\View\View->CodeIgniter\View\{closure}()
 4 SYSTEMPATH\Common.php(1184): CodeIgniter\View\View->render('r_keuangan/transaksi_riwayat', [], true)
 5 APPPATH\Controllers\Keuangan\Transaksi.php(185): view('r_keuangan/transaksi_riwayat', [...])
 6 SYSTEMPATH\CodeIgniter.php(934): App\Controllers\Keuangan\Transaksi->riwayat()
 7 SYSTEMPATH\CodeIgniter.php(499): CodeIgniter\CodeIgniter->runController(Object(App\Controllers\Keuangan\Transaksi))
 8 SYSTEMPATH\CodeIgniter.php(368): CodeIgniter\CodeIgniter->handleRequest(null, Object(Config\Cache), false)
 9 FCPATH\index.php(67): CodeIgniter\CodeIgniter->run()
INFO - 2023-07-17 00:28:06 --> Session: Class initialized using 'CodeIgniter\Session\Handlers\FileHandler' driver.
CRITICAL - 2023-07-17 00:28:06 --> Undefined array key "nama"
in APPPATH\Views\r_keuangan\transaksi_riwayat.php on line 74.
 1 APPPATH\Views\r_keuangan\transaksi_riwayat.php(74): CodeIgniter\Debug\Exceptions->errorHandler(2, 'Undefined array key "nama"', 'C:\\xampp\\htdocs\\bi-parking\\app\\Views\\r_keuangan\\transaksi_riwayat.php', 74)
 2 SYSTEMPATH\View\View.php(213): include('C:\\xampp\\htdocs\\bi-parking\\app\\Views\\r_keuangan\\transaksi_riwayat.php')
 3 SYSTEMPATH\View\View.php(216): CodeIgniter\View\View->CodeIgniter\View\{closure}()
 4 SYSTEMPATH\Common.php(1184): CodeIgniter\View\View->render('r_keuangan/transaksi_riwayat', [], true)
 5 APPPATH\Controllers\Keuangan\Transaksi.php(185): view('r_keuangan/transaksi_riwayat', [...])
 6 SYSTEMPATH\CodeIgniter.php(934): App\Controllers\Keuangan\Transaksi->riwayat()
 7 SYSTEMPATH\CodeIgniter.php(499): CodeIgniter\CodeIgniter->runController(Object(App\Controllers\Keuangan\Transaksi))
 8 SYSTEMPATH\CodeIgniter.php(368): CodeIgniter\CodeIgniter->handleRequest(null, Object(Config\Cache), false)
 9 FCPATH\index.php(67): CodeIgniter\CodeIgniter->run()
INFO - 2023-07-17 00:29:59 --> Session: Class initialized using 'CodeIgniter\Session\Handlers\FileHandler' driver.
CRITICAL - 2023-07-17 00:29:59 --> Cannot use object of type App\Models\UserModel as array
in APPPATH\Views\r_keuangan\transaksi_riwayat.php on line 74.
 1 SYSTEMPATH\View\View.php(213): include()
 2 SYSTEMPATH\View\View.php(216): CodeIgniter\View\View->CodeIgniter\View\{closure}()
 3 SYSTEMPATH\Common.php(1184): CodeIgniter\View\View->render('r_keuangan/transaksi_riwayat', [], true)
 4 APPPATH\Controllers\Keuangan\Transaksi.php(185): view('r_keuangan/transaksi_riwayat', [...])
 5 SYSTEMPATH\CodeIgniter.php(934): App\Controllers\Keuangan\Transaksi->riwayat()
 6 SYSTEMPATH\CodeIgniter.php(499): CodeIgniter\CodeIgniter->runController(Object(App\Controllers\Keuangan\Transaksi))
 7 SYSTEMPATH\CodeIgniter.php(368): CodeIgniter\CodeIgniter->handleRequest(null, Object(Config\Cache), false)
 8 FCPATH\index.php(67): CodeIgniter\CodeIgniter->run()
INFO - 2023-07-17 00:30:00 --> Session: Class initialized using 'CodeIgniter\Session\Handlers\FileHandler' driver.
CRITICAL - 2023-07-17 00:30:00 --> Cannot use object of type App\Models\UserModel as array
in APPPATH\Views\r_keuangan\transaksi_riwayat.php on line 74.
 1 SYSTEMPATH\View\View.php(213): include()
 2 SYSTEMPATH\View\View.php(216): CodeIgniter\View\View->CodeIgniter\View\{closure}()
 3 SYSTEMPATH\Common.php(1184): CodeIgniter\View\View->render('r_keuangan/transaksi_riwayat', [], true)
 4 APPPATH\Controllers\Keuangan\Transaksi.php(185): view('r_keuangan/transaksi_riwayat', [...])
 5 SYSTEMPATH\CodeIgniter.php(934): App\Controllers\Keuangan\Transaksi->riwayat()
 6 SYSTEMPATH\CodeIgniter.php(499): CodeIgniter\CodeIgniter->runController(Object(App\Controllers\Keuangan\Transaksi))
 7 SYSTEMPATH\CodeIgniter.php(368): CodeIgniter\CodeIgniter->handleRequest(null, Object(Config\Cache), false)
 8 FCPATH\index.php(67): CodeIgniter\CodeIgniter->run()
INFO - 2023-07-17 00:30:00 --> Session: Class initialized using 'CodeIgniter\Session\Handlers\FileHandler' driver.
CRITICAL - 2023-07-17 00:30:00 --> Cannot use object of type App\Models\UserModel as array
in APPPATH\Views\r_keuangan\transaksi_riwayat.php on line 74.
 1 SYSTEMPATH\View\View.php(213): include()
 2 SYSTEMPATH\View\View.php(216): CodeIgniter\View\View->CodeIgniter\View\{closure}()
 3 SYSTEMPATH\Common.php(1184): CodeIgniter\View\View->render('r_keuangan/transaksi_riwayat', [], true)
 4 APPPATH\Controllers\Keuangan\Transaksi.php(185): view('r_keuangan/transaksi_riwayat', [...])
 5 SYSTEMPATH\CodeIgniter.php(934): App\Controllers\Keuangan\Transaksi->riwayat()
 6 SYSTEMPATH\CodeIgniter.php(499): CodeIgniter\CodeIgniter->runController(Object(App\Controllers\Keuangan\Transaksi))
 7 SYSTEMPATH\CodeIgniter.php(368): CodeIgniter\CodeIgniter->handleRequest(null, Object(Config\Cache), false)
 8 FCPATH\index.php(67): CodeIgniter\CodeIgniter->run()
INFO - 2023-07-17 00:30:01 --> Session: Class initialized using 'CodeIgniter\Session\Handlers\FileHandler' driver.
CRITICAL - 2023-07-17 00:30:01 --> Cannot use object of type App\Models\UserModel as array
in APPPATH\Views\r_keuangan\transaksi_riwayat.php on line 74.
 1 SYSTEMPATH\View\View.php(213): include()
 2 SYSTEMPATH\View\View.php(216): CodeIgniter\View\View->CodeIgniter\View\{closure}()
 3 SYSTEMPATH\Common.php(1184): CodeIgniter\View\View->render('r_keuangan/transaksi_riwayat', [], true)
 4 APPPATH\Controllers\Keuangan\Transaksi.php(185): view('r_keuangan/transaksi_riwayat', [...])
 5 SYSTEMPATH\CodeIgniter.php(934): App\Controllers\Keuangan\Transaksi->riwayat()
 6 SYSTEMPATH\CodeIgniter.php(499): CodeIgniter\CodeIgniter->runController(Object(App\Controllers\Keuangan\Transaksi))
 7 SYSTEMPATH\CodeIgniter.php(368): CodeIgniter\CodeIgniter->handleRequest(null, Object(Config\Cache), false)
 8 FCPATH\index.php(67): CodeIgniter\CodeIgniter->run()
INFO - 2023-07-17 00:34:08 --> Session: Class initialized using 'CodeIgniter\Session\Handlers\FileHandler' driver.
INFO - 2023-07-17 00:36:29 --> Session: Class initialized using 'CodeIgniter\Session\Handlers\FileHandler' driver.
CRITICAL - 2023-07-17 00:36:29 --> Undefined array key "nama_jenis_transaksi"
in APPPATH\Views\r_keuangan\transaksi_riwayat.php on line 77.
 1 APPPATH\Views\r_keuangan\transaksi_riwayat.php(77): CodeIgniter\Debug\Exceptions->errorHandler(2, 'Undefined array key "nama_jenis_transaksi"', 'C:\\xampp\\htdocs\\bi-parking\\app\\Views\\r_keuangan\\transaksi_riwayat.php', 77)
 2 SYSTEMPATH\View\View.php(213): include('C:\\xampp\\htdocs\\bi-parking\\app\\Views\\r_keuangan\\transaksi_riwayat.php')
 3 SYSTEMPATH\View\View.php(216): CodeIgniter\View\View->CodeIgniter\View\{closure}()
 4 SYSTEMPATH\Common.php(1184): CodeIgniter\View\View->render('r_keuangan/transaksi_riwayat', [], true)
 5 APPPATH\Controllers\Keuangan\Transaksi.php(191): view('r_keuangan/transaksi_riwayat', [...])
 6 SYSTEMPATH\CodeIgniter.php(934): App\Controllers\Keuangan\Transaksi->riwayat()
 7 SYSTEMPATH\CodeIgniter.php(499): CodeIgniter\CodeIgniter->runController(Object(App\Controllers\Keuangan\Transaksi))
 8 SYSTEMPATH\CodeIgniter.php(368): CodeIgniter\CodeIgniter->handleRequest(null, Object(Config\Cache), false)
 9 FCPATH\index.php(67): CodeIgniter\CodeIgniter->run()
INFO - 2023-07-17 00:36:30 --> Session: Class initialized using 'CodeIgniter\Session\Handlers\FileHandler' driver.
CRITICAL - 2023-07-17 00:36:30 --> Undefined array key "nama_jenis_transaksi"
in APPPATH\Views\r_keuangan\transaksi_riwayat.php on line 77.
 1 APPPATH\Views\r_keuangan\transaksi_riwayat.php(77): CodeIgniter\Debug\Exceptions->errorHandler(2, 'Undefined array key "nama_jenis_transaksi"', 'C:\\xampp\\htdocs\\bi-parking\\app\\Views\\r_keuangan\\transaksi_riwayat.php', 77)
 2 SYSTEMPATH\View\View.php(213): include('C:\\xampp\\htdocs\\bi-parking\\app\\Views\\r_keuangan\\transaksi_riwayat.php')
 3 SYSTEMPATH\View\View.php(216): CodeIgniter\View\View->CodeIgniter\View\{closure}()
 4 SYSTEMPATH\Common.php(1184): CodeIgniter\View\View->render('r_keuangan/transaksi_riwayat', [], true)
 5 APPPATH\Controllers\Keuangan\Transaksi.php(191): view('r_keuangan/transaksi_riwayat', [...])
 6 SYSTEMPATH\CodeIgniter.php(934): App\Controllers\Keuangan\Transaksi->riwayat()
 7 SYSTEMPATH\CodeIgniter.php(499): CodeIgniter\CodeIgniter->runController(Object(App\Controllers\Keuangan\Transaksi))
 8 SYSTEMPATH\CodeIgniter.php(368): CodeIgniter\CodeIgniter->handleRequest(null, Object(Config\Cache), false)
 9 FCPATH\index.php(67): CodeIgniter\CodeIgniter->run()
INFO - 2023-07-17 00:37:04 --> Session: Class initialized using 'CodeIgniter\Session\Handlers\FileHandler' driver.
CRITICAL - 2023-07-17 00:37:04 --> Undefined array key "nama_status_transaksi"
in APPPATH\Views\r_keuangan\transaksi_riwayat.php on line 93.
 1 APPPATH\Views\r_keuangan\transaksi_riwayat.php(93): CodeIgniter\Debug\Exceptions->errorHandler(2, 'Undefined array key "nama_status_transaksi"', 'C:\\xampp\\htdocs\\bi-parking\\app\\Views\\r_keuangan\\transaksi_riwayat.php', 93)
 2 SYSTEMPATH\View\View.php(213): include('C:\\xampp\\htdocs\\bi-parking\\app\\Views\\r_keuangan\\transaksi_riwayat.php')
 3 SYSTEMPATH\View\View.php(216): CodeIgniter\View\View->CodeIgniter\View\{closure}()
 4 SYSTEMPATH\Common.php(1184): CodeIgniter\View\View->render('r_keuangan/transaksi_riwayat', [], true)
 5 APPPATH\Controllers\Keuangan\Transaksi.php(192): view('r_keuangan/transaksi_riwayat', [...])
 6 SYSTEMPATH\CodeIgniter.php(934): App\Controllers\Keuangan\Transaksi->riwayat()
 7 SYSTEMPATH\CodeIgniter.php(499): CodeIgniter\CodeIgniter->runController(Object(App\Controllers\Keuangan\Transaksi))
 8 SYSTEMPATH\CodeIgniter.php(368): CodeIgniter\CodeIgniter->handleRequest(null, Object(Config\Cache), false)
 9 FCPATH\index.php(67): CodeIgniter\CodeIgniter->run()
INFO - 2023-07-17 00:37:55 --> Session: Class initialized using 'CodeIgniter\Session\Handlers\FileHandler' driver.
INFO - 2023-07-17 00:38:10 --> Session: Class initialized using 'CodeIgniter\Session\Handlers\FileHandler' driver.
INFO - 2023-07-17 00:40:43 --> Session: Class initialized using 'CodeIgniter\Session\Handlers\FileHandler' driver.
INFO - 2023-07-17 00:41:20 --> Session: Class initialized using 'CodeIgniter\Session\Handlers\FileHandler' driver.
INFO - 2023-07-17 00:41:36 --> Session: Class initialized using 'CodeIgniter\Session\Handlers\FileHandler' driver.
INFO - 2023-07-17 00:42:31 --> Session: Class initialized using 'CodeIgniter\Session\Handlers\FileHandler' driver.
INFO - 2023-07-17 00:43:42 --> Session: Class initialized using 'CodeIgniter\Session\Handlers\FileHandler' driver.
INFO - 2023-07-17 00:44:02 --> Session: Class initialized using 'CodeIgniter\Session\Handlers\FileHandler' driver.
INFO - 2023-07-17 00:44:03 --> Session: Class initialized using 'CodeIgniter\Session\Handlers\FileHandler' driver.
INFO - 2023-07-17 00:44:07 --> Session: Class initialized using 'CodeIgniter\Session\Handlers\FileHandler' driver.
INFO - 2023-07-17 00:44:18 --> Session: Class initialized using 'CodeIgniter\Session\Handlers\FileHandler' driver.
INFO - 2023-07-17 00:45:00 --> Session: Class initialized using 'CodeIgniter\Session\Handlers\FileHandler' driver.
INFO - 2023-07-17 00:45:18 --> Session: Class initialized using 'CodeIgniter\Session\Handlers\FileHandler' driver.
INFO - 2023-07-17 00:45:30 --> Session: Class initialized using 'CodeIgniter\Session\Handlers\FileHandler' driver.
INFO - 2023-07-17 00:45:31 --> Session: Class initialized using 'CodeIgniter\Session\Handlers\FileHandler' driver.
INFO - 2023-07-17 00:45:49 --> Session: Class initialized using 'CodeIgniter\Session\Handlers\FileHandler' driver.
INFO - 2023-07-17 00:45:58 --> Session: Class initialized using 'CodeIgniter\Session\Handlers\FileHandler' driver.
INFO - 2023-07-17 00:45:59 --> Session: Class initialized using 'CodeIgniter\Session\Handlers\FileHandler' driver.
INFO - 2023-07-17 00:46:05 --> Session: Class initialized using 'CodeIgniter\Session\Handlers\FileHandler' driver.
INFO - 2023-07-17 00:46:24 --> Session: Class initialized using 'CodeIgniter\Session\Handlers\FileHandler' driver.
INFO - 2023-07-17 00:46:43 --> Session: Class initialized using 'CodeIgniter\Session\Handlers\FileHandler' driver.
INFO - 2023-07-17 00:48:38 --> Session: Class initialized using 'CodeIgniter\Session\Handlers\FileHandler' driver.
INFO - 2023-07-17 00:49:07 --> Session: Class initialized using 'CodeIgniter\Session\Handlers\FileHandler' driver.
INFO - 2023-07-17 00:49:45 --> Session: Class initialized using 'CodeIgniter\Session\Handlers\FileHandler' driver.
INFO - 2023-07-17 00:51:03 --> Session: Class initialized using 'CodeIgniter\Session\Handlers\FileHandler' driver.
CRITICAL - 2023-07-17 00:51:03 --> syntax error, unexpected token "endforeach", expecting "elseif" or "else" or "endif"
in APPPATH\Views\r_keuangan\transaksi_riwayat.php on line 126.
 1 SYSTEMPATH\View\View.php(216): CodeIgniter\View\View->CodeIgniter\View\{closure}()
 2 SYSTEMPATH\Common.php(1184): CodeIgniter\View\View->render('r_keuangan/transaksi_riwayat', [], true)
 3 APPPATH\Controllers\Keuangan\Transaksi.php(195): view('r_keuangan/transaksi_riwayat', [...])
 4 SYSTEMPATH\CodeIgniter.php(934): App\Controllers\Keuangan\Transaksi->riwayat()
 5 SYSTEMPATH\CodeIgniter.php(499): CodeIgniter\CodeIgniter->runController(Object(App\Controllers\Keuangan\Transaksi))
 6 SYSTEMPATH\CodeIgniter.php(368): CodeIgniter\CodeIgniter->handleRequest(null, Object(Config\Cache), false)
 7 FCPATH\index.php(67): CodeIgniter\CodeIgniter->run()
INFO - 2023-07-17 00:51:14 --> Session: Class initialized using 'CodeIgniter\Session\Handlers\FileHandler' driver.
CRITICAL - 2023-07-17 00:51:14 --> syntax error, unexpected token "endforeach", expecting "elseif" or "else" or "endif"
in APPPATH\Views\r_keuangan\transaksi_riwayat.php on line 126.
 1 SYSTEMPATH\View\View.php(216): CodeIgniter\View\View->CodeIgniter\View\{closure}()
 2 SYSTEMPATH\Common.php(1184): CodeIgniter\View\View->render('r_keuangan/transaksi_riwayat', [], true)
 3 APPPATH\Controllers\Keuangan\Transaksi.php(195): view('r_keuangan/transaksi_riwayat', [...])
 4 SYSTEMPATH\CodeIgniter.php(934): App\Controllers\Keuangan\Transaksi->riwayat()
 5 SYSTEMPATH\CodeIgniter.php(499): CodeIgniter\CodeIgniter->runController(Object(App\Controllers\Keuangan\Transaksi))
 6 SYSTEMPATH\CodeIgniter.php(368): CodeIgniter\CodeIgniter->handleRequest(null, Object(Config\Cache), false)
 7 FCPATH\index.php(67): CodeIgniter\CodeIgniter->run()
INFO - 2023-07-17 00:51:19 --> Session: Class initialized using 'CodeIgniter\Session\Handlers\FileHandler' driver.
CRITICAL - 2023-07-17 00:51:19 --> syntax error, unexpected token "endforeach", expecting "elseif" or "else" or "endif"
in APPPATH\Views\r_keuangan\transaksi_riwayat.php on line 126.
 1 SYSTEMPATH\View\View.php(216): CodeIgniter\View\View->CodeIgniter\View\{closure}()
 2 SYSTEMPATH\Common.php(1184): CodeIgniter\View\View->render('r_keuangan/transaksi_riwayat', [], true)
 3 APPPATH\Controllers\Keuangan\Transaksi.php(195): view('r_keuangan/transaksi_riwayat', [...])
 4 SYSTEMPATH\CodeIgniter.php(934): App\Controllers\Keuangan\Transaksi->riwayat()
 5 SYSTEMPATH\CodeIgniter.php(499): CodeIgniter\CodeIgniter->runController(Object(App\Controllers\Keuangan\Transaksi))
 6 SYSTEMPATH\CodeIgniter.php(368): CodeIgniter\CodeIgniter->handleRequest(null, Object(Config\Cache), false)
 7 FCPATH\index.php(67): CodeIgniter\CodeIgniter->run()
INFO - 2023-07-17 00:51:53 --> Session: Class initialized using 'CodeIgniter\Session\Handlers\FileHandler' driver.
CRITICAL - 2023-07-17 00:51:53 --> syntax error, unexpected token "endforeach", expecting "elseif" or "else" or "endif"
in APPPATH\Views\r_keuangan\transaksi_riwayat.php on line 126.
 1 SYSTEMPATH\View\View.php(216): CodeIgniter\View\View->CodeIgniter\View\{closure}()
 2 SYSTEMPATH\Common.php(1184): CodeIgniter\View\View->render('r_keuangan/transaksi_riwayat', [], true)
 3 APPPATH\Controllers\Keuangan\Transaksi.php(195): view('r_keuangan/transaksi_riwayat', [...])
 4 SYSTEMPATH\CodeIgniter.php(934): App\Controllers\Keuangan\Transaksi->riwayat()
 5 SYSTEMPATH\CodeIgniter.php(499): CodeIgniter\CodeIgniter->runController(Object(App\Controllers\Keuangan\Transaksi))
 6 SYSTEMPATH\CodeIgniter.php(368): CodeIgniter\CodeIgniter->handleRequest(null, Object(Config\Cache), false)
 7 FCPATH\index.php(67): CodeIgniter\CodeIgniter->run()
INFO - 2023-07-17 00:53:02 --> Session: Class initialized using 'CodeIgniter\Session\Handlers\FileHandler' driver.
CRITICAL - 2023-07-17 00:53:02 --> syntax error, unexpected token "endforeach", expecting "elseif" or "else" or "endif"
in APPPATH\Views\r_keuangan\transaksi_riwayat.php on line 126.
 1 SYSTEMPATH\View\View.php(216): CodeIgniter\View\View->CodeIgniter\View\{closure}()
 2 SYSTEMPATH\Common.php(1184): CodeIgniter\View\View->render('r_keuangan/transaksi_riwayat', [], true)
 3 APPPATH\Controllers\Keuangan\Transaksi.php(195): view('r_keuangan/transaksi_riwayat', [...])
 4 SYSTEMPATH\CodeIgniter.php(934): App\Controllers\Keuangan\Transaksi->riwayat()
 5 SYSTEMPATH\CodeIgniter.php(499): CodeIgniter\CodeIgniter->runController(Object(App\Controllers\Keuangan\Transaksi))
 6 SYSTEMPATH\CodeIgniter.php(368): CodeIgniter\CodeIgniter->handleRequest(null, Object(Config\Cache), false)
 7 FCPATH\index.php(67): CodeIgniter\CodeIgniter->run()
INFO - 2023-07-17 00:53:45 --> Session: Class initialized using 'CodeIgniter\Session\Handlers\FileHandler' driver.
INFO - 2023-07-17 00:54:00 --> Session: Class initialized using 'CodeIgniter\Session\Handlers\FileHandler' driver.
INFO - 2023-07-17 00:54:02 --> Session: Class initialized using 'CodeIgniter\Session\Handlers\FileHandler' driver.
INFO - 2023-07-17 00:54:05 --> Session: Class initialized using 'CodeIgniter\Session\Handlers\FileHandler' driver.
INFO - 2023-07-17 00:54:05 --> Session: Class initialized using 'CodeIgniter\Session\Handlers\FileHandler' driver.
INFO - 2023-07-17 00:54:10 --> Session: Class initialized using 'CodeIgniter\Session\Handlers\FileHandler' driver.
INFO - 2023-07-17 00:57:37 --> Session: Class initialized using 'CodeIgniter\Session\Handlers\FileHandler' driver.
INFO - 2023-07-17 00:58:16 --> Session: Class initialized using 'CodeIgniter\Session\Handlers\FileHandler' driver.
INFO - 2023-07-17 00:58:26 --> Session: Class initialized using 'CodeIgniter\Session\Handlers\FileHandler' driver.
INFO - 2023-07-17 00:59:06 --> Session: Class initialized using 'CodeIgniter\Session\Handlers\FileHandler' driver.
INFO - 2023-07-17 00:59:09 --> Session: Class initialized using 'CodeIgniter\Session\Handlers\FileHandler' driver.
INFO - 2023-07-17 00:59:15 --> Session: Class initialized using 'CodeIgniter\Session\Handlers\FileHandler' driver.
INFO - 2023-07-17 01:00:26 --> Session: Class initialized using 'CodeIgniter\Session\Handlers\FileHandler' driver.
INFO - 2023-07-17 01:01:06 --> Session: Class initialized using 'CodeIgniter\Session\Handlers\FileHandler' driver.
INFO - 2023-07-17 01:01:14 --> Session: Class initialized using 'CodeIgniter\Session\Handlers\FileHandler' driver.
INFO - 2023-07-17 01:01:14 --> Session: Class initialized using 'CodeIgniter\Session\Handlers\FileHandler' driver.
INFO - 2023-07-17 01:01:27 --> Session: Class initialized using 'CodeIgniter\Session\Handlers\FileHandler' driver.
INFO - 2023-07-17 01:01:28 --> Session: Class initialized using 'CodeIgniter\Session\Handlers\FileHandler' driver.
INFO - 2023-07-17 01:01:32 --> Session: Class initialized using 'CodeIgniter\Session\Handlers\FileHandler' driver.
INFO - 2023-07-17 01:01:32 --> Session: Class initialized using 'CodeIgniter\Session\Handlers\FileHandler' driver.
INFO - 2023-07-17 01:01:35 --> Session: Class initialized using 'CodeIgniter\Session\Handlers\FileHandler' driver.
INFO - 2023-07-17 01:01:45 --> Session: Class initialized using 'CodeIgniter\Session\Handlers\FileHandler' driver.
INFO - 2023-07-17 01:01:48 --> Session: Class initialized using 'CodeIgniter\Session\Handlers\FileHandler' driver.
INFO - 2023-07-17 01:01:50 --> Session: Class initialized using 'CodeIgniter\Session\Handlers\FileHandler' driver.
INFO - 2023-07-17 01:01:52 --> Session: Class initialized using 'CodeIgniter\Session\Handlers\FileHandler' driver.
INFO - 2023-07-17 01:01:54 --> Session: Class initialized using 'CodeIgniter\Session\Handlers\FileHandler' driver.
INFO - 2023-07-17 01:01:59 --> Session: Class initialized using 'CodeIgniter\Session\Handlers\FileHandler' driver.
INFO - 2023-07-17 01:02:15 --> Session: Class initialized using 'CodeIgniter\Session\Handlers\FileHandler' driver.
INFO - 2023-07-17 01:02:19 --> Session: Class initialized using 'CodeIgniter\Session\Handlers\FileHandler' driver.
INFO - 2023-07-17 01:02:21 --> Session: Class initialized using 'CodeIgniter\Session\Handlers\FileHandler' driver.
INFO - 2023-07-17 01:02:23 --> Session: Class initialized using 'CodeIgniter\Session\Handlers\FileHandler' driver.
INFO - 2023-07-17 01:03:35 --> Session: Class initialized using 'CodeIgniter\Session\Handlers\FileHandler' driver.
INFO - 2023-07-17 01:04:20 --> Session: Class initialized using 'CodeIgniter\Session\Handlers\FileHandler' driver.
INFO - 2023-07-17 01:04:23 --> Session: Class initialized using 'CodeIgniter\Session\Handlers\FileHandler' driver.
INFO - 2023-07-17 01:04:28 --> Session: Class initialized using 'CodeIgniter\Session\Handlers\FileHandler' driver.
INFO - 2023-07-17 01:04:45 --> Session: Class initialized using 'CodeIgniter\Session\Handlers\FileHandler' driver.
INFO - 2023-07-17 01:06:40 --> Session: Class initialized using 'CodeIgniter\Session\Handlers\FileHandler' driver.
INFO - 2023-07-17 01:06:47 --> Session: Class initialized using 'CodeIgniter\Session\Handlers\FileHandler' driver.
INFO - 2023-07-17 01:06:47 --> Session: Class initialized using 'CodeIgniter\Session\Handlers\FileHandler' driver.
INFO - 2023-07-17 01:07:04 --> Session: Class initialized using 'CodeIgniter\Session\Handlers\FileHandler' driver.
INFO - 2023-07-17 01:07:27 --> Session: Class initialized using 'CodeIgniter\Session\Handlers\FileHandler' driver.
INFO - 2023-07-17 01:07:30 --> Session: Class initialized using 'CodeIgniter\Session\Handlers\FileHandler' driver.
INFO - 2023-07-17 01:07:47 --> Session: Class initialized using 'CodeIgniter\Session\Handlers\FileHandler' driver.
INFO - 2023-07-17 01:09:09 --> Session: Class initialized using 'CodeIgniter\Session\Handlers\FileHandler' driver.
INFO - 2023-07-17 01:09:11 --> Session: Class initialized using 'CodeIgniter\Session\Handlers\FileHandler' driver.
CRITICAL - 2023-07-17 01:09:11 --> Undefined array key "email"
in APPPATH\Views\r_keuangan\cetak.php on line 49.
 1 APPPATH\Views\r_keuangan\cetak.php(49): CodeIgniter\Debug\Exceptions->errorHandler(2, 'Undefined array key "email"', 'C:\\xampp\\htdocs\\bi-parking\\app\\Views\\r_keuangan\\cetak.php', 49)
 2 SYSTEMPATH\View\View.php(213): include('C:\\xampp\\htdocs\\bi-parking\\app\\Views\\r_keuangan\\cetak.php')
 3 SYSTEMPATH\View\View.php(216): CodeIgniter\View\View->CodeIgniter\View\{closure}()
 4 SYSTEMPATH\Common.php(1184): CodeIgniter\View\View->render('r_keuangan/cetak', [], true)
 5 APPPATH\Controllers\Admin\Transaksi.php(511): view('r_keuangan/cetak', [...])
 6 SYSTEMPATH\CodeIgniter.php(934): App\Controllers\Admin\Transaksi->cetak('3')
 7 SYSTEMPATH\CodeIgniter.php(499): CodeIgniter\CodeIgniter->runController(Object(App\Controllers\Admin\Transaksi))
 8 SYSTEMPATH\CodeIgniter.php(368): CodeIgniter\CodeIgniter->handleRequest(null, Object(Config\Cache), false)
 9 FCPATH\index.php(67): CodeIgniter\CodeIgniter->run()
INFO - 2023-07-17 01:09:56 --> Session: Class initialized using 'CodeIgniter\Session\Handlers\FileHandler' driver.
INFO - 2023-07-17 01:10:35 --> Session: Class initialized using 'CodeIgniter\Session\Handlers\FileHandler' driver.
INFO - 2023-07-17 01:10:55 --> Session: Class initialized using 'CodeIgniter\Session\Handlers\FileHandler' driver.
INFO - 2023-07-17 01:10:55 --> Session: Class initialized using 'CodeIgniter\Session\Handlers\FileHandler' driver.
INFO - 2023-07-17 01:12:10 --> Session: Class initialized using 'CodeIgniter\Session\Handlers\FileHandler' driver.
