INFO - 2023-05-30 13:30:35 --> Session: Class initialized using 'CodeIgniter\Session\Handlers\FileHandler' driver.
INFO - 2023-05-30 13:30:57 --> Session: Class initialized using 'CodeIgniter\Session\Handlers\FileHandler' driver.
INFO - 2023-05-30 13:30:57 --> Session: Class initialized using 'CodeIgniter\Session\Handlers\FileHandler' driver.
CRITICAL - 2023-05-30 13:30:57 --> Object of class App\Models\HargaModel could not be converted to string
in APPPATH\Views\r_operator\dashboard.php on line 23.
 1 SYSTEMPATH\View\View.php(213): include()
 2 SYSTEMPATH\View\View.php(216): CodeIgniter\View\View->CodeIgniter\View\{closure}()
 3 SYSTEMPATH\Common.php(1184): CodeIgniter\View\View->render('r_operator/dashboard', [], true)
 4 APPPATH\Controllers\Operator\Dashboard.php(25): view('r_operator/dashboard', [...])
 5 SYSTEMPATH\CodeIgniter.php(934): App\Controllers\Operator\Dashboard->index()
 6 SYSTEMPATH\CodeIgniter.php(499): CodeIgniter\CodeIgniter->runController(Object(App\Controllers\Operator\Dashboard))
 7 SYSTEMPATH\CodeIgniter.php(368): CodeIgniter\CodeIgniter->handleRequest(null, Object(Config\Cache), false)
 8 FCPATH\index.php(67): CodeIgniter\CodeIgniter->run()
 9 SYSTEMPATH\Commands\Server\rewrite.php(47): require_once('C:\\xampp\\htdocs\\ci\\ci-biuparking\\public\\index.php')
INFO - 2023-05-30 13:34:52 --> Session: Class initialized using 'CodeIgniter\Session\Handlers\FileHandler' driver.
CRITICAL - 2023-05-30 13:34:53 --> Array to string conversion
in APPPATH\Views\r_operator\dashboard.php on line 23.
 1 APPPATH\Views\r_operator\dashboard.php(23): CodeIgniter\Debug\Exceptions->errorHandler(8, 'Array to string conversion', 'C:\\xampp\\htdocs\\ci\\ci-biuparking\\app\\Views\\r_operator\\dashboard.php', 23, [...])
 2 SYSTEMPATH\View\View.php(213): include('C:\\xampp\\htdocs\\ci\\ci-biuparking\\app\\Views\\r_operator\\dashboard.php')
 3 SYSTEMPATH\View\View.php(216): CodeIgniter\View\View->CodeIgniter\View\{closure}()
 4 SYSTEMPATH\Common.php(1184): CodeIgniter\View\View->render('r_operator/dashboard', [], true)
 5 APPPATH\Controllers\Operator\Dashboard.php(25): view('r_operator/dashboard', [...])
 6 SYSTEMPATH\CodeIgniter.php(934): App\Controllers\Operator\Dashboard->index()
 7 SYSTEMPATH\CodeIgniter.php(499): CodeIgniter\CodeIgniter->runController(Object(App\Controllers\Operator\Dashboard))
 8 SYSTEMPATH\CodeIgniter.php(368): CodeIgniter\CodeIgniter->handleRequest(null, Object(Config\Cache), false)
 9 FCPATH\index.php(67): CodeIgniter\CodeIgniter->run()
10 SYSTEMPATH\Commands\Server\rewrite.php(47): require_once('C:\\xampp\\htdocs\\ci\\ci-biuparking\\public\\index.php')
INFO - 2023-05-30 13:35:57 --> Session: Class initialized using 'CodeIgniter\Session\Handlers\FileHandler' driver.
INFO - 2023-05-30 13:36:22 --> Session: Class initialized using 'CodeIgniter\Session\Handlers\FileHandler' driver.
INFO - 2023-05-30 13:36:24 --> Session: Class initialized using 'CodeIgniter\Session\Handlers\FileHandler' driver.
INFO - 2023-05-30 13:36:24 --> Session: Class initialized using 'CodeIgniter\Session\Handlers\FileHandler' driver.
INFO - 2023-05-30 13:37:06 --> Session: Class initialized using 'CodeIgniter\Session\Handlers\FileHandler' driver.
INFO - 2023-05-30 14:07:27 --> Session: Class initialized using 'CodeIgniter\Session\Handlers\FileHandler' driver.
INFO - 2023-05-30 15:10:52 --> Session: Class initialized using 'CodeIgniter\Session\Handlers\FileHandler' driver.
INFO - 2023-05-30 15:10:57 --> Session: Class initialized using 'CodeIgniter\Session\Handlers\FileHandler' driver.
INFO - 2023-05-30 15:10:57 --> Session: Class initialized using 'CodeIgniter\Session\Handlers\FileHandler' driver.
INFO - 2023-05-30 15:14:17 --> Session: Class initialized using 'CodeIgniter\Session\Handlers\FileHandler' driver.
INFO - 2023-05-30 15:16:20 --> Session: Class initialized using 'CodeIgniter\Session\Handlers\FileHandler' driver.
INFO - 2023-05-30 15:16:20 --> Session: Class initialized using 'CodeIgniter\Session\Handlers\FileHandler' driver.
INFO - 2023-05-30 15:38:49 --> Session: Class initialized using 'CodeIgniter\Session\Handlers\FileHandler' driver.
INFO - 2023-05-30 15:44:07 --> Session: Class initialized using 'CodeIgniter\Session\Handlers\FileHandler' driver.
INFO - 2023-05-30 15:44:07 --> Session: Class initialized using 'CodeIgniter\Session\Handlers\FileHandler' driver.
INFO - 2023-05-30 15:44:16 --> Session: Class initialized using 'CodeIgniter\Session\Handlers\FileHandler' driver.
INFO - 2023-05-30 15:44:16 --> Session: Class initialized using 'CodeIgniter\Session\Handlers\FileHandler' driver.
INFO - 2023-05-30 15:57:20 --> Session: Class initialized using 'CodeIgniter\Session\Handlers\FileHandler' driver.
INFO - 2023-05-30 15:58:04 --> Session: Class initialized using 'CodeIgniter\Session\Handlers\FileHandler' driver.
INFO - 2023-05-30 16:04:09 --> Session: Class initialized using 'CodeIgniter\Session\Handlers\FileHandler' driver.
INFO - 2023-05-30 16:07:42 --> Session: Class initialized using 'CodeIgniter\Session\Handlers\FileHandler' driver.
CRITICAL - 2023-05-30 16:07:42 --> include(riwayat_transaksi_parkir): failed to open stream: No such file or directory
in APPPATH\Views\r_operator\dashboard.php on line 49.
 1 APPPATH\Views\r_operator\dashboard.php(49): CodeIgniter\Debug\Exceptions->errorHandler(2, 'include(riwayat_transaksi_parkir): failed to open stream: No such file or directory', 'C:\\xampp\\htdocs\\ci\\ci-biuparking\\app\\Views\\r_operator\\dashboard.php', 49, [...])
 2 APPPATH\Views\r_operator\dashboard.php(49): include()
 3 SYSTEMPATH\View\View.php(213): include('C:\\xampp\\htdocs\\ci\\ci-biuparking\\app\\Views\\r_operator\\dashboard.php')
 4 SYSTEMPATH\View\View.php(216): CodeIgniter\View\View->CodeIgniter\View\{closure}()
 5 SYSTEMPATH\Common.php(1184): CodeIgniter\View\View->render('r_operator/dashboard', [], true)
 6 APPPATH\Controllers\Operator\Dashboard.php(27): view('r_operator/dashboard', [...])
 7 SYSTEMPATH\CodeIgniter.php(934): App\Controllers\Operator\Dashboard->index()
 8 SYSTEMPATH\CodeIgniter.php(499): CodeIgniter\CodeIgniter->runController(Object(App\Controllers\Operator\Dashboard))
 9 SYSTEMPATH\CodeIgniter.php(368): CodeIgniter\CodeIgniter->handleRequest(null, Object(Config\Cache), false)
10 FCPATH\index.php(67): CodeIgniter\CodeIgniter->run()
11 SYSTEMPATH\Commands\Server\rewrite.php(47): require_once('C:\\xampp\\htdocs\\ci\\ci-biuparking\\public\\index.php')
INFO - 2023-05-30 16:08:19 --> Session: Class initialized using 'CodeIgniter\Session\Handlers\FileHandler' driver.
CRITICAL - 2023-05-30 16:08:19 --> Invalid file: "riwayat_transaksi_parkir.php"
in SYSTEMPATH\Exceptions\FrameworkException.php on line 33.
 1 SYSTEMPATH\View\View.php(201): CodeIgniter\Exceptions\FrameworkException::forInvalidFile('riwayat_transaksi_parkir.php')
 2 SYSTEMPATH\View\View.php(431): CodeIgniter\View\View->render('riwayat_transaksi_parkir', null, true)
 3 APPPATH\Views\r_operator\dashboard.php(49): CodeIgniter\View\View->include('riwayat_transaksi_parkir')
 4 SYSTEMPATH\View\View.php(213): include('C:\\xampp\\htdocs\\ci\\ci-biuparking\\app\\Views\\r_operator\\dashboard.php')
 5 SYSTEMPATH\View\View.php(216): CodeIgniter\View\View->CodeIgniter\View\{closure}()
 6 SYSTEMPATH\Common.php(1184): CodeIgniter\View\View->render('r_operator/dashboard', [], true)
 7 APPPATH\Controllers\Operator\Dashboard.php(27): view('r_operator/dashboard', [...])
 8 SYSTEMPATH\CodeIgniter.php(934): App\Controllers\Operator\Dashboard->index()
 9 SYSTEMPATH\CodeIgniter.php(499): CodeIgniter\CodeIgniter->runController(Object(App\Controllers\Operator\Dashboard))
10 SYSTEMPATH\CodeIgniter.php(368): CodeIgniter\CodeIgniter->handleRequest(null, Object(Config\Cache), false)
11 FCPATH\index.php(67): CodeIgniter\CodeIgniter->run()
12 SYSTEMPATH\Commands\Server\rewrite.php(47): require_once('C:\\xampp\\htdocs\\ci\\ci-biuparking\\public\\index.php')
INFO - 2023-05-30 16:13:25 --> Session: Class initialized using 'CodeIgniter\Session\Handlers\FileHandler' driver.
CRITICAL - 2023-05-30 16:13:25 --> Invalid file: "riwayat_transaksi_parkir.php"
in SYSTEMPATH\Exceptions\FrameworkException.php on line 33.
 1 SYSTEMPATH\View\View.php(201): CodeIgniter\Exceptions\FrameworkException::forInvalidFile('riwayat_transaksi_parkir.php')
 2 SYSTEMPATH\View\View.php(431): CodeIgniter\View\View->render('riwayat_transaksi_parkir', null, true)
 3 APPPATH\Views\r_operator\dashboard.php(49): CodeIgniter\View\View->include('riwayat_transaksi_parkir')
 4 SYSTEMPATH\View\View.php(213): include('C:\\xampp\\htdocs\\ci\\ci-biuparking\\app\\Views\\r_operator\\dashboard.php')
 5 SYSTEMPATH\View\View.php(216): CodeIgniter\View\View->CodeIgniter\View\{closure}()
 6 SYSTEMPATH\Common.php(1184): CodeIgniter\View\View->render('r_operator/dashboard', [], true)
 7 APPPATH\Controllers\Operator\Dashboard.php(27): view('r_operator/dashboard', [...])
 8 SYSTEMPATH\CodeIgniter.php(934): App\Controllers\Operator\Dashboard->index()
 9 SYSTEMPATH\CodeIgniter.php(499): CodeIgniter\CodeIgniter->runController(Object(App\Controllers\Operator\Dashboard))
10 SYSTEMPATH\CodeIgniter.php(368): CodeIgniter\CodeIgniter->handleRequest(null, Object(Config\Cache), false)
11 FCPATH\index.php(67): CodeIgniter\CodeIgniter->run()
12 SYSTEMPATH\Commands\Server\rewrite.php(47): require_once('C:\\xampp\\htdocs\\ci\\ci-biuparking\\public\\index.php')
INFO - 2023-05-30 16:13:26 --> Session: Class initialized using 'CodeIgniter\Session\Handlers\FileHandler' driver.
CRITICAL - 2023-05-30 16:13:26 --> Invalid file: "riwayat_transaksi_parkir.php"
in SYSTEMPATH\Exceptions\FrameworkException.php on line 33.
 1 SYSTEMPATH\View\View.php(201): CodeIgniter\Exceptions\FrameworkException::forInvalidFile('riwayat_transaksi_parkir.php')
 2 SYSTEMPATH\View\View.php(431): CodeIgniter\View\View->render('riwayat_transaksi_parkir', null, true)
 3 APPPATH\Views\r_operator\dashboard.php(49): CodeIgniter\View\View->include('riwayat_transaksi_parkir')
 4 SYSTEMPATH\View\View.php(213): include('C:\\xampp\\htdocs\\ci\\ci-biuparking\\app\\Views\\r_operator\\dashboard.php')
 5 SYSTEMPATH\View\View.php(216): CodeIgniter\View\View->CodeIgniter\View\{closure}()
 6 SYSTEMPATH\Common.php(1184): CodeIgniter\View\View->render('r_operator/dashboard', [], true)
 7 APPPATH\Controllers\Operator\Dashboard.php(27): view('r_operator/dashboard', [...])
 8 SYSTEMPATH\CodeIgniter.php(934): App\Controllers\Operator\Dashboard->index()
 9 SYSTEMPATH\CodeIgniter.php(499): CodeIgniter\CodeIgniter->runController(Object(App\Controllers\Operator\Dashboard))
10 SYSTEMPATH\CodeIgniter.php(368): CodeIgniter\CodeIgniter->handleRequest(null, Object(Config\Cache), false)
11 FCPATH\index.php(67): CodeIgniter\CodeIgniter->run()
12 SYSTEMPATH\Commands\Server\rewrite.php(47): require_once('C:\\xampp\\htdocs\\ci\\ci-biuparking\\public\\index.php')
INFO - 2023-05-30 16:13:54 --> Session: Class initialized using 'CodeIgniter\Session\Handlers\FileHandler' driver.
INFO - 2023-05-30 16:14:36 --> Session: Class initialized using 'CodeIgniter\Session\Handlers\FileHandler' driver.
CRITICAL - 2023-05-30 16:14:36 --> Undefined variable: d
in APPPATH\Views\r_operator\riwayat_transaksi_parkir.php on line 1.
 1 APPPATH\Views\r_operator\riwayat_transaksi_parkir.php(1): CodeIgniter\Debug\Exceptions->errorHandler(8, 'Undefined variable: d', 'C:\\xampp\\htdocs\\ci\\ci-biuparking\\app\\Views\\r_operator\\riwayat_transaksi_parkir.php', 1, [...])
 2 SYSTEMPATH\View\View.php(213): include('C:\\xampp\\htdocs\\ci\\ci-biuparking\\app\\Views\\r_operator\\riwayat_transaksi_parkir.php')
 3 SYSTEMPATH\View\View.php(216): CodeIgniter\View\View->CodeIgniter\View\{closure}()
 4 SYSTEMPATH\View\View.php(431): CodeIgniter\View\View->render('r_operator/riwayat_transaksi_parkir', null, true)
 5 APPPATH\Views\r_operator\dashboard.php(49): CodeIgniter\View\View->include('r_operator/riwayat_transaksi_parkir')
 6 SYSTEMPATH\View\View.php(213): include('C:\\xampp\\htdocs\\ci\\ci-biuparking\\app\\Views\\r_operator\\dashboard.php')
 7 SYSTEMPATH\View\View.php(216): CodeIgniter\View\View->CodeIgniter\View\{closure}()
 8 SYSTEMPATH\Common.php(1184): CodeIgniter\View\View->render('r_operator/dashboard', [], true)
 9 APPPATH\Controllers\Operator\Dashboard.php(27): view('r_operator/dashboard', [...])
10 SYSTEMPATH\CodeIgniter.php(934): App\Controllers\Operator\Dashboard->index()
11 SYSTEMPATH\CodeIgniter.php(499): CodeIgniter\CodeIgniter->runController(Object(App\Controllers\Operator\Dashboard))
12 SYSTEMPATH\CodeIgniter.php(368): CodeIgniter\CodeIgniter->handleRequest(null, Object(Config\Cache), false)
13 FCPATH\index.php(67): CodeIgniter\CodeIgniter->run()
14 SYSTEMPATH\Commands\Server\rewrite.php(47): require_once('C:\\xampp\\htdocs\\ci\\ci-biuparking\\public\\index.php')
INFO - 2023-05-30 16:14:48 --> Session: Class initialized using 'CodeIgniter\Session\Handlers\FileHandler' driver.
