INFO - 2023-08-03 08:22:47 --> Session: Class initialized using 'CodeIgniter\Session\Handlers\FileHandler' driver.
INFO - 2023-08-03 08:22:49 --> Session: Class initialized using 'CodeIgniter\Session\Handlers\FileHandler' driver.
INFO - 2023-08-03 08:22:58 --> Session: Class initialized using 'CodeIgniter\Session\Handlers\FileHandler' driver.
INFO - 2023-08-03 08:22:58 --> Session: Class initialized using 'CodeIgniter\Session\Handlers\FileHandler' driver.
WARNING - 2023-08-03 08:22:58 --> [DEPRECATED] number_format(): Passing null to parameter #1 ($num) of type float is deprecated in APPPATH\Views\r_user\dashboard.php on line 56.
 1 APPPATH\Views\r_user\dashboard.php(56): number_format(null)
 2 SYSTEMPATH\View\View.php(213): include('C:\\laragon\\www\\bi-parking\\app\\Views\\r_user\\dashboard.php')
 3 SYSTEMPATH\View\View.php(216): CodeIgniter\View\View->CodeIgniter\View\{closure}()
 4 SYSTEMPATH\Common.php(1184): CodeIgniter\View\View->render('r_user/dashboard', [], true)
 5 APPPATH\Controllers\User\Dashboard.php(55): view('r_user/dashboard', [...])
 6 SYSTEMPATH\CodeIgniter.php(934): App\Controllers\User\Dashboard->index()
 7 SYSTEMPATH\CodeIgniter.php(499): CodeIgniter\CodeIgniter->runController(Object(App\Controllers\User\Dashboard))
 8 SYSTEMPATH\CodeIgniter.php(368): CodeIgniter\CodeIgniter->handleRequest(null, Object(Config\Cache), false)
 9 FCPATH\index.php(67): CodeIgniter\CodeIgniter->run()
INFO - 2023-08-03 08:23:02 --> Session: Class initialized using 'CodeIgniter\Session\Handlers\FileHandler' driver.
INFO - 2023-08-03 09:47:29 --> Session: Class initialized using 'CodeIgniter\Session\Handlers\FileHandler' driver.
INFO - 2023-08-03 09:47:29 --> Session: Class initialized using 'CodeIgniter\Session\Handlers\FileHandler' driver.
INFO - 2023-08-03 09:47:29 --> Session: Class initialized using 'CodeIgniter\Session\Handlers\FileHandler' driver.
INFO - 2023-08-03 09:47:32 --> Session: Class initialized using 'CodeIgniter\Session\Handlers\FileHandler' driver.
CRITICAL - 2023-08-03 09:47:32 --> unlink(C:\laragon\www\bi-parking\writable\debugbar/debugbar_1690990257.221694.json): No such file or directory
in SYSTEMPATH\Debug\Toolbar\Collectors\History.php on line 76.
 1 [internal function]: CodeIgniter\Debug\Exceptions->errorHandler(2, 'unlink(C:\\laragon\\www\\bi-parking\\writable\\debugbar/debugbar_1690990257.221694.json): No such file or directory', 'C:\\laragon\\www\\bi-parking\\system\\Debug\\Toolbar\\Collectors\\History.php', 76)
 2 SYSTEMPATH\Debug\Toolbar\Collectors\History.php(76): unlink('C:\\laragon\\www\\bi-parking\\writable\\debugbar/debugbar_1690990257.221694.json')
 3 SYSTEMPATH\Debug\Toolbar.php(497): CodeIgniter\Debug\Toolbar\Collectors\History->setFiles('1691030850.804662', 20)
 4 SYSTEMPATH\Debug\Toolbar.php(474): CodeIgniter\Debug\Toolbar->format([...], 'html')
 5 APPPATH\Config\Events.php(46): CodeIgniter\Debug\Toolbar->respond()
 6 SYSTEMPATH\Events\Events.php(149): CodeIgniter\Events\Events::Config\{closure}()
 7 SYSTEMPATH\CodeIgniter.php(350): CodeIgniter\Events\Events::trigger('pre_system')
 8 FCPATH\index.php(67): CodeIgniter\CodeIgniter->run()
INFO - 2023-08-03 09:48:02 --> Session: Class initialized using 'CodeIgniter\Session\Handlers\FileHandler' driver.
INFO - 2023-08-03 09:48:02 --> Session: Class initialized using 'CodeIgniter\Session\Handlers\FileHandler' driver.
INFO - 2023-08-03 09:48:11 --> Session: Class initialized using 'CodeIgniter\Session\Handlers\FileHandler' driver.
INFO - 2023-08-03 09:48:12 --> Session: Class initialized using 'CodeIgniter\Session\Handlers\FileHandler' driver.
WARNING - 2023-08-03 09:48:12 --> [DEPRECATED] number_format(): Passing null to parameter #1 ($num) of type float is deprecated in APPPATH\Views\r_user\dashboard.php on line 56.
 1 APPPATH\Views\r_user\dashboard.php(56): number_format(null)
 2 SYSTEMPATH\View\View.php(213): include('C:\\laragon\\www\\bi-parking\\app\\Views\\r_user\\dashboard.php')
 3 SYSTEMPATH\View\View.php(216): CodeIgniter\View\View->CodeIgniter\View\{closure}()
 4 SYSTEMPATH\Common.php(1184): CodeIgniter\View\View->render('r_user/dashboard', [], true)
 5 APPPATH\Controllers\User\Dashboard.php(55): view('r_user/dashboard', [...])
 6 SYSTEMPATH\CodeIgniter.php(934): App\Controllers\User\Dashboard->index()
 7 SYSTEMPATH\CodeIgniter.php(499): CodeIgniter\CodeIgniter->runController(Object(App\Controllers\User\Dashboard))
 8 SYSTEMPATH\CodeIgniter.php(368): CodeIgniter\CodeIgniter->handleRequest(null, Object(Config\Cache), false)
 9 FCPATH\index.php(67): CodeIgniter\CodeIgniter->run()
INFO - 2023-08-03 09:48:16 --> Session: Class initialized using 'CodeIgniter\Session\Handlers\FileHandler' driver.
INFO - 2023-08-03 09:48:22 --> Session: Class initialized using 'CodeIgniter\Session\Handlers\FileHandler' driver.
INFO - 2023-08-03 09:48:22 --> Session: Class initialized using 'CodeIgniter\Session\Handlers\FileHandler' driver.
INFO - 2023-08-03 09:48:25 --> Session: Class initialized using 'CodeIgniter\Session\Handlers\FileHandler' driver.
INFO - 2023-08-03 09:48:31 --> Session: Class initialized using 'CodeIgniter\Session\Handlers\FileHandler' driver.
INFO - 2023-08-03 09:48:31 --> Session: Class initialized using 'CodeIgniter\Session\Handlers\FileHandler' driver.
INFO - 2023-08-03 09:48:32 --> Session: Class initialized using 'CodeIgniter\Session\Handlers\FileHandler' driver.
INFO - 2023-08-03 09:48:38 --> Session: Class initialized using 'CodeIgniter\Session\Handlers\FileHandler' driver.
INFO - 2023-08-03 09:49:28 --> Session: Class initialized using 'CodeIgniter\Session\Handlers\FileHandler' driver.
INFO - 2023-08-03 09:49:28 --> Session: Class initialized using 'CodeIgniter\Session\Handlers\FileHandler' driver.
INFO - 2023-08-03 09:50:24 --> Session: Class initialized using 'CodeIgniter\Session\Handlers\FileHandler' driver.
CRITICAL - 2023-08-03 11:31:08 --> syntax error, unexpected identifier "ppublic", expecting "function" or "const"
in APPPATH\Controllers\XenditCallback.php on line 8.
 1 SYSTEMPATH\Autoloader\Autoloader.php(289): CodeIgniter\Autoloader\Autoloader->includeFile('C:\\laragon\\www\\bi-parking\\app\\Controllers\\XenditCallback.php')
 2 SYSTEMPATH\Autoloader\Autoloader.php(267): CodeIgniter\Autoloader\Autoloader->loadInNamespace('App\\Controllers\\XenditCallback')
 3 [internal function]: CodeIgniter\Autoloader\Autoloader->loadClass('App\\Controllers\\XenditCallback')
 4 SYSTEMPATH\CodeIgniter.php(892): class_exists('\\App\\Controllers\\XenditCallback', true)
 5 SYSTEMPATH\CodeIgniter.php(486): CodeIgniter\CodeIgniter->startController()
 6 SYSTEMPATH\CodeIgniter.php(368): CodeIgniter\CodeIgniter->handleRequest(null, Object(Config\Cache), false)
 7 FCPATH\index.php(67): CodeIgniter\CodeIgniter->run()
CRITICAL - 2023-08-03 11:31:47 --> Class "Xendit\Webhook" not found
in APPPATH\Controllers\XenditCallback.php on line 17.
 1 SYSTEMPATH\CodeIgniter.php(934): App\Controllers\XenditCallback->xenditCallback()
 2 SYSTEMPATH\CodeIgniter.php(499): CodeIgniter\CodeIgniter->runController(Object(App\Controllers\XenditCallback))
 3 SYSTEMPATH\CodeIgniter.php(368): CodeIgniter\CodeIgniter->handleRequest(null, Object(Config\Cache), false)
 4 FCPATH\index.php(67): CodeIgniter\CodeIgniter->run()
CRITICAL - 2023-08-03 11:42:52 --> Class "Xendit\Webhook" not found
in APPPATH\Controllers\XenditCallback.php on line 17.
 1 SYSTEMPATH\CodeIgniter.php(934): App\Controllers\XenditCallback->xenditCallback()
 2 SYSTEMPATH\CodeIgniter.php(499): CodeIgniter\CodeIgniter->runController(Object(App\Controllers\XenditCallback))
 3 SYSTEMPATH\CodeIgniter.php(368): CodeIgniter\CodeIgniter->handleRequest(null, Object(Config\Cache), false)
 4 FCPATH\index.php(67): CodeIgniter\CodeIgniter->run()
CRITICAL - 2023-08-03 11:43:26 --> Class "Xendit\Webhook" not found
in APPPATH\Controllers\XenditCallback.php on line 17.
 1 SYSTEMPATH\CodeIgniter.php(934): App\Controllers\XenditCallback->xenditCallback()
 2 SYSTEMPATH\CodeIgniter.php(499): CodeIgniter\CodeIgniter->runController(Object(App\Controllers\XenditCallback))
 3 SYSTEMPATH\CodeIgniter.php(368): CodeIgniter\CodeIgniter->handleRequest(null, Object(Config\Cache), false)
 4 FCPATH\index.php(67): CodeIgniter\CodeIgniter->run()
CRITICAL - 2023-08-03 11:43:41 --> Unmatched '}'
in APPPATH\Controllers\XenditCallback.php on line 69.
 1 SYSTEMPATH\Autoloader\Autoloader.php(289): CodeIgniter\Autoloader\Autoloader->includeFile('C:\\laragon\\www\\bi-parking\\app\\Controllers\\XenditCallback.php')
 2 SYSTEMPATH\Autoloader\Autoloader.php(267): CodeIgniter\Autoloader\Autoloader->loadInNamespace('App\\Controllers\\XenditCallback')
 3 [internal function]: CodeIgniter\Autoloader\Autoloader->loadClass('App\\Controllers\\XenditCallback')
 4 SYSTEMPATH\CodeIgniter.php(892): class_exists('\\App\\Controllers\\XenditCallback', true)
 5 SYSTEMPATH\CodeIgniter.php(486): CodeIgniter\CodeIgniter->startController()
 6 SYSTEMPATH\CodeIgniter.php(368): CodeIgniter\CodeIgniter->handleRequest(null, Object(Config\Cache), false)
 7 FCPATH\index.php(67): CodeIgniter\CodeIgniter->run()
CRITICAL - 2023-08-03 11:43:55 --> Unmatched '}'
in APPPATH\Controllers\XenditCallback.php on line 69.
 1 SYSTEMPATH\Autoloader\Autoloader.php(289): CodeIgniter\Autoloader\Autoloader->includeFile('C:\\laragon\\www\\bi-parking\\app\\Controllers\\XenditCallback.php')
 2 SYSTEMPATH\Autoloader\Autoloader.php(267): CodeIgniter\Autoloader\Autoloader->loadInNamespace('App\\Controllers\\XenditCallback')
 3 [internal function]: CodeIgniter\Autoloader\Autoloader->loadClass('App\\Controllers\\XenditCallback')
 4 SYSTEMPATH\CodeIgniter.php(892): class_exists('\\App\\Controllers\\XenditCallback', true)
 5 SYSTEMPATH\CodeIgniter.php(486): CodeIgniter\CodeIgniter->startController()
 6 SYSTEMPATH\CodeIgniter.php(368): CodeIgniter\CodeIgniter->handleRequest(null, Object(Config\Cache), false)
 7 FCPATH\index.php(67): CodeIgniter\CodeIgniter->run()
CRITICAL - 2023-08-03 11:44:10 --> Unmatched '}'
in APPPATH\Controllers\XenditCallback.php on line 69.
 1 SYSTEMPATH\Autoloader\Autoloader.php(289): CodeIgniter\Autoloader\Autoloader->includeFile('C:\\laragon\\www\\bi-parking\\app\\Controllers\\XenditCallback.php')
 2 SYSTEMPATH\Autoloader\Autoloader.php(267): CodeIgniter\Autoloader\Autoloader->loadInNamespace('App\\Controllers\\XenditCallback')
 3 [internal function]: CodeIgniter\Autoloader\Autoloader->loadClass('App\\Controllers\\XenditCallback')
 4 SYSTEMPATH\CodeIgniter.php(892): class_exists('\\App\\Controllers\\XenditCallback', true)
 5 SYSTEMPATH\CodeIgniter.php(486): CodeIgniter\CodeIgniter->startController()
 6 SYSTEMPATH\CodeIgniter.php(368): CodeIgniter\CodeIgniter->handleRequest(null, Object(Config\Cache), false)
 7 FCPATH\index.php(67): CodeIgniter\CodeIgniter->run()
CRITICAL - 2023-08-03 13:34:48 --> Undefined array key "payment_destination"
in APPPATH\Controllers\XenditCallback.php on line 51.
 1 APPPATH\Controllers\XenditCallback.php(51): CodeIgniter\Debug\Exceptions->errorHandler(2, 'Undefined array key "payment_destination"', 'C:\\laragon\\www\\bi-parking\\app\\Controllers\\XenditCallback.php', 51)
 2 SYSTEMPATH\CodeIgniter.php(934): App\Controllers\XenditCallback->xenditCallback()
 3 SYSTEMPATH\CodeIgniter.php(499): CodeIgniter\CodeIgniter->runController(Object(App\Controllers\XenditCallback))
 4 SYSTEMPATH\CodeIgniter.php(368): CodeIgniter\CodeIgniter->handleRequest(null, Object(Config\Cache), false)
 5 FCPATH\index.php(67): CodeIgniter\CodeIgniter->run()
CRITICAL - 2023-08-03 13:34:50 --> Undefined array key "payment_destination"
in APPPATH\Controllers\XenditCallback.php on line 51.
 1 APPPATH\Controllers\XenditCallback.php(51): CodeIgniter\Debug\Exceptions->errorHandler(2, 'Undefined array key "payment_destination"', 'C:\\laragon\\www\\bi-parking\\app\\Controllers\\XenditCallback.php', 51)
 2 SYSTEMPATH\CodeIgniter.php(934): App\Controllers\XenditCallback->xenditCallback()
 3 SYSTEMPATH\CodeIgniter.php(499): CodeIgniter\CodeIgniter->runController(Object(App\Controllers\XenditCallback))
 4 SYSTEMPATH\CodeIgniter.php(368): CodeIgniter\CodeIgniter->handleRequest(null, Object(Config\Cache), false)
 5 FCPATH\index.php(67): CodeIgniter\CodeIgniter->run()
CRITICAL - 2023-08-03 13:35:22 --> Undefined array key "payment_destination"
in APPPATH\Controllers\XenditCallback.php on line 51.
 1 APPPATH\Controllers\XenditCallback.php(51): CodeIgniter\Debug\Exceptions->errorHandler(2, 'Undefined array key "payment_destination"', 'C:\\laragon\\www\\bi-parking\\app\\Controllers\\XenditCallback.php', 51)
 2 SYSTEMPATH\CodeIgniter.php(934): App\Controllers\XenditCallback->xenditCallback()
 3 SYSTEMPATH\CodeIgniter.php(499): CodeIgniter\CodeIgniter->runController(Object(App\Controllers\XenditCallback))
 4 SYSTEMPATH\CodeIgniter.php(368): CodeIgniter\CodeIgniter->handleRequest(null, Object(Config\Cache), false)
 5 FCPATH\index.php(67): CodeIgniter\CodeIgniter->run()
CRITICAL - 2023-08-03 13:35:36 --> Undefined array key "payment_destination"
in APPPATH\Controllers\XenditCallback.php on line 51.
 1 APPPATH\Controllers\XenditCallback.php(51): CodeIgniter\Debug\Exceptions->errorHandler(2, 'Undefined array key "payment_destination"', 'C:\\laragon\\www\\bi-parking\\app\\Controllers\\XenditCallback.php', 51)
 2 SYSTEMPATH\CodeIgniter.php(934): App\Controllers\XenditCallback->xenditCallback()
 3 SYSTEMPATH\CodeIgniter.php(499): CodeIgniter\CodeIgniter->runController(Object(App\Controllers\XenditCallback))
 4 SYSTEMPATH\CodeIgniter.php(368): CodeIgniter\CodeIgniter->handleRequest(null, Object(Config\Cache), false)
 5 FCPATH\index.php(67): CodeIgniter\CodeIgniter->run()
CRITICAL - 2023-08-03 13:35:50 --> Undefined array key "payment_destination"
in APPPATH\Controllers\XenditCallback.php on line 51.
 1 APPPATH\Controllers\XenditCallback.php(51): CodeIgniter\Debug\Exceptions->errorHandler(2, 'Undefined array key "payment_destination"', 'C:\\laragon\\www\\bi-parking\\app\\Controllers\\XenditCallback.php', 51)
 2 SYSTEMPATH\CodeIgniter.php(934): App\Controllers\XenditCallback->xenditCallback()
 3 SYSTEMPATH\CodeIgniter.php(499): CodeIgniter\CodeIgniter->runController(Object(App\Controllers\XenditCallback))
 4 SYSTEMPATH\CodeIgniter.php(368): CodeIgniter\CodeIgniter->handleRequest(null, Object(Config\Cache), false)
 5 FCPATH\index.php(67): CodeIgniter\CodeIgniter->run()
CRITICAL - 2023-08-03 13:36:51 --> Undefined array key "payment_destination"
in APPPATH\Controllers\XenditCallback.php on line 51.
 1 APPPATH\Controllers\XenditCallback.php(51): CodeIgniter\Debug\Exceptions->errorHandler(2, 'Undefined array key "payment_destination"', 'C:\\laragon\\www\\bi-parking\\app\\Controllers\\XenditCallback.php', 51)
 2 SYSTEMPATH\CodeIgniter.php(934): App\Controllers\XenditCallback->xenditCallback()
 3 SYSTEMPATH\CodeIgniter.php(499): CodeIgniter\CodeIgniter->runController(Object(App\Controllers\XenditCallback))
 4 SYSTEMPATH\CodeIgniter.php(368): CodeIgniter\CodeIgniter->handleRequest(null, Object(Config\Cache), false)
 5 FCPATH\index.php(67): CodeIgniter\CodeIgniter->run()
CRITICAL - 2023-08-03 13:37:20 --> Undefined array key "payment_destination"
in APPPATH\Controllers\XenditCallback.php on line 51.
 1 APPPATH\Controllers\XenditCallback.php(51): CodeIgniter\Debug\Exceptions->errorHandler(2, 'Undefined array key "payment_destination"', 'C:\\laragon\\www\\bi-parking\\app\\Controllers\\XenditCallback.php', 51)
 2 SYSTEMPATH\CodeIgniter.php(934): App\Controllers\XenditCallback->xenditCallback()
 3 SYSTEMPATH\CodeIgniter.php(499): CodeIgniter\CodeIgniter->runController(Object(App\Controllers\XenditCallback))
 4 SYSTEMPATH\CodeIgniter.php(368): CodeIgniter\CodeIgniter->handleRequest(null, Object(Config\Cache), false)
 5 FCPATH\index.php(67): CodeIgniter\CodeIgniter->run()
CRITICAL - 2023-08-03 13:46:43 --> Undefined array key "payment_destination"
in APPPATH\Controllers\XenditCallback.php on line 51.
 1 APPPATH\Controllers\XenditCallback.php(51): CodeIgniter\Debug\Exceptions->errorHandler(2, 'Undefined array key "payment_destination"', 'C:\\laragon\\www\\bi-parking\\app\\Controllers\\XenditCallback.php', 51)
 2 SYSTEMPATH\CodeIgniter.php(934): App\Controllers\XenditCallback->xenditCallback()
 3 SYSTEMPATH\CodeIgniter.php(499): CodeIgniter\CodeIgniter->runController(Object(App\Controllers\XenditCallback))
 4 SYSTEMPATH\CodeIgniter.php(368): CodeIgniter\CodeIgniter->handleRequest(null, Object(Config\Cache), false)
 5 FCPATH\index.php(67): CodeIgniter\CodeIgniter->run()
CRITICAL - 2023-08-03 13:59:23 --> syntax error, unexpected token "else", expecting "function" or "const"
in APPPATH\Controllers\XenditCallback.php on line 77.
 1 SYSTEMPATH\Autoloader\Autoloader.php(289): CodeIgniter\Autoloader\Autoloader->includeFile('C:\\laragon\\www\\bi-parking\\app\\Controllers\\XenditCallback.php')
 2 SYSTEMPATH\Autoloader\Autoloader.php(267): CodeIgniter\Autoloader\Autoloader->loadInNamespace('App\\Controllers\\XenditCallback')
 3 [internal function]: CodeIgniter\Autoloader\Autoloader->loadClass('App\\Controllers\\XenditCallback')
 4 SYSTEMPATH\CodeIgniter.php(892): class_exists('\\App\\Controllers\\XenditCallback', true)
 5 SYSTEMPATH\CodeIgniter.php(486): CodeIgniter\CodeIgniter->startController()
 6 SYSTEMPATH\CodeIgniter.php(368): CodeIgniter\CodeIgniter->handleRequest(null, Object(Config\Cache), false)
 7 FCPATH\index.php(67): CodeIgniter\CodeIgniter->run()
CRITICAL - 2023-08-03 13:59:25 --> syntax error, unexpected token "else", expecting "function" or "const"
in APPPATH\Controllers\XenditCallback.php on line 77.
 1 SYSTEMPATH\Autoloader\Autoloader.php(289): CodeIgniter\Autoloader\Autoloader->includeFile('C:\\laragon\\www\\bi-parking\\app\\Controllers\\XenditCallback.php')
 2 SYSTEMPATH\Autoloader\Autoloader.php(267): CodeIgniter\Autoloader\Autoloader->loadInNamespace('App\\Controllers\\XenditCallback')
 3 [internal function]: CodeIgniter\Autoloader\Autoloader->loadClass('App\\Controllers\\XenditCallback')
 4 SYSTEMPATH\CodeIgniter.php(892): class_exists('\\App\\Controllers\\XenditCallback', true)
 5 SYSTEMPATH\CodeIgniter.php(486): CodeIgniter\CodeIgniter->startController()
 6 SYSTEMPATH\CodeIgniter.php(368): CodeIgniter\CodeIgniter->handleRequest(null, Object(Config\Cache), false)
 7 FCPATH\index.php(67): CodeIgniter\CodeIgniter->run()
CRITICAL - 2023-08-03 13:59:25 --> syntax error, unexpected token "else", expecting "function" or "const"
in APPPATH\Controllers\XenditCallback.php on line 77.
 1 SYSTEMPATH\Autoloader\Autoloader.php(289): CodeIgniter\Autoloader\Autoloader->includeFile('C:\\laragon\\www\\bi-parking\\app\\Controllers\\XenditCallback.php')
 2 SYSTEMPATH\Autoloader\Autoloader.php(267): CodeIgniter\Autoloader\Autoloader->loadInNamespace('App\\Controllers\\XenditCallback')
 3 [internal function]: CodeIgniter\Autoloader\Autoloader->loadClass('App\\Controllers\\XenditCallback')
 4 SYSTEMPATH\CodeIgniter.php(892): class_exists('\\App\\Controllers\\XenditCallback', true)
 5 SYSTEMPATH\CodeIgniter.php(486): CodeIgniter\CodeIgniter->startController()
 6 SYSTEMPATH\CodeIgniter.php(368): CodeIgniter\CodeIgniter->handleRequest(null, Object(Config\Cache), false)
 7 FCPATH\index.php(67): CodeIgniter\CodeIgniter->run()
CRITICAL - 2023-08-03 13:59:26 --> syntax error, unexpected token "else", expecting "function" or "const"
in APPPATH\Controllers\XenditCallback.php on line 77.
 1 SYSTEMPATH\Autoloader\Autoloader.php(289): CodeIgniter\Autoloader\Autoloader->includeFile('C:\\laragon\\www\\bi-parking\\app\\Controllers\\XenditCallback.php')
 2 SYSTEMPATH\Autoloader\Autoloader.php(267): CodeIgniter\Autoloader\Autoloader->loadInNamespace('App\\Controllers\\XenditCallback')
 3 [internal function]: CodeIgniter\Autoloader\Autoloader->loadClass('App\\Controllers\\XenditCallback')
 4 SYSTEMPATH\CodeIgniter.php(892): class_exists('\\App\\Controllers\\XenditCallback', true)
 5 SYSTEMPATH\CodeIgniter.php(486): CodeIgniter\CodeIgniter->startController()
 6 SYSTEMPATH\CodeIgniter.php(368): CodeIgniter\CodeIgniter->handleRequest(null, Object(Config\Cache), false)
 7 FCPATH\index.php(67): CodeIgniter\CodeIgniter->run()
CRITICAL - 2023-08-03 13:59:26 --> syntax error, unexpected token "else", expecting "function" or "const"
in APPPATH\Controllers\XenditCallback.php on line 77.
 1 SYSTEMPATH\Autoloader\Autoloader.php(289): CodeIgniter\Autoloader\Autoloader->includeFile('C:\\laragon\\www\\bi-parking\\app\\Controllers\\XenditCallback.php')
 2 SYSTEMPATH\Autoloader\Autoloader.php(267): CodeIgniter\Autoloader\Autoloader->loadInNamespace('App\\Controllers\\XenditCallback')
 3 [internal function]: CodeIgniter\Autoloader\Autoloader->loadClass('App\\Controllers\\XenditCallback')
 4 SYSTEMPATH\CodeIgniter.php(892): class_exists('\\App\\Controllers\\XenditCallback', true)
 5 SYSTEMPATH\CodeIgniter.php(486): CodeIgniter\CodeIgniter->startController()
 6 SYSTEMPATH\CodeIgniter.php(368): CodeIgniter\CodeIgniter->handleRequest(null, Object(Config\Cache), false)
 7 FCPATH\index.php(67): CodeIgniter\CodeIgniter->run()
CRITICAL - 2023-08-03 14:47:17 --> Undefined array key "paid_amount"
in APPPATH\Controllers\XenditCallback.php on line 42.
 1 APPPATH\Controllers\XenditCallback.php(42): CodeIgniter\Debug\Exceptions->errorHandler(2, 'Undefined array key "paid_amount"', 'C:\\laragon\\www\\bi-parking\\app\\Controllers\\XenditCallback.php', 42)
 2 SYSTEMPATH\CodeIgniter.php(934): App\Controllers\XenditCallback->xenditCallback()
 3 SYSTEMPATH\CodeIgniter.php(499): CodeIgniter\CodeIgniter->runController(Object(App\Controllers\XenditCallback))
 4 SYSTEMPATH\CodeIgniter.php(368): CodeIgniter\CodeIgniter->handleRequest(null, Object(Config\Cache), false)
 5 FCPATH\index.php(67): CodeIgniter\CodeIgniter->run()
