INFO - 2023-05-04 05:15:05 --> Session: Class initialized using 'CodeIgniter\Session\Handlers\FileHandler' driver.
INFO - 2023-05-04 05:17:19 --> Session: Class initialized using 'CodeIgniter\Session\Handlers\FileHandler' driver.
INFO - 2023-05-04 05:17:20 --> Session: Class initialized using 'CodeIgniter\Session\Handlers\FileHandler' driver.
INFO - 2023-05-04 05:17:22 --> Session: Class initialized using 'CodeIgniter\Session\Handlers\FileHandler' driver.
INFO - 2023-05-04 05:17:30 --> Session: Class initialized using 'CodeIgniter\Session\Handlers\FileHandler' driver.
INFO - 2023-05-04 05:17:51 --> Session: Class initialized using 'CodeIgniter\Session\Handlers\FileHandler' driver.
INFO - 2023-05-04 05:18:54 --> Session: Class initialized using 'CodeIgniter\Session\Handlers\FileHandler' driver.
INFO - 2023-05-04 05:19:29 --> Session: Class initialized using 'CodeIgniter\Session\Handlers\FileHandler' driver.
INFO - 2023-05-04 05:22:22 --> Session: Class initialized using 'CodeIgniter\Session\Handlers\FileHandler' driver.
INFO - 2023-05-04 05:24:14 --> Session: Class initialized using 'CodeIgniter\Session\Handlers\FileHandler' driver.
INFO - 2023-05-04 05:24:48 --> Session: Class initialized using 'CodeIgniter\Session\Handlers\FileHandler' driver.
INFO - 2023-05-04 05:24:50 --> Session: Class initialized using 'CodeIgniter\Session\Handlers\FileHandler' driver.
INFO - 2023-05-04 05:25:13 --> Session: Class initialized using 'CodeIgniter\Session\Handlers\FileHandler' driver.
INFO - 2023-05-04 05:25:16 --> Session: Class initialized using 'CodeIgniter\Session\Handlers\FileHandler' driver.
INFO - 2023-05-04 05:25:17 --> Session: Class initialized using 'CodeIgniter\Session\Handlers\FileHandler' driver.
INFO - 2023-05-04 05:25:19 --> Session: Class initialized using 'CodeIgniter\Session\Handlers\FileHandler' driver.
INFO - 2023-05-04 05:25:20 --> Session: Class initialized using 'CodeIgniter\Session\Handlers\FileHandler' driver.
INFO - 2023-05-04 05:25:22 --> Session: Class initialized using 'CodeIgniter\Session\Handlers\FileHandler' driver.
INFO - 2023-05-04 05:25:30 --> Session: Class initialized using 'CodeIgniter\Session\Handlers\FileHandler' driver.
INFO - 2023-05-04 05:25:32 --> Session: Class initialized using 'CodeIgniter\Session\Handlers\FileHandler' driver.
INFO - 2023-05-04 05:26:47 --> Session: Class initialized using 'CodeIgniter\Session\Handlers\FileHandler' driver.
INFO - 2023-05-04 05:26:54 --> Session: Class initialized using 'CodeIgniter\Session\Handlers\FileHandler' driver.
INFO - 2023-05-04 05:27:54 --> Session: Class initialized using 'CodeIgniter\Session\Handlers\FileHandler' driver.
INFO - 2023-05-04 05:30:34 --> Session: Class initialized using 'CodeIgniter\Session\Handlers\FileHandler' driver.
INFO - 2023-05-04 05:31:23 --> Session: Class initialized using 'CodeIgniter\Session\Handlers\FileHandler' driver.
INFO - 2023-05-04 05:31:43 --> Session: Class initialized using 'CodeIgniter\Session\Handlers\FileHandler' driver.
INFO - 2023-05-04 05:31:59 --> Session: Class initialized using 'CodeIgniter\Session\Handlers\FileHandler' driver.
INFO - 2023-05-04 06:19:14 --> Session: Class initialized using 'CodeIgniter\Session\Handlers\FileHandler' driver.
INFO - 2023-05-04 06:27:11 --> Session: Class initialized using 'CodeIgniter\Session\Handlers\FileHandler' driver.
INFO - 2023-05-04 06:27:11 --> Session: Class initialized using 'CodeIgniter\Session\Handlers\FileHandler' driver.
INFO - 2023-05-04 06:27:37 --> Session: Class initialized using 'CodeIgniter\Session\Handlers\FileHandler' driver.
INFO - 2023-05-04 06:27:53 --> Session: Class initialized using 'CodeIgniter\Session\Handlers\FileHandler' driver.
INFO - 2023-05-04 06:29:59 --> Session: Class initialized using 'CodeIgniter\Session\Handlers\FileHandler' driver.
INFO - 2023-05-04 07:13:32 --> Session: Class initialized using 'CodeIgniter\Session\Handlers\FileHandler' driver.
INFO - 2023-05-04 07:14:43 --> Session: Class initialized using 'CodeIgniter\Session\Handlers\FileHandler' driver.
INFO - 2023-05-04 07:14:47 --> Session: Class initialized using 'CodeIgniter\Session\Handlers\FileHandler' driver.
INFO - 2023-05-04 07:14:52 --> Session: Class initialized using 'CodeIgniter\Session\Handlers\FileHandler' driver.
INFO - 2023-05-04 07:14:57 --> Session: Class initialized using 'CodeIgniter\Session\Handlers\FileHandler' driver.
INFO - 2023-05-04 07:23:54 --> Session: Class initialized using 'CodeIgniter\Session\Handlers\FileHandler' driver.
INFO - 2023-05-04 09:51:53 --> Session: Class initialized using 'CodeIgniter\Session\Handlers\FileHandler' driver.
CRITICAL - 2023-05-04 10:40:03 --> Cannot redeclare App\Models\UserModel::$useTimestamps
in APPPATH\Models\UserModel.php on line 18.
 1 [internal function]: CodeIgniter\Debug\Exceptions->shutdownHandler()
CRITICAL - 2023-05-04 10:40:21 --> syntax error, unexpected token ";"
in APPPATH\Models\UserModel.php on line 18.
 1 SYSTEMPATH\Autoloader\Autoloader.php(289): CodeIgniter\Autoloader\Autoloader->includeFile('C:\\xampp\\htdocs\\logintiket\\app\\Models\\UserModel.php')
 2 SYSTEMPATH\Autoloader\Autoloader.php(267): CodeIgniter\Autoloader\Autoloader->loadInNamespace('App\\Models\\UserModel')
 3 APPPATH\Controllers\Auth\Auth.php(12): CodeIgniter\Autoloader\Autoloader->loadClass('App\\Models\\UserModel')
 4 SYSTEMPATH\CodeIgniter.php(934): App\Controllers\Auth\Auth->register()
 5 SYSTEMPATH\CodeIgniter.php(499): CodeIgniter\CodeIgniter->runController(Object(App\Controllers\Auth\Auth))
 6 SYSTEMPATH\CodeIgniter.php(368): CodeIgniter\CodeIgniter->handleRequest(null, Object(Config\Cache), false)
 7 FCPATH\index.php(67): CodeIgniter\CodeIgniter->run()
 8 SYSTEMPATH\Commands\Server\rewrite.php(47): require_once('C:\\xampp\\htdocs\\logintiket\\public\\index.php')
CRITICAL - 2023-05-04 10:40:29 --> Cannot redeclare App\Models\UserModel::$useTimestamps
in APPPATH\Models\UserModel.php on line 18.
 1 [internal function]: CodeIgniter\Debug\Exceptions->shutdownHandler()
CRITICAL - 2023-05-04 10:40:38 --> Cannot redeclare App\Models\UserModel::$useTimestamps
in APPPATH\Models\UserModel.php on line 18.
 1 [internal function]: CodeIgniter\Debug\Exceptions->shutdownHandler()
ERROR - 2023-05-04 10:40:48 --> Error connecting to the database: mysqli_sql_exception: Access denied for user ''@'localhost' (using password: NO) in C:\xampp\htdocs\logintiket\system\Database\MySQLi\Connection.php:174
Stack trace:
#0 C:\xampp\htdocs\logintiket\system\Database\MySQLi\Connection.php(174): mysqli->real_connect('localhost', '', '', '', 3306, '', 0)
#1 C:\xampp\htdocs\logintiket\system\Database\BaseConnection.php(391): CodeIgniter\Database\MySQLi\Connection->connect(false)
#2 C:\xampp\htdocs\logintiket\system\Database\BaseConnection.php(574): CodeIgniter\Database\BaseConnection->initialize()
#3 C:\xampp\htdocs\logintiket\system\Database\BaseBuilder.php(1616): CodeIgniter\Database\BaseConnection->query('SELECT 1\nFROM `...', Array, false)
#4 C:\xampp\htdocs\logintiket\system\Validation\StrictRules\Rules.php(206): CodeIgniter\Database\BaseBuilder->get()
#5 C:\xampp\htdocs\logintiket\system\Validation\Validation.php(312): CodeIgniter\Validation\StrictRules\Rules->is_unique('12321312', 'npm', Array, NULL, 'npm')
#6 C:\xampp\htdocs\logintiket\system\Validation\Validation.php(170): CodeIgniter\Validation\Validation->processRules('npm', 'npm', '12321312', Array, Array)
#7 C:\xampp\htdocs\logintiket\system\Controller.php(140): CodeIgniter\Validation\Validation->run()
#8 C:\xampp\htdocs\logintiket\app\Controllers\Auth\Auth.php(17): CodeIgniter\Controller->validate(Array)
#9 C:\xampp\htdocs\logintiket\system\CodeIgniter.php(934): App\Controllers\Auth\Auth->register()
#10 C:\xampp\htdocs\logintiket\system\CodeIgniter.php(499): CodeIgniter\CodeIgniter->runController(Object(App\Controllers\Auth\Auth))
#11 C:\xampp\htdocs\logintiket\system\CodeIgniter.php(368): CodeIgniter\CodeIgniter->handleRequest(NULL, Object(Config\Cache), false)
#12 C:\xampp\htdocs\logintiket\public\index.php(67): CodeIgniter\CodeIgniter->run()
#13 C:\xampp\htdocs\logintiket\system\Commands\Server\rewrite.php(47): require_once('C:\\xampp\\htdocs...')
#14 {main}

Next CodeIgniter\Database\Exceptions\DatabaseException: Access denied for user ''@'localhost' (using password: NO) in C:\xampp\htdocs\logintiket\system\Database\MySQLi\Connection.php:218
Stack trace:
#0 C:\xampp\htdocs\logintiket\system\Database\BaseConnection.php(391): CodeIgniter\Database\MySQLi\Connection->connect(false)
#1 C:\xampp\htdocs\logintiket\system\Database\BaseConnection.php(574): CodeIgniter\Database\BaseConnection->initialize()
#2 C:\xampp\htdocs\logintiket\system\Database\BaseBuilder.php(1616): CodeIgniter\Database\BaseConnection->query('SELECT 1\nFROM `...', Array, false)
#3 C:\xampp\htdocs\logintiket\system\Validation\StrictRules\Rules.php(206): CodeIgniter\Database\BaseBuilder->get()
#4 C:\xampp\htdocs\logintiket\system\Validation\Validation.php(312): CodeIgniter\Validation\StrictRules\Rules->is_unique('12321312', 'npm', Array, NULL, 'npm')
#5 C:\xampp\htdocs\logintiket\system\Validation\Validation.php(170): CodeIgniter\Validation\Validation->processRules('npm', 'npm', '12321312', Array, Array)
#6 C:\xampp\htdocs\logintiket\system\Controller.php(140): CodeIgniter\Validation\Validation->run()
#7 C:\xampp\htdocs\logintiket\app\Controllers\Auth\Auth.php(17): CodeIgniter\Controller->validate(Array)
#8 C:\xampp\htdocs\logintiket\system\CodeIgniter.php(934): App\Controllers\Auth\Auth->register()
#9 C:\xampp\htdocs\logintiket\system\CodeIgniter.php(499): CodeIgniter\CodeIgniter->runController(Object(App\Controllers\Auth\Auth))
#10 C:\xampp\htdocs\logintiket\system\CodeIgniter.php(368): CodeIgniter\CodeIgniter->handleRequest(NULL, Object(Config\Cache), false)
#11 C:\xampp\htdocs\logintiket\public\index.php(67): CodeIgniter\CodeIgniter->run()
#12 C:\xampp\htdocs\logintiket\system\Commands\Server\rewrite.php(47): require_once('C:\\xampp\\htdocs...')
#13 {main}
CRITICAL - 2023-05-04 10:40:48 --> Unable to connect to the database.
Main connection [MySQLi]: Access denied for user ''@'localhost' (using password: NO)
in SYSTEMPATH\Database\BaseConnection.php on line 427.
 1 SYSTEMPATH\Database\BaseConnection.php(574): CodeIgniter\Database\BaseConnection->initialize()
 2 SYSTEMPATH\Database\BaseBuilder.php(1616): CodeIgniter\Database\BaseConnection->query('SELECT 1
FROM `users`
WHERE `npm` = :npm:
 LIMIT 1', [...], false)
 3 SYSTEMPATH\Validation\StrictRules\Rules.php(206): CodeIgniter\Database\BaseBuilder->get()
 4 SYSTEMPATH\Validation\Validation.php(312): CodeIgniter\Validation\StrictRules\Rules->is_unique('12321312', 'npm', [...], null, 'npm')
 5 SYSTEMPATH\Validation\Validation.php(170): CodeIgniter\Validation\Validation->processRules('npm', 'npm', '12321312', [...], [...])
 6 SYSTEMPATH\Controller.php(140): CodeIgniter\Validation\Validation->run()
 7 APPPATH\Controllers\Auth\Auth.php(17): CodeIgniter\Controller->validate([...])
 8 SYSTEMPATH\CodeIgniter.php(934): App\Controllers\Auth\Auth->register()
 9 SYSTEMPATH\CodeIgniter.php(499): CodeIgniter\CodeIgniter->runController(Object(App\Controllers\Auth\Auth))
10 SYSTEMPATH\CodeIgniter.php(368): CodeIgniter\CodeIgniter->handleRequest(null, Object(Config\Cache), false)
11 FCPATH\index.php(67): CodeIgniter\CodeIgniter->run()
12 SYSTEMPATH\Commands\Server\rewrite.php(47): require_once('C:\\xampp\\htdocs\\logintiket\\public\\index.php')
ERROR - 2023-05-04 10:41:26 --> Error connecting to the database: mysqli_sql_exception: Access denied for user 'root'@'localhost' (using password: YES) in C:\xampp\htdocs\logintiket\system\Database\MySQLi\Connection.php:174
Stack trace:
#0 C:\xampp\htdocs\logintiket\system\Database\MySQLi\Connection.php(174): mysqli->real_connect('localhost', 'root', 'root', 'db_mps', 3306, '', 0)
#1 C:\xampp\htdocs\logintiket\system\Database\BaseConnection.php(391): CodeIgniter\Database\MySQLi\Connection->connect(false)
#2 C:\xampp\htdocs\logintiket\system\Database\BaseConnection.php(574): CodeIgniter\Database\BaseConnection->initialize()
#3 C:\xampp\htdocs\logintiket\system\Database\BaseBuilder.php(1616): CodeIgniter\Database\BaseConnection->query('SELECT 1\nFROM `...', Array, false)
#4 C:\xampp\htdocs\logintiket\system\Validation\StrictRules\Rules.php(206): CodeIgniter\Database\BaseBuilder->get()
#5 C:\xampp\htdocs\logintiket\system\Validation\Validation.php(312): CodeIgniter\Validation\StrictRules\Rules->is_unique('12321312', 'npm', Array, NULL, 'npm')
#6 C:\xampp\htdocs\logintiket\system\Validation\Validation.php(170): CodeIgniter\Validation\Validation->processRules('npm', 'npm', '12321312', Array, Array)
#7 C:\xampp\htdocs\logintiket\system\Controller.php(140): CodeIgniter\Validation\Validation->run()
#8 C:\xampp\htdocs\logintiket\app\Controllers\Auth\Auth.php(17): CodeIgniter\Controller->validate(Array)
#9 C:\xampp\htdocs\logintiket\system\CodeIgniter.php(934): App\Controllers\Auth\Auth->register()
#10 C:\xampp\htdocs\logintiket\system\CodeIgniter.php(499): CodeIgniter\CodeIgniter->runController(Object(App\Controllers\Auth\Auth))
#11 C:\xampp\htdocs\logintiket\system\CodeIgniter.php(368): CodeIgniter\CodeIgniter->handleRequest(NULL, Object(Config\Cache), false)
#12 C:\xampp\htdocs\logintiket\public\index.php(67): CodeIgniter\CodeIgniter->run()
#13 C:\xampp\htdocs\logintiket\system\Commands\Server\rewrite.php(47): require_once('C:\\xampp\\htdocs...')
#14 {main}

Next CodeIgniter\Database\Exceptions\DatabaseException: Access denied for user '****'@'localhost' (using password: YES) in C:\xampp\htdocs\logintiket\system\Database\MySQLi\Connection.php:218
Stack trace:
#0 C:\xampp\htdocs\logintiket\system\Database\BaseConnection.php(391): CodeIgniter\Database\MySQLi\Connection->connect(false)
#1 C:\xampp\htdocs\logintiket\system\Database\BaseConnection.php(574): CodeIgniter\Database\BaseConnection->initialize()
#2 C:\xampp\htdocs\logintiket\system\Database\BaseBuilder.php(1616): CodeIgniter\Database\BaseConnection->query('SELECT 1\nFROM `...', Array, false)
#3 C:\xampp\htdocs\logintiket\system\Validation\StrictRules\Rules.php(206): CodeIgniter\Database\BaseBuilder->get()
#4 C:\xampp\htdocs\logintiket\system\Validation\Validation.php(312): CodeIgniter\Validation\StrictRules\Rules->is_unique('12321312', 'npm', Array, NULL, 'npm')
#5 C:\xampp\htdocs\logintiket\system\Validation\Validation.php(170): CodeIgniter\Validation\Validation->processRules('npm', 'npm', '12321312', Array, Array)
#6 C:\xampp\htdocs\logintiket\system\Controller.php(140): CodeIgniter\Validation\Validation->run()
#7 C:\xampp\htdocs\logintiket\app\Controllers\Auth\Auth.php(17): CodeIgniter\Controller->validate(Array)
#8 C:\xampp\htdocs\logintiket\system\CodeIgniter.php(934): App\Controllers\Auth\Auth->register()
#9 C:\xampp\htdocs\logintiket\system\CodeIgniter.php(499): CodeIgniter\CodeIgniter->runController(Object(App\Controllers\Auth\Auth))
#10 C:\xampp\htdocs\logintiket\system\CodeIgniter.php(368): CodeIgniter\CodeIgniter->handleRequest(NULL, Object(Config\Cache), false)
#11 C:\xampp\htdocs\logintiket\public\index.php(67): CodeIgniter\CodeIgniter->run()
#12 C:\xampp\htdocs\logintiket\system\Commands\Server\rewrite.php(47): require_once('C:\\xampp\\htdocs...')
#13 {main}
CRITICAL - 2023-05-04 10:41:26 --> Unable to connect to the database.
Main connection [MySQLi]: Access denied for user '****'@'localhost' (using password: YES)
in SYSTEMPATH\Database\BaseConnection.php on line 427.
 1 SYSTEMPATH\Database\BaseConnection.php(574): CodeIgniter\Database\BaseConnection->initialize()
 2 SYSTEMPATH\Database\BaseBuilder.php(1616): CodeIgniter\Database\BaseConnection->query('SELECT 1
FROM `users`
WHERE `npm` = :npm:
 LIMIT 1', [...], false)
 3 SYSTEMPATH\Validation\StrictRules\Rules.php(206): CodeIgniter\Database\BaseBuilder->get()
 4 SYSTEMPATH\Validation\Validation.php(312): CodeIgniter\Validation\StrictRules\Rules->is_unique('12321312', 'npm', [...], null, 'npm')
 5 SYSTEMPATH\Validation\Validation.php(170): CodeIgniter\Validation\Validation->processRules('npm', 'npm', '12321312', [...], [...])
 6 SYSTEMPATH\Controller.php(140): CodeIgniter\Validation\Validation->run()
 7 APPPATH\Controllers\Auth\Auth.php(17): CodeIgniter\Controller->validate([...])
 8 SYSTEMPATH\CodeIgniter.php(934): App\Controllers\Auth\Auth->register()
 9 SYSTEMPATH\CodeIgniter.php(499): CodeIgniter\CodeIgniter->runController(Object(App\Controllers\Auth\Auth))
10 SYSTEMPATH\CodeIgniter.php(368): CodeIgniter\CodeIgniter->handleRequest(null, Object(Config\Cache), false)
11 FCPATH\index.php(67): CodeIgniter\CodeIgniter->run()
12 SYSTEMPATH\Commands\Server\rewrite.php(47): require_once('C:\\xampp\\htdocs\\logintiket\\public\\index.php')
ERROR - 2023-05-04 10:41:41 --> mysqli_sql_exception: Table 'db_mps.users' doesn't exist in C:\xampp\htdocs\logintiket\system\Database\MySQLi\Connection.php:295
Stack trace:
#0 C:\xampp\htdocs\logintiket\system\Database\MySQLi\Connection.php(295): mysqli->query('SELECT 1\nFROM `...', 0)
#1 C:\xampp\htdocs\logintiket\system\Database\BaseConnection.php(692): CodeIgniter\Database\MySQLi\Connection->execute('SELECT 1\nFROM `...')
#2 C:\xampp\htdocs\logintiket\system\Database\BaseConnection.php(606): CodeIgniter\Database\BaseConnection->simpleQuery('SELECT 1\nFROM `...')
#3 C:\xampp\htdocs\logintiket\system\Database\BaseBuilder.php(1616): CodeIgniter\Database\BaseConnection->query('SELECT 1\nFROM `...', Array, false)
#4 C:\xampp\htdocs\logintiket\system\Validation\StrictRules\Rules.php(206): CodeIgniter\Database\BaseBuilder->get()
#5 C:\xampp\htdocs\logintiket\system\Validation\Validation.php(312): CodeIgniter\Validation\StrictRules\Rules->is_unique('12321312', 'npm', Array, NULL, 'npm')
#6 C:\xampp\htdocs\logintiket\system\Validation\Validation.php(170): CodeIgniter\Validation\Validation->processRules('npm', 'npm', '12321312', Array, Array)
#7 C:\xampp\htdocs\logintiket\system\Controller.php(140): CodeIgniter\Validation\Validation->run()
#8 C:\xampp\htdocs\logintiket\app\Controllers\Auth\Auth.php(17): CodeIgniter\Controller->validate(Array)
#9 C:\xampp\htdocs\logintiket\system\CodeIgniter.php(934): App\Controllers\Auth\Auth->register()
#10 C:\xampp\htdocs\logintiket\system\CodeIgniter.php(499): CodeIgniter\CodeIgniter->runController(Object(App\Controllers\Auth\Auth))
#11 C:\xampp\htdocs\logintiket\system\CodeIgniter.php(368): CodeIgniter\CodeIgniter->handleRequest(NULL, Object(Config\Cache), false)
#12 C:\xampp\htdocs\logintiket\public\index.php(67): CodeIgniter\CodeIgniter->run()
#13 C:\xampp\htdocs\logintiket\system\Commands\Server\rewrite.php(47): require_once('C:\\xampp\\htdocs...')
#14 {main}
CRITICAL - 2023-05-04 10:41:41 --> Table 'db_mps.users' doesn't exist
in SYSTEMPATH\Database\MySQLi\Connection.php on line 295.
 1 SYSTEMPATH\Database\MySQLi\Connection.php(295): mysqli->query('SELECT 1
FROM `users`
WHERE `npm` = \'12321312\'
 LIMIT 1', 0)
 2 SYSTEMPATH\Database\BaseConnection.php(692): CodeIgniter\Database\MySQLi\Connection->execute('SELECT 1
FROM `users`
WHERE `npm` = \'12321312\'
 LIMIT 1')
 3 SYSTEMPATH\Database\BaseConnection.php(606): CodeIgniter\Database\BaseConnection->simpleQuery('SELECT 1
FROM `users`
WHERE `npm` = \'12321312\'
 LIMIT 1')
 4 SYSTEMPATH\Database\BaseBuilder.php(1616): CodeIgniter\Database\BaseConnection->query('SELECT 1
FROM `users`
WHERE `npm` = :npm:
 LIMIT 1', [...], false)
 5 SYSTEMPATH\Validation\StrictRules\Rules.php(206): CodeIgniter\Database\BaseBuilder->get()
 6 SYSTEMPATH\Validation\Validation.php(312): CodeIgniter\Validation\StrictRules\Rules->is_unique('12321312', 'npm', [...], null, 'npm')
 7 SYSTEMPATH\Validation\Validation.php(170): CodeIgniter\Validation\Validation->processRules('npm', 'npm', '12321312', [...], [...])
 8 SYSTEMPATH\Controller.php(140): CodeIgniter\Validation\Validation->run()
 9 APPPATH\Controllers\Auth\Auth.php(17): CodeIgniter\Controller->validate([...])
10 SYSTEMPATH\CodeIgniter.php(934): App\Controllers\Auth\Auth->register()
11 SYSTEMPATH\CodeIgniter.php(499): CodeIgniter\CodeIgniter->runController(Object(App\Controllers\Auth\Auth))
12 SYSTEMPATH\CodeIgniter.php(368): CodeIgniter\CodeIgniter->handleRequest(null, Object(Config\Cache), false)
13 FCPATH\index.php(67): CodeIgniter\CodeIgniter->run()
14 SYSTEMPATH\Commands\Server\rewrite.php(47): require_once('C:\\xampp\\htdocs\\logintiket\\public\\index.php')
ERROR - 2023-05-04 10:42:39 --> mysqli_sql_exception: Cannot add or update a child row: a foreign key constraint fails (`db_mps`.`user`, CONSTRAINT `id_role_reference_tabel_role` FOREIGN KEY (`id_role`) REFERENCES `role` (`id_role`)) in C:\xampp\htdocs\logintiket\system\Database\MySQLi\Connection.php:295
Stack trace:
#0 C:\xampp\htdocs\logintiket\system\Database\MySQLi\Connection.php(295): mysqli->query('INSERT INTO `us...', 0)
#1 C:\xampp\htdocs\logintiket\system\Database\BaseConnection.php(692): CodeIgniter\Database\MySQLi\Connection->execute('INSERT INTO `us...')
#2 C:\xampp\htdocs\logintiket\system\Database\BaseConnection.php(606): CodeIgniter\Database\BaseConnection->simpleQuery('INSERT INTO `us...')
#3 C:\xampp\htdocs\logintiket\system\Database\BaseBuilder.php(2309): CodeIgniter\Database\BaseConnection->query('INSERT INTO `us...', Array, false)
#4 C:\xampp\htdocs\logintiket\system\Model.php(330): CodeIgniter\Database\BaseBuilder->insert()
#5 C:\xampp\htdocs\logintiket\system\BaseModel.php(782): CodeIgniter\Model->doInsert(Array)
#6 C:\xampp\htdocs\logintiket\system\Model.php(730): CodeIgniter\BaseModel->insert(Array, true)
#7 C:\xampp\htdocs\logintiket\app\Controllers\Auth\Auth.php(25): CodeIgniter\Model->insert(Array)
#8 C:\xampp\htdocs\logintiket\system\CodeIgniter.php(934): App\Controllers\Auth\Auth->register()
#9 C:\xampp\htdocs\logintiket\system\CodeIgniter.php(499): CodeIgniter\CodeIgniter->runController(Object(App\Controllers\Auth\Auth))
#10 C:\xampp\htdocs\logintiket\system\CodeIgniter.php(368): CodeIgniter\CodeIgniter->handleRequest(NULL, Object(Config\Cache), false)
#11 C:\xampp\htdocs\logintiket\public\index.php(67): CodeIgniter\CodeIgniter->run()
#12 C:\xampp\htdocs\logintiket\system\Commands\Server\rewrite.php(47): require_once('C:\\xampp\\htdocs...')
#13 {main}
CRITICAL - 2023-05-04 10:42:39 --> Cannot add or update a child row: a foreign key constraint fails (`db_mps`.`user`, CONSTRAINT `id_role_reference_tabel_role` FOREIGN KEY (`id_role`) REFERENCES `role` (`id_role`))
in SYSTEMPATH\Database\MySQLi\Connection.php on line 295.
 1 SYSTEMPATH\Database\MySQLi\Connection.php(295): mysqli->query('INSERT INTO `user` (`npm`, `nama`, `password`) VALUES (\'12321312\', \'absensi\', \'$2y$10$oGw42RFUWJ8NwE5EhbM5u.dLB.vQzmrFLANkdxfh17MKUYXh7B.HS\')', 0)
 2 SYSTEMPATH\Database\BaseConnection.php(692): CodeIgniter\Database\MySQLi\Connection->execute('INSERT INTO `user` (`npm`, `nama`, `password`) VALUES (\'12321312\', \'absensi\', \'$2y$10$oGw42RFUWJ8NwE5EhbM5u.dLB.vQzmrFLANkdxfh17MKUYXh7B.HS\')')
 3 SYSTEMPATH\Database\BaseConnection.php(606): CodeIgniter\Database\BaseConnection->simpleQuery('INSERT INTO `user` (`npm`, `nama`, `password`) VALUES (\'12321312\', \'absensi\', \'$2y$10$oGw42RFUWJ8NwE5EhbM5u.dLB.vQzmrFLANkdxfh17MKUYXh7B.HS\')')
 4 SYSTEMPATH\Database\BaseBuilder.php(2309): CodeIgniter\Database\BaseConnection->query('INSERT INTO `user` (`npm`, `nama`, `password`) VALUES (:npm:, :nama:, :password:)', [...], false)
 5 SYSTEMPATH\Model.php(330): CodeIgniter\Database\BaseBuilder->insert()
 6 SYSTEMPATH\BaseModel.php(782): CodeIgniter\Model->doInsert([...])
 7 SYSTEMPATH\Model.php(730): CodeIgniter\BaseModel->insert([...], true)
 8 APPPATH\Controllers\Auth\Auth.php(25): CodeIgniter\Model->insert([...])
 9 SYSTEMPATH\CodeIgniter.php(934): App\Controllers\Auth\Auth->register()
10 SYSTEMPATH\CodeIgniter.php(499): CodeIgniter\CodeIgniter->runController(Object(App\Controllers\Auth\Auth))
11 SYSTEMPATH\CodeIgniter.php(368): CodeIgniter\CodeIgniter->handleRequest(null, Object(Config\Cache), false)
12 FCPATH\index.php(67): CodeIgniter\CodeIgniter->run()
13 SYSTEMPATH\Commands\Server\rewrite.php(47): require_once('C:\\xampp\\htdocs\\logintiket\\public\\index.php')
ERROR - 2023-05-04 10:44:12 --> mysqli_sql_exception: Cannot add or update a child row: a foreign key constraint fails (`db_mps`.`user`, CONSTRAINT `id_role_reference_tabel_role` FOREIGN KEY (`id_role`) REFERENCES `role` (`id_role`)) in C:\xampp\htdocs\logintiket\system\Database\MySQLi\Connection.php:295
Stack trace:
#0 C:\xampp\htdocs\logintiket\system\Database\MySQLi\Connection.php(295): mysqli->query('INSERT INTO `us...', 0)
#1 C:\xampp\htdocs\logintiket\system\Database\BaseConnection.php(692): CodeIgniter\Database\MySQLi\Connection->execute('INSERT INTO `us...')
#2 C:\xampp\htdocs\logintiket\system\Database\BaseConnection.php(606): CodeIgniter\Database\BaseConnection->simpleQuery('INSERT INTO `us...')
#3 C:\xampp\htdocs\logintiket\system\Database\BaseBuilder.php(2309): CodeIgniter\Database\BaseConnection->query('INSERT INTO `us...', Array, false)
#4 C:\xampp\htdocs\logintiket\system\Model.php(330): CodeIgniter\Database\BaseBuilder->insert()
#5 C:\xampp\htdocs\logintiket\system\BaseModel.php(782): CodeIgniter\Model->doInsert(Array)
#6 C:\xampp\htdocs\logintiket\system\Model.php(730): CodeIgniter\BaseModel->insert(Array, true)
#7 C:\xampp\htdocs\logintiket\app\Controllers\Auth\Auth.php(25): CodeIgniter\Model->insert(Array)
#8 C:\xampp\htdocs\logintiket\system\CodeIgniter.php(934): App\Controllers\Auth\Auth->register()
#9 C:\xampp\htdocs\logintiket\system\CodeIgniter.php(499): CodeIgniter\CodeIgniter->runController(Object(App\Controllers\Auth\Auth))
#10 C:\xampp\htdocs\logintiket\system\CodeIgniter.php(368): CodeIgniter\CodeIgniter->handleRequest(NULL, Object(Config\Cache), false)
#11 C:\xampp\htdocs\logintiket\public\index.php(67): CodeIgniter\CodeIgniter->run()
#12 C:\xampp\htdocs\logintiket\system\Commands\Server\rewrite.php(47): require_once('C:\\xampp\\htdocs...')
#13 {main}
CRITICAL - 2023-05-04 10:44:12 --> Cannot add or update a child row: a foreign key constraint fails (`db_mps`.`user`, CONSTRAINT `id_role_reference_tabel_role` FOREIGN KEY (`id_role`) REFERENCES `role` (`id_role`))
in SYSTEMPATH\Database\MySQLi\Connection.php on line 295.
 1 SYSTEMPATH\Database\MySQLi\Connection.php(295): mysqli->query('INSERT INTO `user` (`npm`, `nama`, `password`) VALUES (\'12321312\', \'absensi\', \'$2y$10$WVdaKd32BchrYe8fmXNV0O.ifU8xW2mAZM.51mV6wfztzgXcj8AyK\')', 0)
 2 SYSTEMPATH\Database\BaseConnection.php(692): CodeIgniter\Database\MySQLi\Connection->execute('INSERT INTO `user` (`npm`, `nama`, `password`) VALUES (\'12321312\', \'absensi\', \'$2y$10$WVdaKd32BchrYe8fmXNV0O.ifU8xW2mAZM.51mV6wfztzgXcj8AyK\')')
 3 SYSTEMPATH\Database\BaseConnection.php(606): CodeIgniter\Database\BaseConnection->simpleQuery('INSERT INTO `user` (`npm`, `nama`, `password`) VALUES (\'12321312\', \'absensi\', \'$2y$10$WVdaKd32BchrYe8fmXNV0O.ifU8xW2mAZM.51mV6wfztzgXcj8AyK\')')
 4 SYSTEMPATH\Database\BaseBuilder.php(2309): CodeIgniter\Database\BaseConnection->query('INSERT INTO `user` (`npm`, `nama`, `password`) VALUES (:npm:, :nama:, :password:)', [...], false)
 5 SYSTEMPATH\Model.php(330): CodeIgniter\Database\BaseBuilder->insert()
 6 SYSTEMPATH\BaseModel.php(782): CodeIgniter\Model->doInsert([...])
 7 SYSTEMPATH\Model.php(730): CodeIgniter\BaseModel->insert([...], true)
 8 APPPATH\Controllers\Auth\Auth.php(25): CodeIgniter\Model->insert([...])
 9 SYSTEMPATH\CodeIgniter.php(934): App\Controllers\Auth\Auth->register()
10 SYSTEMPATH\CodeIgniter.php(499): CodeIgniter\CodeIgniter->runController(Object(App\Controllers\Auth\Auth))
11 SYSTEMPATH\CodeIgniter.php(368): CodeIgniter\CodeIgniter->handleRequest(null, Object(Config\Cache), false)
12 FCPATH\index.php(67): CodeIgniter\CodeIgniter->run()
13 SYSTEMPATH\Commands\Server\rewrite.php(47): require_once('C:\\xampp\\htdocs\\logintiket\\public\\index.php')
ERROR - 2023-05-04 10:44:15 --> mysqli_sql_exception: Cannot add or update a child row: a foreign key constraint fails (`db_mps`.`user`, CONSTRAINT `id_role_reference_tabel_role` FOREIGN KEY (`id_role`) REFERENCES `role` (`id_role`)) in C:\xampp\htdocs\logintiket\system\Database\MySQLi\Connection.php:295
Stack trace:
#0 C:\xampp\htdocs\logintiket\system\Database\MySQLi\Connection.php(295): mysqli->query('INSERT INTO `us...', 0)
#1 C:\xampp\htdocs\logintiket\system\Database\BaseConnection.php(692): CodeIgniter\Database\MySQLi\Connection->execute('INSERT INTO `us...')
#2 C:\xampp\htdocs\logintiket\system\Database\BaseConnection.php(606): CodeIgniter\Database\BaseConnection->simpleQuery('INSERT INTO `us...')
#3 C:\xampp\htdocs\logintiket\system\Database\BaseBuilder.php(2309): CodeIgniter\Database\BaseConnection->query('INSERT INTO `us...', Array, false)
#4 C:\xampp\htdocs\logintiket\system\Model.php(330): CodeIgniter\Database\BaseBuilder->insert()
#5 C:\xampp\htdocs\logintiket\system\BaseModel.php(782): CodeIgniter\Model->doInsert(Array)
#6 C:\xampp\htdocs\logintiket\system\Model.php(730): CodeIgniter\BaseModel->insert(Array, true)
#7 C:\xampp\htdocs\logintiket\app\Controllers\Auth\Auth.php(25): CodeIgniter\Model->insert(Array)
#8 C:\xampp\htdocs\logintiket\system\CodeIgniter.php(934): App\Controllers\Auth\Auth->register()
#9 C:\xampp\htdocs\logintiket\system\CodeIgniter.php(499): CodeIgniter\CodeIgniter->runController(Object(App\Controllers\Auth\Auth))
#10 C:\xampp\htdocs\logintiket\system\CodeIgniter.php(368): CodeIgniter\CodeIgniter->handleRequest(NULL, Object(Config\Cache), false)
#11 C:\xampp\htdocs\logintiket\public\index.php(67): CodeIgniter\CodeIgniter->run()
#12 C:\xampp\htdocs\logintiket\system\Commands\Server\rewrite.php(47): require_once('C:\\xampp\\htdocs...')
#13 {main}
CRITICAL - 2023-05-04 10:44:15 --> Cannot add or update a child row: a foreign key constraint fails (`db_mps`.`user`, CONSTRAINT `id_role_reference_tabel_role` FOREIGN KEY (`id_role`) REFERENCES `role` (`id_role`))
in SYSTEMPATH\Database\MySQLi\Connection.php on line 295.
 1 SYSTEMPATH\Database\MySQLi\Connection.php(295): mysqli->query('INSERT INTO `user` (`npm`, `nama`, `password`) VALUES (\'12321312\', \'absensi\', \'$2y$10$HIP6E9EyXHSqdijDeH7bku.bOPMDVTN7z2ak0/OzUyUl6hV.ruGW.\')', 0)
 2 SYSTEMPATH\Database\BaseConnection.php(692): CodeIgniter\Database\MySQLi\Connection->execute('INSERT INTO `user` (`npm`, `nama`, `password`) VALUES (\'12321312\', \'absensi\', \'$2y$10$HIP6E9EyXHSqdijDeH7bku.bOPMDVTN7z2ak0/OzUyUl6hV.ruGW.\')')
 3 SYSTEMPATH\Database\BaseConnection.php(606): CodeIgniter\Database\BaseConnection->simpleQuery('INSERT INTO `user` (`npm`, `nama`, `password`) VALUES (\'12321312\', \'absensi\', \'$2y$10$HIP6E9EyXHSqdijDeH7bku.bOPMDVTN7z2ak0/OzUyUl6hV.ruGW.\')')
 4 SYSTEMPATH\Database\BaseBuilder.php(2309): CodeIgniter\Database\BaseConnection->query('INSERT INTO `user` (`npm`, `nama`, `password`) VALUES (:npm:, :nama:, :password:)', [...], false)
 5 SYSTEMPATH\Model.php(330): CodeIgniter\Database\BaseBuilder->insert()
 6 SYSTEMPATH\BaseModel.php(782): CodeIgniter\Model->doInsert([...])
 7 SYSTEMPATH\Model.php(730): CodeIgniter\BaseModel->insert([...], true)
 8 APPPATH\Controllers\Auth\Auth.php(25): CodeIgniter\Model->insert([...])
 9 SYSTEMPATH\CodeIgniter.php(934): App\Controllers\Auth\Auth->register()
10 SYSTEMPATH\CodeIgniter.php(499): CodeIgniter\CodeIgniter->runController(Object(App\Controllers\Auth\Auth))
11 SYSTEMPATH\CodeIgniter.php(368): CodeIgniter\CodeIgniter->handleRequest(null, Object(Config\Cache), false)
12 FCPATH\index.php(67): CodeIgniter\CodeIgniter->run()
13 SYSTEMPATH\Commands\Server\rewrite.php(47): require_once('C:\\xampp\\htdocs\\logintiket\\public\\index.php')
ERROR - 2023-05-04 10:44:29 --> mysqli_sql_exception: Cannot add or update a child row: a foreign key constraint fails (`db_mps`.`user`, CONSTRAINT `id_role_reference_tabel_role` FOREIGN KEY (`id_role`) REFERENCES `role` (`id_role`)) in C:\xampp\htdocs\logintiket\system\Database\MySQLi\Connection.php:295
Stack trace:
#0 C:\xampp\htdocs\logintiket\system\Database\MySQLi\Connection.php(295): mysqli->query('INSERT INTO `us...', 0)
#1 C:\xampp\htdocs\logintiket\system\Database\BaseConnection.php(692): CodeIgniter\Database\MySQLi\Connection->execute('INSERT INTO `us...')
#2 C:\xampp\htdocs\logintiket\system\Database\BaseConnection.php(606): CodeIgniter\Database\BaseConnection->simpleQuery('INSERT INTO `us...')
#3 C:\xampp\htdocs\logintiket\system\Database\BaseBuilder.php(2309): CodeIgniter\Database\BaseConnection->query('INSERT INTO `us...', Array, false)
#4 C:\xampp\htdocs\logintiket\system\Model.php(330): CodeIgniter\Database\BaseBuilder->insert()
#5 C:\xampp\htdocs\logintiket\system\BaseModel.php(782): CodeIgniter\Model->doInsert(Array)
#6 C:\xampp\htdocs\logintiket\system\Model.php(730): CodeIgniter\BaseModel->insert(Array, true)
#7 C:\xampp\htdocs\logintiket\app\Controllers\Auth\Auth.php(25): CodeIgniter\Model->insert(Array)
#8 C:\xampp\htdocs\logintiket\system\CodeIgniter.php(934): App\Controllers\Auth\Auth->register()
#9 C:\xampp\htdocs\logintiket\system\CodeIgniter.php(499): CodeIgniter\CodeIgniter->runController(Object(App\Controllers\Auth\Auth))
#10 C:\xampp\htdocs\logintiket\system\CodeIgniter.php(368): CodeIgniter\CodeIgniter->handleRequest(NULL, Object(Config\Cache), false)
#11 C:\xampp\htdocs\logintiket\public\index.php(67): CodeIgniter\CodeIgniter->run()
#12 C:\xampp\htdocs\logintiket\system\Commands\Server\rewrite.php(47): require_once('C:\\xampp\\htdocs...')
#13 {main}
CRITICAL - 2023-05-04 10:44:29 --> Cannot add or update a child row: a foreign key constraint fails (`db_mps`.`user`, CONSTRAINT `id_role_reference_tabel_role` FOREIGN KEY (`id_role`) REFERENCES `role` (`id_role`))
in SYSTEMPATH\Database\MySQLi\Connection.php on line 295.
 1 SYSTEMPATH\Database\MySQLi\Connection.php(295): mysqli->query('INSERT INTO `user` (`npm`, `nama`, `password`) VALUES (\'12321312\', \'absensi\', \'$2y$10$xRgxhkIEOSAws0V4IZGXlOWtdPx15ZAjaOC9tdjXbcD73dhpUpy36\')', 0)
 2 SYSTEMPATH\Database\BaseConnection.php(692): CodeIgniter\Database\MySQLi\Connection->execute('INSERT INTO `user` (`npm`, `nama`, `password`) VALUES (\'12321312\', \'absensi\', \'$2y$10$xRgxhkIEOSAws0V4IZGXlOWtdPx15ZAjaOC9tdjXbcD73dhpUpy36\')')
 3 SYSTEMPATH\Database\BaseConnection.php(606): CodeIgniter\Database\BaseConnection->simpleQuery('INSERT INTO `user` (`npm`, `nama`, `password`) VALUES (\'12321312\', \'absensi\', \'$2y$10$xRgxhkIEOSAws0V4IZGXlOWtdPx15ZAjaOC9tdjXbcD73dhpUpy36\')')
 4 SYSTEMPATH\Database\BaseBuilder.php(2309): CodeIgniter\Database\BaseConnection->query('INSERT INTO `user` (`npm`, `nama`, `password`) VALUES (:npm:, :nama:, :password:)', [...], false)
 5 SYSTEMPATH\Model.php(330): CodeIgniter\Database\BaseBuilder->insert()
 6 SYSTEMPATH\BaseModel.php(782): CodeIgniter\Model->doInsert([...])
 7 SYSTEMPATH\Model.php(730): CodeIgniter\BaseModel->insert([...], true)
 8 APPPATH\Controllers\Auth\Auth.php(25): CodeIgniter\Model->insert([...])
 9 SYSTEMPATH\CodeIgniter.php(934): App\Controllers\Auth\Auth->register()
10 SYSTEMPATH\CodeIgniter.php(499): CodeIgniter\CodeIgniter->runController(Object(App\Controllers\Auth\Auth))
11 SYSTEMPATH\CodeIgniter.php(368): CodeIgniter\CodeIgniter->handleRequest(null, Object(Config\Cache), false)
12 FCPATH\index.php(67): CodeIgniter\CodeIgniter->run()
13 SYSTEMPATH\Commands\Server\rewrite.php(47): require_once('C:\\xampp\\htdocs\\logintiket\\public\\index.php')
ERROR - 2023-05-04 10:44:55 --> mysqli_sql_exception: Cannot add or update a child row: a foreign key constraint fails (`db_mps`.`user`, CONSTRAINT `id_role_reference_tabel_role` FOREIGN KEY (`id_role`) REFERENCES `role` (`id_role`)) in C:\xampp\htdocs\logintiket\system\Database\MySQLi\Connection.php:295
Stack trace:
#0 C:\xampp\htdocs\logintiket\system\Database\MySQLi\Connection.php(295): mysqli->query('INSERT INTO `us...', 0)
#1 C:\xampp\htdocs\logintiket\system\Database\BaseConnection.php(692): CodeIgniter\Database\MySQLi\Connection->execute('INSERT INTO `us...')
#2 C:\xampp\htdocs\logintiket\system\Database\BaseConnection.php(606): CodeIgniter\Database\BaseConnection->simpleQuery('INSERT INTO `us...')
#3 C:\xampp\htdocs\logintiket\system\Database\BaseBuilder.php(2309): CodeIgniter\Database\BaseConnection->query('INSERT INTO `us...', Array, false)
#4 C:\xampp\htdocs\logintiket\system\Model.php(330): CodeIgniter\Database\BaseBuilder->insert()
#5 C:\xampp\htdocs\logintiket\system\BaseModel.php(782): CodeIgniter\Model->doInsert(Array)
#6 C:\xampp\htdocs\logintiket\system\Model.php(730): CodeIgniter\BaseModel->insert(Array, true)
#7 C:\xampp\htdocs\logintiket\app\Controllers\Auth\Auth.php(25): CodeIgniter\Model->insert(Array)
#8 C:\xampp\htdocs\logintiket\system\CodeIgniter.php(934): App\Controllers\Auth\Auth->register()
#9 C:\xampp\htdocs\logintiket\system\CodeIgniter.php(499): CodeIgniter\CodeIgniter->runController(Object(App\Controllers\Auth\Auth))
#10 C:\xampp\htdocs\logintiket\system\CodeIgniter.php(368): CodeIgniter\CodeIgniter->handleRequest(NULL, Object(Config\Cache), false)
#11 C:\xampp\htdocs\logintiket\public\index.php(67): CodeIgniter\CodeIgniter->run()
#12 C:\xampp\htdocs\logintiket\system\Commands\Server\rewrite.php(47): require_once('C:\\xampp\\htdocs...')
#13 {main}
CRITICAL - 2023-05-04 10:44:55 --> Cannot add or update a child row: a foreign key constraint fails (`db_mps`.`user`, CONSTRAINT `id_role_reference_tabel_role` FOREIGN KEY (`id_role`) REFERENCES `role` (`id_role`))
in SYSTEMPATH\Database\MySQLi\Connection.php on line 295.
 1 SYSTEMPATH\Database\MySQLi\Connection.php(295): mysqli->query('INSERT INTO `user` (`npm`, `nama`, `password`) VALUES (\'1234\', \'asdasdas\', \'$2y$10$2nmV4P4AYUbrKxNuCMU8MOL0cTmqeq5dtWbESikiOrg1iyEpQXWVq\')', 0)
 2 SYSTEMPATH\Database\BaseConnection.php(692): CodeIgniter\Database\MySQLi\Connection->execute('INSERT INTO `user` (`npm`, `nama`, `password`) VALUES (\'1234\', \'asdasdas\', \'$2y$10$2nmV4P4AYUbrKxNuCMU8MOL0cTmqeq5dtWbESikiOrg1iyEpQXWVq\')')
 3 SYSTEMPATH\Database\BaseConnection.php(606): CodeIgniter\Database\BaseConnection->simpleQuery('INSERT INTO `user` (`npm`, `nama`, `password`) VALUES (\'1234\', \'asdasdas\', \'$2y$10$2nmV4P4AYUbrKxNuCMU8MOL0cTmqeq5dtWbESikiOrg1iyEpQXWVq\')')
 4 SYSTEMPATH\Database\BaseBuilder.php(2309): CodeIgniter\Database\BaseConnection->query('INSERT INTO `user` (`npm`, `nama`, `password`) VALUES (:npm:, :nama:, :password:)', [...], false)
 5 SYSTEMPATH\Model.php(330): CodeIgniter\Database\BaseBuilder->insert()
 6 SYSTEMPATH\BaseModel.php(782): CodeIgniter\Model->doInsert([...])
 7 SYSTEMPATH\Model.php(730): CodeIgniter\BaseModel->insert([...], true)
 8 APPPATH\Controllers\Auth\Auth.php(25): CodeIgniter\Model->insert([...])
 9 SYSTEMPATH\CodeIgniter.php(934): App\Controllers\Auth\Auth->register()
10 SYSTEMPATH\CodeIgniter.php(499): CodeIgniter\CodeIgniter->runController(Object(App\Controllers\Auth\Auth))
11 SYSTEMPATH\CodeIgniter.php(368): CodeIgniter\CodeIgniter->handleRequest(null, Object(Config\Cache), false)
12 FCPATH\index.php(67): CodeIgniter\CodeIgniter->run()
13 SYSTEMPATH\Commands\Server\rewrite.php(47): require_once('C:\\xampp\\htdocs\\logintiket\\public\\index.php')
ERROR - 2023-05-04 10:48:41 --> mysqli_sql_exception: Cannot add or update a child row: a foreign key constraint fails (`db_mps`.`user`, CONSTRAINT `id_kartu_reference_tabel_kartu` FOREIGN KEY (`id_kartu`) REFERENCES `kartu` (`id_kartu`)) in C:\xampp\htdocs\logintiket\system\Database\MySQLi\Connection.php:295
Stack trace:
#0 C:\xampp\htdocs\logintiket\system\Database\MySQLi\Connection.php(295): mysqli->query('INSERT INTO `us...', 0)
#1 C:\xampp\htdocs\logintiket\system\Database\BaseConnection.php(692): CodeIgniter\Database\MySQLi\Connection->execute('INSERT INTO `us...')
#2 C:\xampp\htdocs\logintiket\system\Database\BaseConnection.php(606): CodeIgniter\Database\BaseConnection->simpleQuery('INSERT INTO `us...')
#3 C:\xampp\htdocs\logintiket\system\Database\BaseBuilder.php(2309): CodeIgniter\Database\BaseConnection->query('INSERT INTO `us...', Array, false)
#4 C:\xampp\htdocs\logintiket\system\Model.php(330): CodeIgniter\Database\BaseBuilder->insert()
#5 C:\xampp\htdocs\logintiket\system\BaseModel.php(782): CodeIgniter\Model->doInsert(Array)
#6 C:\xampp\htdocs\logintiket\system\Model.php(730): CodeIgniter\BaseModel->insert(Array, true)
#7 C:\xampp\htdocs\logintiket\app\Controllers\Auth\Auth.php(25): CodeIgniter\Model->insert(Array)
#8 C:\xampp\htdocs\logintiket\system\CodeIgniter.php(934): App\Controllers\Auth\Auth->register()
#9 C:\xampp\htdocs\logintiket\system\CodeIgniter.php(499): CodeIgniter\CodeIgniter->runController(Object(App\Controllers\Auth\Auth))
#10 C:\xampp\htdocs\logintiket\system\CodeIgniter.php(368): CodeIgniter\CodeIgniter->handleRequest(NULL, Object(Config\Cache), false)
#11 C:\xampp\htdocs\logintiket\public\index.php(67): CodeIgniter\CodeIgniter->run()
#12 C:\xampp\htdocs\logintiket\system\Commands\Server\rewrite.php(47): require_once('C:\\xampp\\htdocs...')
#13 {main}
CRITICAL - 2023-05-04 10:48:41 --> Cannot add or update a child row: a foreign key constraint fails (`db_mps`.`user`, CONSTRAINT `id_kartu_reference_tabel_kartu` FOREIGN KEY (`id_kartu`) REFERENCES `kartu` (`id_kartu`))
in SYSTEMPATH\Database\MySQLi\Connection.php on line 295.
 1 SYSTEMPATH\Database\MySQLi\Connection.php(295): mysqli->query('INSERT INTO `user` (`npm`, `id_role`, `nama`, `password`) VALUES (\'1234\', \'2\', \'asdasdas\', \'$2y$10$FGWaC6pdM9gvx9Rj7OQf4uUdIDvi8H5Fybi55n39AiA.TX.jbL3MG\')', 0)
 2 SYSTEMPATH\Database\BaseConnection.php(692): CodeIgniter\Database\MySQLi\Connection->execute('INSERT INTO `user` (`npm`, `id_role`, `nama`, `password`) VALUES (\'1234\', \'2\', \'asdasdas\', \'$2y$10$FGWaC6pdM9gvx9Rj7OQf4uUdIDvi8H5Fybi55n39AiA.TX.jbL3MG\')')
 3 SYSTEMPATH\Database\BaseConnection.php(606): CodeIgniter\Database\BaseConnection->simpleQuery('INSERT INTO `user` (`npm`, `id_role`, `nama`, `password`) VALUES (\'1234\', \'2\', \'asdasdas\', \'$2y$10$FGWaC6pdM9gvx9Rj7OQf4uUdIDvi8H5Fybi55n39AiA.TX.jbL3MG\')')
 4 SYSTEMPATH\Database\BaseBuilder.php(2309): CodeIgniter\Database\BaseConnection->query('INSERT INTO `user` (`npm`, `id_role`, `nama`, `password`) VALUES (:npm:, :id_role:, :nama:, :password:)', [...], false)
 5 SYSTEMPATH\Model.php(330): CodeIgniter\Database\BaseBuilder->insert()
 6 SYSTEMPATH\BaseModel.php(782): CodeIgniter\Model->doInsert([...])
 7 SYSTEMPATH\Model.php(730): CodeIgniter\BaseModel->insert([...], true)
 8 APPPATH\Controllers\Auth\Auth.php(25): CodeIgniter\Model->insert([...])
 9 SYSTEMPATH\CodeIgniter.php(934): App\Controllers\Auth\Auth->register()
10 SYSTEMPATH\CodeIgniter.php(499): CodeIgniter\CodeIgniter->runController(Object(App\Controllers\Auth\Auth))
11 SYSTEMPATH\CodeIgniter.php(368): CodeIgniter\CodeIgniter->handleRequest(null, Object(Config\Cache), false)
12 FCPATH\index.php(67): CodeIgniter\CodeIgniter->run()
13 SYSTEMPATH\Commands\Server\rewrite.php(47): require_once('C:\\xampp\\htdocs\\logintiket\\public\\index.php')
ERROR - 2023-05-04 10:48:55 --> mysqli_sql_exception: Cannot add or update a child row: a foreign key constraint fails (`db_mps`.`user`, CONSTRAINT `id_kartu_reference_tabel_kartu` FOREIGN KEY (`id_kartu`) REFERENCES `kartu` (`id_kartu`)) in C:\xampp\htdocs\logintiket\system\Database\MySQLi\Connection.php:295
Stack trace:
#0 C:\xampp\htdocs\logintiket\system\Database\MySQLi\Connection.php(295): mysqli->query('INSERT INTO `us...', 0)
#1 C:\xampp\htdocs\logintiket\system\Database\BaseConnection.php(692): CodeIgniter\Database\MySQLi\Connection->execute('INSERT INTO `us...')
#2 C:\xampp\htdocs\logintiket\system\Database\BaseConnection.php(606): CodeIgniter\Database\BaseConnection->simpleQuery('INSERT INTO `us...')
#3 C:\xampp\htdocs\logintiket\system\Database\BaseBuilder.php(2309): CodeIgniter\Database\BaseConnection->query('INSERT INTO `us...', Array, false)
#4 C:\xampp\htdocs\logintiket\system\Model.php(330): CodeIgniter\Database\BaseBuilder->insert()
#5 C:\xampp\htdocs\logintiket\system\BaseModel.php(782): CodeIgniter\Model->doInsert(Array)
#6 C:\xampp\htdocs\logintiket\system\Model.php(730): CodeIgniter\BaseModel->insert(Array, true)
#7 C:\xampp\htdocs\logintiket\app\Controllers\Auth\Auth.php(25): CodeIgniter\Model->insert(Array)
#8 C:\xampp\htdocs\logintiket\system\CodeIgniter.php(934): App\Controllers\Auth\Auth->register()
#9 C:\xampp\htdocs\logintiket\system\CodeIgniter.php(499): CodeIgniter\CodeIgniter->runController(Object(App\Controllers\Auth\Auth))
#10 C:\xampp\htdocs\logintiket\system\CodeIgniter.php(368): CodeIgniter\CodeIgniter->handleRequest(NULL, Object(Config\Cache), false)
#11 C:\xampp\htdocs\logintiket\public\index.php(67): CodeIgniter\CodeIgniter->run()
#12 C:\xampp\htdocs\logintiket\system\Commands\Server\rewrite.php(47): require_once('C:\\xampp\\htdocs...')
#13 {main}
CRITICAL - 2023-05-04 10:48:55 --> Cannot add or update a child row: a foreign key constraint fails (`db_mps`.`user`, CONSTRAINT `id_kartu_reference_tabel_kartu` FOREIGN KEY (`id_kartu`) REFERENCES `kartu` (`id_kartu`))
in SYSTEMPATH\Database\MySQLi\Connection.php on line 295.
 1 SYSTEMPATH\Database\MySQLi\Connection.php(295): mysqli->query('INSERT INTO `user` (`npm`, `id_kartu`, `id_role`, `nama`, `password`) VALUES (\'1234\', \'\', \'2\', \'asdasdas\', \'$2y$10$eMBE/Z2hSGKsOdQsi5crd.DDWtRBB8MeO4bukAl4BldgWqb6dBk06\')', 0)
 2 SYSTEMPATH\Database\BaseConnection.php(692): CodeIgniter\Database\MySQLi\Connection->execute('INSERT INTO `user` (`npm`, `id_kartu`, `id_role`, `nama`, `password`) VALUES (\'1234\', \'\', \'2\', \'asdasdas\', \'$2y$10$eMBE/Z2hSGKsOdQsi5crd.DDWtRBB8MeO4bukAl4BldgWqb6dBk06\')')
 3 SYSTEMPATH\Database\BaseConnection.php(606): CodeIgniter\Database\BaseConnection->simpleQuery('INSERT INTO `user` (`npm`, `id_kartu`, `id_role`, `nama`, `password`) VALUES (\'1234\', \'\', \'2\', \'asdasdas\', \'$2y$10$eMBE/Z2hSGKsOdQsi5crd.DDWtRBB8MeO4bukAl4BldgWqb6dBk06\')')
 4 SYSTEMPATH\Database\BaseBuilder.php(2309): CodeIgniter\Database\BaseConnection->query('INSERT INTO `user` (`npm`, `id_kartu`, `id_role`, `nama`, `password`) VALUES (:npm:, :id_kartu:, :id_role:, :nama:, :password:)', [...], false)
 5 SYSTEMPATH\Model.php(330): CodeIgniter\Database\BaseBuilder->insert()
 6 SYSTEMPATH\BaseModel.php(782): CodeIgniter\Model->doInsert([...])
 7 SYSTEMPATH\Model.php(730): CodeIgniter\BaseModel->insert([...], true)
 8 APPPATH\Controllers\Auth\Auth.php(25): CodeIgniter\Model->insert([...])
 9 SYSTEMPATH\CodeIgniter.php(934): App\Controllers\Auth\Auth->register()
10 SYSTEMPATH\CodeIgniter.php(499): CodeIgniter\CodeIgniter->runController(Object(App\Controllers\Auth\Auth))
11 SYSTEMPATH\CodeIgniter.php(368): CodeIgniter\CodeIgniter->handleRequest(null, Object(Config\Cache), false)
12 FCPATH\index.php(67): CodeIgniter\CodeIgniter->run()
13 SYSTEMPATH\Commands\Server\rewrite.php(47): require_once('C:\\xampp\\htdocs\\logintiket\\public\\index.php')
ERROR - 2023-05-04 10:48:59 --> mysqli_sql_exception: Cannot add or update a child row: a foreign key constraint fails (`db_mps`.`user`, CONSTRAINT `id_kartu_reference_tabel_kartu` FOREIGN KEY (`id_kartu`) REFERENCES `kartu` (`id_kartu`)) in C:\xampp\htdocs\logintiket\system\Database\MySQLi\Connection.php:295
Stack trace:
#0 C:\xampp\htdocs\logintiket\system\Database\MySQLi\Connection.php(295): mysqli->query('INSERT INTO `us...', 0)
#1 C:\xampp\htdocs\logintiket\system\Database\BaseConnection.php(692): CodeIgniter\Database\MySQLi\Connection->execute('INSERT INTO `us...')
#2 C:\xampp\htdocs\logintiket\system\Database\BaseConnection.php(606): CodeIgniter\Database\BaseConnection->simpleQuery('INSERT INTO `us...')
#3 C:\xampp\htdocs\logintiket\system\Database\BaseBuilder.php(2309): CodeIgniter\Database\BaseConnection->query('INSERT INTO `us...', Array, false)
#4 C:\xampp\htdocs\logintiket\system\Model.php(330): CodeIgniter\Database\BaseBuilder->insert()
#5 C:\xampp\htdocs\logintiket\system\BaseModel.php(782): CodeIgniter\Model->doInsert(Array)
#6 C:\xampp\htdocs\logintiket\system\Model.php(730): CodeIgniter\BaseModel->insert(Array, true)
#7 C:\xampp\htdocs\logintiket\app\Controllers\Auth\Auth.php(25): CodeIgniter\Model->insert(Array)
#8 C:\xampp\htdocs\logintiket\system\CodeIgniter.php(934): App\Controllers\Auth\Auth->register()
#9 C:\xampp\htdocs\logintiket\system\CodeIgniter.php(499): CodeIgniter\CodeIgniter->runController(Object(App\Controllers\Auth\Auth))
#10 C:\xampp\htdocs\logintiket\system\CodeIgniter.php(368): CodeIgniter\CodeIgniter->handleRequest(NULL, Object(Config\Cache), false)
#11 C:\xampp\htdocs\logintiket\public\index.php(67): CodeIgniter\CodeIgniter->run()
#12 C:\xampp\htdocs\logintiket\system\Commands\Server\rewrite.php(47): require_once('C:\\xampp\\htdocs...')
#13 {main}
CRITICAL - 2023-05-04 10:48:59 --> Cannot add or update a child row: a foreign key constraint fails (`db_mps`.`user`, CONSTRAINT `id_kartu_reference_tabel_kartu` FOREIGN KEY (`id_kartu`) REFERENCES `kartu` (`id_kartu`))
in SYSTEMPATH\Database\MySQLi\Connection.php on line 295.
 1 SYSTEMPATH\Database\MySQLi\Connection.php(295): mysqli->query('INSERT INTO `user` (`npm`, `id_kartu`, `id_role`, `nama`, `password`) VALUES (\'1234\', \'\', \'2\', \'asdasdas\', \'$2y$10$R7uggSwv.wuSf6DDHJ1KJeQUkMZ86aNdWZ02mens2U.bTbld2LDa6\')', 0)
 2 SYSTEMPATH\Database\BaseConnection.php(692): CodeIgniter\Database\MySQLi\Connection->execute('INSERT INTO `user` (`npm`, `id_kartu`, `id_role`, `nama`, `password`) VALUES (\'1234\', \'\', \'2\', \'asdasdas\', \'$2y$10$R7uggSwv.wuSf6DDHJ1KJeQUkMZ86aNdWZ02mens2U.bTbld2LDa6\')')
 3 SYSTEMPATH\Database\BaseConnection.php(606): CodeIgniter\Database\BaseConnection->simpleQuery('INSERT INTO `user` (`npm`, `id_kartu`, `id_role`, `nama`, `password`) VALUES (\'1234\', \'\', \'2\', \'asdasdas\', \'$2y$10$R7uggSwv.wuSf6DDHJ1KJeQUkMZ86aNdWZ02mens2U.bTbld2LDa6\')')
 4 SYSTEMPATH\Database\BaseBuilder.php(2309): CodeIgniter\Database\BaseConnection->query('INSERT INTO `user` (`npm`, `id_kartu`, `id_role`, `nama`, `password`) VALUES (:npm:, :id_kartu:, :id_role:, :nama:, :password:)', [...], false)
 5 SYSTEMPATH\Model.php(330): CodeIgniter\Database\BaseBuilder->insert()
 6 SYSTEMPATH\BaseModel.php(782): CodeIgniter\Model->doInsert([...])
 7 SYSTEMPATH\Model.php(730): CodeIgniter\BaseModel->insert([...], true)
 8 APPPATH\Controllers\Auth\Auth.php(25): CodeIgniter\Model->insert([...])
 9 SYSTEMPATH\CodeIgniter.php(934): App\Controllers\Auth\Auth->register()
10 SYSTEMPATH\CodeIgniter.php(499): CodeIgniter\CodeIgniter->runController(Object(App\Controllers\Auth\Auth))
11 SYSTEMPATH\CodeIgniter.php(368): CodeIgniter\CodeIgniter->handleRequest(null, Object(Config\Cache), false)
12 FCPATH\index.php(67): CodeIgniter\CodeIgniter->run()
13 SYSTEMPATH\Commands\Server\rewrite.php(47): require_once('C:\\xampp\\htdocs\\logintiket\\public\\index.php')
ERROR - 2023-05-04 10:50:45 --> mysqli_sql_exception: Cannot add or update a child row: a foreign key constraint fails (`db_mps`.`user`, CONSTRAINT `id_kartu_reference_tabel_kartu` FOREIGN KEY (`id_kartu`) REFERENCES `kartu` (`id_kartu`)) in C:\xampp\htdocs\logintiket\system\Database\MySQLi\Connection.php:295
Stack trace:
#0 C:\xampp\htdocs\logintiket\system\Database\MySQLi\Connection.php(295): mysqli->query('INSERT INTO `us...', 0)
#1 C:\xampp\htdocs\logintiket\system\Database\BaseConnection.php(692): CodeIgniter\Database\MySQLi\Connection->execute('INSERT INTO `us...')
#2 C:\xampp\htdocs\logintiket\system\Database\BaseConnection.php(606): CodeIgniter\Database\BaseConnection->simpleQuery('INSERT INTO `us...')
#3 C:\xampp\htdocs\logintiket\system\Database\BaseBuilder.php(2309): CodeIgniter\Database\BaseConnection->query('INSERT INTO `us...', Array, false)
#4 C:\xampp\htdocs\logintiket\system\Model.php(330): CodeIgniter\Database\BaseBuilder->insert()
#5 C:\xampp\htdocs\logintiket\system\BaseModel.php(782): CodeIgniter\Model->doInsert(Array)
#6 C:\xampp\htdocs\logintiket\system\Model.php(730): CodeIgniter\BaseModel->insert(Array, true)
#7 C:\xampp\htdocs\logintiket\app\Controllers\Auth\Auth.php(25): CodeIgniter\Model->insert(Array)
#8 C:\xampp\htdocs\logintiket\system\CodeIgniter.php(934): App\Controllers\Auth\Auth->register()
#9 C:\xampp\htdocs\logintiket\system\CodeIgniter.php(499): CodeIgniter\CodeIgniter->runController(Object(App\Controllers\Auth\Auth))
#10 C:\xampp\htdocs\logintiket\system\CodeIgniter.php(368): CodeIgniter\CodeIgniter->handleRequest(NULL, Object(Config\Cache), false)
#11 C:\xampp\htdocs\logintiket\public\index.php(67): CodeIgniter\CodeIgniter->run()
#12 C:\xampp\htdocs\logintiket\system\Commands\Server\rewrite.php(47): require_once('C:\\xampp\\htdocs...')
#13 {main}
CRITICAL - 2023-05-04 10:50:45 --> Cannot add or update a child row: a foreign key constraint fails (`db_mps`.`user`, CONSTRAINT `id_kartu_reference_tabel_kartu` FOREIGN KEY (`id_kartu`) REFERENCES `kartu` (`id_kartu`))
in SYSTEMPATH\Database\MySQLi\Connection.php on line 295.
 1 SYSTEMPATH\Database\MySQLi\Connection.php(295): mysqli->query('INSERT INTO `user` (`npm`, `id_kartu`, `id_role`, `nama`, `password`) VALUES (\'6545654\', \'\', \'4\', \'absensi\', \'$2y$10$.ibPPaslDqTsBmoQVr0pX.0FGIfmcj6REcTzzBqufG.lwPNa0WQ4e\')', 0)
 2 SYSTEMPATH\Database\BaseConnection.php(692): CodeIgniter\Database\MySQLi\Connection->execute('INSERT INTO `user` (`npm`, `id_kartu`, `id_role`, `nama`, `password`) VALUES (\'6545654\', \'\', \'4\', \'absensi\', \'$2y$10$.ibPPaslDqTsBmoQVr0pX.0FGIfmcj6REcTzzBqufG.lwPNa0WQ4e\')')
 3 SYSTEMPATH\Database\BaseConnection.php(606): CodeIgniter\Database\BaseConnection->simpleQuery('INSERT INTO `user` (`npm`, `id_kartu`, `id_role`, `nama`, `password`) VALUES (\'6545654\', \'\', \'4\', \'absensi\', \'$2y$10$.ibPPaslDqTsBmoQVr0pX.0FGIfmcj6REcTzzBqufG.lwPNa0WQ4e\')')
 4 SYSTEMPATH\Database\BaseBuilder.php(2309): CodeIgniter\Database\BaseConnection->query('INSERT INTO `user` (`npm`, `id_kartu`, `id_role`, `nama`, `password`) VALUES (:npm:, :id_kartu:, :id_role:, :nama:, :password:)', [...], false)
 5 SYSTEMPATH\Model.php(330): CodeIgniter\Database\BaseBuilder->insert()
 6 SYSTEMPATH\BaseModel.php(782): CodeIgniter\Model->doInsert([...])
 7 SYSTEMPATH\Model.php(730): CodeIgniter\BaseModel->insert([...], true)
 8 APPPATH\Controllers\Auth\Auth.php(25): CodeIgniter\Model->insert([...])
 9 SYSTEMPATH\CodeIgniter.php(934): App\Controllers\Auth\Auth->register()
10 SYSTEMPATH\CodeIgniter.php(499): CodeIgniter\CodeIgniter->runController(Object(App\Controllers\Auth\Auth))
11 SYSTEMPATH\CodeIgniter.php(368): CodeIgniter\CodeIgniter->handleRequest(null, Object(Config\Cache), false)
12 FCPATH\index.php(67): CodeIgniter\CodeIgniter->run()
13 SYSTEMPATH\Commands\Server\rewrite.php(47): require_once('C:\\xampp\\htdocs\\logintiket\\public\\index.php')
ERROR - 2023-05-04 10:51:43 --> mysqli_sql_exception: Cannot add or update a child row: a foreign key constraint fails (`db_mps`.`user`, CONSTRAINT `id_kartu_reference_tabel_kartu` FOREIGN KEY (`id_kartu`) REFERENCES `kartu` (`id_kartu`)) in C:\xampp\htdocs\logintiket\system\Database\MySQLi\Connection.php:295
Stack trace:
#0 C:\xampp\htdocs\logintiket\system\Database\MySQLi\Connection.php(295): mysqli->query('INSERT INTO `us...', 0)
#1 C:\xampp\htdocs\logintiket\system\Database\BaseConnection.php(692): CodeIgniter\Database\MySQLi\Connection->execute('INSERT INTO `us...')
#2 C:\xampp\htdocs\logintiket\system\Database\BaseConnection.php(606): CodeIgniter\Database\BaseConnection->simpleQuery('INSERT INTO `us...')
#3 C:\xampp\htdocs\logintiket\system\Database\BaseBuilder.php(2309): CodeIgniter\Database\BaseConnection->query('INSERT INTO `us...', Array, false)
#4 C:\xampp\htdocs\logintiket\system\Model.php(330): CodeIgniter\Database\BaseBuilder->insert()
#5 C:\xampp\htdocs\logintiket\system\BaseModel.php(782): CodeIgniter\Model->doInsert(Array)
#6 C:\xampp\htdocs\logintiket\system\Model.php(730): CodeIgniter\BaseModel->insert(Array, true)
#7 C:\xampp\htdocs\logintiket\app\Controllers\Auth\Auth.php(25): CodeIgniter\Model->insert(Array)
#8 C:\xampp\htdocs\logintiket\system\CodeIgniter.php(934): App\Controllers\Auth\Auth->register()
#9 C:\xampp\htdocs\logintiket\system\CodeIgniter.php(499): CodeIgniter\CodeIgniter->runController(Object(App\Controllers\Auth\Auth))
#10 C:\xampp\htdocs\logintiket\system\CodeIgniter.php(368): CodeIgniter\CodeIgniter->handleRequest(NULL, Object(Config\Cache), false)
#11 C:\xampp\htdocs\logintiket\public\index.php(67): CodeIgniter\CodeIgniter->run()
#12 C:\xampp\htdocs\logintiket\system\Commands\Server\rewrite.php(47): require_once('C:\\xampp\\htdocs...')
#13 {main}
CRITICAL - 2023-05-04 10:51:43 --> Cannot add or update a child row: a foreign key constraint fails (`db_mps`.`user`, CONSTRAINT `id_kartu_reference_tabel_kartu` FOREIGN KEY (`id_kartu`) REFERENCES `kartu` (`id_kartu`))
in SYSTEMPATH\Database\MySQLi\Connection.php on line 295.
 1 SYSTEMPATH\Database\MySQLi\Connection.php(295): mysqli->query('INSERT INTO `user` (`npm`, `id_role`, `nama`, `password`) VALUES (\'4564656\', \'3\', \'Arief Fadhillah Rochmala\', \'$2y$10$F/JchuLuWlTTXjGYI9UAF.RfJ1dqB0U6a2.RP0ZhNhLLLy3y/zkA2\')', 0)
 2 SYSTEMPATH\Database\BaseConnection.php(692): CodeIgniter\Database\MySQLi\Connection->execute('INSERT INTO `user` (`npm`, `id_role`, `nama`, `password`) VALUES (\'4564656\', \'3\', \'Arief Fadhillah Rochmala\', \'$2y$10$F/JchuLuWlTTXjGYI9UAF.RfJ1dqB0U6a2.RP0ZhNhLLLy3y/zkA2\')')
 3 SYSTEMPATH\Database\BaseConnection.php(606): CodeIgniter\Database\BaseConnection->simpleQuery('INSERT INTO `user` (`npm`, `id_role`, `nama`, `password`) VALUES (\'4564656\', \'3\', \'Arief Fadhillah Rochmala\', \'$2y$10$F/JchuLuWlTTXjGYI9UAF.RfJ1dqB0U6a2.RP0ZhNhLLLy3y/zkA2\')')
 4 SYSTEMPATH\Database\BaseBuilder.php(2309): CodeIgniter\Database\BaseConnection->query('INSERT INTO `user` (`npm`, `id_role`, `nama`, `password`) VALUES (:npm:, :id_role:, :nama:, :password:)', [...], false)
 5 SYSTEMPATH\Model.php(330): CodeIgniter\Database\BaseBuilder->insert()
 6 SYSTEMPATH\BaseModel.php(782): CodeIgniter\Model->doInsert([...])
 7 SYSTEMPATH\Model.php(730): CodeIgniter\BaseModel->insert([...], true)
 8 APPPATH\Controllers\Auth\Auth.php(25): CodeIgniter\Model->insert([...])
 9 SYSTEMPATH\CodeIgniter.php(934): App\Controllers\Auth\Auth->register()
10 SYSTEMPATH\CodeIgniter.php(499): CodeIgniter\CodeIgniter->runController(Object(App\Controllers\Auth\Auth))
11 SYSTEMPATH\CodeIgniter.php(368): CodeIgniter\CodeIgniter->handleRequest(null, Object(Config\Cache), false)
12 FCPATH\index.php(67): CodeIgniter\CodeIgniter->run()
13 SYSTEMPATH\Commands\Server\rewrite.php(47): require_once('C:\\xampp\\htdocs\\logintiket\\public\\index.php')
ERROR - 2023-05-04 10:52:35 --> mysqli_sql_exception: Cannot add or update a child row: a foreign key constraint fails (`db_mps`.`user`, CONSTRAINT `id_kartu_reference_tabel_kartu` FOREIGN KEY (`id_kartu`) REFERENCES `kartu` (`id_kartu`)) in C:\xampp\htdocs\logintiket\system\Database\MySQLi\Connection.php:295
Stack trace:
#0 C:\xampp\htdocs\logintiket\system\Database\MySQLi\Connection.php(295): mysqli->query('INSERT INTO `us...', 0)
#1 C:\xampp\htdocs\logintiket\system\Database\BaseConnection.php(692): CodeIgniter\Database\MySQLi\Connection->execute('INSERT INTO `us...')
#2 C:\xampp\htdocs\logintiket\system\Database\BaseConnection.php(606): CodeIgniter\Database\BaseConnection->simpleQuery('INSERT INTO `us...')
#3 C:\xampp\htdocs\logintiket\system\Database\BaseBuilder.php(2309): CodeIgniter\Database\BaseConnection->query('INSERT INTO `us...', Array, false)
#4 C:\xampp\htdocs\logintiket\system\Model.php(330): CodeIgniter\Database\BaseBuilder->insert()
#5 C:\xampp\htdocs\logintiket\system\BaseModel.php(782): CodeIgniter\Model->doInsert(Array)
#6 C:\xampp\htdocs\logintiket\system\Model.php(730): CodeIgniter\BaseModel->insert(Array, true)
#7 C:\xampp\htdocs\logintiket\app\Controllers\Auth\Auth.php(25): CodeIgniter\Model->insert(Array)
#8 C:\xampp\htdocs\logintiket\system\CodeIgniter.php(934): App\Controllers\Auth\Auth->register()
#9 C:\xampp\htdocs\logintiket\system\CodeIgniter.php(499): CodeIgniter\CodeIgniter->runController(Object(App\Controllers\Auth\Auth))
#10 C:\xampp\htdocs\logintiket\system\CodeIgniter.php(368): CodeIgniter\CodeIgniter->handleRequest(NULL, Object(Config\Cache), false)
#11 C:\xampp\htdocs\logintiket\public\index.php(67): CodeIgniter\CodeIgniter->run()
#12 C:\xampp\htdocs\logintiket\system\Commands\Server\rewrite.php(47): require_once('C:\\xampp\\htdocs...')
#13 {main}
CRITICAL - 2023-05-04 10:52:35 --> Cannot add or update a child row: a foreign key constraint fails (`db_mps`.`user`, CONSTRAINT `id_kartu_reference_tabel_kartu` FOREIGN KEY (`id_kartu`) REFERENCES `kartu` (`id_kartu`))
in SYSTEMPATH\Database\MySQLi\Connection.php on line 295.
 1 SYSTEMPATH\Database\MySQLi\Connection.php(295): mysqli->query('INSERT INTO `user` (`npm`, `id_role`, `nama`, `password`) VALUES (\'12321312\', \'1\', \'users\', \'$2y$10$HWgNs1.QVUGudt1up8bLsuNI0zixak4fNCJwuTu45dNmykLQuMxPe\')', 0)
 2 SYSTEMPATH\Database\BaseConnection.php(692): CodeIgniter\Database\MySQLi\Connection->execute('INSERT INTO `user` (`npm`, `id_role`, `nama`, `password`) VALUES (\'12321312\', \'1\', \'users\', \'$2y$10$HWgNs1.QVUGudt1up8bLsuNI0zixak4fNCJwuTu45dNmykLQuMxPe\')')
 3 SYSTEMPATH\Database\BaseConnection.php(606): CodeIgniter\Database\BaseConnection->simpleQuery('INSERT INTO `user` (`npm`, `id_role`, `nama`, `password`) VALUES (\'12321312\', \'1\', \'users\', \'$2y$10$HWgNs1.QVUGudt1up8bLsuNI0zixak4fNCJwuTu45dNmykLQuMxPe\')')
 4 SYSTEMPATH\Database\BaseBuilder.php(2309): CodeIgniter\Database\BaseConnection->query('INSERT INTO `user` (`npm`, `id_role`, `nama`, `password`) VALUES (:npm:, :id_role:, :nama:, :password:)', [...], false)
 5 SYSTEMPATH\Model.php(330): CodeIgniter\Database\BaseBuilder->insert()
 6 SYSTEMPATH\BaseModel.php(782): CodeIgniter\Model->doInsert([...])
 7 SYSTEMPATH\Model.php(730): CodeIgniter\BaseModel->insert([...], true)
 8 APPPATH\Controllers\Auth\Auth.php(25): CodeIgniter\Model->insert([...])
 9 SYSTEMPATH\CodeIgniter.php(934): App\Controllers\Auth\Auth->register()
10 SYSTEMPATH\CodeIgniter.php(499): CodeIgniter\CodeIgniter->runController(Object(App\Controllers\Auth\Auth))
11 SYSTEMPATH\CodeIgniter.php(368): CodeIgniter\CodeIgniter->handleRequest(null, Object(Config\Cache), false)
12 FCPATH\index.php(67): CodeIgniter\CodeIgniter->run()
13 SYSTEMPATH\Commands\Server\rewrite.php(47): require_once('C:\\xampp\\htdocs\\logintiket\\public\\index.php')
ERROR - 2023-05-04 10:53:20 --> mysqli_sql_exception: Column 'id_kartu' cannot be null in C:\xampp\htdocs\logintiket\system\Database\MySQLi\Connection.php:295
Stack trace:
#0 C:\xampp\htdocs\logintiket\system\Database\MySQLi\Connection.php(295): mysqli->query('INSERT INTO `us...', 0)
#1 C:\xampp\htdocs\logintiket\system\Database\BaseConnection.php(692): CodeIgniter\Database\MySQLi\Connection->execute('INSERT INTO `us...')
#2 C:\xampp\htdocs\logintiket\system\Database\BaseConnection.php(606): CodeIgniter\Database\BaseConnection->simpleQuery('INSERT INTO `us...')
#3 C:\xampp\htdocs\logintiket\system\Database\BaseBuilder.php(2309): CodeIgniter\Database\BaseConnection->query('INSERT INTO `us...', Array, false)
#4 C:\xampp\htdocs\logintiket\system\Model.php(330): CodeIgniter\Database\BaseBuilder->insert()
#5 C:\xampp\htdocs\logintiket\system\BaseModel.php(782): CodeIgniter\Model->doInsert(Array)
#6 C:\xampp\htdocs\logintiket\system\Model.php(730): CodeIgniter\BaseModel->insert(Array, true)
#7 C:\xampp\htdocs\logintiket\app\Controllers\Auth\Auth.php(25): CodeIgniter\Model->insert(Array)
#8 C:\xampp\htdocs\logintiket\system\CodeIgniter.php(934): App\Controllers\Auth\Auth->register()
#9 C:\xampp\htdocs\logintiket\system\CodeIgniter.php(499): CodeIgniter\CodeIgniter->runController(Object(App\Controllers\Auth\Auth))
#10 C:\xampp\htdocs\logintiket\system\CodeIgniter.php(368): CodeIgniter\CodeIgniter->handleRequest(NULL, Object(Config\Cache), false)
#11 C:\xampp\htdocs\logintiket\public\index.php(67): CodeIgniter\CodeIgniter->run()
#12 C:\xampp\htdocs\logintiket\system\Commands\Server\rewrite.php(47): require_once('C:\\xampp\\htdocs...')
#13 {main}
CRITICAL - 2023-05-04 10:53:20 --> Column 'id_kartu' cannot be null
in SYSTEMPATH\Database\MySQLi\Connection.php on line 295.
 1 SYSTEMPATH\Database\MySQLi\Connection.php(295): mysqli->query('INSERT INTO `user` (`npm`, `id_kartu`, `id_role`, `nama`, `password`) VALUES (\'12321312\', NULL, \'1\', \'users\', \'$2y$10$SN8eeyAYOs6dy6Hhm9vxC.pIkJpsrRS1G.Dd1whQsgtJj3Z3FU7O6\')', 0)
 2 SYSTEMPATH\Database\BaseConnection.php(692): CodeIgniter\Database\MySQLi\Connection->execute('INSERT INTO `user` (`npm`, `id_kartu`, `id_role`, `nama`, `password`) VALUES (\'12321312\', NULL, \'1\', \'users\', \'$2y$10$SN8eeyAYOs6dy6Hhm9vxC.pIkJpsrRS1G.Dd1whQsgtJj3Z3FU7O6\')')
 3 SYSTEMPATH\Database\BaseConnection.php(606): CodeIgniter\Database\BaseConnection->simpleQuery('INSERT INTO `user` (`npm`, `id_kartu`, `id_role`, `nama`, `password`) VALUES (\'12321312\', NULL, \'1\', \'users\', \'$2y$10$SN8eeyAYOs6dy6Hhm9vxC.pIkJpsrRS1G.Dd1whQsgtJj3Z3FU7O6\')')
 4 SYSTEMPATH\Database\BaseBuilder.php(2309): CodeIgniter\Database\BaseConnection->query('INSERT INTO `user` (`npm`, `id_kartu`, `id_role`, `nama`, `password`) VALUES (:npm:, :id_kartu:, :id_role:, :nama:, :password:)', [...], false)
 5 SYSTEMPATH\Model.php(330): CodeIgniter\Database\BaseBuilder->insert()
 6 SYSTEMPATH\BaseModel.php(782): CodeIgniter\Model->doInsert([...])
 7 SYSTEMPATH\Model.php(730): CodeIgniter\BaseModel->insert([...], true)
 8 APPPATH\Controllers\Auth\Auth.php(25): CodeIgniter\Model->insert([...])
 9 SYSTEMPATH\CodeIgniter.php(934): App\Controllers\Auth\Auth->register()
10 SYSTEMPATH\CodeIgniter.php(499): CodeIgniter\CodeIgniter->runController(Object(App\Controllers\Auth\Auth))
11 SYSTEMPATH\CodeIgniter.php(368): CodeIgniter\CodeIgniter->handleRequest(null, Object(Config\Cache), false)
12 FCPATH\index.php(67): CodeIgniter\CodeIgniter->run()
13 SYSTEMPATH\Commands\Server\rewrite.php(47): require_once('C:\\xampp\\htdocs\\logintiket\\public\\index.php')
INFO - 2023-05-04 11:31:04 --> Session: Class initialized using 'CodeIgniter\Session\Handlers\FileHandler' driver.
INFO - 2023-05-04 11:31:04 --> Session: Class initialized using 'CodeIgniter\Session\Handlers\FileHandler' driver.
INFO - 2023-05-04 11:31:17 --> Session: Class initialized using 'CodeIgniter\Session\Handlers\FileHandler' driver.
CRITICAL - 2023-05-04 11:31:17 --> Call to undefined method App\Models\UserModel::getUser
in SYSTEMPATH\Model.php on line 842.
 1 APPPATH\Controllers\Auth\Auth.php(38): CodeIgniter\Model->__call('getUser', [...])
 2 SYSTEMPATH\CodeIgniter.php(934): App\Controllers\Auth\Auth->login()
 3 SYSTEMPATH\CodeIgniter.php(499): CodeIgniter\CodeIgniter->runController(Object(App\Controllers\Auth\Auth))
 4 SYSTEMPATH\CodeIgniter.php(368): CodeIgniter\CodeIgniter->handleRequest(null, Object(Config\Cache), false)
 5 FCPATH\index.php(67): CodeIgniter\CodeIgniter->run()
 6 SYSTEMPATH\Commands\Server\rewrite.php(47): require_once('C:\\xampp\\htdocs\\logintiket\\public\\index.php')
INFO - 2023-05-04 11:32:14 --> Session: Class initialized using 'CodeIgniter\Session\Handlers\FileHandler' driver.
INFO - 2023-05-04 11:32:18 --> Session: Class initialized using 'CodeIgniter\Session\Handlers\FileHandler' driver.
INFO - 2023-05-04 11:32:18 --> Session: Class initialized using 'CodeIgniter\Session\Handlers\FileHandler' driver.
INFO - 2023-05-04 11:32:23 --> Session: Class initialized using 'CodeIgniter\Session\Handlers\FileHandler' driver.
INFO - 2023-05-04 11:32:23 --> Session: Class initialized using 'CodeIgniter\Session\Handlers\FileHandler' driver.
ERROR - 2023-05-04 11:34:37 --> mysqli_sql_exception: Column 'id_kartu' cannot be null in C:\xampp\htdocs\logintiket\system\Database\MySQLi\Connection.php:295
Stack trace:
#0 C:\xampp\htdocs\logintiket\system\Database\MySQLi\Connection.php(295): mysqli->query('INSERT INTO `us...', 0)
#1 C:\xampp\htdocs\logintiket\system\Database\BaseConnection.php(692): CodeIgniter\Database\MySQLi\Connection->execute('INSERT INTO `us...')
#2 C:\xampp\htdocs\logintiket\system\Database\BaseConnection.php(606): CodeIgniter\Database\BaseConnection->simpleQuery('INSERT INTO `us...')
#3 C:\xampp\htdocs\logintiket\system\Database\BaseBuilder.php(2309): CodeIgniter\Database\BaseConnection->query('INSERT INTO `us...', Array, false)
#4 C:\xampp\htdocs\logintiket\system\Model.php(330): CodeIgniter\Database\BaseBuilder->insert()
#5 C:\xampp\htdocs\logintiket\system\BaseModel.php(782): CodeIgniter\Model->doInsert(Array)
#6 C:\xampp\htdocs\logintiket\system\Model.php(730): CodeIgniter\BaseModel->insert(Array, true)
#7 C:\xampp\htdocs\logintiket\app\Controllers\Auth\Auth.php(25): CodeIgniter\Model->insert(Array)
#8 C:\xampp\htdocs\logintiket\system\CodeIgniter.php(934): App\Controllers\Auth\Auth->register()
#9 C:\xampp\htdocs\logintiket\system\CodeIgniter.php(499): CodeIgniter\CodeIgniter->runController(Object(App\Controllers\Auth\Auth))
#10 C:\xampp\htdocs\logintiket\system\CodeIgniter.php(368): CodeIgniter\CodeIgniter->handleRequest(NULL, Object(Config\Cache), false)
#11 C:\xampp\htdocs\logintiket\public\index.php(67): CodeIgniter\CodeIgniter->run()
#12 C:\xampp\htdocs\logintiket\system\Commands\Server\rewrite.php(47): require_once('C:\\xampp\\htdocs...')
#13 {main}
CRITICAL - 2023-05-04 11:34:37 --> Column 'id_kartu' cannot be null
in SYSTEMPATH\Database\MySQLi\Connection.php on line 295.
 1 SYSTEMPATH\Database\MySQLi\Connection.php(295): mysqli->query('INSERT INTO `user` (`npm`, `id_kartu`, `id_role`, `nama`, `password`) VALUES (\'123\', NULL, \'2\', \'Arief Fadhillah Rochmala\', \'$2y$10$5Ua3qCyaEnz1fVvMjK25gOyLMdwho6.5eZTeP7F/bCR3kyT0F1wtq\')', 0)
 2 SYSTEMPATH\Database\BaseConnection.php(692): CodeIgniter\Database\MySQLi\Connection->execute('INSERT INTO `user` (`npm`, `id_kartu`, `id_role`, `nama`, `password`) VALUES (\'123\', NULL, \'2\', \'Arief Fadhillah Rochmala\', \'$2y$10$5Ua3qCyaEnz1fVvMjK25gOyLMdwho6.5eZTeP7F/bCR3kyT0F1wtq\')')
 3 SYSTEMPATH\Database\BaseConnection.php(606): CodeIgniter\Database\BaseConnection->simpleQuery('INSERT INTO `user` (`npm`, `id_kartu`, `id_role`, `nama`, `password`) VALUES (\'123\', NULL, \'2\', \'Arief Fadhillah Rochmala\', \'$2y$10$5Ua3qCyaEnz1fVvMjK25gOyLMdwho6.5eZTeP7F/bCR3kyT0F1wtq\')')
 4 SYSTEMPATH\Database\BaseBuilder.php(2309): CodeIgniter\Database\BaseConnection->query('INSERT INTO `user` (`npm`, `id_kartu`, `id_role`, `nama`, `password`) VALUES (:npm:, :id_kartu:, :id_role:, :nama:, :password:)', [...], false)
 5 SYSTEMPATH\Model.php(330): CodeIgniter\Database\BaseBuilder->insert()
 6 SYSTEMPATH\BaseModel.php(782): CodeIgniter\Model->doInsert([...])
 7 SYSTEMPATH\Model.php(730): CodeIgniter\BaseModel->insert([...], true)
 8 APPPATH\Controllers\Auth\Auth.php(25): CodeIgniter\Model->insert([...])
 9 SYSTEMPATH\CodeIgniter.php(934): App\Controllers\Auth\Auth->register()
10 SYSTEMPATH\CodeIgniter.php(499): CodeIgniter\CodeIgniter->runController(Object(App\Controllers\Auth\Auth))
11 SYSTEMPATH\CodeIgniter.php(368): CodeIgniter\CodeIgniter->handleRequest(null, Object(Config\Cache), false)
12 FCPATH\index.php(67): CodeIgniter\CodeIgniter->run()
13 SYSTEMPATH\Commands\Server\rewrite.php(47): require_once('C:\\xampp\\htdocs\\logintiket\\public\\index.php')
INFO - 2023-05-04 11:36:22 --> Session: Class initialized using 'CodeIgniter\Session\Handlers\FileHandler' driver.
INFO - 2023-05-04 11:36:28 --> Session: Class initialized using 'CodeIgniter\Session\Handlers\FileHandler' driver.
INFO - 2023-05-04 11:36:28 --> Session: Class initialized using 'CodeIgniter\Session\Handlers\FileHandler' driver.
INFO - 2023-05-04 11:44:34 --> Session: Class initialized using 'CodeIgniter\Session\Handlers\FileHandler' driver.
INFO - 2023-05-04 11:47:18 --> Session: Class initialized using 'CodeIgniter\Session\Handlers\FileHandler' driver.
INFO - 2023-05-04 11:47:59 --> Session: Class initialized using 'CodeIgniter\Session\Handlers\FileHandler' driver.
INFO - 2023-05-04 11:48:35 --> Session: Class initialized using 'CodeIgniter\Session\Handlers\FileHandler' driver.
INFO - 2023-05-04 11:49:02 --> Session: Class initialized using 'CodeIgniter\Session\Handlers\FileHandler' driver.
INFO - 2023-05-04 11:49:07 --> Session: Class initialized using 'CodeIgniter\Session\Handlers\FileHandler' driver.
INFO - 2023-05-04 11:49:10 --> Session: Class initialized using 'CodeIgniter\Session\Handlers\FileHandler' driver.
INFO - 2023-05-04 11:49:26 --> Session: Class initialized using 'CodeIgniter\Session\Handlers\FileHandler' driver.
INFO - 2023-05-04 22:08:22 --> Session: Class initialized using 'CodeIgniter\Session\Handlers\FileHandler' driver.
INFO - 2023-05-04 22:19:40 --> Session: Class initialized using 'CodeIgniter\Session\Handlers\FileHandler' driver.
CRITICAL - 2023-05-04 22:19:45 --> syntax error, unexpected token "else", expecting "function" or "const"
in APPPATH\Controllers\Auth\Auth.php on line 62.
 1 SYSTEMPATH\Autoloader\Autoloader.php(289): CodeIgniter\Autoloader\Autoloader->includeFile('C:\\xampp\\htdocs\\logintiket\\app\\Controllers\\Auth\\Auth.php')
 2 SYSTEMPATH\Autoloader\Autoloader.php(267): CodeIgniter\Autoloader\Autoloader->loadInNamespace('App\\Controllers\\Auth\\Auth')
 3 [internal function]: CodeIgniter\Autoloader\Autoloader->loadClass('App\\Controllers\\Auth\\Auth')
 4 SYSTEMPATH\CodeIgniter.php(892): class_exists('\\App\\Controllers\\Auth\\Auth', true)
 5 SYSTEMPATH\CodeIgniter.php(486): CodeIgniter\CodeIgniter->startController()
 6 SYSTEMPATH\CodeIgniter.php(368): CodeIgniter\CodeIgniter->handleRequest(null, Object(Config\Cache), false)
 7 FCPATH\index.php(67): CodeIgniter\CodeIgniter->run()
 8 SYSTEMPATH\Commands\Server\rewrite.php(47): require_once('C:\\xampp\\htdocs\\logintiket\\public\\index.php')
INFO - 2023-05-04 22:20:10 --> Session: Class initialized using 'CodeIgniter\Session\Handlers\FileHandler' driver.
CRITICAL - 2023-05-04 22:20:11 --> syntax error, unexpected token "{", expecting "("
in APPPATH\Controllers\Auth\Auth.php on line 56.
 1 SYSTEMPATH\Autoloader\Autoloader.php(289): CodeIgniter\Autoloader\Autoloader->includeFile('C:\\xampp\\htdocs\\logintiket\\app\\Controllers\\Auth\\Auth.php')
 2 SYSTEMPATH\Autoloader\Autoloader.php(267): CodeIgniter\Autoloader\Autoloader->loadInNamespace('App\\Controllers\\Auth\\Auth')
 3 [internal function]: CodeIgniter\Autoloader\Autoloader->loadClass('App\\Controllers\\Auth\\Auth')
 4 SYSTEMPATH\CodeIgniter.php(892): class_exists('\\App\\Controllers\\Auth\\Auth', true)
 5 SYSTEMPATH\CodeIgniter.php(486): CodeIgniter\CodeIgniter->startController()
 6 SYSTEMPATH\CodeIgniter.php(368): CodeIgniter\CodeIgniter->handleRequest(null, Object(Config\Cache), false)
 7 FCPATH\index.php(67): CodeIgniter\CodeIgniter->run()
 8 SYSTEMPATH\Commands\Server\rewrite.php(47): require_once('C:\\xampp\\htdocs\\logintiket\\public\\index.php')
INFO - 2023-05-04 22:21:56 --> Session: Class initialized using 'CodeIgniter\Session\Handlers\FileHandler' driver.
ERROR - 2023-05-04 22:21:58 --> mysqli_sql_exception: Unknown column 'username' in 'where clause' in C:\xampp\htdocs\logintiket\system\Database\MySQLi\Connection.php:295
Stack trace:
#0 C:\xampp\htdocs\logintiket\system\Database\MySQLi\Connection.php(295): mysqli->query('SELECT *\nFROM `...', 0)
#1 C:\xampp\htdocs\logintiket\system\Database\BaseConnection.php(692): CodeIgniter\Database\MySQLi\Connection->execute('SELECT *\nFROM `...')
#2 C:\xampp\htdocs\logintiket\system\Database\BaseConnection.php(606): CodeIgniter\Database\BaseConnection->simpleQuery('SELECT *\nFROM `...')
#3 C:\xampp\htdocs\logintiket\system\Database\BaseBuilder.php(1616): CodeIgniter\Database\BaseConnection->query('SELECT *\nFROM `...', Array, false)
#4 C:\xampp\htdocs\logintiket\system\Model.php(268): CodeIgniter\Database\BaseBuilder->get()
#5 C:\xampp\htdocs\logintiket\system\BaseModel.php(656): CodeIgniter\Model->doFirst()
#6 C:\xampp\htdocs\logintiket\app\Controllers\Auth\Auth.php(40): CodeIgniter\BaseModel->first()
#7 C:\xampp\htdocs\logintiket\system\CodeIgniter.php(934): App\Controllers\Auth\Auth->login()
#8 C:\xampp\htdocs\logintiket\system\CodeIgniter.php(499): CodeIgniter\CodeIgniter->runController(Object(App\Controllers\Auth\Auth))
#9 C:\xampp\htdocs\logintiket\system\CodeIgniter.php(368): CodeIgniter\CodeIgniter->handleRequest(NULL, Object(Config\Cache), false)
#10 C:\xampp\htdocs\logintiket\public\index.php(67): CodeIgniter\CodeIgniter->run()
#11 C:\xampp\htdocs\logintiket\system\Commands\Server\rewrite.php(47): require_once('C:\\xampp\\htdocs...')
#12 {main}
CRITICAL - 2023-05-04 22:21:58 --> Unknown column 'username' in 'where clause'
in SYSTEMPATH\Database\MySQLi\Connection.php on line 295.
 1 SYSTEMPATH\Database\MySQLi\Connection.php(295): mysqli->query('SELECT *
FROM `user`
WHERE `username` = \'1234\'
 LIMIT 1', 0)
 2 SYSTEMPATH\Database\BaseConnection.php(692): CodeIgniter\Database\MySQLi\Connection->execute('SELECT *
FROM `user`
WHERE `username` = \'1234\'
 LIMIT 1')
 3 SYSTEMPATH\Database\BaseConnection.php(606): CodeIgniter\Database\BaseConnection->simpleQuery('SELECT *
FROM `user`
WHERE `username` = \'1234\'
 LIMIT 1')
 4 SYSTEMPATH\Database\BaseBuilder.php(1616): CodeIgniter\Database\BaseConnection->query('SELECT *
FROM `user`
WHERE `username` = :username:
 LIMIT 1', [...], false)
 5 SYSTEMPATH\Model.php(268): CodeIgniter\Database\BaseBuilder->get()
 6 SYSTEMPATH\BaseModel.php(656): CodeIgniter\Model->doFirst()
 7 APPPATH\Controllers\Auth\Auth.php(40): CodeIgniter\BaseModel->first()
 8 SYSTEMPATH\CodeIgniter.php(934): App\Controllers\Auth\Auth->login()
 9 SYSTEMPATH\CodeIgniter.php(499): CodeIgniter\CodeIgniter->runController(Object(App\Controllers\Auth\Auth))
10 SYSTEMPATH\CodeIgniter.php(368): CodeIgniter\CodeIgniter->handleRequest(null, Object(Config\Cache), false)
11 FCPATH\index.php(67): CodeIgniter\CodeIgniter->run()
12 SYSTEMPATH\Commands\Server\rewrite.php(47): require_once('C:\\xampp\\htdocs\\logintiket\\public\\index.php')
INFO - 2023-05-04 22:22:25 --> Session: Class initialized using 'CodeIgniter\Session\Handlers\FileHandler' driver.
INFO - 2023-05-04 22:22:28 --> Session: Class initialized using 'CodeIgniter\Session\Handlers\FileHandler' driver.
INFO - 2023-05-04 22:22:28 --> Session: Class initialized using 'CodeIgniter\Session\Handlers\FileHandler' driver.
INFO - 2023-05-04 22:22:40 --> Session: Class initialized using 'CodeIgniter\Session\Handlers\FileHandler' driver.
INFO - 2023-05-04 22:22:40 --> Session: Class initialized using 'CodeIgniter\Session\Handlers\FileHandler' driver.
INFO - 2023-05-04 22:23:05 --> Session: Class initialized using 'CodeIgniter\Session\Handlers\FileHandler' driver.
INFO - 2023-05-04 22:23:05 --> Session: Class initialized using 'CodeIgniter\Session\Handlers\FileHandler' driver.
INFO - 2023-05-04 22:24:08 --> Session: Class initialized using 'CodeIgniter\Session\Handlers\FileHandler' driver.
INFO - 2023-05-04 22:24:08 --> Session: Class initialized using 'CodeIgniter\Session\Handlers\FileHandler' driver.
INFO - 2023-05-04 22:24:29 --> Session: Class initialized using 'CodeIgniter\Session\Handlers\FileHandler' driver.
INFO - 2023-05-04 22:24:32 --> Session: Class initialized using 'CodeIgniter\Session\Handlers\FileHandler' driver.
INFO - 2023-05-04 22:24:33 --> Session: Class initialized using 'CodeIgniter\Session\Handlers\FileHandler' driver.
INFO - 2023-05-04 22:24:45 --> Session: Class initialized using 'CodeIgniter\Session\Handlers\FileHandler' driver.
INFO - 2023-05-04 22:24:45 --> Session: Class initialized using 'CodeIgniter\Session\Handlers\FileHandler' driver.
INFO - 2023-05-04 22:24:49 --> Session: Class initialized using 'CodeIgniter\Session\Handlers\FileHandler' driver.
INFO - 2023-05-04 22:24:49 --> Session: Class initialized using 'CodeIgniter\Session\Handlers\FileHandler' driver.
INFO - 2023-05-04 22:28:24 --> Session: Class initialized using 'CodeIgniter\Session\Handlers\FileHandler' driver.
CRITICAL - 2023-05-04 22:28:28 --> syntax error, unexpected token "}", expecting ";"
in APPPATH\Controllers\Auth\Auth.php on line 61.
 1 SYSTEMPATH\Autoloader\Autoloader.php(289): CodeIgniter\Autoloader\Autoloader->includeFile('C:\\xampp\\htdocs\\logintiket\\app\\Controllers\\Auth\\Auth.php')
 2 SYSTEMPATH\Autoloader\Autoloader.php(267): CodeIgniter\Autoloader\Autoloader->loadInNamespace('App\\Controllers\\Auth\\Auth')
 3 [internal function]: CodeIgniter\Autoloader\Autoloader->loadClass('App\\Controllers\\Auth\\Auth')
 4 SYSTEMPATH\CodeIgniter.php(892): class_exists('\\App\\Controllers\\Auth\\Auth', true)
 5 SYSTEMPATH\CodeIgniter.php(486): CodeIgniter\CodeIgniter->startController()
 6 SYSTEMPATH\CodeIgniter.php(368): CodeIgniter\CodeIgniter->handleRequest(null, Object(Config\Cache), false)
 7 FCPATH\index.php(67): CodeIgniter\CodeIgniter->run()
 8 SYSTEMPATH\Commands\Server\rewrite.php(47): require_once('C:\\xampp\\htdocs\\logintiket\\public\\index.php')
CRITICAL - 2023-05-04 22:28:53 --> syntax error, unexpected token "{", expecting "("
in APPPATH\Controllers\Auth\Auth.php on line 59.
 1 SYSTEMPATH\Autoloader\Autoloader.php(289): CodeIgniter\Autoloader\Autoloader->includeFile('C:\\xampp\\htdocs\\logintiket\\app\\Controllers\\Auth\\Auth.php')
 2 SYSTEMPATH\Autoloader\Autoloader.php(267): CodeIgniter\Autoloader\Autoloader->loadInNamespace('App\\Controllers\\Auth\\Auth')
 3 [internal function]: CodeIgniter\Autoloader\Autoloader->loadClass('App\\Controllers\\Auth\\Auth')
 4 SYSTEMPATH\CodeIgniter.php(892): class_exists('\\App\\Controllers\\Auth\\Auth', true)
 5 SYSTEMPATH\CodeIgniter.php(486): CodeIgniter\CodeIgniter->startController()
 6 SYSTEMPATH\CodeIgniter.php(368): CodeIgniter\CodeIgniter->handleRequest(null, Object(Config\Cache), false)
 7 FCPATH\index.php(67): CodeIgniter\CodeIgniter->run()
 8 SYSTEMPATH\Commands\Server\rewrite.php(47): require_once('C:\\xampp\\htdocs\\logintiket\\public\\index.php')
CRITICAL - 2023-05-04 22:29:00 --> syntax error, unexpected token "}", expecting ";"
in APPPATH\Controllers\Auth\Auth.php on line 61.
 1 SYSTEMPATH\Autoloader\Autoloader.php(289): CodeIgniter\Autoloader\Autoloader->includeFile('C:\\xampp\\htdocs\\logintiket\\app\\Controllers\\Auth\\Auth.php')
 2 SYSTEMPATH\Autoloader\Autoloader.php(267): CodeIgniter\Autoloader\Autoloader->loadInNamespace('App\\Controllers\\Auth\\Auth')
 3 [internal function]: CodeIgniter\Autoloader\Autoloader->loadClass('App\\Controllers\\Auth\\Auth')
 4 SYSTEMPATH\CodeIgniter.php(892): class_exists('\\App\\Controllers\\Auth\\Auth', true)
 5 SYSTEMPATH\CodeIgniter.php(486): CodeIgniter\CodeIgniter->startController()
 6 SYSTEMPATH\CodeIgniter.php(368): CodeIgniter\CodeIgniter->handleRequest(null, Object(Config\Cache), false)
 7 FCPATH\index.php(67): CodeIgniter\CodeIgniter->run()
 8 SYSTEMPATH\Commands\Server\rewrite.php(47): require_once('C:\\xampp\\htdocs\\logintiket\\public\\index.php')
INFO - 2023-05-04 22:29:18 --> Session: Class initialized using 'CodeIgniter\Session\Handlers\FileHandler' driver.
INFO - 2023-05-04 22:29:20 --> Session: Class initialized using 'CodeIgniter\Session\Handlers\FileHandler' driver.
INFO - 2023-05-04 22:29:20 --> Session: Class initialized using 'CodeIgniter\Session\Handlers\FileHandler' driver.
INFO - 2023-05-04 22:29:24 --> Session: Class initialized using 'CodeIgniter\Session\Handlers\FileHandler' driver.
INFO - 2023-05-04 22:29:24 --> Session: Class initialized using 'CodeIgniter\Session\Handlers\FileHandler' driver.
INFO - 2023-05-04 22:29:28 --> Session: Class initialized using 'CodeIgniter\Session\Handlers\FileHandler' driver.
INFO - 2023-05-04 22:29:28 --> Session: Class initialized using 'CodeIgniter\Session\Handlers\FileHandler' driver.
INFO - 2023-05-04 22:30:16 --> Session: Class initialized using 'CodeIgniter\Session\Handlers\FileHandler' driver.
INFO - 2023-05-04 22:30:17 --> Session: Class initialized using 'CodeIgniter\Session\Handlers\FileHandler' driver.
INFO - 2023-05-04 22:30:21 --> Session: Class initialized using 'CodeIgniter\Session\Handlers\FileHandler' driver.
INFO - 2023-05-04 22:30:21 --> Session: Class initialized using 'CodeIgniter\Session\Handlers\FileHandler' driver.
INFO - 2023-05-04 22:31:20 --> Session: Class initialized using 'CodeIgniter\Session\Handlers\FileHandler' driver.
INFO - 2023-05-04 22:31:23 --> Session: Class initialized using 'CodeIgniter\Session\Handlers\FileHandler' driver.
INFO - 2023-05-04 22:31:23 --> Session: Class initialized using 'CodeIgniter\Session\Handlers\FileHandler' driver.
INFO - 2023-05-04 22:47:08 --> Session: Class initialized using 'CodeIgniter\Session\Handlers\FileHandler' driver.
ERROR - 2023-05-04 22:47:50 --> mysqli_sql_exception: Cannot add or update a child row: a foreign key constraint fails (`db_mps`.`user`, CONSTRAINT `id_kartu_reference_tabel_kartu` FOREIGN KEY (`id_kartu`) REFERENCES `kartu` (`id_kartu`)) in C:\xampp\htdocs\logintiket\system\Database\MySQLi\Connection.php:295
Stack trace:
#0 C:\xampp\htdocs\logintiket\system\Database\MySQLi\Connection.php(295): mysqli->query('INSERT INTO `us...', 0)
#1 C:\xampp\htdocs\logintiket\system\Database\BaseConnection.php(692): CodeIgniter\Database\MySQLi\Connection->execute('INSERT INTO `us...')
#2 C:\xampp\htdocs\logintiket\system\Database\BaseConnection.php(606): CodeIgniter\Database\BaseConnection->simpleQuery('INSERT INTO `us...')
#3 C:\xampp\htdocs\logintiket\system\Database\BaseBuilder.php(2309): CodeIgniter\Database\BaseConnection->query('INSERT INTO `us...', Array, false)
#4 C:\xampp\htdocs\logintiket\system\Model.php(330): CodeIgniter\Database\BaseBuilder->insert()
#5 C:\xampp\htdocs\logintiket\system\BaseModel.php(782): CodeIgniter\Model->doInsert(Array)
#6 C:\xampp\htdocs\logintiket\system\Model.php(730): CodeIgniter\BaseModel->insert(Array, true)
#7 C:\xampp\htdocs\logintiket\app\Controllers\Auth\Auth.php(25): CodeIgniter\Model->insert(Array)
#8 C:\xampp\htdocs\logintiket\system\CodeIgniter.php(934): App\Controllers\Auth\Auth->register()
#9 C:\xampp\htdocs\logintiket\system\CodeIgniter.php(499): CodeIgniter\CodeIgniter->runController(Object(App\Controllers\Auth\Auth))
#10 C:\xampp\htdocs\logintiket\system\CodeIgniter.php(368): CodeIgniter\CodeIgniter->handleRequest(NULL, Object(Config\Cache), false)
#11 C:\xampp\htdocs\logintiket\public\index.php(67): CodeIgniter\CodeIgniter->run()
#12 C:\xampp\htdocs\logintiket\system\Commands\Server\rewrite.php(47): require_once('C:\\xampp\\htdocs...')
#13 {main}
CRITICAL - 2023-05-04 22:47:50 --> Cannot add or update a child row: a foreign key constraint fails (`db_mps`.`user`, CONSTRAINT `id_kartu_reference_tabel_kartu` FOREIGN KEY (`id_kartu`) REFERENCES `kartu` (`id_kartu`))
in SYSTEMPATH\Database\MySQLi\Connection.php on line 295.
 1 SYSTEMPATH\Database\MySQLi\Connection.php(295): mysqli->query('INSERT INTO `user` (`npm`, `id_kartu`, `id_role`, `nama`, `password`, `created_at`, `updated_at`) VALUES (\'123\', \'123\', \'2\', \'Arief Fadhill\', \'$2y$10$3EOXLexka1OznR1evEpzm.T18kPiuJV.DUBl0XvZwZoDOpWoBEJ8.\', \'2023-05-04 22:47:50\', \'2023-05-04 22:47:50\')', 0)
 2 SYSTEMPATH\Database\BaseConnection.php(692): CodeIgniter\Database\MySQLi\Connection->execute('INSERT INTO `user` (`npm`, `id_kartu`, `id_role`, `nama`, `password`, `created_at`, `updated_at`) VALUES (\'123\', \'123\', \'2\', \'Arief Fadhill\', \'$2y$10$3EOXLexka1OznR1evEpzm.T18kPiuJV.DUBl0XvZwZoDOpWoBEJ8.\', \'2023-05-04 22:47:50\', \'2023-05-04 22:47:50\')')
 3 SYSTEMPATH\Database\BaseConnection.php(606): CodeIgniter\Database\BaseConnection->simpleQuery('INSERT INTO `user` (`npm`, `id_kartu`, `id_role`, `nama`, `password`, `created_at`, `updated_at`) VALUES (\'123\', \'123\', \'2\', \'Arief Fadhill\', \'$2y$10$3EOXLexka1OznR1evEpzm.T18kPiuJV.DUBl0XvZwZoDOpWoBEJ8.\', \'2023-05-04 22:47:50\', \'2023-05-04 22:47:50\')')
 4 SYSTEMPATH\Database\BaseBuilder.php(2309): CodeIgniter\Database\BaseConnection->query('INSERT INTO `user` (`npm`, `id_kartu`, `id_role`, `nama`, `password`, `created_at`, `updated_at`) VALUES (:npm:, :id_kartu:, :id_role:, :nama:, :password:, :created_at:, :updated_at:)', [...], false)
 5 SYSTEMPATH\Model.php(330): CodeIgniter\Database\BaseBuilder->insert()
 6 SYSTEMPATH\BaseModel.php(782): CodeIgniter\Model->doInsert([...])
 7 SYSTEMPATH\Model.php(730): CodeIgniter\BaseModel->insert([...], true)
 8 APPPATH\Controllers\Auth\Auth.php(25): CodeIgniter\Model->insert([...])
 9 SYSTEMPATH\CodeIgniter.php(934): App\Controllers\Auth\Auth->register()
10 SYSTEMPATH\CodeIgniter.php(499): CodeIgniter\CodeIgniter->runController(Object(App\Controllers\Auth\Auth))
11 SYSTEMPATH\CodeIgniter.php(368): CodeIgniter\CodeIgniter->handleRequest(null, Object(Config\Cache), false)
12 FCPATH\index.php(67): CodeIgniter\CodeIgniter->run()
13 SYSTEMPATH\Commands\Server\rewrite.php(47): require_once('C:\\xampp\\htdocs\\logintiket\\public\\index.php')
INFO - 2023-05-04 22:48:29 --> Session: Class initialized using 'CodeIgniter\Session\Handlers\FileHandler' driver.
INFO - 2023-05-04 22:48:35 --> Session: Class initialized using 'CodeIgniter\Session\Handlers\FileHandler' driver.
INFO - 2023-05-04 22:48:35 --> Session: Class initialized using 'CodeIgniter\Session\Handlers\FileHandler' driver.
INFO - 2023-05-04 22:49:33 --> Session: Class initialized using 'CodeIgniter\Session\Handlers\FileHandler' driver.
INFO - 2023-05-04 22:49:37 --> Session: Class initialized using 'CodeIgniter\Session\Handlers\FileHandler' driver.
INFO - 2023-05-04 22:49:39 --> Session: Class initialized using 'CodeIgniter\Session\Handlers\FileHandler' driver.
INFO - 2023-05-04 22:49:41 --> Session: Class initialized using 'CodeIgniter\Session\Handlers\FileHandler' driver.
INFO - 2023-05-04 22:49:46 --> Session: Class initialized using 'CodeIgniter\Session\Handlers\FileHandler' driver.
INFO - 2023-05-04 22:49:46 --> Session: Class initialized using 'CodeIgniter\Session\Handlers\FileHandler' driver.
INFO - 2023-05-04 22:51:32 --> Session: Class initialized using 'CodeIgniter\Session\Handlers\FileHandler' driver.
INFO - 2023-05-04 22:51:35 --> Session: Class initialized using 'CodeIgniter\Session\Handlers\FileHandler' driver.
INFO - 2023-05-04 22:51:35 --> Session: Class initialized using 'CodeIgniter\Session\Handlers\FileHandler' driver.
INFO - 2023-05-04 22:59:59 --> Session: Class initialized using 'CodeIgniter\Session\Handlers\FileHandler' driver.
INFO - 2023-05-04 23:00:17 --> Session: Class initialized using 'CodeIgniter\Session\Handlers\FileHandler' driver.
INFO - 2023-05-04 23:02:24 --> Session: Class initialized using 'CodeIgniter\Session\Handlers\FileHandler' driver.
INFO - 2023-05-04 23:02:27 --> Session: Class initialized using 'CodeIgniter\Session\Handlers\FileHandler' driver.
INFO - 2023-05-04 23:02:27 --> Session: Class initialized using 'CodeIgniter\Session\Handlers\FileHandler' driver.
INFO - 2023-05-04 23:03:47 --> Session: Class initialized using 'CodeIgniter\Session\Handlers\FileHandler' driver.
INFO - 2023-05-04 23:03:47 --> Session: Class initialized using 'CodeIgniter\Session\Handlers\FileHandler' driver.
INFO - 2023-05-04 23:04:35 --> Session: Class initialized using 'CodeIgniter\Session\Handlers\FileHandler' driver.
INFO - 2023-05-04 23:06:39 --> Session: Class initialized using 'CodeIgniter\Session\Handlers\FileHandler' driver.
INFO - 2023-05-04 23:06:47 --> Session: Class initialized using 'CodeIgniter\Session\Handlers\FileHandler' driver.
INFO - 2023-05-04 23:06:47 --> Session: Class initialized using 'CodeIgniter\Session\Handlers\FileHandler' driver.
INFO - 2023-05-04 23:07:42 --> Session: Class initialized using 'CodeIgniter\Session\Handlers\FileHandler' driver.
INFO - 2023-05-04 23:07:46 --> Session: Class initialized using 'CodeIgniter\Session\Handlers\FileHandler' driver.
INFO - 2023-05-04 23:07:46 --> Session: Class initialized using 'CodeIgniter\Session\Handlers\FileHandler' driver.
INFO - 2023-05-04 23:11:08 --> Session: Class initialized using 'CodeIgniter\Session\Handlers\FileHandler' driver.
INFO - 2023-05-04 23:11:12 --> Session: Class initialized using 'CodeIgniter\Session\Handlers\FileHandler' driver.
INFO - 2023-05-04 23:11:13 --> Session: Class initialized using 'CodeIgniter\Session\Handlers\FileHandler' driver.
INFO - 2023-05-04 23:13:35 --> Session: Class initialized using 'CodeIgniter\Session\Handlers\FileHandler' driver.
INFO - 2023-05-04 23:13:45 --> Session: Class initialized using 'CodeIgniter\Session\Handlers\FileHandler' driver.
INFO - 2023-05-04 23:13:46 --> Session: Class initialized using 'CodeIgniter\Session\Handlers\FileHandler' driver.
INFO - 2023-05-04 23:14:15 --> Session: Class initialized using 'CodeIgniter\Session\Handlers\FileHandler' driver.
INFO - 2023-05-04 23:14:15 --> Session: Class initialized using 'CodeIgniter\Session\Handlers\FileHandler' driver.
INFO - 2023-05-04 23:14:40 --> Session: Class initialized using 'CodeIgniter\Session\Handlers\FileHandler' driver.
INFO - 2023-05-04 23:14:43 --> Session: Class initialized using 'CodeIgniter\Session\Handlers\FileHandler' driver.
INFO - 2023-05-04 23:14:43 --> Session: Class initialized using 'CodeIgniter\Session\Handlers\FileHandler' driver.
INFO - 2023-05-04 23:15:12 --> Session: Class initialized using 'CodeIgniter\Session\Handlers\FileHandler' driver.
