CRITICAL - 2023-07-09 09:54:02 --> unlink(C:\xampp\htdocs\bi_parking\writable\session\ci_session0vuuioeeerpcbgurkpvuqbb696a094gv): No such file or directory
in SYSTEMPATH\Session\Handlers\FileHandler.php on line 299.
 1 [internal function]: CodeIgniter\Debug\Exceptions->errorHandler(2, 'unlink(C:\\xampp\\htdocs\\bi_parking\\writable\\session\\ci_session0vuuioeeerpcbgurkpvuqbb696a094gv): No such file or directory', 'C:\\xampp\\htdocs\\bi_parking\\system\\Session\\Handlers\\FileHandler.php', 299, [...])
 2 SYSTEMPATH\Session\Handlers\FileHandler.php(299): unlink('C:\\xampp\\htdocs\\bi_parking\\writable\\session\\ci_session0vuuioeeerpcbgurkpvuqbb696a094gv')
 3 [internal function]: CodeIgniter\Session\Handlers\FileHandler->gc(7200)
 4 SYSTEMPATH\Session\Session.php(928): session_start()
 5 SYSTEMPATH\Session\Session.php(250): CodeIgniter\Session\Session->startSession()
 6 SYSTEMPATH\Config\Services.php(674): CodeIgniter\Session\Session->start()
 7 SYSTEMPATH\Config\BaseService.php(252): CodeIgniter\Config\Services::session(Object(Config\App), false)
 8 SYSTEMPATH\Config\BaseService.php(193): CodeIgniter\Config\BaseService::__callStatic('session', [...])
 9 SYSTEMPATH\Config\Services.php(641): CodeIgniter\Config\BaseService::getSharedInstance('session', null)
10 SYSTEMPATH\Config\BaseService.php(252): CodeIgniter\Config\Services::session()
11 SYSTEMPATH\Common.php(988): CodeIgniter\Config\BaseService::__callStatic('session', [])
12 APPPATH\Views\auth\login.php(19): session()
13 SYSTEMPATH\View\View.php(213): include('C:\\xampp\\htdocs\\bi_parking\\app\\Views\\auth\\login.php')
14 SYSTEMPATH\View\View.php(216): CodeIgniter\View\View->CodeIgniter\View\{closure}()
15 SYSTEMPATH\Common.php(1184): CodeIgniter\View\View->render('auth/login', [], true)
16 APPPATH\Controllers\Auth\Auth.php(16): view('auth/login', [...])
17 SYSTEMPATH\CodeIgniter.php(934): App\Controllers\Auth\Auth->index()
18 SYSTEMPATH\CodeIgniter.php(499): CodeIgniter\CodeIgniter->runController(Object(App\Controllers\Auth\Auth))
19 SYSTEMPATH\CodeIgniter.php(368): CodeIgniter\CodeIgniter->handleRequest(null, Object(Config\Cache), false)
20 FCPATH\index.php(67): CodeIgniter\CodeIgniter->run()
CRITICAL - 2023-07-09 09:54:07 --> unlink(C:\xampp\htdocs\bi_parking\writable\session\ci_session1unfoi0vtjlv0q680ga33u53q0l26dr7): No such file or directory
in SYSTEMPATH\Session\Handlers\FileHandler.php on line 299.
 1 [internal function]: CodeIgniter\Debug\Exceptions->errorHandler(2, 'unlink(C:\\xampp\\htdocs\\bi_parking\\writable\\session\\ci_session1unfoi0vtjlv0q680ga33u53q0l26dr7): No such file or directory', 'C:\\xampp\\htdocs\\bi_parking\\system\\Session\\Handlers\\FileHandler.php', 299, [...])
 2 SYSTEMPATH\Session\Handlers\FileHandler.php(299): unlink('C:\\xampp\\htdocs\\bi_parking\\writable\\session\\ci_session1unfoi0vtjlv0q680ga33u53q0l26dr7')
 3 [internal function]: CodeIgniter\Session\Handlers\FileHandler->gc(7200)
 4 SYSTEMPATH\Session\Session.php(928): session_start()
 5 SYSTEMPATH\Session\Session.php(250): CodeIgniter\Session\Session->startSession()
 6 SYSTEMPATH\Config\Services.php(674): CodeIgniter\Session\Session->start()
 7 SYSTEMPATH\Config\BaseService.php(252): CodeIgniter\Config\Services::session(Object(Config\App), false)
 8 SYSTEMPATH\Config\BaseService.php(193): CodeIgniter\Config\BaseService::__callStatic('session', [...])
 9 SYSTEMPATH\Config\Services.php(641): CodeIgniter\Config\BaseService::getSharedInstance('session', null)
10 SYSTEMPATH\Config\BaseService.php(252): CodeIgniter\Config\Services::session()
11 SYSTEMPATH\Common.php(988): CodeIgniter\Config\BaseService::__callStatic('session', [])
12 APPPATH\Views\auth\login.php(19): session()
13 SYSTEMPATH\View\View.php(213): include('C:\\xampp\\htdocs\\bi_parking\\app\\Views\\auth\\login.php')
14 SYSTEMPATH\View\View.php(216): CodeIgniter\View\View->CodeIgniter\View\{closure}()
15 SYSTEMPATH\Common.php(1184): CodeIgniter\View\View->render('auth/login', [], true)
16 APPPATH\Controllers\Auth\Auth.php(16): view('auth/login', [...])
17 SYSTEMPATH\CodeIgniter.php(934): App\Controllers\Auth\Auth->index()
18 SYSTEMPATH\CodeIgniter.php(499): CodeIgniter\CodeIgniter->runController(Object(App\Controllers\Auth\Auth))
19 SYSTEMPATH\CodeIgniter.php(368): CodeIgniter\CodeIgniter->handleRequest(null, Object(Config\Cache), false)
20 FCPATH\index.php(67): CodeIgniter\CodeIgniter->run()
CRITICAL - 2023-07-09 09:54:17 --> unlink(C:\xampp\htdocs\bi_parking\writable\session\ci_session326s2mpdnqiuvh1l1j84lqskql1rtaom): No such file or directory
in SYSTEMPATH\Session\Handlers\FileHandler.php on line 299.
 1 [internal function]: CodeIgniter\Debug\Exceptions->errorHandler(2, 'unlink(C:\\xampp\\htdocs\\bi_parking\\writable\\session\\ci_session326s2mpdnqiuvh1l1j84lqskql1rtaom): No such file or directory', 'C:\\xampp\\htdocs\\bi_parking\\system\\Session\\Handlers\\FileHandler.php', 299, [...])
 2 SYSTEMPATH\Session\Handlers\FileHandler.php(299): unlink('C:\\xampp\\htdocs\\bi_parking\\writable\\session\\ci_session326s2mpdnqiuvh1l1j84lqskql1rtaom')
 3 [internal function]: CodeIgniter\Session\Handlers\FileHandler->gc(7200)
 4 SYSTEMPATH\Session\Session.php(928): session_start()
 5 SYSTEMPATH\Session\Session.php(250): CodeIgniter\Session\Session->startSession()
 6 SYSTEMPATH\Config\Services.php(674): CodeIgniter\Session\Session->start()
 7 SYSTEMPATH\Config\BaseService.php(252): CodeIgniter\Config\Services::session(Object(Config\App), false)
 8 SYSTEMPATH\Config\BaseService.php(193): CodeIgniter\Config\BaseService::__callStatic('session', [...])
 9 SYSTEMPATH\Config\Services.php(641): CodeIgniter\Config\BaseService::getSharedInstance('session', null)
10 SYSTEMPATH\Config\BaseService.php(252): CodeIgniter\Config\Services::session()
11 SYSTEMPATH\Common.php(988): CodeIgniter\Config\BaseService::__callStatic('session', [])
12 APPPATH\Views\auth\login.php(19): session()
13 SYSTEMPATH\View\View.php(213): include('C:\\xampp\\htdocs\\bi_parking\\app\\Views\\auth\\login.php')
14 SYSTEMPATH\View\View.php(216): CodeIgniter\View\View->CodeIgniter\View\{closure}()
15 SYSTEMPATH\Common.php(1184): CodeIgniter\View\View->render('auth/login', [], true)
16 APPPATH\Controllers\Auth\Auth.php(16): view('auth/login', [...])
17 SYSTEMPATH\CodeIgniter.php(934): App\Controllers\Auth\Auth->index()
18 SYSTEMPATH\CodeIgniter.php(499): CodeIgniter\CodeIgniter->runController(Object(App\Controllers\Auth\Auth))
19 SYSTEMPATH\CodeIgniter.php(368): CodeIgniter\CodeIgniter->handleRequest(null, Object(Config\Cache), false)
20 FCPATH\index.php(67): CodeIgniter\CodeIgniter->run()
CRITICAL - 2023-07-09 09:54:58 --> unlink(C:\xampp\htdocs\bi_parking\writable\session\ci_sessionaks0br75tfpud9r22kfm5ntdrfgvj6rc): No such file or directory
in SYSTEMPATH\Session\Handlers\FileHandler.php on line 299.
 1 [internal function]: CodeIgniter\Debug\Exceptions->errorHandler(2, 'unlink(C:\\xampp\\htdocs\\bi_parking\\writable\\session\\ci_sessionaks0br75tfpud9r22kfm5ntdrfgvj6rc): No such file or directory', 'C:\\xampp\\htdocs\\bi_parking\\system\\Session\\Handlers\\FileHandler.php', 299, [...])
 2 SYSTEMPATH\Session\Handlers\FileHandler.php(299): unlink('C:\\xampp\\htdocs\\bi_parking\\writable\\session\\ci_sessionaks0br75tfpud9r22kfm5ntdrfgvj6rc')
 3 [internal function]: CodeIgniter\Session\Handlers\FileHandler->gc(7200)
 4 SYSTEMPATH\Session\Session.php(928): session_start()
 5 SYSTEMPATH\Session\Session.php(250): CodeIgniter\Session\Session->startSession()
 6 SYSTEMPATH\Config\Services.php(674): CodeIgniter\Session\Session->start()
 7 SYSTEMPATH\Config\BaseService.php(252): CodeIgniter\Config\Services::session(Object(Config\App), false)
 8 SYSTEMPATH\Config\BaseService.php(193): CodeIgniter\Config\BaseService::__callStatic('session', [...])
 9 SYSTEMPATH\Config\Services.php(641): CodeIgniter\Config\BaseService::getSharedInstance('session', null)
10 SYSTEMPATH\Config\BaseService.php(252): CodeIgniter\Config\Services::session()
11 SYSTEMPATH\Common.php(988): CodeIgniter\Config\BaseService::__callStatic('session', [])
12 APPPATH\Views\auth\login.php(19): session()
13 SYSTEMPATH\View\View.php(213): include('C:\\xampp\\htdocs\\bi_parking\\app\\Views\\auth\\login.php')
14 SYSTEMPATH\View\View.php(216): CodeIgniter\View\View->CodeIgniter\View\{closure}()
15 SYSTEMPATH\Common.php(1184): CodeIgniter\View\View->render('auth/login', [], true)
16 APPPATH\Controllers\Auth\Auth.php(16): view('auth/login', [...])
17 SYSTEMPATH\CodeIgniter.php(934): App\Controllers\Auth\Auth->index()
18 SYSTEMPATH\CodeIgniter.php(499): CodeIgniter\CodeIgniter->runController(Object(App\Controllers\Auth\Auth))
19 SYSTEMPATH\CodeIgniter.php(368): CodeIgniter\CodeIgniter->handleRequest(null, Object(Config\Cache), false)
20 FCPATH\index.php(67): CodeIgniter\CodeIgniter->run()
CRITICAL - 2023-07-09 11:04:03 --> unlink(C:\xampp\htdocs\bi_parking\writable\session\ci_sessionomoqqd7ud99f1ialg42hm8lbmh9jo0s0): No such file or directory
in SYSTEMPATH\Session\Handlers\FileHandler.php on line 299.
 1 [internal function]: CodeIgniter\Debug\Exceptions->errorHandler(2, 'unlink(C:\\xampp\\htdocs\\bi_parking\\writable\\session\\ci_sessionomoqqd7ud99f1ialg42hm8lbmh9jo0s0): No such file or directory', 'C:\\xampp\\htdocs\\bi_parking\\system\\Session\\Handlers\\FileHandler.php', 299, [...])
 2 SYSTEMPATH\Session\Handlers\FileHandler.php(299): unlink('C:\\xampp\\htdocs\\bi_parking\\writable\\session\\ci_sessionomoqqd7ud99f1ialg42hm8lbmh9jo0s0')
 3 [internal function]: CodeIgniter\Session\Handlers\FileHandler->gc(7200)
 4 SYSTEMPATH\Session\Session.php(928): session_start()
 5 SYSTEMPATH\Session\Session.php(250): CodeIgniter\Session\Session->startSession()
 6 SYSTEMPATH\Config\Services.php(674): CodeIgniter\Session\Session->start()
 7 SYSTEMPATH\Config\BaseService.php(252): CodeIgniter\Config\Services::session(Object(Config\App), false)
 8 SYSTEMPATH\Config\BaseService.php(193): CodeIgniter\Config\BaseService::__callStatic('session', [...])
 9 SYSTEMPATH\Config\Services.php(641): CodeIgniter\Config\BaseService::getSharedInstance('session', null)
10 SYSTEMPATH\Config\BaseService.php(252): CodeIgniter\Config\Services::session()
11 SYSTEMPATH\Common.php(988): CodeIgniter\Config\BaseService::__callStatic('session', [])
12 APPPATH\Views\auth\login.php(19): session()
13 SYSTEMPATH\View\View.php(213): include('C:\\xampp\\htdocs\\bi_parking\\app\\Views\\auth\\login.php')
14 SYSTEMPATH\View\View.php(216): CodeIgniter\View\View->CodeIgniter\View\{closure}()
15 SYSTEMPATH\Common.php(1184): CodeIgniter\View\View->render('auth/login', [], true)
16 APPPATH\Controllers\Auth\Auth.php(16): view('auth/login', [...])
17 SYSTEMPATH\CodeIgniter.php(934): App\Controllers\Auth\Auth->index()
18 SYSTEMPATH\CodeIgniter.php(499): CodeIgniter\CodeIgniter->runController(Object(App\Controllers\Auth\Auth))
19 SYSTEMPATH\CodeIgniter.php(368): CodeIgniter\CodeIgniter->handleRequest(null, Object(Config\Cache), false)
20 FCPATH\index.php(67): CodeIgniter\CodeIgniter->run()
CRITICAL - 2023-07-09 11:04:03 --> unlink(C:\xampp\htdocs\bi_parking\writable\session\ci_sessionpv69epgm17fnd3cfv72sce0qg5emgg9s): No such file or directory
in SYSTEMPATH\Session\Handlers\FileHandler.php on line 299.
 1 [internal function]: CodeIgniter\Debug\Exceptions->errorHandler(2, 'unlink(C:\\xampp\\htdocs\\bi_parking\\writable\\session\\ci_sessionpv69epgm17fnd3cfv72sce0qg5emgg9s): No such file or directory', 'C:\\xampp\\htdocs\\bi_parking\\system\\Session\\Handlers\\FileHandler.php', 299, [...])
 2 SYSTEMPATH\Session\Handlers\FileHandler.php(299): unlink('C:\\xampp\\htdocs\\bi_parking\\writable\\session\\ci_sessionpv69epgm17fnd3cfv72sce0qg5emgg9s')
 3 [internal function]: CodeIgniter\Session\Handlers\FileHandler->gc(7200)
 4 SYSTEMPATH\Session\Session.php(928): session_start()
 5 SYSTEMPATH\Session\Session.php(250): CodeIgniter\Session\Session->startSession()
 6 SYSTEMPATH\Config\Services.php(674): CodeIgniter\Session\Session->start()
 7 SYSTEMPATH\Config\BaseService.php(252): CodeIgniter\Config\Services::session(Object(Config\App), false)
 8 SYSTEMPATH\Config\BaseService.php(193): CodeIgniter\Config\BaseService::__callStatic('session', [...])
 9 SYSTEMPATH\Config\Services.php(641): CodeIgniter\Config\BaseService::getSharedInstance('session', null)
10 SYSTEMPATH\Config\BaseService.php(252): CodeIgniter\Config\Services::session()
11 SYSTEMPATH\Common.php(988): CodeIgniter\Config\BaseService::__callStatic('session', [])
12 APPPATH\Views\auth\login.php(19): session()
13 SYSTEMPATH\View\View.php(213): include('C:\\xampp\\htdocs\\bi_parking\\app\\Views\\auth\\login.php')
14 SYSTEMPATH\View\View.php(216): CodeIgniter\View\View->CodeIgniter\View\{closure}()
15 SYSTEMPATH\Common.php(1184): CodeIgniter\View\View->render('auth/login', [], true)
16 APPPATH\Controllers\Auth\Auth.php(16): view('auth/login', [...])
17 SYSTEMPATH\CodeIgniter.php(934): App\Controllers\Auth\Auth->index()
18 SYSTEMPATH\CodeIgniter.php(499): CodeIgniter\CodeIgniter->runController(Object(App\Controllers\Auth\Auth))
19 SYSTEMPATH\CodeIgniter.php(368): CodeIgniter\CodeIgniter->handleRequest(null, Object(Config\Cache), false)
20 FCPATH\index.php(67): CodeIgniter\CodeIgniter->run()
CRITICAL - 2023-07-09 18:39:59 --> Maximum execution time of 120 seconds exceeded
in SYSTEMPATH\Session\Handlers\FileHandler.php on line 292.
 1 [internal function]: CodeIgniter\Debug\Exceptions->shutdownHandler()
CRITICAL - 2023-07-09 18:44:54 --> unlink(C:\xampp\htdocs\bi_parking\writable\session\ci_sessionlu0mlreso9qlifhm2146rt4bfivibug3): No such file or directory
in SYSTEMPATH\Session\Handlers\FileHandler.php on line 299.
 1 [internal function]: CodeIgniter\Debug\Exceptions->errorHandler(2, 'unlink(C:\\xampp\\htdocs\\bi_parking\\writable\\session\\ci_sessionlu0mlreso9qlifhm2146rt4bfivibug3): No such file or directory', 'C:\\xampp\\htdocs\\bi_parking\\system\\Session\\Handlers\\FileHandler.php', 299, [...])
 2 SYSTEMPATH\Session\Handlers\FileHandler.php(299): unlink('C:\\xampp\\htdocs\\bi_parking\\writable\\session\\ci_sessionlu0mlreso9qlifhm2146rt4bfivibug3')
 3 [internal function]: CodeIgniter\Session\Handlers\FileHandler->gc(7200)
 4 SYSTEMPATH\Session\Session.php(928): session_start()
 5 SYSTEMPATH\Session\Session.php(250): CodeIgniter\Session\Session->startSession()
 6 SYSTEMPATH\Config\Services.php(674): CodeIgniter\Session\Session->start()
 7 SYSTEMPATH\Config\BaseService.php(252): CodeIgniter\Config\Services::session(Object(Config\App), false)
 8 SYSTEMPATH\Config\BaseService.php(193): CodeIgniter\Config\BaseService::__callStatic('session', [...])
 9 SYSTEMPATH\Config\Services.php(641): CodeIgniter\Config\BaseService::getSharedInstance('session', null)
10 SYSTEMPATH\Config\BaseService.php(252): CodeIgniter\Config\Services::session()
11 SYSTEMPATH\Common.php(988): CodeIgniter\Config\BaseService::__callStatic('session', [])
12 APPPATH\Views\auth\login.php(19): session()
13 SYSTEMPATH\View\View.php(213): include('C:\\xampp\\htdocs\\bi_parking\\app\\Views\\auth\\login.php')
14 SYSTEMPATH\View\View.php(216): CodeIgniter\View\View->CodeIgniter\View\{closure}()
15 SYSTEMPATH\Common.php(1184): CodeIgniter\View\View->render('auth/login', [], true)
16 APPPATH\Controllers\Auth\Auth.php(16): view('auth/login', [...])
17 SYSTEMPATH\CodeIgniter.php(934): App\Controllers\Auth\Auth->index()
18 SYSTEMPATH\CodeIgniter.php(499): CodeIgniter\CodeIgniter->runController(Object(App\Controllers\Auth\Auth))
19 SYSTEMPATH\CodeIgniter.php(368): CodeIgniter\CodeIgniter->handleRequest(null, Object(Config\Cache), false)
20 FCPATH\index.php(67): CodeIgniter\CodeIgniter->run()
